
Turn 14
================================================================
warning: entity 9 was directed to use 9 halite to move west, but only 0 halite was available
At command 3 of 3:
    1   m 5 w
    2   m 0 o
>>> 3   m 9 w


Turn 24
================================================================
warning: entity 0 was directed to use 3 halite to move north, but only 0 halite was available
At command 3 of 4:
    1   m 5 e
    2   m 2 o
>>> 3   m 0 n
    4   g


Turn 30
================================================================
warning: entity 10 was directed to use 1 halite to move east, but only 0 halite was available
At command 3 of 4:
    1   m 5 n
    2   m 7 s
>>> 3   m 10 e
    4   m 9 o


Turn 34
================================================================
warning: entity 5 was directed to use 8 halite to move south, but only 0 halite was available
At command 5 of 5:
    3   m 2 s
    4   m 9 o
>>> 5   m 5 s


Turn 41
================================================================
warning: entity 10 was directed to use 6 halite to move west, but only 0 halite was available
At command 2 of 6:
    1   m 5 o
>>> 2   m 10 w
    3   m 2 n
    4   m 0 s


Turn 43
================================================================
warning: entity 15 was directed to use 4 halite to move west, but only 0 halite was available
At command 3 of 5:
    1   m 5 s
    2   m 9 e
>>> 3   m 15 w
    4   m 2 e
    5   m 0 n


Turn 49
================================================================
warning: entity 7 was directed to use 2 halite to move south, but only 0 halite was available
At command 2 of 4:
    1   m 10 w
>>> 2   m 7 s
    3   m 5 n
    4   g


Turn 51
================================================================
warning: entity 7 was directed to use 8 halite to move west, but only 6 halite was available
At command 5 of 8:
    3   m 5 s
    4   m 2 e
>>> 5   m 7 w
    6   m 15 e
    7   m 12 w


Turn 53
================================================================
warning: entity 16 was directed to use 5 halite to move north, but only 1 halite was available
At command 4 of 4:
    2   m 7 s
    3   m 5 o
>>> 4   m 16 n


Turn 57
================================================================
warning: entity 16 was directed to use 9 halite to move south, but only 7 halite was available
At command 3 of 6:
    1   m 2 n
    2   m 9 w
>>> 3   m 16 s
    4   m 10 s
    5   m 12 s


Turn 63
================================================================
warning: entity 16 was directed to use 7 halite to move north, but only 0 halite was available
At command 9 of 9:
    7   m 15 s
    8   m 5 n
>>> 9   m 16 n


Turn 69
================================================================
warning: entity 9 was directed to use 6 halite to move north, but only 0 halite was available
At command 3 of 8:
    1   m 15 e
    2   m 0 n
>>> 3   m 9 n
    4   m 12 w
    5   m 7 n


Turn 71
================================================================
warning: entity 0 was directed to use 3 halite to move east, but only 0 halite was available
At command 7 of 9:
    5   m 15 w
    6   m 2 w
>>> 7   m 0 e
    8   m 10 o
    9   m 20 s


Turn 72
================================================================
warning: entity 9 was directed to use 9 halite to move west, but only 6 halite was available
At command 6 of 9:
    4   m 7 n
    5   m 5 o
>>> 6   m 9 w
    7   m 16 n
    8   m 20 n


Turn 76
================================================================
warning: entity 20 was directed to use 1 halite to move north, but only 0 halite was available
At command 5 of 8:
    3   m 7 o
    4   m 15 w
>>> 5   m 20 n
    6   m 9 s
    7   m 2 s

warning: entity 9 was directed to use 8 halite to move south, but only 6 halite was available
At command 6 of 8:
    4   m 15 w
    5   m 20 n
>>> 6   m 9 s
    7   m 2 s
    8   m 16 n


Turn 79
================================================================
warning: entity 20 was directed to use 6 halite to move east, but only 2 halite was available
At command 4 of 7:
    2   m 5 e
    3   m 2 s
>>> 4   m 20 e
    5   m 16 e
    6   m 9 e


Turn 81
================================================================
warning: entity 9 was directed to use 7 halite to move west, but only 0 halite was available
At command 8 of 9:
    6   m 16 w
    7   m 15 o
>>> 8   m 9 w
    9   m 12 s


Turn 86
================================================================
warning: entity 12 was directed to use 4 halite to move east, but only 0 halite was available
At command 5 of 10:
    3   m 15 o
    4   m 2 w
>>> 5   m 12 e
    6   m 16 s
    7   m 7 o

warning: entity 5 was directed to use 8 halite to move south, but only 0 halite was available
At command 10 of 10:
    8   m 9 e
    9   m 0 o
>>> 10   m 5 s


Turn 88
================================================================
warning: entity 16 was directed to use 8 halite to move north, but only 3 halite was available
At command 8 of 11:
    6   m 2 n
    7   m 12 w
>>> 8   m 16 n
    9   m 0 s
    10   m 5 w


Turn 90
================================================================
warning: entity 22 was directed to use 5 halite to move south, but only 0 halite was available
At command 5 of 8:
    3   m 0 w
    4   m 10 s
>>> 5   m 22 s
    6   m 7 e
    7   m 20 o


Turn 93
================================================================
warning: entity 7 was directed to use 2 halite to move east, but only 0 halite was available
At command 7 of 8:
    5   m 10 w
    6   m 12 s
>>> 7   m 7 e
    8   m 23 e


Turn 94
================================================================
warning: entity 5 was directed to use 3 halite to move north, but only 2 halite was available
At command 4 of 9:
    2   m 0 e
    3   m 7 s
>>> 4   m 5 n
    5   m 2 w
    6   m 10 e

warning: entity 15 was directed to use 7 halite to move west, but only 6 halite was available
At command 7 of 9:
    5   m 2 w
    6   m 10 e
>>> 7   m 15 w
    8   m 12 e
    9   m 23 s


Turn 96
================================================================
warning: entity 23 was directed to use 2 halite to move east, but only 0 halite was available
At command 8 of 9:
    6   m 7 o
    7   m 2 n
>>> 8   m 23 e
    9   m 12 e


Turn 99
================================================================
warning: entity 23 was directed to use 2 halite to move west, but only 1 halite was available
At command 9 of 9:
    7   m 12 w
    8   m 7 o
>>> 9   m 23 w


Turn 104
================================================================
warning: entity 12 was directed to use 2 halite to move east, but only 1 halite was available
At command 5 of 10:
    3   m 7 s
    4   m 5 w
>>> 5   m 12 e
    6   m 23 w
    7   m 22 w


Turn 108
================================================================
warning: entity 0 was directed to use 2 halite to move north, but only 1 halite was available
At command 10 of 11:
    8   m 5 e
    9   m 7 s
>>> 10   m 0 n
    11   m 20 e


Turn 110
================================================================
warning: entity 0 was directed to use 9 halite to move east, but only 6 halite was available
At command 6 of 10:
    4   m 23 o
    5   m 22 s
>>> 6   m 0 e
    7   m 16 w
    8   m 2 e


Turn 111
================================================================
warning: entity 7 was directed to use 1 halite to move south, but only 0 halite was available
At command 7 of 11:
    5   m 10 o
    6   m 12 w
>>> 7   m 7 s
    8   m 22 n
    9   m 2 e


Turn 117
================================================================
warning: entity 7 was directed to use 7 halite to move south, but only 0 halite was available
At command 11 of 11:
    9   m 22 e
    10   m 16 w
>>> 11   m 7 s


Turn 121
================================================================
warning: entity 12 was directed to use 7 halite to move south, but only 0 halite was available
At command 7 of 9:
    5   m 10 w
    6   m 16 e
>>> 7   m 12 s
    8   m 0 w
    9   m 22 e


Turn 125
================================================================
warning: entity 10 was directed to use 3 halite to move south, but only 0 halite was available
At command 6 of 10:
    4   m 5 s
    5   m 0 e
>>> 6   m 10 s
    7   m 12 s
    8   m 22 w


Turn 127
================================================================
warning: entity 0 was directed to use 7 halite to move south, but only 5 halite was available
At command 9 of 10:
    7   m 16 o
    8   m 12 e
>>> 9   m 0 s
    10   m 2 n


Turn 128
================================================================
warning: entity 12 was directed to use 7 halite to move north, but only 3 halite was available
At command 11 of 12:
    9   m 10 e
    10   m 23 e
>>> 11   m 12 n
    12   m 2 w


Turn 134
================================================================
warning: entity 9 was directed to use 1 halite to move east, but only 0 halite was available
At command 9 of 12:
    7   m 15 o
    8   m 22 e
>>> 9   m 9 e
    10   m 2 n
    11   m 5 w


Turn 136
================================================================
warning: entity 20 was directed to use 1 halite to move south, but only 0 halite was available
At command 3 of 13:
    1   m 12 w
    2   m 0 n
>>> 3   m 20 s
    4   m 22 w
    5   m 10 w


Turn 137
================================================================
warning: entity 9 was directed to use 8 halite to move south, but only 0 halite was available
At command 6 of 11:
    4   m 27 w
    5   m 5 w
>>> 6   m 9 s
    7   m 0 w
    8   m 22 n


Turn 139
================================================================
warning: entity 16 was directed to use 4 halite to move south, but only 0 halite was available
At command 7 of 11:
    5   m 20 o
    6   m 9 e
>>> 7   m 16 s
    8   m 23 s
    9   m 5 s


Turn 141
================================================================
warning: entity 16 was directed to use 9 halite to move north, but only 7 halite was available
At command 11 of 11:
    9   m 15 n
    10   m 22 n
>>> 11   m 16 n


Turn 142
================================================================
warning: entity 15 was directed to use 5 halite to move east, but only 0 halite was available
At command 10 of 11:
    8   m 10 o
    9   m 0 n
>>> 10   m 15 e
    11   m 22 s


Turn 144
================================================================
warning: entity 27 was directed to use 8 halite to move south, but only 1 halite was available
At command 10 of 12:
    8   m 15 o
    9   m 2 e
>>> 10   m 27 s
    11   m 0 w
    12   m 22 o


Turn 149
================================================================
warning: entity 29 was directed to use 3 halite to move west, but only 0 halite was available
At command 12 of 15:
    10   m 27 o
    11   m 23 w
>>> 12   m 29 w
    13   m 9 s
    14   m 5 n


Turn 150
================================================================
warning: entity 15 was directed to use 7 halite to move east, but only 3 halite was available
At command 9 of 15:
    7   m 20 s
    8   m 5 o
>>> 9   m 15 e
    10   m 10 e
    11   m 0 e


Turn 152
================================================================
warning: entity 29 was directed to use 2 halite to move south, but only 1 halite was available
At command 11 of 14:
    9   m 5 o
    10   m 15 e
>>> 11   m 29 s
    12   m 7 w
    13   m 20 n


Turn 155
================================================================
warning: entity 29 was directed to use 9 halite to move east, but only 1 halite was available
At command 10 of 12:
    8   m 20 w
    9   m 15 n
>>> 10   m 29 e
    11   m 2 o
    12   m 0 n


Turn 156
================================================================
warning: entity 31 was directed to use 5 halite to move west, but only 2 halite was available
At command 7 of 13:
    5   m 29 s
    6   m 2 w
>>> 7   m 31 w
    8   m 23 w
    9   m 7 o

warning: entity 15 was directed to use 7 halite to move west, but only 0 halite was available
At command 11 of 13:
    9   m 7 o
    10   m 27 o
>>> 11   m 15 w
    12   m 20 o
    13   m 0 e

warning: entity 0 was directed to use 3 halite to move east, but only 1 halite was available
At command 13 of 13:
    11   m 15 w
    12   m 20 o
>>> 13   m 0 e


Turn 159
================================================================
warning: entity 0 was directed to use 5 halite to move north, but only 1 halite was available
At command 10 of 12:
    8   m 10 n
    9   m 7 n
>>> 10   m 0 n
    11   m 23 e
    12   m 29 s

warning: entity 29 was directed to use 9 halite to move south, but only 6 halite was available
At command 12 of 12:
    10   m 0 n
    11   m 23 e
>>> 12   m 29 s


Turn 160
================================================================
warning: entity 15 was directed to use 9 halite to move north, but only 5 halite was available
At command 9 of 12:
    7   m 29 s
    8   m 5 e
>>> 9   m 15 n
    10   m 31 w
    11   m 7 n


Turn 161
================================================================
warning: entity 2 was directed to use 2 halite to move west, but only 0 halite was available
At command 5 of 11:
    3   m 15 e
    4   m 16 e
>>> 5   m 2 w
    6   m 7 o
    7   m 31 s

warning: entity 31 was directed to use 4 halite to move south, but only 2 halite was available
At command 7 of 11:
    5   m 2 w
    6   m 7 o
>>> 7   m 31 s
    8   m 9 w
    9   m 27 w


Turn 163
================================================================
warning: entity 5 was directed to use 1 halite to move east, but only 0 halite was available
At command 4 of 14:
    2   m 20 e
    3   m 10 e
>>> 4   m 5 e
    5   m 2 s
    6   m 12 e


Turn 165
================================================================
warning: entity 0 was directed to use 9 halite to move south, but only 8 halite was available
At command 13 of 13:
    11   m 23 e
    12   m 12 s
>>> 13   m 0 s


Turn 168
================================================================
warning: entity 5 was directed to use 8 halite to move west, but only 6 halite was available
At command 9 of 13:
    7   m 27 n
    8   m 9 s
>>> 9   m 5 w
    10   m 22 s
    11   m 31 w


Turn 169
================================================================
warning: entity 31 was directed to use 2 halite to move west, but only 0 halite was available
At command 4 of 13:
    2   m 5 e
    3   m 2 o
>>> 4   m 31 w
    5   m 10 s
    6   m 23 e

warning: entity 29 was directed to use 7 halite to move south, but only 6 halite was available
At command 7 of 13:
    5   m 10 s
    6   m 23 e
>>> 7   m 29 s
    8   m 34 n
    9   m 9 w

warning: entity 27 was directed to use 2 halite to move north, but only 0 halite was available
At command 10 of 13:
    8   m 34 n
    9   m 9 w
>>> 10   m 27 n
    11   m 22 s
    12   m 12 n


Turn 170
================================================================
warning: entity 34 was directed to use 5 halite to move west, but only 0 halite was available
At command 6 of 13:
    4   m 29 e
    5   m 27 n
>>> 6   m 34 w
    7   m 5 s
    8   m 12 s


Turn 171
================================================================
warning: entity 31 was directed to use 7 halite to move west, but only 5 halite was available
At command 6 of 13:
    4   m 35 n
    5   m 29 s
>>> 6   m 31 w
    7   m 2 s
    8   m 27 e


Turn 172
================================================================
warning: entity 27 was directed to use 9 halite to move west, but only 2 halite was available
At command 12 of 14:
    10   m 35 w
    11   m 2 e
>>> 12   m 27 w
    13   m 10 o
    14   m 9 w


Turn 173
================================================================
warning: entity 35 was directed to use 1 halite to move south, but only 0 halite was available
At command 7 of 13:
    5   m 34 o
    6   m 31 s
>>> 7   m 35 s
    8   m 15 o
    9   m 12 s


Turn 177
================================================================
warning: entity 35 was directed to use 6 halite to move north, but only 0 halite was available
At command 13 of 15:
    11   m 10 w
    12   m 2 s
>>> 13   m 35 n
    14   m 15 w
    15   m 37 o


Turn 178
================================================================
warning: entity 2 was directed to use 5 halite to move south, but only 0 halite was available
At command 13 of 14:
    11   m 23 o
    12   m 0 e
>>> 13   m 2 s
    14   m 10 e


Turn 179
================================================================
warning: entity 22 was directed to use 7 halite to move south, but only 0 halite was available
At command 10 of 13:
    8   m 35 e
    9   m 29 n
>>> 10   m 22 s
    11   m 37 o
    12   m 16 n


Turn 181
================================================================
warning: entity 2 was directed to use 5 halite to move west, but only 2 halite was available
At command 13 of 17:
    11   m 22 w
    12   m 7 s
>>> 13   m 2 w
    14   m 20 s
    15   m 35 o


Turn 185
================================================================
warning: entity 2 was directed to use 9 halite to move south, but only 5 halite was available
At command 9 of 17:
    7   m 0 n
    8   m 34 o
>>> 9   m 2 s
    10   m 29 n
    11   m 20 n


Turn 187
================================================================
warning: entity 22 was directed to use 6 halite to move east, but only 2 halite was available
At command 16 of 16:
    14   m 0 e
    15   m 15 o
>>> 16   m 22 e


Turn 189
================================================================
warning: entity 20 was directed to use 3 halite to move south, but only 0 halite was available
At command 9 of 17:
    7   m 2 o
    8   m 22 s
>>> 9   m 20 s
    10   m 34 n
    11   m 10 n


Turn 190
================================================================
warning: entity 7 was directed to use 1 halite to move east, but only 0 halite was available
At command 12 of 18:
    10   m 12 e
    11   m 5 w
>>> 12   m 7 e
    13   m 10 s
    14   m 22 w


Turn 191
================================================================
warning: entity 22 was directed to use 6 halite to move north, but only 0 halite was available
At command 15 of 17:
    13   m 12 e
    14   m 10 o
>>> 15   m 22 n
    16   m 34 e
    17   m 31 o


Turn 195
================================================================
warning: entity 22 was directed to use 7 halite to move south, but only 0 halite was available
At command 9 of 19:
    7   m 31 e
    8   m 35 o
>>> 9   m 22 s
    10   m 5 w
    11   m 27 e

warning: entity 29 was directed to use 6 halite to move south, but only 2 halite was available
At command 15 of 19:
    13   m 23 o
    14   m 9 o
>>> 15   m 29 s
    16   m 38 s
    17   m 0 o

warning: entity 12 was directed to use 8 halite to move south, but only 5 halite was available
At command 19 of 19:
    17   m 0 o
    18   m 15 e
>>> 19   m 12 s


Turn 198
================================================================
warning: entity 10 was directed to use 3 halite to move south, but only 0 halite was available
At command 9 of 17:
    7   m 27 s
    8   m 9 o
>>> 9   m 10 s
    10   m 0 o
    11   m 35 s


Turn 199
================================================================
warning: entity 12 was directed to use 8 halite to move north, but only 3 halite was available
At command 9 of 18:
    7   m 31 o
    8   m 35 n
>>> 9   m 12 n
    10   m 22 n
    11   m 23 o

warning: entity 22 was directed to use 9 halite to move north, but only 6 halite was available
At command 10 of 18:
    8   m 35 n
    9   m 12 n
>>> 10   m 22 n
    11   m 23 o
    12   m 37 o


Turn 203
================================================================
warning: entity 38 was directed to use 3 halite to move north, but only 0 halite was available
At command 15 of 16:
    13   m 2 e
    14   m 35 o
>>> 15   m 38 n
    16   m 16 e


Turn 207
================================================================
warning: entity 38 was directed to use 8 halite to move east, but only 4 halite was available
At command 8 of 16:
    6   m 5 e
    7   m 0 e
>>> 8   m 38 e
    9   m 37 s
    10   m 27 o


Turn 215
================================================================
warning: entity 0 was directed to use 2 halite to move south, but only 0 halite was available
At command 13 of 18:
    11   m 31 s
    12   m 37 w
>>> 13   m 0 s
    14   m 7 s
    15   m 23 s


Turn 216
================================================================
warning: entity 31 was directed to use 2 halite to move east, but only 0 halite was available
At command 4 of 19:
    2   m 12 o
    3   m 0 e
>>> 4   m 31 e
    5   m 41 n
    6   m 20 e


Turn 217
================================================================
warning: entity 0 was directed to use 7 halite to move south, but only 5 halite was available
At command 6 of 18:
    4   m 31 e
    5   m 23 o
>>> 6   m 0 s
    7   m 41 o
    8   m 29 s

warning: entity 20 was directed to use 9 halite to move east, but only 3 halite was available
At command 9 of 18:
    7   m 41 o
    8   m 29 s
>>> 9   m 20 e
    10   m 16 n
    11   m 7 s

warning: entity 35 was directed to use 8 halite to move south, but only 3 halite was available
At command 17 of 18:
    15   m 5 o
    16   m 27 w
>>> 17   m 35 s
    18   m 43 o


Turn 220
================================================================
warning: entity 9 was directed to use 7 halite to move south, but only 4 halite was available
At command 11 of 20:
    9   m 35 e
    10   m 31 w
>>> 11   m 9 s
    12   m 41 s
    13   m 38 o


Turn 222
================================================================
warning: entity 35 was directed to use 4 halite to move south, but only 0 halite was available
At command 14 of 17:
    12   m 31 s
    13   m 34 w
>>> 14   m 35 s
    15   m 41 w
    16   m 27 s


Turn 224
================================================================
warning: entity 31 was directed to use 7 halite to move north, but only 3 halite was available
At command 18 of 20:
    16   m 16 e
    17   m 37 o
>>> 18   m 31 n
    19   m 34 n
    20   m 29 e


Turn 225
================================================================
warning: entity 43 was directed to use 2 halite to move south, but only 0 halite was available
At command 18 of 20:
    16   m 23 o
    17   m 7 w
>>> 18   m 43 s
    19   m 41 n
    20   m 34 n

warning: entity 41 was directed to use 2 halite to move north, but only 0 halite was available
At command 19 of 20:
    17   m 7 w
    18   m 43 s
>>> 19   m 41 n
    20   m 34 n


Turn 227
================================================================
warning: entity 0 was directed to use 6 halite to move west, but only 0 halite was available
At command 17 of 18:
    15   m 31 s
    16   m 12 n
>>> 17   m 0 w
    18   m 7 e


Turn 229
================================================================
warning: entity 31 was directed to use 8 halite to move west, but only 7 halite was available
At command 16 of 17:
    14   m 43 n
    15   m 41 e
>>> 16   m 31 w
    17   m 7 n


Turn 230
================================================================
warning: entity 41 was directed to use 1 halite to move north, but only 0 halite was available
At command 17 of 18:
    15   m 12 e
    16   m 43 e
>>> 17   m 41 n
    18   m 7 s


Turn 232
================================================================
warning: entity 41 was directed to use 6 halite to move east, but only 4 halite was available
At command 9 of 18:
    7   m 12 s
    8   m 16 w
>>> 9   m 41 e
    10   m 35 n
    11   m 20 n

warning: entity 43 was directed to use 4 halite to move south, but only 3 halite was available
At command 16 of 18:
    14   m 31 w
    15   m 5 e
>>> 16   m 43 s
    17   m 15 o
    18   m 7 n


Turn 234
================================================================
warning: entity 5 was directed to use 2 halite to move west, but only 0 halite was available
At command 4 of 19:
    2   m 22 o
    3   m 16 e
>>> 4   m 5 w
    5   m 15 n
    6   m 0 w

warning: entity 31 was directed to use 8 halite to move south, but only 6 halite was available
At command 8 of 19:
    6   m 0 w
    7   m 27 s
>>> 8   m 31 s
    9   m 34 w
    10   m 2 n


Turn 241
================================================================
warning: entity 2 was directed to use 2 halite to move south, but only 0 halite was available
At command 6 of 19:
    4   m 7 e
    5   m 31 n
>>> 6   m 2 s
    7   m 22 o
    8   m 5 w

warning: entity 35 was directed to use 5 halite to move west, but only 2 halite was available
At command 12 of 19:
    10   m 37 w
    11   m 29 o
>>> 12   m 35 w
    13   m 43 e
    14   m 12 e


Turn 243
================================================================
warning: entity 10 was directed to use 2 halite to move west, but only 1 halite was available
At command 11 of 21:
    9   m 46 o
    10   m 2 s
>>> 11   m 10 w
    12   m 43 s
    13   m 35 e


Turn 244
================================================================
warning: entity 43 was directed to use 3 halite to move west, but only 0 halite was available
At command 9 of 19:
    7   m 22 o
    8   m 41 e
>>> 9   m 43 w
    10   m 27 w
    11   m 16 e

warning: entity 2 was directed to use 4 halite to move west, but only 1 halite was available
At command 13 of 19:
    11   m 16 e
    12   m 29 s
>>> 13   m 2 w
    14   m 35 s
    15   m 7 o


Turn 246
================================================================
warning: entity 29 was directed to use 6 halite to move north, but only 3 halite was available
At command 9 of 19:
    7   m 43 e
    8   m 22 o
>>> 9   m 29 n
    10   m 2 e
    11   m 7 o

warning: entity 46 was directed to use 1 halite to move east, but only 0 halite was available
At command 16 of 19:
    14   m 38 s
    15   m 41 e
>>> 16   m 46 e
    17   m 27 e
    18   m 35 w


Turn 247
================================================================
warning: entity 43 was directed to use 4 halite to move south, but only 2 halite was available
At command 9 of 20:
    7   m 9 o
    8   m 5 s
>>> 9   m 43 s
    10   m 41 e
    11   m 15 o

warning: entity 10 was directed to use 4 halite to move south, but only 3 halite was available
At command 17 of 20:
    15   m 38 e
    16   m 34 e
>>> 17   m 10 s
    18   m 27 w
    19   m 35 e


Turn 249
================================================================
warning: entity 2 was directed to use 3 halite to move north, but only 0 halite was available
At command 7 of 18:
    5   m 0 o
    6   m 43 n
>>> 7   m 2 n
    8   m 16 n
    9   m 10 e

warning: entity 46 was directed to use 7 halite to move west, but only 1 halite was available
At command 13 of 18:
    11   m 29 n
    12   m 27 s
>>> 13   m 46 w
    14   m 41 e
    15   m 5 e


Turn 250
================================================================
warning: entity 5 was directed to use 2 halite to move north, but only 0 halite was available
At command 14 of 17:
    12   m 29 o
    13   m 27 s
>>> 14   m 5 n
    15   m 34 o
    16   m 35 e

warning: entity 35 was directed to use 5 halite to move east, but only 0 halite was available
At command 16 of 17:
    14   m 5 n
    15   m 34 o
>>> 16   m 35 e
    17   m 37 s


Turn 251
================================================================
warning: entity 43 was directed to use 6 halite to move north, but only 4 halite was available
At command 11 of 18:
    9   m 34 w
    10   m 35 o
>>> 11   m 43 n
    12   m 15 e
    13   m 46 s

warning: entity 22 was directed to use 4 halite to move east, but only 0 halite was available
At command 15 of 18:
    13   m 46 s
    14   m 10 o
>>> 15   m 22 e
    16   m 16 w
    17   m 38 n


Turn 254
================================================================
warning: entity 22 was directed to use 8 halite to move south, but only 0 halite was available
At command 12 of 21:
    10   m 31 e
    11   m 5 n
>>> 12   m 22 s
    13   m 0 n
    14   m 9 e


Turn 256
================================================================
warning: entity 15 was directed to use 1 halite to move east, but only 0 halite was available
At command 19 of 20:
    17   m 31 n
    18   m 0 s
>>> 19   m 15 e
    20   m 48 n


Turn 258
================================================================
warning: entity 29 was directed to use 5 halite to move west, but only 0 halite was available
At command 11 of 21:
    9   m 12 w
    10   m 38 n
>>> 11   m 29 w
    12   m 5 e
    13   m 2 s

warning: entity 43 was directed to use 8 halite to move west, but only 7 halite was available
At command 18 of 21:
    16   m 16 s
    17   m 46 o
>>> 18   m 43 w
    19   m 35 w
    20   m 10 w

warning: entity 10 was directed to use 9 halite to move west, but only 2 halite was available
At command 20 of 21:
    18   m 43 w
    19   m 35 w
>>> 20   m 10 w
    21   m 0 n

warning: entity 0 was directed to use 1 halite to move north, but only 0 halite was available
At command 21 of 21:
    19   m 35 w
    20   m 10 w
>>> 21   m 0 n


Turn 260
================================================================
warning: entity 15 was directed to use 8 halite to move west, but only 3 halite was available
At command 13 of 22:
    11   m 37 n
    12   m 12 n
>>> 13   m 15 w
    14   m 7 o
    15   m 35 s

warning: entity 35 was directed to use 4 halite to move south, but only 3 halite was available
At command 15 of 22:
    13   m 15 w
    14   m 7 o
>>> 15   m 35 s
    16   m 41 n
    17   m 38 s


Turn 261
================================================================
warning: entity 0 was directed to use 4 halite to move north, but only 1 halite was available
At command 10 of 22:
    8   m 37 e
    9   m 22 e
>>> 10   m 0 n
    11   m 9 e
    12   m 2 o


Turn 262
================================================================
warning: entity 10 was directed to use 9 halite to move east, but only 6 halite was available
At command 20 of 23:
    18   m 22 s
    19   m 43 w
>>> 20   m 10 e
    21   m 12 n
    22   m 38 n


Turn 263
================================================================
warning: entity 43 was directed to use 6 halite to move south, but only 0 halite was available
At command 21 of 22:
    19   m 38 w
    20   m 22 n
>>> 21   m 43 s
    22   m 16 s


Turn 264
================================================================
warning: entity 29 was directed to use 9 halite to move west, but only 1 halite was available
At command 16 of 21:
    14   m 35 w
    15   m 46 s
>>> 16   m 29 w
    17   m 37 s
    18   m 12 n


Turn 265
================================================================
warning: entity 15 was directed to use 6 halite to move south, but only 2 halite was available
At command 9 of 23:
    7   m 37 w
    8   m 50 n
>>> 9   m 15 s
    10   m 35 w
    11   m 9 e

warning: entity 5 was directed to use 5 halite to move north, but only 4 halite was available
At command 19 of 23:
    17   m 0 n
    18   m 31 w
>>> 19   m 5 n
    20   m 27 e
    21   m 22 n


Turn 266
================================================================
warning: entity 22 was directed to use 7 halite to move south, but only 2 halite was available
At command 16 of 23:
    14   m 37 n
    15   m 50 s
>>> 16   m 22 s
    17   m 2 n
    18   m 43 w


Turn 267
================================================================
warning: entity 2 was directed to use 9 halite to move east, but only 3 halite was available
At command 15 of 24:
    13   m 15 n
    14   m 41 w
>>> 15   m 2 e
    16   m 7 n
    17   m 38 e

warning: entity 9 was directed to use 1 halite to move south, but only 0 halite was available
At command 20 of 24:
    18   m 34 s
    19   m 31 o
>>> 20   m 9 s
    21   m 43 s
    22   m 10 w

warning: entity 10 was directed to use 4 halite to move west, but only 3 halite was available
At command 22 of 24:
    20   m 9 s
    21   m 43 s
>>> 22   m 10 w
    23   m 0 s
    24   m 16 s


Turn 269
================================================================
warning: entity 46 was directed to use 5 halite to move south, but only 3 halite was available
At command 8 of 21:
    6   m 51 o
    7   m 29 n
>>> 8   m 46 s
    9   m 50 e
    10   m 2 o

warning: entity 31 was directed to use 1 halite to move south, but only 0 halite was available
At command 11 of 21:
    9   m 50 e
    10   m 2 o
>>> 11   m 31 s
    12   m 5 s
    13   m 7 e

warning: entity 15 was directed to use 8 halite to move east, but only 7 halite was available
At command 14 of 21:
    12   m 5 s
    13   m 7 e
>>> 14   m 15 e
    15   m 12 n
    16   m 16 e


Turn 270
================================================================
warning: entity 35 was directed to use 2 halite to move south, but only 0 halite was available
At command 22 of 23:
    20   m 12 w
    21   m 16 n
>>> 22   m 35 s
    23   m 27 w


Turn 271
================================================================
warning: entity 9 was directed to use 6 halite to move west, but only 2 halite was available
At command 6 of 22:
    4   m 5 e
    5   m 35 e
>>> 6   m 9 w
    7   m 48 e
    8   m 43 s

warning: entity 43 was directed to use 8 halite to move south, but only 5 halite was available
At command 8 of 22:
    6   m 9 w
    7   m 48 e
>>> 8   m 43 s
    9   m 46 w
    10   m 22 n


Turn 273
================================================================
warning: entity 46 was directed to use 8 halite to move north, but only 4 halite was available
At command 11 of 22:
    9   m 51 n
    10   m 0 w
>>> 11   m 46 n
    12   m 50 e
    13   m 48 w

warning: entity 35 was directed to use 2 halite to move east, but only 0 halite was available
At command 19 of 22:
    17   m 5 w
    18   m 27 n
>>> 19   m 35 e
    20   m 31 o
    21   m 12 n


Turn 275
================================================================
warning: entity 31 was directed to use 9 halite to move west, but only 5 halite was available
At command 11 of 22:
    9   m 37 n
    10   m 46 s
>>> 11   m 31 w
    12   m 0 w
    13   m 51 w

warning: entity 0 was directed to use 5 halite to move west, but only 2 halite was available
At command 12 of 22:
    10   m 46 s
    11   m 31 w
>>> 12   m 0 w
    13   m 51 w
    14   m 34 s

warning: entity 9 was directed to use 5 halite to move north, but only 3 halite was available
At command 20 of 22:
    18   m 2 w
    19   m 12 o
>>> 20   m 9 n
    21   m 43 s
    22   m 16 e


Turn 276
================================================================
warning: entity 51 was directed to use 9 halite to move north, but only 0 halite was available
At command 17 of 23:
    15   m 37 n
    16   m 34 s
>>> 17   m 51 n
    18   m 35 n
    19   m 23 n

warning: entity 43 was directed to use 6 halite to move east, but only 1 halite was available
At command 22 of 23:
    20   m 41 e
    21   m 2 s
>>> 22   m 43 e
    23   m 16 w


Turn 277
================================================================
warning: entity 46 was directed to use 8 halite to move west, but only 5 halite was available
At command 20 of 24:
    18   m 16 w
    19   m 27 n
>>> 20   m 46 w
    21   m 37 s
    22   m 34 n

warning: entity 35 was directed to use 4 halite to move north, but only 2 halite was available
At command 23 of 24:
    21   m 37 s
    22   m 34 n
>>> 23   m 35 n
    24   m 2 e


Turn 279
================================================================
warning: entity 43 was directed to use 9 halite to move west, but only 8 halite was available
At command 11 of 24:
    9   m 7 e
    10   m 35 n
>>> 11   m 43 w
    12   m 48 n
    13   m 46 w


Turn 280
================================================================
warning: entity 35 was directed to use 8 halite to move north, but only 3 halite was available
At command 10 of 24:
    8   m 15 w
    9   m 41 o
>>> 10   m 35 n
    11   m 5 s
    12   m 22 e

warning: entity 31 was directed to use 6 halite to move north, but only 3 halite was available
At command 21 of 24:
    19   m 34 w
    20   m 29 e
>>> 21   m 31 n
    22   m 27 n
    23   m 16 s


Turn 281
================================================================
warning: entity 51 was directed to use 6 halite to move north, but only 1 halite was available
At command 11 of 23:
    9   m 27 n
    10   m 53 o
>>> 11   m 51 n
    12   m 50 o
    13   m 43 w


Turn 283
================================================================
warning: entity 23 was directed to use 3 halite to move north, but only 2 halite was available
At command 6 of 23:
    4   m 34 o
    5   m 9 n
>>> 6   m 23 n
    7   m 53 e
    8   m 2 s


Turn 284
================================================================
warning: entity 38 was directed to use 4 halite to move south, but only 2 halite was available
At command 14 of 24:
    12   m 9 o
    13   m 31 e
>>> 14   m 38 s
    15   m 53 o
    16   m 2 n

warning: entity 2 was directed to use 2 halite to move north, but only 0 halite was available
At command 16 of 24:
    14   m 38 s
    15   m 53 o
>>> 16   m 2 n
    17   m 51 o
    18   m 43 s


Turn 287
================================================================
warning: entity 2 was directed to use 3 halite to move west, but only 2 halite was available
At command 3 of 24:
    1   m 12 s
    2   m 48 o
>>> 3   m 2 w
    4   m 29 n
    5   m 50 w

warning: entity 35 was directed to use 1 halite to move south, but only 0 halite was available
At command 14 of 24:
    12   m 22 e
    13   m 27 s
>>> 14   m 35 s
    15   m 5 e
    16   m 34 n


Turn 288
================================================================
warning: entity 31 was directed to use 4 halite to move east, but only 1 halite was available
At command 22 of 25:
    20   m 27 w
    21   m 34 n
>>> 22   m 31 e
    23   m 16 o
    24   m 10 e


Turn 289
================================================================
warning: entity 51 was directed to use 9 halite to move west, but only 6 halite was available
At command 7 of 25:
    5   m 16 e
    6   m 48 e
>>> 7   m 51 w
    8   m 2 s
    9   m 37 e

warning: entity 29 was directed to use 1 halite to move east, but only 0 halite was available
At command 11 of 25:
    9   m 37 e
    10   m 53 o
>>> 11   m 29 e
    12   m 46 e
    13   m 35 n


Turn 290
================================================================
warning: entity 23 was directed to use 3 halite to move south, but only 0 halite was available
At command 21 of 24:
    19   m 5 w
    20   m 50 o
>>> 21   m 23 s
    22   m 22 w
    23   m 10 n


Turn 292
================================================================
warning: entity 31 was directed to use 3 halite to move north, but only 1 halite was available
At command 15 of 23:
    13   m 9 n
    14   m 7 e
>>> 15   m 31 n
    16   m 34 e
    17   m 46 e

warning: entity 27 was directed to use 1 halite to move west, but only 0 halite was available
At command 21 of 23:
    19   m 37 o
    20   m 35 o
>>> 21   m 27 w
    22   m 22 w
    23   m 10 w


Turn 293
================================================================
warning: entity 53 was directed to use 2 halite to move north, but only 1 halite was available
At command 11 of 21:
    9   m 29 n
    10   m 43 s
>>> 11   m 53 n
    12   m 50 n
    13   m 15 n


Turn 294
================================================================
warning: entity 29 was directed to use 4 halite to move north, but only 3 halite was available
At command 11 of 25:
    9   m 2 w
    10   m 48 w
>>> 11   m 29 n
    12   m 43 w
    13   m 31 o

warning: entity 43 was directed to use 9 halite to move west, but only 8 halite was available
At command 12 of 25:
    10   m 48 w
    11   m 29 n
>>> 12   m 43 w
    13   m 31 o
    14   m 37 e


Turn 295
================================================================
warning: entity 22 was directed to use 8 halite to move west, but only 3 halite was available
At command 24 of 26:
    22   m 16 o
    23   m 0 w
>>> 24   m 22 w
    25   m 46 o
    26   m 58 o


Turn 296
================================================================
warning: entity 27 was directed to use 4 halite to move north, but only 3 halite was available
At command 19 of 24:
    17   m 5 n
    18   m 51 e
>>> 19   m 27 n
    20   m 35 s
    21   m 34 e


Turn 299
================================================================
warning: entity 0 was directed to use 3 halite to move north, but only 2 halite was available
At command 9 of 25:
    7   m 53 o
    8   m 27 w
>>> 9   m 0 n
    10   m 37 e
    11   m 29 n


Turn 301
================================================================
warning: entity 31 was directed to use 6 halite to move west, but only 2 halite was available
At command 21 of 24:
    19   m 27 s
    20   m 35 w
>>> 21   m 31 w
    22   m 10 n
    23   m 51 s


Turn 302
================================================================
warning: entity 29 was directed to use 7 halite to move west, but only 0 halite was available
At command 17 of 24:
    15   m 48 o
    16   m 9 w
>>> 17   m 29 w
    18   m 53 o
    19   m 15 e


Turn 303
================================================================
warning: entity 0 was directed to use 4 halite to move north, but only 2 halite was available
At command 7 of 24:
    5   m 53 o
    6   m 58 w
>>> 7   m 0 n
    8   m 7 e
    9   m 27 s

warning: entity 27 was directed to use 3 halite to move south, but only 2 halite was available
At command 9 of 24:
    7   m 0 n
    8   m 7 e
>>> 9   m 27 s
    10   m 34 n
    11   m 31 o

warning: entity 15 was directed to use 1 halite to move north, but only 0 halite was available
At command 22 of 24:
    20   m 50 n
    21   m 43 w
>>> 22   m 15 n
    23   m 51 w
    24   m 35 w


Turn 304
================================================================
warning: entity 35 was directed to use 3 halite to move west, but only 2 halite was available
At command 23 of 24:
    21   m 9 o
    22   m 43 o
>>> 23   m 35 w
    24   m 51 n


Turn 305
================================================================
warning: entity 58 was directed to use 5 halite to move east, but only 0 halite was available
At command 21 of 25:
    19   m 51 n
    20   m 29 n
>>> 21   m 58 e
    22   m 50 s
    23   m 7 e


Turn 306
================================================================
warning: entity 29 was directed to use 5 halite to move west, but only 4 halite was available
At command 22 of 23:
    20   m 15 n
    21   m 51 o
>>> 22   m 29 w
    23   m 10 o


Turn 307
================================================================
warning: entity 27 was directed to use 6 halite to move east, but only 1 halite was available
At command 15 of 22:
    13   m 48 o
    14   m 23 e
>>> 15   m 27 e
    16   m 16 w
    17   m 9 o

warning: entity 15 was directed to use 1 halite to move west, but only 0 halite was available
At command 22 of 22:
    20   m 2 n
    21   m 12 w
>>> 22   m 15 w


Turn 308
================================================================
warning: entity 53 was directed to use 2 halite to move south, but only 1 halite was available
At command 21 of 23:
    19   m 16 w
    20   m 7 s
>>> 21   m 53 s
    22   m 12 o
    23   m 2 o


Turn 309
================================================================
warning: entity 23 was directed to use 6 halite to move west, but only 2 halite was available
At command 22 of 24:
    20   m 50 s
    21   m 31 s
>>> 22   m 23 w
    23   m 16 n
    24   m 7 w


Turn 310
================================================================
warning: entity 15 was directed to use 6 halite to move south, but only 2 halite was available
At command 13 of 24:
    11   m 2 n
    12   m 12 e
>>> 13   m 15 s
    14   m 29 n
    15   m 22 s


Turn 311
================================================================
warning: entity 29 was directed to use 7 halite to move south, but only 0 halite was available
At command 5 of 24:
    3   m 46 w
    4   m 23 n
>>> 5   m 29 s
    6   m 58 s
    7   m 10 n

warning: entity 48 was directed to use 6 halite to move east, but only 4 halite was available
At command 18 of 24:
    16   m 16 n
    17   m 56 n
>>> 18   m 48 e
    19   m 51 s
    20   m 9 n

warning: entity 35 was directed to use 3 halite to move south, but only 2 halite was available
At command 21 of 24:
    19   m 51 s
    20   m 9 n
>>> 21   m 35 s
    22   m 5 s
    23   m 31 n


Turn 312
================================================================
warning: entity 53 was directed to use 3 halite to move north, but only 0 halite was available
At command 6 of 25:
    4   m 48 n
    5   m 35 o
>>> 6   m 53 n
    7   m 56 s
    8   m 15 s

warning: entity 56 was directed to use 2 halite to move south, but only 0 halite was available
At command 7 of 25:
    5   m 35 o
    6   m 53 n
>>> 7   m 56 s
    8   m 15 s
    9   m 12 s


Turn 313
================================================================
warning: entity 22 was directed to use 3 halite to move west, but only 2 halite was available
At command 18 of 25:
    16   m 9 n
    17   m 34 s
>>> 18   m 22 w
    19   m 23 e
    20   m 10 e

warning: entity 23 was directed to use 8 halite to move east, but only 1 halite was available
At command 19 of 25:
    17   m 34 s
    18   m 22 w
>>> 19   m 23 e
    20   m 10 e
    21   m 50 n

warning: entity 31 was directed to use 2 halite to move east, but only 1 halite was available
At command 24 of 25:
    22   m 16 n
    23   m 43 n
>>> 24   m 31 e
    25   m 7 w


Turn 315
================================================================
warning: entity 29 was directed to use 9 halite to move north, but only 3 halite was available
At command 18 of 25:
    16   m 2 w
    17   m 5 n
>>> 18   m 29 n
    19   m 51 e
    20   m 56 w


Turn 316
================================================================
warning: entity 31 was directed to use 7 halite to move north, but only 1 halite was available
At command 20 of 23:
    18   m 5 s
    19   m 48 w
>>> 20   m 31 n
    21   m 56 s
    22   m 16 o

warning: entity 56 was directed to use 3 halite to move south, but only 0 halite was available
At command 21 of 23:
    19   m 48 w
    20   m 31 n
>>> 21   m 56 s
    22   m 16 o
    23   m 50 w

warning: entity 50 was directed to use 8 halite to move west, but only 7 halite was available
At command 23 of 23:
    21   m 56 s
    22   m 16 o
>>> 23   m 50 w


Turn 317
================================================================
warning: entity 23 was directed to use 6 halite to move south, but only 3 halite was available
At command 13 of 22:
    11   m 9 e
    12   m 35 e
>>> 13   m 23 s
    14   m 15 n
    15   m 22 s

warning: entity 5 was directed to use 9 halite to move west, but only 1 halite was available
At command 21 of 22:
    19   m 10 e
    20   m 46 n
>>> 21   m 5 w
    22   m 48 s


Turn 318
================================================================
warning: entity 58 was directed to use 8 halite to move west, but only 4 halite was available
At command 19 of 23:
    17   m 9 s
    18   m 35 n
>>> 19   m 58 w
    20   m 51 o
    21   m 12 w

warning: entity 10 was directed to use 1 halite to move west, but only 0 halite was available
At command 22 of 23:
    20   m 51 o
    21   m 12 w
>>> 22   m 10 w
    23   m 46 o


Turn 319
================================================================
warning: entity 56 was directed to use 6 halite to move east, but only 0 halite was available
At command 12 of 22:
    10   m 41 e
    11   m 43 w
>>> 12   m 56 e
    13   m 34 e
    14   m 0 s

warning: entity 2 was directed to use 6 halite to move east, but only 2 halite was available
At command 19 of 22:
    17   m 5 s
    18   m 22 e
>>> 19   m 2 e
    20   m 15 e
    21   m 9 w


Turn 321
================================================================
warning: entity 9 was directed to use 5 halite to move east, but only 2 halite was available
At command 19 of 20:
    17   m 22 e
    18   m 15 n
>>> 19   m 9 e
    20   m 12 o


Turn 322
================================================================
warning: entity 5 was directed to use 3 halite to move west, but only 2 halite was available
At command 19 of 19:
    17   m 31 e
    18   m 35 o
>>> 19   m 5 w


Turn 323
================================================================
warning: entity 15 was directed to use 9 halite to move south, but only 2 halite was available
At command 6 of 19:
    4   m 34 w
    5   m 9 s
>>> 6   m 15 s
    7   m 56 n
    8   m 12 o

warning: entity 56 was directed to use 9 halite to move north, but only 1 halite was available
At command 7 of 19:
    5   m 9 s
    6   m 15 s
>>> 7   m 56 n
    8   m 12 o
    9   m 43 n

warning: entity 41 was directed to use 1 halite to move north, but only 0 halite was available
At command 12 of 19:
    10   m 7 s
    11   m 22 e
>>> 12   m 41 n
    13   m 10 w
    14   m 51 w

warning: entity 10 was directed to use 8 halite to move west, but only 3 halite was available
At command 13 of 19:
    11   m 22 e
    12   m 41 n
>>> 13   m 10 w
    14   m 51 w
    15   m 2 e


Turn 324
================================================================
warning: entity 46 was directed to use 7 halite to move west, but only 0 halite was available
At command 21 of 21:
    19   m 29 n
    20   m 43 n
>>> 21   m 46 w


Turn 325
================================================================
warning: entity 41 was directed to use 6 halite to move west, but only 3 halite was available
At command 10 of 19:
    8   m 15 e
    9   m 12 n
>>> 10   m 41 w
    11   m 5 n
    12   m 16 e


Turn 327
================================================================
warning: entity 5 was directed to use 6 halite to move west, but only 2 halite was available
At command 9 of 21:
    7   m 51 w
    8   m 41 w
>>> 9   m 5 w
    10   m 10 s
    11   m 27 n


Turn 328
================================================================
warning: entity 15 was directed to use 6 halite to move west, but only 3 halite was available
At command 18 of 22:
    16   m 9 e
    17   m 16 s
>>> 18   m 15 w
    19   m 22 n
    20   m 46 n

warning: entity 46 was directed to use 9 halite to move north, but only 2 halite was available
At command 20 of 22:
    18   m 15 w
    19   m 22 n
>>> 20   m 46 n
    21   m 31 n
    22   m 7 e


Turn 331
================================================================
warning: entity 35 was directed to use 8 halite to move west, but only 6 halite was available
At command 5 of 23:
    3   m 15 n
    4   m 16 s
>>> 5   m 35 w
    6   m 41 n
    7   m 53 e


Turn 332
================================================================
warning: entity 15 was directed to use 9 halite to move east, but only 4 halite was available
At command 8 of 22:
    6   m 41 o
    7   m 53 e
>>> 8   m 15 e
    9   m 34 n
    10   m 31 o

warning: entity 9 was directed to use 3 halite to move north, but only 2 halite was available
At command 11 of 22:
    9   m 34 n
    10   m 31 o
>>> 11   m 9 n
    12   m 43 s
    13   m 2 o

warning: entity 7 was directed to use 8 halite to move east, but only 5 halite was available
At command 22 of 22:
    20   m 12 n
    21   m 0 e
>>> 22   m 7 e


Turn 333
================================================================
warning: entity 5 was directed to use 4 halite to move west, but only 2 halite was available
At command 19 of 21:
    17   m 12 w
    18   m 50 s
>>> 19   m 5 w
    20   m 56 n
    21   m 0 w


Turn 334
================================================================
warning: entity 56 was directed to use 6 halite to move west, but only 1 halite was available
At command 24 of 24:
    22   m 43 e
    23   m 12 n
>>> 24   m 56 w


Turn 336
================================================================
warning: entity 2 was directed to use 9 halite to move south, but only 8 halite was available
At command 5 of 24:
    3   m 48 o
    4   m 50 e
>>> 5   m 2 s
    6   m 10 o
    7   m 22 w

warning: entity 7 was directed to use 9 halite to move west, but only 3 halite was available
At command 22 of 24:
    20   m 15 e
    21   m 9 n
>>> 22   m 7 w
    23   m 43 w
    24   m 12 w


Turn 338
================================================================
warning: entity 15 was directed to use 5 halite to move south, but only 0 halite was available
At command 17 of 23:
    15   m 50 n
    16   m 35 w
>>> 17   m 15 s
    18   m 29 n
    19   m 51 s


Turn 340
================================================================
warning: entity 7 was directed to use 8 halite to move west, but only 2 halite was available
At command 12 of 22:
    10   m 48 w
    11   m 53 s
>>> 12   m 7 w
    13   m 10 e
    14   m 23 w


Turn 343
================================================================
warning: entity 15 was directed to use 8 halite to move south, but only 3 halite was available
At command 16 of 23:
    14   m 10 n
    15   m 7 o
>>> 16   m 15 s
    17   m 35 n
    18   m 0 n


Turn 346
================================================================
warning: entity 16 was directed to use 1 halite to move north, but only 0 halite was available
At command 8 of 22:
    6   m 23 e
    7   m 22 w
>>> 8   m 16 n
    9   m 7 e
    10   m 41 n


Turn 349
================================================================
warning: entity 15 was directed to use 7 halite to move south, but only 3 halite was available
At command 9 of 21:
    7   m 58 n
    8   m 12 n
>>> 9   m 15 s
    10   m 48 s
    11   m 50 s

warning: entity 22 was directed to use 2 halite to move west, but only 1 halite was available
At command 16 of 21:
    14   m 23 n
    15   m 41 s
>>> 16   m 22 w
    17   m 29 e
    18   m 43 e


Turn 353
================================================================
warning: entity 35 was directed to use 1 halite to move north, but only 0 halite was available
At command 7 of 19:
    5   m 22 o
    6   m 56 w
>>> 7   m 35 n
    8   m 53 n
    9   m 31 s


Turn 357
================================================================
warning: entity 35 was directed to use 1 halite to move south, but only 0 halite was available
At command 16 of 20:
    14   m 48 o
    15   m 34 e
>>> 16   m 35 s
    17   m 7 w
    18   m 41 s


Turn 360
================================================================
warning: entity 35 was directed to use 6 halite to move east, but only 0 halite was available
At command 9 of 19:
    7   m 48 o
    8   m 56 e
>>> 9   m 35 e
    10   m 50 n
    11   m 22 w


Turn 362
================================================================
warning: entity 34 was directed to use 2 halite to move east, but only 1 halite was available
At command 19 of 20:
    17   m 53 w
    18   m 43 e
>>> 19   m 34 e
    20   m 51 n


Turn 364
================================================================
warning: entity 35 was directed to use 8 halite to move east, but only 3 halite was available
At command 14 of 19:
    12   m 15 w
    13   m 53 s
>>> 14   m 35 e
    15   m 46 s
    16   m 27 n


Turn 366
================================================================
warning: entity 31 was directed to use 6 halite to move north, but only 2 halite was available
At command 11 of 20:
    9   m 2 o
    10   m 48 w
>>> 11   m 31 n
    12   m 29 s
    13   m 16 e


Turn 367
================================================================
warning: entity 48 was directed to use 4 halite to move west, but only 0 halite was available
At command 10 of 20:
    8   m 50 e
    9   m 22 e
>>> 10   m 48 w
    11   m 53 n
    12   m 51 n


Turn 370
================================================================
warning: entity 31 was directed to use 7 halite to move north, but only 3 halite was available
At command 11 of 19:
    9   m 2 e
    10   m 56 n
>>> 11   m 31 n
    12   m 12 s
    13   m 15 e


Turn 372
================================================================
warning: entity 48 was directed to use 2 halite to move north, but only 1 halite was available
At command 7 of 21:
    5   m 58 n
    6   m 43 w
>>> 7   m 48 n
    8   m 29 n
    9   m 31 e

warning: entity 35 was directed to use 4 halite to move north, but only 2 halite was available
At command 21 of 21:
    19   m 15 n
    20   m 23 w
>>> 21   m 35 n


Turn 374
================================================================
warning: entity 16 was directed to use 2 halite to move south, but only 0 halite was available
At command 10 of 21:
    8   m 48 o
    9   m 27 n
>>> 10   m 16 s
    11   m 51 w
    12   m 56 w

warning: entity 31 was directed to use 6 halite to move east, but only 3 halite was available
At command 14 of 21:
    12   m 56 w
    13   m 22 e
>>> 14   m 31 e
    15   m 23 e
    16   m 50 s


Turn 375
================================================================
warning: entity 23 was directed to use 2 halite to move east, but only 0 halite was available
At command 6 of 19:
    4   m 41 n
    5   m 7 w
>>> 6   m 23 e
    7   m 35 w
    8   m 46 o

warning: entity 51 was directed to use 8 halite to move north, but only 2 halite was available
At command 13 of 19:
    11   m 2 e
    12   m 43 w
>>> 13   m 51 n
    14   m 27 w
    15   m 56 s


Turn 378
================================================================
warning: entity 31 was directed to use 9 halite to move east, but only 3 halite was available
At command 5 of 19:
    3   m 27 n
    4   m 50 s
>>> 5   m 31 e
    6   m 12 s
    7   m 23 w


Turn 379
================================================================
warning: entity 53 was directed to use 6 halite to move north, but only 3 halite was available
At command 13 of 19:
    11   m 12 e
    12   m 23 e
>>> 13   m 53 n
    14   m 46 o
    15   m 51 e


Turn 380
================================================================
warning: entity 48 was directed to use 5 halite to move west, but only 2 halite was available
At command 18 of 19:
    16   m 12 w
    17   m 51 w
>>> 18   m 48 w
    19   m 15 s


Turn 381
================================================================
warning: entity 51 was directed to use 3 halite to move east, but only 2 halite was available
At command 17 of 20:
    15   m 23 w
    16   m 50 o
>>> 17   m 51 e
    18   m 22 e
    19   m 12 s


Turn 385
================================================================
warning: entity 51 was directed to use 7 halite to move north, but only 1 halite was available
At command 7 of 19:
    5   m 12 s
    6   m 41 o
>>> 7   m 51 n
    8   m 27 s
    9   m 31 s


Turn 386
================================================================
warning: entity 35 was directed to use 1 halite to move south, but only 0 halite was available
At command 10 of 19:
    8   m 43 o
    9   m 31 w
>>> 10   m 35 s
    11   m 2 n
    12   m 56 w

warning: entity 48 was directed to use 9 halite to move south, but only 1 halite was available
At command 17 of 19:
    15   m 16 w
    16   m 50 e
>>> 17   m 48 s
    18   m 53 s
    19   m 15 w


Turn 388
================================================================
warning: entity 16 was directed to use 2 halite to move north, but only 1 halite was available
At command 13 of 18:
    11   m 23 o
    12   m 58 s
>>> 13   m 16 n
    14   m 41 o
    15   m 29 w


Turn 389
================================================================
warning: entity 35 was directed to use 2 halite to move south, but only 1 halite was available
At command 12 of 19:
    10   m 43 n
    11   m 46 w
>>> 12   m 35 s
    13   m 50 s
    14   m 51 o


Turn 390
================================================================
warning: entity 48 was directed to use 5 halite to move west, but only 4 halite was available
At command 8 of 19:
    6   m 23 n
    7   m 16 e
>>> 8   m 48 w
    9   m 41 o
    10   m 46 w

warning: entity 31 was directed to use 2 halite to move west, but only 0 halite was available
At command 19 of 19:
    17   m 29 w
    18   m 56 s
>>> 19   m 31 w


Turn 391
================================================================
warning: entity 16 was directed to use 4 halite to move east, but only 1 halite was available
At command 6 of 19:
    4   m 31 s
    5   m 35 s
>>> 6   m 16 e
    7   m 43 w
    8   m 58 o


Turn 392
================================================================
warning: entity 31 was directed to use 7 halite to move east, but only 5 halite was available
At command 14 of 20:
    12   m 48 e
    13   m 29 e
>>> 14   m 31 e
    15   m 35 s
    16   m 43 s


Turn 393
================================================================
warning: entity 35 was directed to use 5 halite to move west, but only 4 halite was available
At command 14 of 19:
    12   m 27 w
    13   m 56 n
>>> 14   m 35 w
    15   m 2 s
    16   m 43 w


Turn 394
================================================================
warning: entity 46 was directed to use 2 halite to move south, but only 1 halite was available
At command 5 of 19:
    3   m 35 w
    4   m 31 w
>>> 5   m 46 s
    6   m 58 e
    7   m 56 e


Turn 395
================================================================
warning: entity 2 was directed to use 2 halite to move south, but only 1 halite was available
At command 12 of 20:
    10   m 27 n
    11   m 23 s
>>> 12   m 2 s
    13   m 35 n
    14   m 31 w

warning: entity 16 was directed to use 9 halite to move south, but only 6 halite was available
At command 16 of 20:
    14   m 31 w
    15   m 58 w
>>> 16   m 16 s
    17   m 51 w
    18   m 22 o


Turn 396
================================================================
warning: entity 43 was directed to use 2 halite to move west, but only 1 halite was available
At command 8 of 20:
    6   m 48 w
    7   m 7 w
>>> 8   m 43 w
    9   m 15 w
    10   m 29 e

warning: entity 51 was directed to use 7 halite to move east, but only 2 halite was available
At command 19 of 20:
    17   m 58 w
    18   m 50 o
>>> 19   m 51 e
    20   m 53 n


Turn 397
================================================================
warning: entity 41 was directed to use 3 halite to move north, but only 0 halite was available
At command 6 of 20:
    4   m 50 w
    5   m 51 o
>>> 6   m 41 n
    7   m 2 n
    8   m 16 n


Turn 399
================================================================
warning: entity 48 was directed to use 5 halite to move north, but only 3 halite was available
At command 17 of 20:
    15   m 2 n
    16   m 15 s
>>> 17   m 48 n
    18   m 12 n
    19   m 53 n


Turn 400
================================================================
warning: entity 16 was directed to use 7 halite to move north, but only 1 halite was available
At command 4 of 19:
    2   m 48 w
    3   m 35 e
>>> 4   m 16 n
    5   m 29 s
    6   m 46 s

