
Turn 4
================================================================
warning: entity 1 was directed to use 2 halite to move west, but only 0 halite was available
At command 1 of 2:
>>> 1   m 1 w
    2   m 3 w


Turn 7
================================================================
warning: entity 5 was directed to use 1 halite to move east, but only 0 halite was available
At command 2 of 3:
    1   m 1 w
>>> 2   m 5 e
    3   g


Turn 9
================================================================
warning: entity 1 was directed to use 2 halite to move west, but only 0 halite was available
At command 3 of 3:
    1   m 3 n
    2   m 6 n
>>> 3   m 1 w


Turn 10
================================================================
warning: entity 6 was directed to use 1 halite to move south, but only 0 halite was available
At command 3 of 3:
    1   m 1 w
    2   m 3 s
>>> 3   m 6 s


Turn 12
================================================================
warning: entity 1 was directed to use 5 halite to move east, but only 1 halite was available
At command 4 of 4:
    2   m 5 e
    3   m 9 e
>>> 4   m 1 e


Turn 14
================================================================
warning: entity 9 was directed to use 1 halite to move east, but only 0 halite was available
At command 1 of 4:
>>> 1   m 9 e
    2   m 1 w
    3   m 6 s


Turn 16
================================================================
warning: entity 9 was directed to use 4 halite to move south, but only 3 halite was available
At command 5 of 5:
    3   m 5 e
    4   m 1 s
>>> 5   m 9 s


Turn 17
================================================================
warning: entity 1 was directed to use 5 halite to move east, but only 2 halite was available
At command 2 of 5:
    1   m 3 s
>>> 2   m 1 e
    3   m 9 e
    4   m 5 w


Turn 35
================================================================
warning: entity 9 was directed to use 1 halite to move east, but only 0 halite was available
At command 2 of 3:
    1   m 5 s
>>> 2   m 9 e
    3   m 1 w


Turn 40
================================================================
warning: entity 9 was directed to use 9 halite to move south, but only 1 halite was available
At command 5 of 5:
    3   m 3 s
    4   m 1 e
>>> 5   m 9 s


Turn 44
================================================================
warning: entity 9 was directed to use 6 halite to move west, but only 1 halite was available
At command 4 of 4:
    2   m 3 e
    3   m 5 n
>>> 4   m 9 w


Turn 47
================================================================
warning: entity 9 was directed to use 9 halite to move south, but only 6 halite was available
At command 2 of 3:
    1   m 3 n
>>> 2   m 9 s
    3   m 5 s


Turn 54
================================================================
warning: entity 3 was directed to use 3 halite to move south, but only 0 halite was available
At command 3 of 5:
    1   m 1 n
    2   m 9 e
>>> 3   m 3 s
    4   m 5 n
    5   m 6 n


Turn 57
================================================================
warning: entity 3 was directed to use 5 halite to move east, but only 3 halite was available
At command 3 of 4:
    1   m 1 s
    2   m 6 w
>>> 3   m 3 e
    4   m 5 o


Turn 62
================================================================
warning: entity 3 was directed to use 4 halite to move west, but only 2 halite was available
At command 4 of 4:
    2   m 5 o
    3   m 6 s
>>> 4   m 3 w


Turn 65
================================================================
warning: entity 3 was directed to use 8 halite to move north, but only 6 halite was available
At command 2 of 3:
    1   m 5 s
>>> 2   m 3 n
    3   m 6 o


Turn 71
================================================================
warning: entity 5 was directed to use 2 halite to move north, but only 0 halite was available
At command 4 of 5:
    2   m 11 s
    3   m 3 o
>>> 4   m 5 n
    5   m 6 w


Turn 72
================================================================
warning: entity 11 was directed to use 2 halite to move west, but only 0 halite was available
At command 3 of 6:
    1   m 1 n
    2   m 9 w
>>> 3   m 11 w
    4   m 3 o
    5   m 5 n


Turn 74
================================================================
warning: entity 5 was directed to use 3 halite to move west, but only 0 halite was available
At command 5 of 6:
    3   m 3 w
    4   m 11 o
>>> 5   m 5 w
    6   m 6 s


Turn 76
================================================================
warning: entity 5 was directed to use 7 halite to move west, but only 6 halite was available
At command 4 of 5:
    2   m 1 n
    3   m 6 n
>>> 4   m 5 w
    5   m 11 o


Turn 80
================================================================
warning: entity 1 was directed to use 1 halite to move west, but only 0 halite was available
At command 3 of 4:
    1   m 6 e
    2   m 11 e
>>> 3   m 1 w
    4   m 9 s


Turn 83
================================================================
warning: entity 1 was directed to use 1 halite to move south, but only 0 halite was available
At command 4 of 5:
    2   m 3 n
    3   m 9 s
>>> 4   m 1 s
    5   m 6 s


Turn 87
================================================================
warning: entity 11 was directed to use 9 halite to move east, but only 1 halite was available
At command 2 of 4:
    1   m 6 s
>>> 2   m 11 e
    3   m 3 e
    4   m 1 o


Turn 91
================================================================
warning: entity 6 was directed to use 1 halite to move west, but only 0 halite was available
At command 6 of 6:
    4   m 3 w
    5   m 11 s
>>> 6   m 6 w


Turn 93
================================================================
warning: entity 11 was directed to use 4 halite to move west, but only 1 halite was available
At command 3 of 6:
    1   m 9 s
    2   m 1 o
>>> 3   m 11 w
    4   m 3 s
    5   m 6 s

warning: entity 6 was directed to use 7 halite to move south, but only 3 halite was available
At command 5 of 6:
    3   m 11 w
    4   m 3 s
>>> 5   m 6 s
    6   m 5 w


Turn 95
================================================================
warning: entity 1 was directed to use 1 halite to move south, but only 0 halite was available
At command 1 of 6:
>>> 1   m 1 s
    2   m 9 n
    3   m 11 w


Turn 100
================================================================
warning: entity 13 was directed to use 5 halite to move south, but only 0 halite was available
At command 4 of 6:
    2   m 9 w
    3   m 1 w
>>> 4   m 13 s
    5   m 5 s
    6   m 6 w

warning: entity 6 was directed to use 9 halite to move west, but only 5 halite was available
At command 6 of 6:
    4   m 13 s
    5   m 5 s
>>> 6   m 6 w


Turn 105
================================================================
warning: entity 13 was directed to use 2 halite to move west, but only 1 halite was available
At command 1 of 7:
>>> 1   m 13 w
    2   m 5 s
    3   m 9 e


Turn 106
================================================================
warning: entity 11 was directed to use 8 halite to move north, but only 0 halite was available
At command 4 of 6:
    2   m 13 n
    3   m 6 o
>>> 4   m 11 n
    5   m 1 w
    6   m 9 n


Turn 107
================================================================
warning: entity 9 was directed to use 1 halite to move east, but only 0 halite was available
At command 5 of 7:
    3   m 3 n
    4   m 1 w
>>> 5   m 9 e
    6   m 5 n
    7   m 13 w


Turn 110
================================================================
warning: entity 11 was directed to use 7 halite to move south, but only 2 halite was available
At command 3 of 7:
    1   m 13 s
    2   m 5 s
>>> 3   m 11 s
    4   m 3 n
    5   m 9 n

warning: entity 1 was directed to use 3 halite to move south, but only 0 halite was available
At command 6 of 7:
    4   m 3 n
    5   m 9 n
>>> 6   m 1 s
    7   m 6 n

warning: entity 6 was directed to use 1 halite to move north, but only 0 halite was available
At command 7 of 7:
    5   m 9 n
    6   m 1 s
>>> 7   m 6 n


Turn 112
================================================================
warning: entity 9 was directed to use 4 halite to move south, but only 0 halite was available
At command 1 of 7:
>>> 1   m 9 s
    2   m 1 n
    3   m 3 n

warning: entity 6 was directed to use 5 halite to move south, but only 4 halite was available
At command 7 of 7:
    5   m 5 s
    6   m 13 s
>>> 7   m 6 s


Turn 114
================================================================
warning: entity 1 was directed to use 2 halite to move north, but only 1 halite was available
At command 5 of 7:
    3   m 3 w
    4   m 9 n
>>> 5   m 1 n
    6   m 13 s
    7   m 5 w

warning: entity 13 was directed to use 7 halite to move south, but only 4 halite was available
At command 6 of 7:
    4   m 9 n
    5   m 1 n
>>> 6   m 13 s
    7   m 5 w


Turn 115
================================================================
warning: entity 9 was directed to use 9 halite to move north, but only 1 halite was available
At command 1 of 6:
>>> 1   m 9 n
    2   m 1 e
    3   m 5 o


Turn 117
================================================================
warning: entity 3 was directed to use 1 halite to move west, but only 0 halite was available
At command 7 of 8:
    5   m 14 w
    6   m 6 e
>>> 7   m 3 w
    8   m 11 w


Turn 121
================================================================
warning: entity 13 was directed to use 8 halite to move east, but only 6 halite was available
At command 4 of 8:
    2   m 14 s
    3   m 5 s
>>> 4   m 13 e
    5   m 11 e
    6   m 3 w

warning: entity 3 was directed to use 8 halite to move west, but only 5 halite was available
At command 6 of 8:
    4   m 13 e
    5   m 11 e
>>> 6   m 3 w
    7   m 1 w
    8   m 9 w


Turn 122
================================================================
warning: entity 14 was directed to use 1 halite to move west, but only 0 halite was available
At command 5 of 6:
    3   m 11 s
    4   m 3 s
>>> 5   m 14 w
    6   m 1 n


Turn 125
================================================================
warning: entity 1 was directed to use 3 halite to move east, but only 0 halite was available
At command 5 of 6:
    3   m 3 o
    4   m 11 w
>>> 5   m 1 e
    6   m 5 w


Turn 128
================================================================
warning: entity 1 was directed to use 9 halite to move south, but only 4 halite was available
At command 1 of 6:
>>> 1   m 1 s
    2   m 9 s
    3   m 5 s


Turn 133
================================================================
warning: entity 14 was directed to use 6 halite to move west, but only 0 halite was available
At command 3 of 6:
    1   m 5 n
    2   m 13 e
>>> 3   m 14 w
    4   m 6 e
    5   m 9 s

warning: entity 1 was directed to use 8 halite to move west, but only 7 halite was available
At command 6 of 6:
    4   m 6 e
    5   m 9 s
>>> 6   m 1 w


Turn 138
================================================================
warning: entity 1 was directed to use 9 halite to move west, but only 0 halite was available
At command 2 of 7:
    1   m 11 e
>>> 2   m 1 w
    3   m 9 w
    4   m 6 w

warning: entity 14 was directed to use 2 halite to move west, but only 0 halite was available
At command 5 of 7:
    3   m 9 w
    4   m 6 w
>>> 5   m 14 w
    6   m 5 o
    7   m 13 s


Turn 140
================================================================
warning: entity 14 was directed to use 7 halite to move east, but only 5 halite was available
At command 5 of 7:
    3   m 9 o
    4   m 6 e
>>> 5   m 14 e
    6   m 5 e
    7   m 13 s


Turn 142
================================================================
warning: entity 1 was directed to use 9 halite to move north, but only 7 halite was available
At command 2 of 6:
    1   m 9 s
>>> 2   m 1 n
    3   m 14 w
    4   m 6 e


Turn 144
================================================================
warning: entity 14 was directed to use 4 halite to move east, but only 3 halite was available
At command 6 of 7:
    4   m 13 s
    5   m 11 n
>>> 6   m 14 e
    7   m 6 w


Turn 147
================================================================
warning: entity 5 was directed to use 6 halite to move north, but only 0 halite was available
At command 6 of 7:
    4   m 9 w
    5   m 1 n
>>> 6   m 5 n
    7   m 13 o


Turn 157
================================================================
warning: entity 1 was directed to use 4 halite to move south, but only 3 halite was available
At command 3 of 6:
    1   m 13 n
    2   m 5 o
>>> 3   m 1 s
    4   m 9 o
    5   m 3 o


Turn 161
================================================================
warning: entity 11 was directed to use 1 halite to move south, but only 0 halite was available
At command 5 of 7:
    3   m 13 e
    4   m 3 n
>>> 5   m 11 s
    6   m 9 n
    7   m 1 s


Turn 165
================================================================
warning: entity 5 was directed to use 8 halite to move west, but only 2 halite was available
At command 6 of 7:
    4   m 17 w
    5   m 13 o
>>> 6   m 5 w
    7   m 3 n


Turn 166
================================================================
warning: entity 3 was directed to use 1 halite to move west, but only 0 halite was available
At command 8 of 8:
    6   m 6 o
    7   m 17 n
>>> 8   m 3 w


Turn 167
================================================================
warning: entity 11 was directed to use 7 halite to move south, but only 3 halite was available
At command 5 of 7:
    3   m 5 e
    4   m 13 s
>>> 5   m 11 s
    6   m 1 w
    7   m 17 s

warning: entity 17 was directed to use 2 halite to move south, but only 0 halite was available
At command 7 of 7:
    5   m 11 s
    6   m 1 w
>>> 7   m 17 s


Turn 168
================================================================
warning: entity 3 was directed to use 6 halite to move west, but only 3 halite was available
At command 4 of 8:
    2   m 14 e
    3   m 17 e
>>> 4   m 3 w
    5   m 5 e
    6   m 13 s

warning: entity 1 was directed to use 3 halite to move north, but only 0 halite was available
At command 8 of 8:
    6   m 13 s
    7   m 6 e
>>> 8   m 1 n


Turn 172
================================================================
warning: entity 1 was directed to use 5 halite to move west, but only 4 halite was available
At command 7 of 8:
    5   m 6 e
    6   m 9 n
>>> 7   m 1 w
    8   m 13 w


Turn 173
================================================================
warning: entity 17 was directed to use 1 halite to move south, but only 0 halite was available
At command 4 of 8:
    2   m 5 n
    3   m 1 n
>>> 4   m 17 s
    5   m 6 w
    6   m 14 n


Turn 174
================================================================
warning: entity 11 was directed to use 5 halite to move west, but only 1 halite was available
At command 9 of 9:
    7   m 13 n
    8   m 14 n
>>> 9   m 11 w


Turn 178
================================================================
warning: entity 11 was directed to use 4 halite to move west, but only 3 halite was available
At command 5 of 7:
    3   m 13 o
    4   m 14 n
>>> 5   m 11 w
    6   m 5 s
    7   m 6 s


Turn 181
================================================================
warning: entity 14 was directed to use 1 halite to move west, but only 0 halite was available
At command 2 of 9:
    1   m 3 w
>>> 2   m 14 w
    3   m 17 w
    4   m 13 s


Turn 183
================================================================
warning: entity 11 was directed to use 3 halite to move north, but only 1 halite was available
At command 5 of 9:
    3   m 3 w
    4   m 14 e
>>> 5   m 11 n
    6   m 5 s
    7   m 6 o

warning: entity 5 was directed to use 7 halite to move south, but only 6 halite was available
At command 6 of 9:
    4   m 14 e
    5   m 11 n
>>> 6   m 5 s
    7   m 6 o
    8   m 9 w


Turn 185
================================================================
warning: entity 11 was directed to use 9 halite to move south, but only 8 halite was available
At command 2 of 8:
    1   m 13 e
>>> 2   m 11 s
    3   m 6 w
    4   m 5 o

warning: entity 18 was directed to use 7 halite to move north, but only 1 halite was available
At command 6 of 8:
    4   m 5 o
    5   m 17 n
>>> 6   m 18 n
    7   m 9 w
    8   m 14 s


Turn 186
================================================================
warning: entity 14 was directed to use 1 halite to move west, but only 0 halite was available
At command 4 of 8:
    2   m 5 o
    3   m 18 n
>>> 4   m 14 w
    5   m 6 w
    6   m 13 w

warning: entity 9 was directed to use 5 halite to move south, but only 0 halite was available
At command 8 of 8:
    6   m 13 w
    7   m 17 n
>>> 8   m 9 s


Turn 189
================================================================
warning: entity 18 was directed to use 9 halite to move north, but only 6 halite was available
At command 8 of 8:
    6   m 9 e
    7   m 5 n
>>> 8   m 18 n


Turn 194
================================================================
warning: entity 9 was directed to use 9 halite to move south, but only 0 halite was available
At command 6 of 9:
    4   m 14 e
    5   m 13 n
>>> 6   m 9 s
    7   m 5 e
    8   m 17 s


Turn 199
================================================================
warning: entity 11 was directed to use 8 halite to move east, but only 5 halite was available
At command 4 of 8:
    2   m 18 e
    3   m 13 w
>>> 4   m 11 e
    5   m 1 s
    6   m 9 s


Turn 203
================================================================
warning: entity 11 was directed to use 7 halite to move east, but only 5 halite was available
At command 5 of 7:
    3   m 1 s
    4   m 9 n
>>> 5   m 11 e
    6   m 18 s
    7   m 6 n


Turn 206
================================================================
warning: entity 18 was directed to use 5 halite to move north, but only 0 halite was available
At command 8 of 8:
    6   m 11 e
    7   m 3 n
>>> 8   m 18 n


Turn 207
================================================================
warning: entity 11 was directed to use 8 halite to move east, but only 2 halite was available
At command 10 of 10:
    8   m 9 n
    9   m 17 e
>>> 10   m 11 e


Turn 210
================================================================
warning: entity 1 was directed to use 3 halite to move north, but only 0 halite was available
At command 7 of 8:
    5   m 6 e
    6   m 13 e
>>> 7   m 1 n
    8   m 18 n

warning: entity 18 was directed to use 5 halite to move north, but only 2 halite was available
At command 8 of 8:
    6   m 13 e
    7   m 1 n
>>> 8   m 18 n


Turn 212
================================================================
warning: entity 6 was directed to use 1 halite to move south, but only 0 halite was available
At command 8 of 9:
    6   m 9 s
    7   m 18 n
>>> 8   m 6 s
    9   g


Turn 214
================================================================
warning: entity 6 was directed to use 5 halite to move south, but only 4 halite was available
At command 3 of 9:
    1   m 13 w
    2   m 3 e
>>> 3   m 6 s
    4   m 5 w
    5   m 11 e

warning: entity 18 was directed to use 7 halite to move south, but only 1 halite was available
At command 7 of 9:
    5   m 11 e
    6   m 1 s
>>> 7   m 18 s
    8   m 9 s
    9   m 20 w


Turn 216
================================================================
warning: entity 9 was directed to use 3 halite to move south, but only 0 halite was available
At command 4 of 11:
    2   m 5 n
    3   m 3 s
>>> 4   m 9 s
    5   m 14 n
    6   m 6 w


Turn 217
================================================================
warning: entity 1 was directed to use 5 halite to move north, but only 0 halite was available
At command 11 of 11:
    9   m 18 w
    10   m 11 e
>>> 11   m 1 n


Turn 220
================================================================
warning: entity 18 was directed to use 8 halite to move east, but only 0 halite was available
At command 3 of 11:
    1   m 9 w
    2   m 6 w
>>> 3   m 18 e
    4   m 1 o
    5   m 13 w


Turn 221
================================================================
warning: entity 20 was directed to use 1 halite to move south, but only 0 halite was available
At command 8 of 12:
    6   m 6 o
    7   m 13 s
>>> 8   m 20 s
    9   m 11 w
    10   m 5 o


Turn 223
================================================================
warning: entity 18 was directed to use 9 halite to move north, but only 7 halite was available
At command 6 of 10:
    4   m 20 e
    5   m 21 s
>>> 6   m 18 n
    7   m 3 o
    8   m 1 e


Turn 224
================================================================
warning: entity 11 was directed to use 9 halite to move south, but only 1 halite was available
At command 9 of 10:
    7   m 21 o
    8   m 1 s
>>> 9   m 11 s
    10   m 17 w


Turn 227
================================================================
warning: entity 6 was directed to use 7 halite to move south, but only 6 halite was available
At command 10 of 11:
    8   m 21 o
    9   m 18 s
>>> 10   m 6 s
    11   m 5 w


Turn 228
================================================================
warning: entity 1 was directed to use 4 halite to move south, but only 0 halite was available
At command 8 of 11:
    6   m 17 s
    7   m 11 e
>>> 8   m 1 s
    9   m 20 w
    10   m 18 e

warning: entity 18 was directed to use 7 halite to move east, but only 1 halite was available
At command 10 of 11:
    8   m 1 s
    9   m 20 w
>>> 10   m 18 e
    11   m 5 n


Turn 229
================================================================
warning: entity 11 was directed to use 7 halite to move west, but only 5 halite was available
At command 10 of 13:
    8   m 9 s
    9   m 17 e
>>> 10   m 11 w
    11   m 20 n
    12   m 5 s

warning: entity 20 was directed to use 4 halite to move north, but only 1 halite was available
At command 11 of 13:
    9   m 17 e
    10   m 11 w
>>> 11   m 20 n
    12   m 5 s
    13   g


Turn 231
================================================================
warning: entity 6 was directed to use 7 halite to move north, but only 6 halite was available
At command 7 of 12:
    5   m 21 n
    6   m 20 s
>>> 7   m 6 n
    8   m 1 e
    9   m 17 w

warning: entity 1 was directed to use 6 halite to move east, but only 4 halite was available
At command 8 of 12:
    6   m 20 s
    7   m 6 n
>>> 8   m 1 e
    9   m 17 w
    10   m 18 e


Turn 232
================================================================
warning: entity 18 was directed to use 4 halite to move south, but only 2 halite was available
At command 11 of 12:
    9   m 14 w
    10   m 17 n
>>> 11   m 18 s
    12   m 5 s


Turn 233
================================================================
warning: entity 3 was directed to use 8 halite to move north, but only 0 halite was available
At command 6 of 12:
    4   m 23 n
    5   m 1 e
>>> 6   m 3 n
    7   m 11 n
    8   m 20 e

warning: entity 21 was directed to use 4 halite to move south, but only 0 halite was available
At command 10 of 12:
    8   m 20 e
    9   m 14 e
>>> 10   m 21 s
    11   m 17 s
    12   m 5 e


Turn 234
================================================================
warning: entity 11 was directed to use 6 halite to move south, but only 2 halite was available
At command 9 of 13:
    7   m 23 n
    8   m 1 s
>>> 9   m 11 s
    10   m 14 e
    11   m 20 w


Turn 235
================================================================
warning: entity 6 was directed to use 9 halite to move north, but only 3 halite was available
At command 4 of 13:
    2   m 11 e
    3   m 3 w
>>> 4   m 6 n
    5   m 9 e
    6   m 18 s

warning: entity 18 was directed to use 8 halite to move south, but only 5 halite was available
At command 6 of 13:
    4   m 6 n
    5   m 9 e
>>> 6   m 18 s
    7   m 13 n
    8   m 20 w

warning: entity 14 was directed to use 2 halite to move south, but only 0 halite was available
At command 11 of 13:
    9   m 23 w
    10   m 1 w
>>> 11   m 14 s
    12   m 17 w
    13   m 5 w


Turn 237
================================================================
warning: entity 3 was directed to use 8 halite to move north, but only 7 halite was available
At command 2 of 10:
    1   m 23 s
>>> 2   m 3 n
    3   m 18 o
    4   m 6 n

warning: entity 1 was directed to use 3 halite to move east, but only 2 halite was available
At command 9 of 10:
    7   m 13 w
    8   m 20 n
>>> 9   m 1 e
    10   m 17 w


Turn 238
================================================================
warning: entity 20 was directed to use 4 halite to move south, but only 1 halite was available
At command 9 of 10:
    7   m 23 o
    8   m 13 w
>>> 9   m 20 s
    10   m 17 n


Turn 240
================================================================
warning: entity 1 was directed to use 8 halite to move west, but only 4 halite was available
At command 4 of 11:
    2   m 17 e
    3   m 14 n
>>> 4   m 1 w
    5   m 11 e
    6   m 21 s

warning: entity 23 was directed to use 6 halite to move west, but only 4 halite was available
At command 7 of 11:
    5   m 11 e
    6   m 21 s
>>> 7   m 23 w
    8   m 20 s
    9   m 3 o


Turn 241
================================================================
warning: entity 6 was directed to use 3 halite to move north, but only 2 halite was available
At command 10 of 10:
    8   m 14 n
    9   m 21 s
>>> 10   m 6 n


Turn 245
================================================================
warning: entity 6 was directed to use 7 halite to move east, but only 3 halite was available
At command 8 of 9:
    6   m 20 s
    7   m 13 s
>>> 8   m 6 e
    9   m 23 w


Turn 246
================================================================
warning: entity 20 was directed to use 3 halite to move north, but only 0 halite was available
At command 4 of 10:
    2   m 9 e
    3   m 6 e
>>> 4   m 20 n
    5   m 21 s
    6   m 3 n

warning: entity 1 was directed to use 3 halite to move west, but only 1 halite was available
At command 8 of 10:
    6   m 3 n
    7   m 18 n
>>> 8   m 1 w
    9   m 13 w
    10   m 23 e

warning: entity 23 was directed to use 6 halite to move east, but only 1 halite was available
At command 10 of 10:
    8   m 1 w
    9   m 13 w
>>> 10   m 23 e


Turn 248
================================================================
warning: entity 3 was directed to use 8 halite to move west, but only 3 halite was available
At command 1 of 11:
>>> 1   m 3 w
    2   m 23 e
    3   m 14 e


Turn 249
================================================================
warning: entity 23 was directed to use 5 halite to move south, but only 4 halite was available
At command 6 of 13:
    4   m 21 w
    5   m 6 e
>>> 6   m 23 s
    7   m 17 s
    8   m 14 s


Turn 257
================================================================
warning: entity 23 was directed to use 8 halite to move east, but only 3 halite was available
At command 10 of 13:
    8   m 21 n
    9   m 5 s
>>> 10   m 23 e
    11   m 14 e
    12   m 3 s


Turn 259
================================================================
warning: entity 20 was directed to use 3 halite to move east, but only 0 halite was available
At command 4 of 12:
    2   m 9 n
    3   m 6 e
>>> 4   m 20 e
    5   m 1 s
    6   m 23 o


Turn 265
================================================================
warning: entity 20 was directed to use 2 halite to move south, but only 1 halite was available
At command 9 of 10:
    7   m 13 w
    8   m 21 e
>>> 9   m 20 s
    10   m 23 n


Turn 266
================================================================
warning: entity 5 was directed to use 3 halite to move west, but only 0 halite was available
At command 8 of 10:
    6   m 1 w
    7   m 18 w
>>> 8   m 5 w
    9   m 23 e
    10   m 13 s

warning: entity 23 was directed to use 8 halite to move east, but only 2 halite was available
At command 9 of 10:
    7   m 18 w
    8   m 5 w
>>> 9   m 23 e
    10   m 13 s


Turn 268
================================================================
warning: entity 5 was directed to use 8 halite to move east, but only 7 halite was available
At command 6 of 12:
    4   m 21 e
    5   m 6 n
>>> 6   m 5 e
    7   m 20 e
    8   m 25 s


Turn 270
================================================================
warning: entity 25 was directed to use 6 halite to move east, but only 0 halite was available
At command 5 of 11:
    3   m 1 w
    4   m 6 e
>>> 5   m 25 e
    6   m 5 w
    7   m 9 w


Turn 275
================================================================
warning: entity 9 was directed to use 3 halite to move north, but only 2 halite was available
At command 8 of 12:
    6   m 14 e
    7   m 5 w
>>> 8   m 9 n
    9   m 11 e
    10   m 20 e

warning: entity 20 was directed to use 4 halite to move east, but only 0 halite was available
At command 10 of 12:
    8   m 9 n
    9   m 11 e
>>> 10   m 20 e
    11   m 1 n
    12   m 17 n


Turn 276
================================================================
warning: entity 1 was directed to use 6 halite to move south, but only 4 halite was available
At command 13 of 13:
    11   m 11 s
    12   m 17 e
>>> 13   m 1 s


Turn 279
================================================================
warning: entity 9 was directed to use 4 halite to move north, but only 2 halite was available
At command 10 of 13:
    8   m 21 n
    9   m 11 e
>>> 10   m 9 n
    11   m 14 n
    12   m 18 s


Turn 282
================================================================
warning: entity 9 was directed to use 9 halite to move east, but only 7 halite was available
At command 7 of 11:
    5   m 23 w
    6   m 18 w
>>> 7   m 9 e
    8   m 20 n
    9   m 5 n


Turn 284
================================================================
warning: entity 17 was directed to use 3 halite to move east, but only 0 halite was available
At command 1 of 11:
>>> 1   m 17 e
    2   m 20 s
    3   m 13 e

warning: entity 18 was directed to use 6 halite to move north, but only 4 halite was available
At command 10 of 11:
    8   m 21 e
    9   m 23 s
>>> 10   m 18 n
    11   m 5 e


Turn 285
================================================================
warning: entity 20 was directed to use 2 halite to move west, but only 0 halite was available
At command 6 of 12:
    4   m 18 w
    5   m 25 n
>>> 6   m 20 w
    7   m 23 n
    8   m 13 e


Turn 288
================================================================
warning: entity 18 was directed to use 5 halite to move north, but only 3 halite was available
At command 6 of 14:
    4   m 17 n
    5   m 14 e
>>> 6   m 18 n
    7   m 3 n
    8   m 6 e

warning: entity 13 was directed to use 1 halite to move west, but only 0 halite was available
At command 9 of 14:
    7   m 3 n
    8   m 6 e
>>> 9   m 13 w
    10   m 25 e
    11   m 9 n


Turn 289
================================================================
warning: entity 17 was directed to use 4 halite to move west, but only 3 halite was available
At command 7 of 12:
    5   m 20 o
    6   m 14 o
>>> 7   m 17 w
    8   m 3 n
    9   m 6 w


Turn 292
================================================================
warning: entity 5 was directed to use 3 halite to move north, but only 2 halite was available
At command 1 of 13:
>>> 1   m 5 n
    2   m 18 e
    3   m 21 e

warning: entity 18 was directed to use 5 halite to move east, but only 2 halite was available
At command 2 of 13:
    1   m 5 n
>>> 2   m 18 e
    3   m 21 e
    4   m 25 s


Turn 294
================================================================
warning: entity 17 was directed to use 3 halite to move west, but only 0 halite was available
At command 12 of 13:
    10   m 25 e
    11   m 20 n
>>> 12   m 17 w
    13   g


Turn 295
================================================================
warning: entity 21 was directed to use 5 halite to move west, but only 0 halite was available
At command 6 of 13:
    4   m 14 o
    5   m 6 w
>>> 6   m 21 w
    7   m 5 o
    8   m 13 s


Turn 296
================================================================
warning: entity 18 was directed to use 8 halite to move east, but only 0 halite was available
At command 9 of 12:
    7   m 6 e
    8   m 17 w
>>> 9   m 18 e
    10   m 13 n
    11   m 25 w

warning: entity 25 was directed to use 2 halite to move west, but only 0 halite was available
At command 11 of 12:
    9   m 18 e
    10   m 13 n
>>> 11   m 25 w
    12   m 20 o


Turn 298
================================================================
warning: entity 17 was directed to use 9 halite to move west, but only 0 halite was available
At command 6 of 13:
    4   m 25 n
    5   m 20 n
>>> 6   m 17 w
    7   m 18 w
    8   m 5 n


Turn 299
================================================================
warning: entity 5 was directed to use 5 halite to move north, but only 1 halite was available
At command 12 of 14:
    10   m 20 e
    11   m 13 o
>>> 12   m 5 n
    13   m 21 n
    14   m 6 n

warning: entity 21 was directed to use 7 halite to move north, but only 0 halite was available
At command 13 of 14:
    11   m 13 o
    12   m 5 n
>>> 13   m 21 n
    14   m 6 n


Turn 301
================================================================
warning: entity 18 was directed to use 4 halite to move east, but only 1 halite was available
At command 12 of 14:
    10   m 28 w
    11   m 3 n
>>> 12   m 18 e
    13   m 11 e
    14   m 6 n


Turn 303
================================================================
warning: entity 17 was directed to use 4 halite to move west, but only 0 halite was available
At command 5 of 12:
    3   m 25 o
    4   m 3 s
>>> 5   m 17 w
    6   m 13 o
    7   m 21 e


Turn 304
================================================================
warning: entity 18 was directed to use 6 halite to move north, but only 0 halite was available
At command 7 of 13:
    5   m 20 s
    6   m 1 e
>>> 7   m 18 n
    8   m 9 e
    9   m 3 w

warning: entity 3 was directed to use 1 halite to move west, but only 0 halite was available
At command 9 of 13:
    7   m 18 n
    8   m 9 e
>>> 9   m 3 w
    10   m 21 n
    11   m 6 n


Turn 306
================================================================
warning: entity 17 was directed to use 6 halite to move north, but only 1 halite was available
At command 11 of 13:
    9   m 9 n
    10   m 5 o
>>> 11   m 17 n
    12   m 6 e
    13   m 13 s


Turn 307
================================================================
warning: entity 14 was directed to use 1 halite to move south, but only 0 halite was available
At command 7 of 14:
    5   m 1 e
    6   m 3 n
>>> 7   m 14 s
    8   m 28 n
    9   m 21 e


Turn 308
================================================================
warning: entity 9 was directed to use 7 halite to move west, but only 2 halite was available
At command 9 of 14:
    7   m 3 e
    8   m 17 e
>>> 9   m 9 w
    10   m 1 e
    11   m 28 n


Turn 310
================================================================
warning: entity 28 was directed to use 2 halite to move west, but only 1 halite was available
At command 11 of 13:
    9   m 14 s
    10   m 6 s
>>> 11   m 28 w
    12   m 17 s
    13   m 21 w

warning: entity 17 was directed to use 8 halite to move south, but only 2 halite was available
At command 12 of 13:
    10   m 6 s
    11   m 28 w
>>> 12   m 17 s
    13   m 21 w

warning: entity 21 was directed to use 7 halite to move west, but only 5 halite was available
At command 13 of 13:
    11   m 28 w
    12   m 17 s
>>> 13   m 21 w


Turn 311
================================================================
warning: entity 9 was directed to use 7 halite to move east, but only 6 halite was available
At command 11 of 14:
    9   m 3 n
    10   m 25 w
>>> 11   m 9 e
    12   m 13 n
    13   m 14 e


Turn 313
================================================================
warning: entity 18 was directed to use 6 halite to move south, but only 5 halite was available
At command 5 of 13:
    3   m 25 w
    4   m 6 n
>>> 5   m 18 s
    6   m 21 e
    7   m 9 n


Turn 314
================================================================
warning: entity 21 was directed to use 8 halite to move north, but only 3 halite was available
At command 8 of 12:
    6   m 25 w
    7   m 6 w
>>> 8   m 21 n
    9   m 9 e
    10   m 14 e


Turn 315
================================================================
warning: entity 28 was directed to use 3 halite to move south, but only 1 halite was available
At command 10 of 12:
    8   m 3 w
    9   m 25 o
>>> 10   m 28 s
    11   m 14 w
    12   m 13 n


Turn 320
================================================================
warning: entity 3 was directed to use 1 halite to move north, but only 0 halite was available
At command 7 of 12:
    5   m 11 w
    6   m 28 s
>>> 7   m 3 n
    8   m 14 n
    9   m 6 s

warning: entity 13 was directed to use 3 halite to move east, but only 0 halite was available
At command 12 of 12:
    10   m 21 n
    11   m 20 s
>>> 12   m 13 e


Turn 322
================================================================
warning: entity 20 was directed to use 9 halite to move east, but only 5 halite was available
At command 4 of 12:
    2   m 25 w
    3   m 6 w
>>> 4   m 20 e
    5   m 3 s
    6   m 17 n

warning: entity 3 was directed to use 7 halite to move south, but only 4 halite was available
At command 5 of 12:
    3   m 6 w
    4   m 20 e
>>> 5   m 3 s
    6   m 17 n
    7   m 13 e

warning: entity 28 was directed to use 2 halite to move north, but only 0 halite was available
At command 11 of 12:
    9   m 5 s
    10   m 11 n
>>> 11   m 28 n
    12   m 14 s


Turn 324
================================================================
warning: entity 28 was directed to use 5 halite to move east, but only 4 halite was available
At command 8 of 12:
    6   m 20 n
    7   m 3 o
>>> 8   m 28 e
    9   m 13 w
    10   m 5 n


Turn 325
================================================================
warning: entity 13 was directed to use 4 halite to move west, but only 3 halite was available
At command 6 of 13:
    4   m 6 s
    5   m 18 e
>>> 6   m 13 w
    7   m 14 n
    8   m 11 n


Turn 327
================================================================
warning: entity 18 was directed to use 8 halite to move south, but only 5 halite was available
At command 2 of 10:
    1   m 20 s
>>> 2   m 18 s
    3   m 14 w
    4   m 13 w

warning: entity 5 was directed to use 4 halite to move east, but only 0 halite was available
At command 10 of 10:
    8   m 28 e
    9   m 11 s
>>> 10   m 5 e


Turn 328
================================================================
warning: entity 20 was directed to use 8 halite to move west, but only 1 halite was available
At command 6 of 11:
    4   m 1 e
    5   m 5 n
>>> 6   m 20 w
    7   m 14 o
    8   m 13 w


Turn 329
================================================================
warning: entity 5 was directed to use 8 halite to move west, but only 7 halite was available
At command 8 of 12:
    6   m 17 s
    7   m 1 s
>>> 8   m 5 w
    9   m 13 n
    10   m 25 s


Turn 330
================================================================
warning: entity 11 was directed to use 1 halite to move west, but only 0 halite was available
At command 12 of 12:
    10   m 1 e
    11   m 28 w
>>> 12   m 11 w


Turn 331
================================================================
warning: entity 18 was directed to use 9 halite to move south, but only 5 halite was available
At command 3 of 12:
    1   m 6 w
    2   m 11 s
>>> 3   m 18 s
    4   m 3 w
    5   m 21 w


Turn 333
================================================================
warning: entity 20 was directed to use 8 halite to move east, but only 2 halite was available
At command 10 of 12:
    8   m 6 n
    9   m 3 s
>>> 10   m 20 e
    11   m 21 w
    12   m 1 e

warning: entity 1 was directed to use 1 halite to move east, but only 0 halite was available
At command 12 of 12:
    10   m 20 e
    11   m 21 w
>>> 12   m 1 e


Turn 334
================================================================
warning: entity 28 was directed to use 2 halite to move west, but only 1 halite was available
At command 10 of 13:
    8   m 11 n
    9   m 14 e
>>> 10   m 28 w
    11   m 6 n
    12   m 3 s


Turn 335
================================================================
warning: entity 13 was directed to use 2 halite to move west, but only 0 halite was available
At command 10 of 13:
    8   m 11 s
    9   m 1 e
>>> 10   m 13 w
    11   m 14 n
    12   m 6 n


Turn 337
================================================================
warning: entity 20 was directed to use 5 halite to move south, but only 2 halite was available
At command 10 of 13:
    8   m 9 w
    9   m 3 s
>>> 10   m 20 s
    11   m 11 n
    12   m 1 e


Turn 338
================================================================
warning: entity 1 was directed to use 3 halite to move south, but only 0 halite was available
At command 4 of 13:
    2   m 6 n
    3   m 3 n
>>> 4   m 1 s
    5   m 18 e
    6   m 17 e

warning: entity 28 was directed to use 3 halite to move north, but only 1 halite was available
At command 8 of 13:
    6   m 17 e
    7   m 13 w
>>> 8   m 28 n
    9   m 21 s
    10   m 5 s

warning: entity 11 was directed to use 1 halite to move west, but only 0 halite was available
At command 12 of 13:
    10   m 5 s
    11   m 9 w
>>> 12   m 11 w
    13   m 14 s


Turn 339
================================================================
warning: entity 14 was directed to use 2 halite to move south, but only 0 halite was available
At command 4 of 13:
    2   m 28 s
    3   m 11 e
>>> 4   m 14 s
    5   m 20 n
    6   m 6 n


Turn 340
================================================================
warning: entity 20 was directed to use 9 halite to move south, but only 7 halite was available
At command 8 of 12:
    6   m 28 s
    7   m 11 w
>>> 8   m 20 s
    9   m 6 w
    10   m 3 n


Turn 341
================================================================
warning: entity 28 was directed to use 8 halite to move east, but only 0 halite was available
At command 4 of 11:
    2   m 17 e
    3   m 21 s
>>> 4   m 28 e
    5   m 6 o
    6   m 13 w


Turn 343
================================================================
warning: entity 3 was directed to use 9 halite to move south, but only 8 halite was available
At command 11 of 11:
    9   m 9 e
    10   m 5 n
>>> 11   m 3 s


Turn 344
================================================================
warning: entity 14 was directed to use 4 halite to move north, but only 0 halite was available
At command 7 of 12:
    5   m 6 o
    6   m 1 o
>>> 7   m 14 n
    8   m 21 e
    9   m 28 w


Turn 346
================================================================
warning: entity 28 was directed to use 2 halite to move north, but only 0 halite was available
At command 11 of 11:
    9   m 21 e
    10   m 3 w
>>> 11   m 28 n


Turn 349
================================================================
warning: entity 28 was directed to use 4 halite to move west, but only 1 halite was available
At command 7 of 13:
    5   m 20 w
    6   m 1 s
>>> 7   m 28 w
    8   m 14 w
    9   m 25 w


Turn 350
================================================================
warning: entity 6 was directed to use 5 halite to move west, but only 3 halite was available
At command 3 of 12:
    1   m 28 e
    2   m 13 n
>>> 3   m 6 w
    4   m 25 s
    5   m 1 e

warning: entity 11 was directed to use 3 halite to move east, but only 2 halite was available
At command 10 of 12:
    8   m 20 s
    9   m 14 o
>>> 10   m 11 e
    11   m 21 e
    12   m 17 s


Turn 351
================================================================
warning: entity 21 was directed to use 2 halite to move west, but only 0 halite was available
At command 12 of 13:
    10   m 9 o
    11   m 20 s
>>> 12   m 21 w
    13   m 17 s


Turn 352
================================================================
warning: entity 14 was directed to use 5 halite to move west, but only 3 halite was available
At command 9 of 14:
    7   m 25 e
    8   m 6 s
>>> 9   m 14 w
    10   m 11 s
    11   m 28 s


Turn 353
================================================================
warning: entity 6 was directed to use 9 halite to move north, but only 8 halite was available
At command 11 of 13:
    9   m 20 n
    10   m 25 n
>>> 11   m 6 n
    12   m 11 e
    13   m 28 e

warning: entity 11 was directed to use 9 halite to move east, but only 3 halite was available
At command 12 of 13:
    10   m 25 n
    11   m 6 n
>>> 12   m 11 e
    13   m 28 e

warning: entity 28 was directed to use 4 halite to move east, but only 1 halite was available
At command 13 of 13:
    11   m 6 n
    12   m 11 e
>>> 13   m 28 e


Turn 355
================================================================
warning: entity 3 was directed to use 7 halite to move west, but only 0 halite was available
At command 9 of 13:
    7   m 28 n
    8   m 1 o
>>> 9   m 3 w
    10   m 14 n
    11   m 13 e


Turn 356
================================================================
warning: entity 21 was directed to use 2 halite to move north, but only 1 halite was available
At command 11 of 14:
    9   m 9 o
    10   m 11 w
>>> 11   m 21 n
    12   m 28 w
    13   m 20 n


Turn 358
================================================================
warning: entity 11 was directed to use 6 halite to move north, but only 4 halite was available
At command 8 of 12:
    6   m 9 n
    7   m 13 o
>>> 8   m 11 n
    9   m 25 w
    10   m 6 s

warning: entity 28 was directed to use 4 halite to move east, but only 1 halite was available
At command 11 of 12:
    9   m 25 w
    10   m 6 s
>>> 11   m 28 e
    12   m 5 n


Turn 359
================================================================
warning: entity 3 was directed to use 8 halite to move south, but only 1 halite was available
At command 7 of 13:
    5   m 28 e
    6   m 6 w
>>> 7   m 3 s
    8   m 17 s
    9   m 21 s


Turn 362
================================================================
warning: entity 28 was directed to use 3 halite to move north, but only 1 halite was available
At command 10 of 14:
    8   m 9 s
    9   m 11 n
>>> 10   m 28 n
    11   m 6 w
    12   m 17 s


Turn 363
================================================================
warning: entity 21 was directed to use 1 halite to move north, but only 0 halite was available
At command 3 of 12:
    1   m 28 e
    2   m 13 w
>>> 3   m 21 n
    4   m 9 o
    5   m 18 w

warning: entity 11 was directed to use 2 halite to move east, but only 0 halite was available
At command 9 of 12:
    7   m 17 w
    8   m 14 e
>>> 9   m 11 e
    10   m 6 s
    11   m 20 s


Turn 364
================================================================
warning: entity 6 was directed to use 9 halite to move west, but only 3 halite was available
At command 5 of 13:
    3   m 9 w
    4   m 11 n
>>> 5   m 6 w
    6   m 3 o
    7   m 13 o


Turn 366
================================================================
warning: entity 17 was directed to use 1 halite to move south, but only 0 halite was available
At command 8 of 14:
    6   m 6 s
    7   m 9 s
>>> 8   m 17 s
    9   m 13 o
    10   m 25 e


Turn 367
================================================================
warning: entity 14 was directed to use 8 halite to move east, but only 6 halite was available
At command 10 of 13:
    8   m 25 e
    9   m 9 n
>>> 10   m 14 e
    11   m 28 s
    12   m 20 n

warning: entity 28 was directed to use 2 halite to move south, but only 0 halite was available
At command 11 of 13:
    9   m 9 n
    10   m 14 e
>>> 11   m 28 s
    12   m 20 n
    13   m 5 w


Turn 368
================================================================
warning: entity 11 was directed to use 2 halite to move west, but only 1 halite was available
At command 4 of 12:
    2   m 14 e
    3   m 28 n
>>> 4   m 11 w
    5   m 18 w
    6   m 3 e

warning: entity 17 was directed to use 5 halite to move south, but only 3 halite was available
At command 8 of 12:
    6   m 3 e
    7   m 5 n
>>> 8   m 17 s
    9   m 21 e
    10   m 9 n

warning: entity 21 was directed to use 3 halite to move east, but only 0 halite was available
At command 9 of 12:
    7   m 5 n
    8   m 17 s
>>> 9   m 21 e
    10   m 9 n
    11   m 25 e


Turn 369
================================================================
warning: entity 3 was directed to use 4 halite to move north, but only 0 halite was available
At command 6 of 12:
    4   m 14 s
    5   m 18 w
>>> 6   m 3 n
    7   m 9 s
    8   m 13 e

warning: entity 13 was directed to use 1 halite to move east, but only 0 halite was available
At command 8 of 12:
    6   m 3 n
    7   m 9 s
>>> 8   m 13 e
    9   m 28 w
    10   m 25 s


Turn 370
================================================================
warning: entity 28 was directed to use 4 halite to move west, but only 2 halite was available
At command 5 of 13:
    3   m 3 s
    4   m 13 s
>>> 5   m 28 w
    6   m 18 w
    7   m 11 e


Turn 372
================================================================
warning: entity 14 was directed to use 9 halite to move west, but only 3 halite was available
At command 4 of 11:
    2   m 28 w
    3   m 17 n
>>> 4   m 14 w
    5   m 21 s
    6   m 25 e

warning: entity 3 was directed to use 7 halite to move east, but only 3 halite was available
At command 7 of 11:
    5   m 21 s
    6   m 25 e
>>> 7   m 3 e
    8   m 11 e
    9   m 9 e

warning: entity 11 was directed to use 5 halite to move east, but only 3 halite was available
At command 8 of 11:
    6   m 25 e
    7   m 3 e
>>> 8   m 11 e
    9   m 9 e
    10   m 5 e


Turn 373
================================================================
warning: entity 28 was directed to use 5 halite to move west, but only 4 halite was available
At command 8 of 11:
    6   m 25 s
    7   m 13 e
>>> 8   m 28 w
    9   m 17 o
    10   m 9 w


Turn 374
================================================================
warning: entity 13 was directed to use 1 halite to move south, but only 0 halite was available
At command 5 of 12:
    3   m 17 n
    4   m 5 s
>>> 5   m 13 s
    6   m 18 e
    7   m 14 o


Turn 375
================================================================
warning: entity 3 was directed to use 9 halite to move east, but only 8 halite was available
At command 7 of 13:
    5   m 25 s
    6   m 21 w
>>> 7   m 3 e
    8   m 28 e
    9   m 17 n


Turn 378
================================================================
warning: entity 13 was directed to use 5 halite to move south, but only 1 halite was available
At command 2 of 11:
    1   m 11 s
>>> 2   m 13 s
    3   m 6 w
    4   m 21 n


Turn 379
================================================================
warning: entity 28 was directed to use 6 halite to move north, but only 2 halite was available
At command 5 of 12:
    3   m 5 n
    4   m 11 n
>>> 5   m 28 n
    6   m 6 e
    7   m 21 s


Turn 380
================================================================
warning: entity 17 was directed to use 8 halite to move south, but only 7 halite was available
At command 7 of 11:
    5   m 18 n
    6   m 21 n
>>> 7   m 17 s
    8   m 25 n
    9   m 14 w


Turn 381
================================================================
warning: entity 13 was directed to use 9 halite to move east, but only 7 halite was available
At command 8 of 13:
    6   m 18 w
    7   m 28 e
>>> 8   m 13 e
    9   m 21 e
    10   m 14 e

warning: entity 21 was directed to use 1 halite to move east, but only 0 halite was available
At command 9 of 13:
    7   m 28 e
    8   m 13 e
>>> 9   m 21 e
    10   m 14 e
    11   m 25 s


Turn 382
================================================================
warning: entity 11 was directed to use 6 halite to move west, but only 1 halite was available
At command 7 of 11:
    5   m 3 w
    6   m 17 n
>>> 7   m 11 w
    8   m 14 n
    9   m 25 n


Turn 383
================================================================
warning: entity 9 was directed to use 1 halite to move east, but only 0 halite was available
At command 11 of 12:
    9   m 17 w
    10   m 25 w
>>> 11   m 9 e
    12   m 20 n


Turn 384
================================================================
warning: entity 25 was directed to use 2 halite to move north, but only 0 halite was available
At command 10 of 11:
    8   m 11 w
    9   m 17 n
>>> 10   m 25 n
    11   m 20 e


Turn 385
================================================================
warning: entity 28 was directed to use 6 halite to move north, but only 0 halite was available
At command 7 of 12:
    5   m 11 n
    6   m 13 w
>>> 7   m 28 n
    8   m 17 s
    9   m 21 e

warning: entity 17 was directed to use 7 halite to move south, but only 3 halite was available
At command 8 of 12:
    6   m 13 w
    7   m 28 n
>>> 8   m 17 s
    9   m 21 e
    10   m 9 w


Turn 387
================================================================
warning: entity 25 was directed to use 5 halite to move west, but only 0 halite was available
At command 6 of 11:
    4   m 17 w
    5   m 9 s
>>> 6   m 25 w
    7   m 18 w
    8   m 11 n


Turn 388
================================================================
warning: entity 11 was directed to use 5 halite to move west, but only 3 halite was available
At command 7 of 9:
    5   m 28 s
    6   m 18 w
>>> 7   m 11 w
    8   m 14 e
    9   m 20 e


Turn 390
================================================================
warning: entity 9 was directed to use 2 halite to move east, but only 0 halite was available
At command 6 of 13:
    4   m 13 w
    5   m 18 s
>>> 6   m 9 e
    7   m 28 w
    8   m 25 s


Turn 391
================================================================
warning: entity 25 was directed to use 5 halite to move west, but only 4 halite was available
At command 8 of 11:
    6   m 17 n
    7   m 28 n
>>> 8   m 25 w
    9   m 11 w
    10   m 14 w


Turn 392
================================================================
warning: entity 20 was directed to use 3 halite to move north, but only 1 halite was available
At command 10 of 12:
    8   m 17 w
    9   m 28 w
>>> 10   m 20 n
    11   m 11 s
    12   m 14 s


Turn 393
================================================================
warning: entity 28 was directed to use 3 halite to move north, but only 1 halite was available
At command 2 of 11:
    1   m 20 e
>>> 2   m 28 n
    3   m 18 e
    4   m 25 s


Turn 395
================================================================
warning: entity 11 was directed to use 2 halite to move north, but only 1 halite was available
At command 4 of 11:
    2   m 17 e
    3   m 18 e
>>> 4   m 11 n
    5   m 20 n
    6   m 5 w

warning: entity 20 was directed to use 8 halite to move north, but only 3 halite was available
At command 5 of 11:
    3   m 18 e
    4   m 11 n
>>> 5   m 20 n
    6   m 5 w
    7   m 28 w


Turn 398
================================================================
warning: entity 11 was directed to use 5 halite to move east, but only 1 halite was available
At command 2 of 12:
    1   m 5 s
>>> 2   m 11 e
    3   m 18 w
    4   m 3 e


Turn 399
================================================================
warning: entity 9 was directed to use 1 halite to move east, but only 0 halite was available
At command 6 of 11:
    4   m 3 e
    5   m 13 w
>>> 6   m 9 e
    7   m 20 w
    8   m 25 s


Turn 400
================================================================
warning: entity 20 was directed to use 5 halite to move north, but only 1 halite was available
At command 7 of 9:
    5   m 18 w
    6   m 14 w
>>> 7   m 20 n
    8   m 25 e
    9   m 21 n

