
Turn 3
================================================================
warning: entity 1 was directed to use 5 halite to move south, but only 0 halite was available
At command 1 of 2:
>>> 1   m 1 s
    2   g


Turn 5
================================================================
warning: entity 3 was directed to use 2 halite to move north, but only 0 halite was available
At command 2 of 2:
    1   m 1 w
>>> 2   m 3 n


Turn 10
================================================================
warning: entity 7 was directed to use 3 halite to move east, but only 0 halite was available
At command 3 of 3:
    1   m 3 w
    2   m 1 n
>>> 3   m 7 e


Turn 12
================================================================
warning: entity 1 was directed to use 5 halite to move east, but only 1 halite was available
At command 2 of 3:
    1   m 3 w
>>> 2   m 1 e
    3   m 7 w


Turn 13
================================================================
warning: entity 7 was directed to use 2 halite to move east, but only 0 halite was available
At command 3 of 3:
    1   m 1 w
    2   m 3 w
>>> 3   m 7 e


Turn 18
================================================================
warning: entity 8 was directed to use 2 halite to move south, but only 0 halite was available
At command 3 of 3:
    1   m 3 w
    2   m 1 o
>>> 3   m 8 s


Turn 21
================================================================
warning: entity 8 was directed to use 4 halite to move south, but only 1 halite was available
At command 1 of 2:
>>> 1   m 8 s
    2   m 7 w


Turn 25
================================================================
warning: entity 8 was directed to use 4 halite to move east, but only 2 halite was available
At command 3 of 3:
    1   m 7 o
    2   m 5 w
>>> 3   m 8 e


Turn 33
================================================================
warning: entity 8 was directed to use 8 halite to move north, but only 4 halite was available
At command 2 of 3:
    1   m 5 s
>>> 2   m 8 n
    3   m 7 n


Turn 38
================================================================
warning: entity 8 was directed to use 8 halite to move north, but only 1 halite was available
At command 2 of 4:
    1   m 5 n
>>> 2   m 8 n
    3   m 1 s
    4   m 7 e


Turn 44
================================================================
warning: entity 1 was directed to use 1 halite to move north, but only 0 halite was available
At command 2 of 2:
    1   m 7 n
>>> 2   m 1 n


Turn 46
================================================================
warning: entity 1 was directed to use 7 halite to move east, but only 4 halite was available
At command 5 of 5:
    3   m 3 e
    4   m 5 w
>>> 5   m 1 e


Turn 52
================================================================
warning: entity 3 was directed to use 8 halite to move north, but only 0 halite was available
At command 2 of 5:
    1   m 5 s
>>> 2   m 3 n
    3   m 7 n
    4   m 1 w


Turn 54
================================================================
warning: entity 10 was directed to use 1 halite to move south, but only 0 halite was available
At command 5 of 5:
    3   m 7 s
    4   m 1 n
>>> 5   m 10 s


Turn 59
================================================================
warning: entity 5 was directed to use 1 halite to move south, but only 0 halite was available
At command 3 of 6:
    1   m 3 n
    2   m 10 o
>>> 3   m 5 s
    4   m 1 n
    5   m 7 s

warning: entity 7 was directed to use 6 halite to move south, but only 2 halite was available
At command 5 of 6:
    3   m 5 s
    4   m 1 n
>>> 5   m 7 s
    6   m 8 s


Turn 61
================================================================
warning: entity 5 was directed to use 4 halite to move north, but only 3 halite was available
At command 3 of 6:
    1   m 7 n
    2   m 10 e
>>> 3   m 5 n
    4   m 3 w
    5   m 1 e


Turn 62
================================================================
warning: entity 10 was directed to use 8 halite to move west, but only 7 halite was available
At command 3 of 6:
    1   m 5 n
    2   m 7 w
>>> 3   m 10 w
    4   m 8 n
    5   m 3 o


Turn 63
================================================================
warning: entity 7 was directed to use 3 halite to move north, but only 2 halite was available
At command 6 of 6:
    4   m 5 e
    5   m 8 n
>>> 6   m 7 n


Turn 65
================================================================
warning: entity 5 was directed to use 8 halite to move south, but only 1 halite was available
At command 5 of 6:
    3   m 7 n
    4   m 1 n
>>> 5   m 5 s
    6   m 8 s


Turn 66
================================================================
warning: entity 3 was directed to use 4 halite to move north, but only 0 halite was available
At command 3 of 6:
    1   m 5 s
    2   m 8 e
>>> 3   m 3 n
    4   m 10 e
    5   m 7 e


Turn 68
================================================================
warning: entity 7 was directed to use 5 halite to move west, but only 1 halite was available
At command 3 of 5:
    1   m 10 w
    2   m 8 n
>>> 3   m 7 w
    4   m 1 n
    5   m 5 n


Turn 70
================================================================
warning: entity 1 was directed to use 3 halite to move west, but only 0 halite was available
At command 4 of 5:
    2   m 10 e
    3   m 8 w
>>> 4   m 1 w
    5   m 5 o


Turn 75
================================================================
warning: entity 3 was directed to use 4 halite to move west, but only 0 halite was available
At command 5 of 6:
    3   m 10 w
    4   m 7 e
>>> 5   m 3 w
    6   m 5 n

warning: entity 5 was directed to use 5 halite to move north, but only 3 halite was available
At command 6 of 6:
    4   m 7 e
    5   m 3 w
>>> 6   m 5 n


Turn 76
================================================================
warning: entity 1 was directed to use 8 halite to move east, but only 2 halite was available
At command 6 of 6:
    4   m 10 s
    5   m 7 e
>>> 6   m 1 e


Turn 79
================================================================
warning: entity 3 was directed to use 5 halite to move west, but only 0 halite was available
At command 2 of 4:
    1   m 8 e
>>> 2   m 3 w
    3   m 5 s
    4   m 10 n

warning: entity 5 was directed to use 9 halite to move south, but only 8 halite was available
At command 3 of 4:
    1   m 8 e
    2   m 3 w
>>> 3   m 5 s
    4   m 10 n


Turn 82
================================================================
warning: entity 3 was directed to use 3 halite to move north, but only 2 halite was available
At command 1 of 2:
>>> 1   m 3 n
    2   m 1 e


Turn 86
================================================================
warning: entity 3 was directed to use 8 halite to move east, but only 0 halite was available
At command 1 of 4:
>>> 1   m 3 e
    2   m 8 e
    3   m 1 e


Turn 89
================================================================
warning: entity 3 was directed to use 7 halite to move west, but only 5 halite was available
At command 4 of 4:
    2   m 5 w
    3   m 1 s
>>> 4   m 3 w


Turn 93
================================================================
warning: entity 3 was directed to use 9 halite to move east, but only 6 halite was available
At command 2 of 3:
    1   m 8 n
>>> 2   m 3 e
    3   m 10 w


Turn 96
================================================================
warning: entity 8 was directed to use 3 halite to move west, but only 0 halite was available
At command 4 of 5:
    2   m 1 e
    3   m 3 n
>>> 4   m 8 w
    5   m 10 w


Turn 98
================================================================
warning: entity 8 was directed to use 9 halite to move north, but only 7 halite was available
At command 4 of 5:
    2   m 5 e
    3   m 1 w
>>> 4   m 8 n
    5   m 3 w


Turn 99
================================================================
warning: entity 3 was directed to use 6 halite to move south, but only 4 halite was available
At command 6 of 6:
    4   m 13 e
    5   m 1 n
>>> 6   m 3 s


Turn 102
================================================================
warning: entity 13 was directed to use 6 halite to move north, but only 0 halite was available
At command 4 of 6:
    2   m 3 n
    3   m 10 w
>>> 4   m 13 n
    5   m 7 w
    6   m 1 e


Turn 106
================================================================
warning: entity 13 was directed to use 2 halite to move south, but only 1 halite was available
At command 3 of 4:
    1   m 10 w
    2   m 3 w
>>> 3   m 13 s
    4   m 1 n


Turn 109
================================================================
warning: entity 13 was directed to use 1 halite to move west, but only 0 halite was available
At command 2 of 3:
    1   m 5 s
>>> 2   m 13 w
    3   m 3 n


Turn 111
================================================================
warning: entity 13 was directed to use 6 halite to move east, but only 4 halite was available
At command 3 of 6:
    1   m 8 n
    2   m 5 s
>>> 3   m 13 e
    4   m 1 w
    5   m 7 w

warning: entity 3 was directed to use 5 halite to move north, but only 0 halite was available
At command 6 of 6:
    4   m 1 w
    5   m 7 w
>>> 6   m 3 n


Turn 116
================================================================
warning: entity 13 was directed to use 5 halite to move south, but only 4 halite was available
At command 4 of 7:
    2   m 10 w
    3   m 5 n
>>> 4   m 13 s
    5   m 7 w
    6   m 1 e


Turn 119
================================================================
warning: entity 13 was directed to use 9 halite to move east, but only 7 halite was available
At command 4 of 7:
    2   m 8 w
    3   m 5 s
>>> 4   m 13 e
    5   m 1 w
    6   m 7 n


Turn 120
================================================================
warning: entity 3 was directed to use 6 halite to move east, but only 1 halite was available
At command 6 of 6:
    4   m 10 o
    5   m 1 w
>>> 6   m 3 e


Turn 122
================================================================
warning: entity 5 was directed to use 7 halite to move north, but only 0 halite was available
At command 4 of 7:
    2   m 3 w
    3   m 13 e
>>> 4   m 5 n
    5   m 8 e
    6   m 10 e


Turn 124
================================================================
warning: entity 13 was directed to use 8 halite to move north, but only 1 halite was available
At command 2 of 6:
    1   m 10 w
>>> 2   m 13 n
    3   m 5 w
    4   m 7 n


Turn 127
================================================================
warning: entity 5 was directed to use 9 halite to move south, but only 4 halite was available
At command 5 of 7:
    3   m 8 s
    4   m 3 n
>>> 5   m 5 s
    6   m 13 w
    7   m 10 w

warning: entity 13 was directed to use 8 halite to move west, but only 6 halite was available
At command 6 of 7:
    4   m 3 n
    5   m 5 s
>>> 6   m 13 w
    7   m 10 w


Turn 129
================================================================
warning: entity 8 was directed to use 4 halite to move east, but only 0 halite was available
At command 5 of 7:
    3   m 13 s
    4   m 5 n
>>> 5   m 8 e
    6   m 1 n
    7   m 10 w


Turn 131
================================================================
warning: entity 15 was directed to use 1 halite to move west, but only 0 halite was available
At command 7 of 7:
    5   m 10 e
    6   m 7 e
>>> 7   m 15 w


Turn 132
================================================================
warning: entity 13 was directed to use 9 halite to move east, but only 0 halite was available
At command 4 of 7:
    2   m 15 n
    3   m 10 n
>>> 4   m 13 e
    5   m 5 n
    6   m 3 e

warning: entity 8 was directed to use 6 halite to move east, but only 2 halite was available
At command 7 of 7:
    5   m 5 n
    6   m 3 e
>>> 7   m 8 e


Turn 134
================================================================
warning: entity 5 was directed to use 4 halite to move south, but only 1 halite was available
At command 2 of 6:
    1   m 10 s
>>> 2   m 5 s
    3   m 8 n
    4   m 7 e


Turn 135
================================================================
warning: entity 15 was directed to use 7 halite to move east, but only 0 halite was available
At command 6 of 8:
    4   m 8 e
    5   m 10 w
>>> 6   m 15 e
    7   m 7 w
    8   m 3 w


Turn 137
================================================================
warning: entity 5 was directed to use 9 halite to move south, but only 7 halite was available
At command 1 of 6:
>>> 1   m 5 s
    2   m 13 e
    3   m 15 e


Turn 141
================================================================
warning: entity 7 was directed to use 5 halite to move south, but only 0 halite was available
At command 6 of 7:
    4   m 3 s
    5   m 15 n
>>> 6   m 7 s
    7   m 10 w


Turn 146
================================================================
warning: entity 7 was directed to use 2 halite to move west, but only 1 halite was available
At command 4 of 6:
    2   m 8 w
    3   m 10 w
>>> 4   m 7 w
    5   m 15 s
    6   m 1 s


Turn 148
================================================================
warning: entity 7 was directed to use 8 halite to move west, but only 6 halite was available
At command 3 of 7:
    1   m 5 e
    2   m 3 e
>>> 3   m 7 w
    4   m 15 s
    5   m 8 n


Turn 150
================================================================
warning: entity 15 was directed to use 4 halite to move west, but only 0 halite was available
At command 1 of 6:
>>> 1   m 15 w
    2   m 7 w
    3   m 10 e


Turn 153
================================================================
warning: entity 15 was directed to use 7 halite to move north, but only 3 halite was available
At command 7 of 8:
    5   m 13 e
    6   m 8 s
>>> 7   m 15 n
    8   m 7 w


Turn 155
================================================================
warning: entity 8 was directed to use 5 halite to move south, but only 0 halite was available
At command 2 of 6:
    1   m 3 n
>>> 2   m 8 s
    3   m 7 e
    4   m 1 n


Turn 158
================================================================
warning: entity 8 was directed to use 7 halite to move south, but only 6 halite was available
At command 4 of 6:
    2   m 13 e
    3   m 5 o
>>> 4   m 8 s
    5   m 3 s
    6   m 10 s


Turn 159
================================================================
warning: entity 7 was directed to use 4 halite to move south, but only 2 halite was available
At command 1 of 6:
>>> 1   m 7 s
    2   m 13 s
    3   m 5 o


Turn 163
================================================================
warning: entity 7 was directed to use 5 halite to move north, but only 3 halite was available
At command 5 of 7:
    3   m 3 s
    4   m 1 e
>>> 5   m 7 n
    6   m 15 w
    7   m 8 n

warning: entity 8 was directed to use 5 halite to move north, but only 1 halite was available
At command 7 of 7:
    5   m 7 n
    6   m 15 w
>>> 7   m 8 n


Turn 166
================================================================
warning: entity 8 was directed to use 4 halite to move east, but only 2 halite was available
At command 7 of 7:
    5   m 15 s
    6   m 10 n
>>> 7   m 8 e


Turn 168
================================================================
warning: entity 7 was directed to use 9 halite to move west, but only 0 halite was available
At command 6 of 7:
    4   m 3 w
    5   m 1 e
>>> 6   m 7 w
    7   m 15 n


Turn 169
================================================================
warning: entity 8 was directed to use 8 halite to move east, but only 1 halite was available
At command 6 of 8:
    4   m 5 s
    5   m 13 w
>>> 6   m 8 e
    7   m 3 w
    8   m 1 w


Turn 173
================================================================
warning: entity 8 was directed to use 5 halite to move north, but only 4 halite was available
At command 6 of 7:
    4   m 13 e
    5   m 5 e
>>> 6   m 8 n
    7   m 1 e


Turn 178
================================================================
warning: entity 7 was directed to use 6 halite to move south, but only 3 halite was available
At command 5 of 8:
    3   m 5 n
    4   m 10 e
>>> 5   m 7 s
    6   m 15 e
    7   m 8 s


Turn 180
================================================================
warning: entity 8 was directed to use 3 halite to move east, but only 0 halite was available
At command 6 of 6:
    4   m 1 n
    5   m 3 s
>>> 6   m 8 e


Turn 182
================================================================
warning: entity 8 was directed to use 7 halite to move north, but only 6 halite was available
At command 6 of 7:
    4   m 13 e
    5   m 10 e
>>> 6   m 8 n
    7   m 1 w


Turn 183
================================================================
warning: entity 7 was directed to use 6 halite to move north, but only 3 halite was available
At command 5 of 6:
    3   m 13 n
    4   m 15 s
>>> 5   m 7 n
    6   m 1 n


Turn 187
================================================================
warning: entity 8 was directed to use 9 halite to move north, but only 4 halite was available
At command 4 of 8:
    2   m 7 e
    3   m 15 w
>>> 4   m 8 n
    5   m 3 w
    6   m 13 w


Turn 188
================================================================
warning: entity 7 was directed to use 6 halite to move east, but only 2 halite was available
At command 4 of 7:
    2   m 10 s
    3   m 15 n
>>> 4   m 7 e
    5   m 5 e
    6   m 13 e


Turn 192
================================================================
warning: entity 8 was directed to use 8 halite to move north, but only 1 halite was available
At command 5 of 8:
    3   m 15 w
    4   m 7 s
>>> 5   m 8 n
    6   m 13 s
    7   m 5 s


Turn 193
================================================================
warning: entity 7 was directed to use 7 halite to move west, but only 0 halite was available
At command 7 of 8:
    5   m 10 w
    6   m 15 s
>>> 7   m 7 w
    8   m 1 n


Turn 196
================================================================
warning: entity 8 was directed to use 7 halite to move north, but only 3 halite was available
At command 3 of 7:
    1   m 15 e
    2   m 7 n
>>> 3   m 8 n
    4   m 5 w
    5   m 13 w


Turn 197
================================================================
warning: entity 7 was directed to use 5 halite to move north, but only 1 halite was available
At command 6 of 8:
    4   m 13 w
    5   m 15 s
>>> 6   m 7 n
    7   m 10 e
    8   m 3 w


Turn 200
================================================================
warning: entity 7 was directed to use 8 halite to move east, but only 6 halite was available
At command 2 of 6:
    1   m 13 n
>>> 2   m 7 e
    3   m 15 w
    4   m 10 s


Turn 202
================================================================
warning: entity 10 was directed to use 7 halite to move south, but only 0 halite was available
At command 6 of 8:
    4   m 5 w
    5   m 15 e
>>> 6   m 10 s
    7   m 17 n
    8   m 1 s


Turn 203
================================================================
warning: entity 17 was directed to use 4 halite to move north, but only 0 halite was available
At command 6 of 7:
    4   m 13 n
    5   m 15 e
>>> 6   m 17 n
    7   m 1 e


Turn 207
================================================================
warning: entity 10 was directed to use 5 halite to move west, but only 4 halite was available
At command 6 of 7:
    4   m 17 w
    5   m 13 w
>>> 6   m 10 w
    7   m 3 n


Turn 211
================================================================
warning: entity 17 was directed to use 4 halite to move south, but only 0 halite was available
At command 1 of 7:
>>> 1   m 17 s
    2   m 5 n
    3   m 10 s

warning: entity 10 was directed to use 9 halite to move south, but only 4 halite was available
At command 3 of 7:
    1   m 17 s
    2   m 5 n
>>> 3   m 10 s
    4   m 3 s
    5   m 7 w


Turn 213
================================================================
warning: entity 17 was directed to use 9 halite to move west, but only 8 halite was available
At command 4 of 8:
    2   m 10 e
    3   m 8 s
>>> 4   m 17 w
    5   m 3 w
    6   m 7 s


Turn 215
================================================================
warning: entity 10 was directed to use 9 halite to move east, but only 8 halite was available
At command 1 of 6:
>>> 1   m 10 e
    2   m 17 s
    3   m 15 w


Turn 218
================================================================
warning: entity 17 was directed to use 9 halite to move west, but only 6 halite was available
At command 7 of 7:
    5   m 13 s
    6   m 15 e
>>> 7   m 17 w


Turn 224
================================================================
warning: entity 17 was directed to use 8 halite to move west, but only 5 halite was available
At command 2 of 8:
    1   m 8 n
>>> 2   m 17 w
    3   m 13 w
    4   m 10 w


Turn 228
================================================================
warning: entity 17 was directed to use 8 halite to move east, but only 6 halite was available
At command 1 of 8:
>>> 1   m 17 e
    2   m 10 n
    3   m 3 e

warning: entity 10 was directed to use 9 halite to move north, but only 5 halite was available
At command 2 of 8:
    1   m 17 e
>>> 2   m 10 n
    3   m 3 e
    4   m 7 w

warning: entity 7 was directed to use 6 halite to move west, but only 3 halite was available
At command 4 of 8:
    2   m 10 n
    3   m 3 e
>>> 4   m 7 w
    5   m 13 s
    6   m 15 s


Turn 232
================================================================
warning: entity 10 was directed to use 8 halite to move south, but only 6 halite was available
At command 6 of 8:
    4   m 17 e
    5   m 15 n
>>> 6   m 10 s
    7   m 7 o
    8   m 1 n


Turn 233
================================================================
warning: entity 17 was directed to use 4 halite to move south, but only 3 halite was available
At command 6 of 8:
    4   m 3 s
    5   m 8 o
>>> 6   m 17 s
    7   m 15 w
    8   m 1 n


Turn 237
================================================================
warning: entity 7 was directed to use 4 halite to move south, but only 3 halite was available
At command 5 of 7:
    3   m 8 e
    4   m 15 w
>>> 5   m 7 s
    6   m 3 n
    7   m 17 w


Turn 239
================================================================
warning: entity 17 was directed to use 7 halite to move north, but only 4 halite was available
At command 3 of 6:
    1   m 1 w
    2   m 7 n
>>> 3   m 17 n
    4   m 8 w
    5   m 13 n


Turn 242
================================================================
warning: entity 3 was directed to use 3 halite to move east, but only 0 halite was available
At command 5 of 5:
    3   m 13 w
    4   m 17 e
>>> 5   m 3 e


Turn 245
================================================================
warning: entity 7 was directed to use 7 halite to move east, but only 4 halite was available
At command 8 of 8:
    6   m 10 e
    7   m 15 n
>>> 8   m 7 e


Turn 246
================================================================
warning: entity 17 was directed to use 8 halite to move south, but only 6 halite was available
At command 5 of 8:
    3   m 13 s
    4   m 8 w
>>> 5   m 17 s
    6   m 1 s
    7   m 10 n


Turn 248
================================================================
warning: entity 3 was directed to use 5 halite to move west, but only 0 halite was available
At command 4 of 8:
    2   m 15 s
    3   m 7 s
>>> 4   m 3 w
    5   m 13 e
    6   m 8 e


Turn 252
================================================================
warning: entity 7 was directed to use 7 halite to move south, but only 3 halite was available
At command 4 of 7:
    2   m 17 s
    3   m 15 s
>>> 4   m 7 s
    5   m 8 e
    6   m 13 n


Turn 253
================================================================
warning: entity 13 was directed to use 8 halite to move east, but only 0 halite was available
At command 5 of 6:
    3   m 17 e
    4   m 15 e
>>> 5   m 13 e
    6   m 1 w


Turn 256
================================================================
warning: entity 7 was directed to use 4 halite to move west, but only 1 halite was available
At command 7 of 8:
    5   m 3 w
    6   m 1 w
>>> 7   m 7 w
    8   m 17 s


Turn 257
================================================================
warning: entity 3 was directed to use 3 halite to move west, but only 1 halite was available
At command 5 of 7:
    3   m 10 w
    4   m 13 s
>>> 5   m 3 w
    6   m 1 e
    7   m 17 e

warning: entity 17 was directed to use 6 halite to move east, but only 0 halite was available
At command 7 of 7:
    5   m 3 w
    6   m 1 e
>>> 7   m 17 e


Turn 259
================================================================
warning: entity 13 was directed to use 5 halite to move south, but only 3 halite was available
At command 4 of 7:
    2   m 3 s
    3   m 17 s
>>> 4   m 13 s
    5   m 7 n
    6   m 15 s


Turn 260
================================================================
warning: entity 7 was directed to use 8 halite to move north, but only 0 halite was available
At command 5 of 8:
    3   m 3 n
    4   m 17 e
>>> 5   m 7 n
    6   m 15 w
    7   m 1 s


Turn 261
================================================================
warning: entity 3 was directed to use 4 halite to move south, but only 0 halite was available
At command 5 of 8:
    3   m 15 n
    4   m 8 w
>>> 5   m 3 s
    6   m 17 w
    7   m 1 w

warning: entity 1 was directed to use 3 halite to move west, but only 0 halite was available
At command 7 of 8:
    5   m 3 s
    6   m 17 w
>>> 7   m 1 w
    8   m 19 o


Turn 262
================================================================
warning: entity 17 was directed to use 4 halite to move west, but only 1 halite was available
At command 7 of 7:
    5   m 7 n
    6   m 13 s
>>> 7   m 17 w


Turn 263
================================================================
warning: entity 7 was directed to use 9 halite to move west, but only 7 halite was available
At command 8 of 9:
    6   m 1 e
    7   m 19 n
>>> 8   m 7 w
    9   m 13 n


Turn 264
================================================================
warning: entity 13 was directed to use 4 halite to move west, but only 1 halite was available
At command 8 of 8:
    6   m 3 o
    7   m 1 w
>>> 8   m 13 w


Turn 265
================================================================
warning: entity 17 was directed to use 9 halite to move west, but only 6 halite was available
At command 8 of 9:
    6   m 7 w
    7   m 8 n
>>> 8   m 17 w
    9   m 1 n


Turn 267
================================================================
warning: entity 13 was directed to use 6 halite to move south, but only 3 halite was available
At command 3 of 8:
    1   m 17 s
    2   m 19 w
>>> 3   m 13 s
    4   m 15 n
    5   m 3 n


Turn 268
================================================================
warning: entity 19 was directed to use 1 halite to move north, but only 0 halite was available
At command 3 of 9:
    1   m 10 n
    2   m 13 e
>>> 3   m 19 n
    4   m 3 o
    5   m 15 n

warning: entity 1 was directed to use 2 halite to move east, but only 0 halite was available
At command 7 of 9:
    5   m 15 n
    6   m 17 e
>>> 7   m 1 e
    8   m 7 w
    9   m 8 n


Turn 269
================================================================
warning: entity 7 was directed to use 8 halite to move west, but only 1 halite was available
At command 8 of 9:
    6   m 15 s
    7   m 17 w
>>> 8   m 7 w
    9   m 8 n


Turn 270
================================================================
warning: entity 13 was directed to use 9 halite to move south, but only 8 halite was available
At command 3 of 8:
    1   m 7 s
    2   m 15 n
>>> 3   m 13 s
    4   m 19 n
    5   m 3 n

warning: entity 19 was directed to use 4 halite to move north, but only 3 halite was available
At command 4 of 8:
    2   m 15 n
    3   m 13 s
>>> 4   m 19 n
    5   m 3 n
    6   m 1 w

warning: entity 17 was directed to use 5 halite to move west, but only 2 halite was available
At command 7 of 8:
    5   m 3 n
    6   m 1 w
>>> 7   m 17 w
    8   m 8 n


Turn 271
================================================================
warning: entity 1 was directed to use 4 halite to move south, but only 1 halite was available
At command 9 of 9:
    7   m 15 e
    8   m 3 s
>>> 9   m 1 s


Turn 273
================================================================
warning: entity 7 was directed to use 9 halite to move south, but only 0 halite was available
At command 2 of 9:
    1   m 1 w
>>> 2   m 7 s
    3   m 19 e
    4   m 17 w

warning: entity 17 was directed to use 7 halite to move west, but only 4 halite was available
At command 4 of 9:
    2   m 7 s
    3   m 19 e
>>> 4   m 17 w
    5   m 13 w
    6   m 10 n

warning: entity 8 was directed to use 2 halite to move west, but only 0 halite was available
At command 7 of 9:
    5   m 13 w
    6   m 10 n
>>> 7   m 8 w
    8   m 15 s
    9   m 3 s


Turn 275
================================================================
warning: entity 1 was directed to use 7 halite to move north, but only 2 halite was available
At command 7 of 9:
    5   m 10 n
    6   m 19 n
>>> 7   m 1 n
    8   m 15 w
    9   m 3 s


Turn 276
================================================================
warning: entity 19 was directed to use 5 halite to move west, but only 0 halite was available
At command 8 of 9:
    6   m 8 e
    7   m 10 n
>>> 8   m 19 w
    9   m 3 w


Turn 277
================================================================
warning: entity 17 was directed to use 3 halite to move east, but only 2 halite was available
At command 4 of 9:
    2   m 1 n
    3   m 15 e
>>> 4   m 17 e
    5   m 7 e
    6   m 13 s

warning: entity 7 was directed to use 4 halite to move east, but only 1 halite was available
At command 5 of 9:
    3   m 15 e
    4   m 17 e
>>> 5   m 7 e
    6   m 13 s
    7   m 8 n

warning: entity 8 was directed to use 5 halite to move north, but only 0 halite was available
At command 7 of 9:
    5   m 7 e
    6   m 13 s
>>> 7   m 8 n
    8   m 10 n
    9   m 3 w


Turn 278
================================================================
warning: entity 3 was directed to use 5 halite to move north, but only 1 halite was available
At command 4 of 9:
    2   m 7 s
    3   m 8 n
>>> 4   m 3 n
    5   m 1 e
    6   m 19 s

warning: entity 13 was directed to use 4 halite to move east, but only 0 halite was available
At command 8 of 9:
    6   m 19 s
    7   m 15 s
>>> 8   m 13 e
    9   m 10 n


Turn 280
================================================================
warning: entity 7 was directed to use 8 halite to move west, but only 4 halite was available
At command 2 of 9:
    1   m 3 s
>>> 2   m 7 w
    3   m 13 w
    4   m 17 n

warning: entity 17 was directed to use 8 halite to move north, but only 3 halite was available
At command 4 of 9:
    2   m 7 w
    3   m 13 w
>>> 4   m 17 n
    5   m 15 n
    6   m 8 w

warning: entity 8 was directed to use 9 halite to move west, but only 5 halite was available
At command 6 of 9:
    4   m 17 n
    5   m 15 n
>>> 6   m 8 w
    7   m 10 s
    8   m 1 e

warning: entity 10 was directed to use 1 halite to move south, but only 0 halite was available
At command 7 of 9:
    5   m 15 n
    6   m 8 w
>>> 7   m 10 s
    8   m 1 e
    9   m 19 s


Turn 281
================================================================
warning: entity 3 was directed to use 7 halite to move north, but only 6 halite was available
At command 5 of 9:
    3   m 8 s
    4   m 10 w
>>> 5   m 3 n
    6   m 13 e
    7   m 15 n


Turn 282
================================================================
warning: entity 13 was directed to use 5 halite to move north, but only 0 halite was available
At command 8 of 9:
    6   m 8 n
    7   m 10 s
>>> 8   m 13 n
    9   m 1 o


Turn 284
================================================================
warning: entity 19 was directed to use 1 halite to move west, but only 0 halite was available
At command 1 of 9:
>>> 1   m 19 w
    2   m 10 s
    3   m 1 e


Turn 285
================================================================
warning: entity 13 was directed to use 7 halite to move south, but only 3 halite was available
At command 4 of 10:
    2   m 10 e
    3   m 1 e
>>> 4   m 13 s
    5   m 3 e
    6   m 7 w

warning: entity 7 was directed to use 6 halite to move west, but only 2 halite was available
At command 6 of 10:
    4   m 13 s
    5   m 3 e
>>> 6   m 7 w
    7   m 15 s
    8   m 17 n

warning: entity 17 was directed to use 2 halite to move north, but only 1 halite was available
At command 8 of 10:
    6   m 7 w
    7   m 15 s
>>> 8   m 17 n
    9   m 8 s
    10   g

warning: entity 8 was directed to use 7 halite to move south, but only 6 halite was available
At command 9 of 10:
    7   m 15 s
    8   m 17 n
>>> 9   m 8 s
    10   g


Turn 286
================================================================
warning: entity 10 was directed to use 2 halite to move north, but only 0 halite was available
At command 6 of 10:
    4   m 8 e
    5   m 19 e
>>> 6   m 10 n
    7   m 1 e
    8   m 3 n


Turn 287
================================================================
warning: entity 17 was directed to use 7 halite to move north, but only 6 halite was available
At command 4 of 10:
    2   m 13 e
    3   m 7 s
>>> 4   m 17 n
    5   m 1 s
    6   m 8 n

warning: entity 1 was directed to use 4 halite to move south, but only 1 halite was available
At command 5 of 10:
    3   m 7 s
    4   m 17 n
>>> 5   m 1 s
    6   m 8 n
    7   m 3 n

warning: entity 19 was directed to use 1 halite to move south, but only 0 halite was available
At command 8 of 10:
    6   m 8 n
    7   m 3 n
>>> 8   m 19 s
    9   m 15 e
    10   m 20 e


Turn 289
================================================================
warning: entity 7 was directed to use 6 halite to move north, but only 1 halite was available
At command 6 of 9:
    4   m 17 s
    5   m 19 n
>>> 6   m 7 n
    7   m 8 w
    8   m 3 e

warning: entity 8 was directed to use 8 halite to move west, but only 5 halite was available
At command 7 of 9:
    5   m 19 n
    6   m 7 n
>>> 7   m 8 w
    8   m 3 e
    9   m 20 s


Turn 290
================================================================
warning: entity 1 was directed to use 3 halite to move north, but only 2 halite was available
At command 3 of 8:
    1   m 7 s
    2   m 8 e
>>> 3   m 1 n
    4   m 17 n
    5   m 10 e

warning: entity 19 was directed to use 1 halite to move west, but only 0 halite was available
At command 6 of 8:
    4   m 17 n
    5   m 10 e
>>> 6   m 19 w
    7   m 3 s
    8   m 20 w

warning: entity 3 was directed to use 4 halite to move south, but only 2 halite was available
At command 7 of 8:
    5   m 10 e
    6   m 19 w
>>> 7   m 3 s
    8   m 20 w


Turn 291
================================================================
warning: entity 10 was directed to use 3 halite to move west, but only 1 halite was available
At command 7 of 9:
    5   m 7 n
    6   m 8 s
>>> 7   m 10 w
    8   m 17 w
    9   m 20 w

warning: entity 20 was directed to use 3 halite to move west, but only 0 halite was available
At command 9 of 9:
    7   m 10 w
    8   m 17 w
>>> 9   m 20 w


Turn 292
================================================================
warning: entity 17 was directed to use 5 halite to move north, but only 0 halite was available
At command 9 of 9:
    7   m 7 n
    8   m 8 n
>>> 9   m 17 n


Turn 293
================================================================
warning: entity 1 was directed to use 5 halite to move east, but only 1 halite was available
At command 7 of 9:
    5   m 3 s
    6   m 13 n
>>> 7   m 1 e
    8   m 7 w
    9   m 8 n

warning: entity 7 was directed to use 4 halite to move west, but only 3 halite was available
At command 8 of 9:
    6   m 13 n
    7   m 1 e
>>> 8   m 7 w
    9   m 8 n


Turn 294
================================================================
warning: entity 10 was directed to use 6 halite to move south, but only 3 halite was available
At command 8 of 10:
    6   m 3 e
    7   m 20 e
>>> 8   m 10 s
    9   m 19 w
    10   m 8 s

warning: entity 8 was directed to use 9 halite to move south, but only 0 halite was available
At command 10 of 10:
    8   m 10 s
    9   m 19 w
>>> 10   m 8 s


Turn 295
================================================================
warning: entity 20 was directed to use 3 halite to move south, but only 1 halite was available
At command 3 of 10:
    1   m 10 e
    2   m 8 s
>>> 3   m 20 s
    4   m 17 w
    5   m 15 n


Turn 296
================================================================
warning: entity 17 was directed to use 7 halite to move south, but only 1 halite was available
At command 5 of 10:
    3   m 10 e
    4   m 8 s
>>> 5   m 17 s
    6   m 15 s
    7   m 3 n

warning: entity 19 was directed to use 1 halite to move south, but only 0 halite was available
At command 10 of 10:
    8   m 7 n
    9   m 13 w
>>> 10   m 19 s


Turn 297
================================================================
warning: entity 7 was directed to use 8 halite to move south, but only 4 halite was available
At command 9 of 10:
    7   m 15 w
    8   m 3 e
>>> 9   m 7 s
    10   m 13 o


Turn 298
================================================================
warning: entity 1 was directed to use 7 halite to move east, but only 1 halite was available
At command 8 of 10:
    6   m 19 n
    7   m 10 o
>>> 8   m 1 e
    9   m 8 w
    10   m 3 e

warning: entity 8 was directed to use 8 halite to move west, but only 5 halite was available
At command 9 of 10:
    7   m 10 o
    8   m 1 e
>>> 9   m 8 w
    10   m 3 e


Turn 299
================================================================
warning: entity 20 was directed to use 7 halite to move east, but only 4 halite was available
At command 4 of 10:
    2   m 1 e
    3   m 8 e
>>> 4   m 20 e
    5   m 7 n
    6   m 13 e

warning: entity 3 was directed to use 7 halite to move east, but only 3 halite was available
At command 10 of 10:
    8   m 17 e
    9   m 19 w
>>> 10   m 3 e


Turn 300
================================================================
warning: entity 19 was directed to use 3 halite to move south, but only 2 halite was available
At command 8 of 8:
    6   m 17 s
    7   m 15 e
>>> 8   m 19 s


Turn 301
================================================================
warning: entity 10 was directed to use 2 halite to move east, but only 1 halite was available
At command 6 of 8:
    4   m 3 w
    5   m 20 s
>>> 6   m 10 e
    7   m 17 e
    8   m 15 e

warning: entity 17 was directed to use 6 halite to move east, but only 4 halite was available
At command 7 of 8:
    5   m 20 s
    6   m 10 e
>>> 7   m 17 e
    8   m 15 e


Turn 303
================================================================
warning: entity 19 was directed to use 9 halite to move east, but only 3 halite was available
At command 6 of 9:
    4   m 8 o
    5   m 3 s
>>> 6   m 19 e
    7   m 13 s
    8   m 1 w


Turn 304
================================================================
warning: entity 20 was directed to use 8 halite to move west, but only 4 halite was available
At command 4 of 9:
    2   m 19 w
    3   m 17 s
>>> 4   m 20 w
    5   m 10 n
    6   m 3 w

warning: entity 10 was directed to use 3 halite to move north, but only 1 halite was available
At command 5 of 9:
    3   m 17 s
    4   m 20 w
>>> 5   m 10 n
    6   m 3 w
    7   m 13 s


Turn 305
================================================================
warning: entity 3 was directed to use 3 halite to move south, but only 1 halite was available
At command 7 of 9:
    5   m 19 s
    6   m 17 w
>>> 7   m 3 s
    8   m 13 n
    9   m 15 n


Turn 306
================================================================
warning: entity 17 was directed to use 4 halite to move east, but only 0 halite was available
At command 4 of 10:
    2   m 1 e
    3   m 3 s
>>> 4   m 17 e
    5   m 20 n
    6   m 10 e


Turn 307
================================================================
warning: entity 10 was directed to use 1 halite to move west, but only 0 halite was available
At command 5 of 10:
    3   m 7 e
    4   m 3 w
>>> 5   m 10 w
    6   m 1 w
    7   m 15 s


Turn 309
================================================================
warning: entity 20 was directed to use 5 halite to move east, but only 1 halite was available
At command 3 of 10:
    1   m 1 w
    2   m 13 e
>>> 3   m 20 e
    4   m 10 w
    5   m 3 s

warning: entity 10 was directed to use 7 halite to move west, but only 4 halite was available
At command 4 of 10:
    2   m 13 e
    3   m 20 e
>>> 4   m 10 w
    5   m 3 s
    6   m 7 s


Turn 310
================================================================
warning: entity 3 was directed to use 5 halite to move north, but only 1 halite was available
At command 4 of 10:
    2   m 10 n
    3   m 1 o
>>> 4   m 3 n
    5   m 13 w
    6   m 7 s

warning: entity 17 was directed to use 6 halite to move south, but only 3 halite was available
At command 8 of 10:
    6   m 7 s
    7   m 15 s
>>> 8   m 17 s
    9   m 8 w
    10   m 19 n

warning: entity 19 was directed to use 7 halite to move north, but only 4 halite was available
At command 10 of 10:
    8   m 17 s
    9   m 8 w
>>> 10   m 19 n


Turn 314
================================================================
warning: entity 19 was directed to use 8 halite to move west, but only 6 halite was available
At command 4 of 9:
    2   m 10 o
    3   m 8 e
>>> 4   m 19 w
    5   m 15 w
    6   m 3 s

warning: entity 3 was directed to use 3 halite to move south, but only 1 halite was available
At command 6 of 9:
    4   m 19 w
    5   m 15 w
>>> 6   m 3 s
    7   m 17 e
    8   m 20 n

warning: entity 20 was directed to use 4 halite to move north, but only 1 halite was available
At command 8 of 9:
    6   m 3 s
    7   m 17 e
>>> 8   m 20 n
    9   m 7 s


Turn 315
================================================================
warning: entity 8 was directed to use 6 halite to move north, but only 3 halite was available
At command 7 of 9:
    5   m 7 e
    6   m 15 e
>>> 7   m 8 n
    8   m 1 s
    9   m 17 w


Turn 317
================================================================
warning: entity 17 was directed to use 5 halite to move east, but only 0 halite was available
At command 10 of 10:
    8   m 15 e
    9   m 1 n
>>> 10   m 17 e


Turn 318
================================================================
warning: entity 20 was directed to use 8 halite to move south, but only 4 halite was available
At command 8 of 10:
    6   m 10 e
    7   m 13 n
>>> 8   m 20 s
    9   m 15 w
    10   m 1 s


Turn 320
================================================================
warning: entity 8 was directed to use 7 halite to move east, but only 4 halite was available
At command 5 of 10:
    3   m 17 n
    4   m 20 s
>>> 5   m 8 e
    6   m 7 n
    7   m 19 s


Turn 321
================================================================
warning: entity 17 was directed to use 4 halite to move south, but only 2 halite was available
At command 7 of 10:
    5   m 15 e
    6   m 1 n
>>> 7   m 17 s
    8   m 7 n
    9   m 19 w


Turn 322
================================================================
warning: entity 20 was directed to use 7 halite to move south, but only 5 halite was available
At command 6 of 9:
    4   m 3 w
    5   m 10 e
>>> 6   m 20 s
    7   m 1 e
    8   m 15 n


Turn 325
================================================================
warning: entity 3 was directed to use 6 halite to move south, but only 1 halite was available
At command 7 of 9:
    5   m 13 s
    6   m 20 s
>>> 7   m 3 s
    8   m 1 n
    9   m 7 e


Turn 326
================================================================
warning: entity 10 was directed to use 8 halite to move south, but only 4 halite was available
At command 3 of 8:
    1   m 8 s
    2   m 3 e
>>> 3   m 10 s
    4   m 15 e
    5   m 17 s

warning: entity 17 was directed to use 6 halite to move south, but only 0 halite was available
At command 5 of 8:
    3   m 10 s
    4   m 15 e
>>> 5   m 17 s
    6   m 13 s
    7   m 1 s


Turn 329
================================================================
warning: entity 17 was directed to use 7 halite to move south, but only 4 halite was available
At command 6 of 9:
    4   m 10 e
    5   m 8 s
>>> 6   m 17 s
    7   m 3 e
    8   m 1 s

warning: entity 3 was directed to use 6 halite to move east, but only 4 halite was available
At command 7 of 9:
    5   m 8 s
    6   m 17 s
>>> 7   m 3 e
    8   m 1 s
    9   m 7 s


Turn 332
================================================================
warning: entity 8 was directed to use 5 halite to move south, but only 2 halite was available
At command 6 of 8:
    4   m 20 n
    5   m 1 s
>>> 6   m 8 s
    7   m 10 s
    8   m 7 n


Turn 333
================================================================
warning: entity 17 was directed to use 6 halite to move south, but only 1 halite was available
At command 4 of 8:
    2   m 13 w
    3   m 3 n
>>> 4   m 17 s
    5   m 1 e
    6   m 20 w

warning: entity 10 was directed to use 5 halite to move north, but only 0 halite was available
At command 7 of 8:
    5   m 1 e
    6   m 20 w
>>> 7   m 10 n
    8   m 7 w


Turn 334
================================================================
warning: entity 3 was directed to use 4 halite to move north, but only 0 halite was available
At command 4 of 7:
    2   m 17 e
    3   m 10 s
>>> 4   m 3 n
    5   m 13 s
    6   m 1 e


Turn 336
================================================================
warning: entity 10 was directed to use 7 halite to move north, but only 3 halite was available
At command 4 of 7:
    2   m 3 w
    3   m 1 e
>>> 4   m 10 n
    5   m 8 e
    6   m 17 e

warning: entity 17 was directed to use 9 halite to move east, but only 5 halite was available
At command 6 of 7:
    4   m 10 n
    5   m 8 e
>>> 6   m 17 e
    7   m 13 n


Turn 337
================================================================
warning: entity 3 was directed to use 7 halite to move west, but only 5 halite was available
At command 5 of 6:
    3   m 1 s
    4   m 20 s
>>> 5   m 3 w
    6   m 13 w


Turn 341
================================================================
warning: entity 10 was directed to use 8 halite to move east, but only 6 halite was available
At command 5 of 7:
    3   m 7 w
    4   m 3 w
>>> 5   m 10 e
    6   m 20 e
    7   m 17 w

warning: entity 17 was directed to use 6 halite to move west, but only 3 halite was available
At command 7 of 7:
    5   m 10 e
    6   m 20 e
>>> 7   m 17 w


Turn 342
================================================================
warning: entity 3 was directed to use 9 halite to move east, but only 6 halite was available
At command 6 of 7:
    4   m 7 n
    5   m 8 n
>>> 6   m 3 e
    7   m 20 e


Turn 343
================================================================
warning: entity 20 was directed to use 6 halite to move north, but only 2 halite was available
At command 2 of 6:
    1   m 3 e
>>> 2   m 20 n
    3   m 1 s
    4   m 10 w


Turn 347
================================================================
warning: entity 20 was directed to use 6 halite to move west, but only 2 halite was available
At command 6 of 7:
    4   m 13 n
    5   m 8 w
>>> 6   m 20 w
    7   m 1 w

warning: entity 1 was directed to use 6 halite to move west, but only 4 halite was available
At command 7 of 7:
    5   m 8 w
    6   m 20 w
>>> 7   m 1 w


Turn 349
================================================================
warning: entity 3 was directed to use 5 halite to move west, but only 3 halite was available
At command 3 of 6:
    1   m 1 e
    2   m 20 e
>>> 3   m 3 w
    4   m 10 s
    5   m 13 n


Turn 353
================================================================
warning: entity 3 was directed to use 7 halite to move north, but only 1 halite was available
At command 6 of 7:
    4   m 13 e
    5   m 1 n
>>> 6   m 3 n
    7   m 20 e

warning: entity 20 was directed to use 4 halite to move east, but only 3 halite was available
At command 7 of 7:
    5   m 1 n
    6   m 3 n
>>> 7   m 20 e


Turn 360
================================================================
warning: entity 20 was directed to use 7 halite to move south, but only 0 halite was available
At command 4 of 7:
    2   m 10 n
    3   m 8 s
>>> 4   m 20 s
    5   m 3 s
    6   m 1 e


Turn 361
================================================================
warning: entity 1 was directed to use 4 halite to move east, but only 2 halite was available
At command 4 of 6:
    2   m 3 s
    3   m 13 s
>>> 4   m 1 e
    5   m 8 e
    6   m 7 e


Turn 363
================================================================
warning: entity 3 was directed to use 3 halite to move east, but only 0 halite was available
At command 5 of 7:
    3   m 1 n
    4   m 20 n
>>> 5   m 3 e
    6   m 8 n
    7   m 7 e

warning: entity 7 was directed to use 1 halite to move east, but only 0 halite was available
At command 7 of 7:
    5   m 3 e
    6   m 8 n
>>> 7   m 7 e


Turn 364
================================================================
warning: entity 20 was directed to use 4 halite to move north, but only 1 halite was available
At command 6 of 8:
    4   m 17 s
    5   m 13 w
>>> 6   m 20 n
    7   m 1 e
    8   m 8 s

warning: entity 1 was directed to use 9 halite to move east, but only 6 halite was available
At command 7 of 8:
    5   m 13 w
    6   m 20 n
>>> 7   m 1 e
    8   m 8 s


Turn 368
================================================================
warning: entity 7 was directed to use 2 halite to move north, but only 0 halite was available
At command 4 of 8:
    2   m 20 w
    3   m 17 w
>>> 4   m 7 n
    5   m 1 w
    6   m 13 e

warning: entity 3 was directed to use 2 halite to move west, but only 0 halite was available
At command 7 of 8:
    5   m 1 w
    6   m 13 e
>>> 7   m 3 w
    8   m 8 n


Turn 369
================================================================
warning: entity 20 was directed to use 4 halite to move west, but only 1 halite was available
At command 3 of 8:
    1   m 7 n
    2   m 3 e
>>> 3   m 20 w
    4   m 17 s
    5   m 1 e


Turn 373
================================================================
warning: entity 20 was directed to use 3 halite to move west, but only 0 halite was available
At command 3 of 8:
    1   m 3 o
    2   m 10 o
>>> 3   m 20 w
    4   m 8 s
    5   m 17 e

warning: entity 1 was directed to use 3 halite to move west, but only 0 halite was available
At command 7 of 8:
    5   m 17 e
    6   m 13 e
>>> 7   m 1 w
    8   m 7 w

warning: entity 7 was directed to use 1 halite to move west, but only 0 halite was available
At command 8 of 8:
    6   m 13 e
    7   m 1 w
>>> 8   m 7 w


Turn 375
================================================================
warning: entity 20 was directed to use 9 halite to move east, but only 7 halite was available
At command 6 of 8:
    4   m 7 s
    5   m 3 w
>>> 6   m 20 e
    7   m 13 s
    8   m 17 s


Turn 376
================================================================
warning: entity 1 was directed to use 9 halite to move south, but only 0 halite was available
At command 3 of 8:
    1   m 20 s
    2   m 8 e
>>> 3   m 1 s
    4   m 10 n
    5   m 7 n


Turn 380
================================================================
warning: entity 10 was directed to use 3 halite to move east, but only 0 halite was available
At command 3 of 5:
    1   m 7 w
    2   m 17 s
>>> 3   m 10 e
    4   m 3 e
    5   m 8 w


Turn 383
================================================================
warning: entity 3 was directed to use 2 halite to move west, but only 1 halite was available
At command 7 of 8:
    5   m 17 o
    6   m 10 n
>>> 7   m 3 w
    8   m 8 e


Turn 387
================================================================
warning: entity 7 was directed to use 3 halite to move north, but only 0 halite was available
At command 2 of 7:
    1   m 3 e
>>> 2   m 7 n
    3   m 17 s
    4   m 10 n


Turn 390
================================================================
warning: entity 3 was directed to use 1 halite to move west, but only 0 halite was available
At command 3 of 7:
    1   m 20 n
    2   m 17 e
>>> 3   m 3 w
    4   m 8 s
    5   m 7 e

warning: entity 7 was directed to use 8 halite to move east, but only 4 halite was available
At command 5 of 7:
    3   m 3 w
    4   m 8 s
>>> 5   m 7 e
    6   m 10 e
    7   m 1 w


Turn 391
================================================================
warning: entity 10 was directed to use 4 halite to move north, but only 1 halite was available
At command 6 of 7:
    4   m 8 e
    5   m 17 e
>>> 6   m 10 n
    7   m 1 e


Turn 393
================================================================
warning: entity 3 was directed to use 2 halite to move south, but only 0 halite was available
At command 6 of 7:
    4   m 10 s
    5   m 17 e
>>> 6   m 3 s
    7   m 8 e


Turn 394
================================================================
warning: entity 7 was directed to use 9 halite to move west, but only 5 halite was available
At command 4 of 8:
    2   m 13 w
    3   m 20 n
>>> 4   m 7 w
    5   m 1 w
    6   m 10 s

warning: entity 10 was directed to use 5 halite to move south, but only 4 halite was available
At command 6 of 8:
    4   m 7 w
    5   m 1 w
>>> 6   m 10 s
    7   m 17 e
    8   m 8 e


Turn 396
================================================================
warning: entity 3 was directed to use 8 halite to move north, but only 0 halite was available
At command 2 of 7:
    1   m 8 s
>>> 2   m 3 n
    3   m 10 e
    4   m 13 w


Turn 398
================================================================
warning: entity 10 was directed to use 4 halite to move east, but only 3 halite was available
At command 4 of 5:
    2   m 3 w
    3   m 1 n
>>> 4   m 10 e
    5   m 20 n

