
Turn 6
================================================================
warning: entity 3 was directed to use 2 halite to move west, but only 0 halite was available
At command 1 of 2:
>>> 1   m 3 w
    2   g


Turn 8
================================================================
warning: entity 3 was directed to use 9 halite to move north, but only 6 halite was available
At command 1 of 3:
>>> 1   m 3 n
    2   m 5 s
    3   g

warning: entity 5 was directed to use 4 halite to move south, but only 0 halite was available
At command 2 of 3:
    1   m 3 n
>>> 2   m 5 s
    3   g


Turn 11
================================================================
warning: entity 7 was directed to use 8 halite to move south, but only 0 halite was available
At command 1 of 2:
>>> 1   m 7 s
    2   g


Turn 15
================================================================
warning: entity 9 was directed to use 1 halite to move west, but only 0 halite was available
At command 1 of 2:
>>> 1   m 9 w
    2   m 1 e


Turn 17
================================================================
warning: entity 9 was directed to use 8 halite to move south, but only 4 halite was available
At command 2 of 2:
    1   m 5 e
>>> 2   m 9 s


Turn 21
================================================================
warning: entity 7 was directed to use 4 halite to move west, but only 0 halite was available
At command 3 of 3:
    1   m 1 e
    2   m 5 e
>>> 3   m 7 w


Turn 26
================================================================
warning: entity 9 was directed to use 7 halite to move north, but only 5 halite was available
At command 3 of 3:
    1   m 7 s
    2   m 1 w
>>> 3   m 9 n


Turn 27
================================================================
warning: entity 1 was directed to use 3 halite to move south, but only 0 halite was available
At command 3 of 5:
    1   m 5 e
    2   m 3 e
>>> 3   m 1 s
    4   m 9 w
    5   m 7 w


Turn 30
================================================================
warning: entity 1 was directed to use 3 halite to move south, but only 0 halite was available
At command 1 of 2:
>>> 1   m 1 s
    2   m 3 n


Turn 33
================================================================
warning: entity 3 was directed to use 6 halite to move south, but only 0 halite was available
At command 4 of 4:
    2   m 1 n
    3   m 5 s
>>> 4   m 3 s


Turn 36
================================================================
warning: entity 3 was directed to use 2 halite to move south, but only 0 halite was available
At command 4 of 5:
    2   m 1 e
    3   m 7 e
>>> 4   m 3 s
    5   g


Turn 38
================================================================
warning: entity 3 was directed to use 9 halite to move west, but only 5 halite was available
At command 2 of 4:
    1   m 9 e
>>> 2   m 3 w
    3   m 7 w
    4   m 10 n

warning: entity 10 was directed to use 2 halite to move north, but only 0 halite was available
At command 4 of 4:
    2   m 3 w
    3   m 7 w
>>> 4   m 10 n


Turn 42
================================================================
warning: entity 3 was directed to use 8 halite to move east, but only 7 halite was available
At command 3 of 4:
    1   m 9 w
    2   m 1 w
>>> 3   m 3 e
    4   m 5 w


Turn 46
================================================================
warning: entity 10 was directed to use 1 halite to move north, but only 0 halite was available
At command 2 of 4:
    1   m 5 w
>>> 2   m 10 n
    3   m 7 e
    4   m 9 w


Turn 51
================================================================
warning: entity 10 was directed to use 8 halite to move east, but only 4 halite was available
At command 4 of 5:
    2   m 9 n
    3   m 7 o
>>> 4   m 10 e
    5   m 3 n


Turn 55
================================================================
warning: entity 7 was directed to use 2 halite to move south, but only 0 halite was available
At command 5 of 6:
    3   m 1 s
    4   m 9 s
>>> 5   m 7 s
    6   m 10 n

warning: entity 10 was directed to use 5 halite to move north, but only 3 halite was available
At command 6 of 6:
    4   m 9 s
    5   m 7 s
>>> 6   m 10 n


Turn 56
================================================================
warning: entity 5 was directed to use 6 halite to move north, but only 5 halite was available
At command 4 of 4:
    2   m 10 s
    3   m 1 o
>>> 4   m 5 n


Turn 57
================================================================
warning: entity 7 was directed to use 7 halite to move west, but only 4 halite was available
At command 3 of 4:
    1   m 1 n
    2   m 5 s
>>> 3   m 7 w
    4   m 10 s


Turn 58
================================================================
warning: entity 1 was directed to use 2 halite to move south, but only 0 halite was available
At command 1 of 4:
>>> 1   m 1 s
    2   m 9 n
    3   m 7 w


Turn 60
================================================================
warning: entity 1 was directed to use 9 halite to move east, but only 4 halite was available
At command 2 of 6:
    1   m 3 n
>>> 2   m 1 e
    3   m 9 w
    4   m 7 e


Turn 61
================================================================
warning: entity 12 was directed to use 1 halite to move west, but only 0 halite was available
At command 4 of 6:
    2   m 1 e
    3   m 7 e
>>> 4   m 12 w
    5   m 5 n
    6   g

warning: entity 5 was directed to use 7 halite to move north, but only 3 halite was available
At command 5 of 6:
    3   m 7 e
    4   m 12 w
>>> 5   m 5 n
    6   g


Turn 64
================================================================
warning: entity 5 was directed to use 8 halite to move east, but only 7 halite was available
At command 4 of 6:
    2   m 7 e
    3   m 12 e
>>> 4   m 5 e
    5   m 3 e
    6   m 14 e

warning: entity 14 was directed to use 6 halite to move east, but only 0 halite was available
At command 6 of 6:
    4   m 5 e
    5   m 3 e
>>> 6   m 14 e


Turn 65
================================================================
warning: entity 12 was directed to use 1 halite to move west, but only 0 halite was available
At command 4 of 4:
    2   m 14 s
    3   m 3 s
>>> 4   m 12 w


Turn 69
================================================================
warning: entity 14 was directed to use 9 halite to move west, but only 1 halite was available
At command 6 of 6:
    4   m 3 o
    5   m 7 s
>>> 6   m 14 w


Turn 74
================================================================
warning: entity 14 was directed to use 4 halite to move west, but only 3 halite was available
At command 6 of 6:
    4   m 12 n
    5   m 10 s
>>> 6   m 14 w


Turn 77
================================================================
warning: entity 3 was directed to use 7 halite to move south, but only 0 halite was available
At command 8 of 8:
    6   m 5 n
    7   m 7 o
>>> 8   m 3 s


Turn 80
================================================================
warning: entity 7 was directed to use 1 halite to move west, but only 0 halite was available
At command 3 of 7:
    1   m 9 o
    2   m 3 s
>>> 3   m 7 w
    4   m 10 n
    5   m 14 s


Turn 81
================================================================
warning: entity 14 was directed to use 6 halite to move south, but only 1 halite was available
At command 4 of 6:
    2   m 7 e
    3   m 10 o
>>> 4   m 14 s
    5   m 3 w
    6   m 12 n


Turn 83
================================================================
warning: entity 3 was directed to use 4 halite to move south, but only 3 halite was available
At command 6 of 7:
    4   m 7 n
    5   m 12 o
>>> 6   m 3 s
    7   m 10 s


Turn 87
================================================================
warning: entity 9 was directed to use 5 halite to move north, but only 0 halite was available
At command 3 of 9:
    1   m 12 n
    2   m 14 w
>>> 3   m 9 n
    4   m 1 e
    5   m 5 s


Turn 88
================================================================
warning: entity 7 was directed to use 7 halite to move east, but only 6 halite was available
At command 7 of 9:
    5   m 12 o
    6   m 14 n
>>> 7   m 7 e
    8   m 10 e
    9   m 16 o


Turn 93
================================================================
warning: entity 16 was directed to use 5 halite to move east, but only 4 halite was available
At command 4 of 8:
    2   m 9 s
    3   m 3 w
>>> 4   m 16 e
    5   m 12 n
    6   m 14 n

warning: entity 14 was directed to use 4 halite to move north, but only 0 halite was available
At command 6 of 8:
    4   m 16 e
    5   m 12 n
>>> 6   m 14 n
    7   m 1 e
    8   m 10 n


Turn 99
================================================================
warning: entity 16 was directed to use 8 halite to move south, but only 2 halite was available
At command 5 of 9:
    3   m 3 o
    4   m 12 w
>>> 5   m 16 s
    6   m 9 e
    7   m 14 e

warning: entity 9 was directed to use 4 halite to move east, but only 2 halite was available
At command 6 of 9:
    4   m 12 w
    5   m 16 s
>>> 6   m 9 e
    7   m 14 e
    8   m 7 w


Turn 100
================================================================
warning: entity 14 was directed to use 5 halite to move west, but only 3 halite was available
At command 7 of 9:
    5   m 1 s
    6   m 12 e
>>> 7   m 14 w
    8   m 7 e
    9   m 10 o


Turn 102
================================================================
warning: entity 12 was directed to use 4 halite to move east, but only 1 halite was available
At command 2 of 9:
    1   m 1 s
>>> 2   m 12 e
    3   m 14 w
    4   m 3 e


Turn 103
================================================================
warning: entity 9 was directed to use 8 halite to move north, but only 0 halite was available
At command 7 of 9:
    5   m 14 e
    6   m 3 w
>>> 7   m 9 n
    8   m 7 n
    9   m 5 w


Turn 106
================================================================
warning: entity 1 was directed to use 4 halite to move west, but only 0 halite was available
At command 2 of 8:
    1   m 16 e
>>> 2   m 1 w
    3   m 9 e
    4   m 5 n

warning: entity 10 was directed to use 4 halite to move north, but only 0 halite was available
At command 5 of 8:
    3   m 9 e
    4   m 5 n
>>> 5   m 10 n
    6   m 14 e
    7   m 3 n


Turn 107
================================================================
warning: entity 14 was directed to use 8 halite to move east, but only 0 halite was available
At command 4 of 8:
    2   m 1 n
    3   m 10 n
>>> 4   m 14 e
    5   m 16 e
    6   m 17 s

warning: entity 9 was directed to use 6 halite to move south, but only 3 halite was available
At command 7 of 8:
    5   m 16 e
    6   m 17 s
>>> 7   m 9 s
    8   m 5 s


Turn 109
================================================================
warning: entity 10 was directed to use 7 halite to move east, but only 0 halite was available
At command 9 of 10:
    7   m 17 s
    8   m 5 s
>>> 9   m 10 e
    10   m 16 e


Turn 110
================================================================
warning: entity 1 was directed to use 5 halite to move west, but only 0 halite was available
At command 3 of 9:
    1   m 10 e
    2   m 9 e
>>> 3   m 1 w
    4   m 7 w
    5   m 14 e

warning: entity 17 was directed to use 3 halite to move south, but only 0 halite was available
At command 8 of 9:
    6   m 12 s
    7   m 16 o
>>> 8   m 17 s
    9   m 5 n


Turn 111
================================================================
warning: entity 14 was directed to use 7 halite to move east, but only 2 halite was available
At command 5 of 6:
    3   m 17 e
    4   m 9 e
>>> 5   m 14 e
    6   m 5 w


Turn 113
================================================================
warning: entity 9 was directed to use 4 halite to move south, but only 0 halite was available
At command 5 of 7:
    3   m 17 e
    4   m 14 s
>>> 5   m 9 s
    6   m 16 s
    7   m 5 w


Turn 114
================================================================
warning: entity 1 was directed to use 1 halite to move north, but only 0 halite was available
At command 6 of 9:
    4   m 16 n
    5   m 10 e
>>> 6   m 1 n
    7   m 17 e
    8   m 14 n


Turn 115
================================================================
warning: entity 17 was directed to use 5 halite to move south, but only 1 halite was available
At command 7 of 8:
    5   m 16 o
    6   m 10 w
>>> 7   m 17 s
    8   m 14 w


Turn 116
================================================================
warning: entity 1 was directed to use 4 halite to move west, but only 3 halite was available
At command 3 of 7:
    1   m 16 e
    2   m 17 w
>>> 3   m 1 w
    4   m 5 s
    5   m 9 n

warning: entity 14 was directed to use 5 halite to move east, but only 0 halite was available
At command 7 of 7:
    5   m 9 n
    6   m 10 n
>>> 7   m 14 e


Turn 117
================================================================
warning: entity 5 was directed to use 4 halite to move north, but only 0 halite was available
At command 8 of 8:
    6   m 17 w
    7   m 9 n
>>> 8   m 5 n


Turn 118
================================================================
warning: entity 9 was directed to use 3 halite to move west, but only 1 halite was available
At command 7 of 7:
    5   m 16 n
    6   m 17 e
>>> 7   m 9 w


Turn 119
================================================================
warning: entity 14 was directed to use 8 halite to move west, but only 6 halite was available
At command 6 of 7:
    4   m 16 w
    5   m 5 s
>>> 6   m 14 w
    7   m 17 s


Turn 121
================================================================
warning: entity 17 was directed to use 3 halite to move west, but only 0 halite was available
At command 7 of 8:
    5   m 9 e
    6   m 1 n
>>> 7   m 17 w
    8   m 5 o


Turn 122
================================================================
warning: entity 1 was directed to use 2 halite to move east, but only 1 halite was available
At command 9 of 9:
    7   m 3 s
    8   m 16 e
>>> 9   m 1 e


Turn 124
================================================================
warning: entity 14 was directed to use 6 halite to move north, but only 4 halite was available
At command 4 of 9:
    2   m 1 e
    3   m 5 s
>>> 4   m 14 n
    5   m 16 n
    6   m 9 s

warning: entity 9 was directed to use 9 halite to move south, but only 6 halite was available
At command 6 of 9:
    4   m 14 n
    5   m 16 n
>>> 6   m 9 s
    7   m 12 w
    8   m 17 e


Turn 125
================================================================
warning: entity 5 was directed to use 7 halite to move north, but only 2 halite was available
At command 6 of 9:
    4   m 3 w
    5   m 1 w
>>> 6   m 5 n
    7   m 16 s
    8   m 12 n

warning: entity 17 was directed to use 3 halite to move east, but only 2 halite was available
At command 9 of 9:
    7   m 16 s
    8   m 12 n
>>> 9   m 17 e


Turn 128
================================================================
warning: entity 1 was directed to use 6 halite to move west, but only 2 halite was available
At command 6 of 6:
    4   m 9 w
    5   m 14 w
>>> 6   m 1 w


Turn 129
================================================================
warning: entity 14 was directed to use 3 halite to move north, but only 0 halite was available
At command 2 of 6:
    1   m 1 e
>>> 2   m 14 n
    3   m 3 e
    4   m 7 s

warning: entity 16 was directed to use 1 halite to move south, but only 0 halite was available
At command 5 of 6:
    3   m 3 e
    4   m 7 s
>>> 5   m 16 s
    6   m 9 w

warning: entity 9 was directed to use 8 halite to move west, but only 2 halite was available
At command 6 of 6:
    4   m 7 s
    5   m 16 s
>>> 6   m 9 w


Turn 138
================================================================
warning: entity 3 was directed to use 3 halite to move east, but only 2 halite was available
At command 4 of 8:
    2   m 12 w
    3   m 20 e
>>> 4   m 3 e
    5   m 9 s
    6   m 7 o


Turn 139
================================================================
warning: entity 16 was directed to use 7 halite to move east, but only 4 halite was available
At command 7 of 7:
    5   m 10 w
    6   m 14 s
>>> 7   m 16 e


Turn 140
================================================================
warning: entity 20 was directed to use 1 halite to move north, but only 0 halite was available
At command 6 of 9:
    4   m 7 o
    5   m 3 s
>>> 6   m 20 n
    7   m 9 s
    8   m 10 s


Turn 142
================================================================
warning: entity 3 was directed to use 7 halite to move north, but only 3 halite was available
At command 1 of 9:
>>> 1   m 3 n
    2   m 16 s
    3   m 5 e


Turn 143
================================================================
warning: entity 7 was directed to use 2 halite to move north, but only 0 halite was available
At command 7 of 10:
    5   m 16 e
    6   m 5 w
>>> 7   m 7 n
    8   m 10 o
    9   m 20 o


Turn 145
================================================================
warning: entity 20 was directed to use 4 halite to move south, but only 3 halite was available
At command 5 of 10:
    3   m 10 w
    4   m 7 o
>>> 5   m 20 s
    6   m 14 n
    7   m 17 w


Turn 147
================================================================
warning: entity 16 was directed to use 3 halite to move south, but only 2 halite was available
At command 9 of 9:
    7   m 9 o
    8   m 17 n
>>> 9   m 16 s


Turn 160
================================================================
warning: entity 3 was directed to use 4 halite to move north, but only 1 halite was available
At command 6 of 10:
    4   m 20 o
    5   m 12 w
>>> 6   m 3 n
    7   m 14 o
    8   m 9 o


Turn 161
================================================================
warning: entity 10 was directed to use 2 halite to move south, but only 0 halite was available
At command 10 of 10:
    8   m 1 w
    9   m 17 e
>>> 10   m 10 s


Turn 163
================================================================
warning: entity 20 was directed to use 8 halite to move east, but only 3 halite was available
At command 8 of 11:
    6   m 10 n
    7   m 12 n
>>> 8   m 20 e
    9   m 3 o
    10   m 1 e


Turn 169
================================================================
warning: entity 3 was directed to use 5 halite to move south, but only 3 halite was available
At command 11 of 11:
    9   m 16 w
    10   m 9 e
>>> 11   m 3 s


Turn 171
================================================================
warning: entity 20 was directed to use 6 halite to move west, but only 5 halite was available
At command 11 of 11:
    9   m 7 w
    10   m 17 e
>>> 11   m 20 w


Turn 172
================================================================
warning: entity 10 was directed to use 2 halite to move north, but only 0 halite was available
At command 4 of 10:
    2   m 20 s
    3   m 3 s
>>> 4   m 10 n
    5   m 16 n
    6   m 5 o

warning: entity 9 was directed to use 1 halite to move west, but only 0 halite was available
At command 8 of 10:
    6   m 5 o
    7   m 7 e
>>> 8   m 9 w
    9   m 14 o
    10   m 17 n


Turn 174
================================================================
warning: entity 3 was directed to use 4 halite to move west, but only 1 halite was available
At command 3 of 12:
    1   m 16 n
    2   m 17 o
>>> 3   m 3 w
    4   m 20 e
    5   m 5 e

warning: entity 10 was directed to use 7 halite to move east, but only 5 halite was available
At command 6 of 12:
    4   m 20 e
    5   m 5 e
>>> 6   m 10 e
    7   m 1 w
    8   m 9 s

warning: entity 9 was directed to use 7 halite to move south, but only 3 halite was available
At command 8 of 12:
    6   m 10 e
    7   m 1 w
>>> 8   m 9 s
    9   m 14 n
    10   m 12 n


Turn 175
================================================================
warning: entity 20 was directed to use 7 halite to move west, but only 1 halite was available
At command 7 of 11:
    5   m 7 n
    6   m 16 n
>>> 7   m 20 w
    8   m 5 s
    9   m 14 o

warning: entity 5 was directed to use 1 halite to move south, but only 0 halite was available
At command 8 of 11:
    6   m 16 n
    7   m 20 w
>>> 8   m 5 s
    9   m 14 o
    10   m 12 n


Turn 176
================================================================
warning: entity 16 was directed to use 8 halite to move south, but only 4 halite was available
At command 10 of 12:
    8   m 10 e
    9   m 7 s
>>> 10   m 16 s
    11   m 12 w
    12   m 22 e


Turn 178
================================================================
warning: entity 12 was directed to use 1 halite to move west, but only 0 halite was available
At command 3 of 11:
    1   m 5 o
    2   m 22 w
>>> 3   m 12 w
    4   m 16 o
    5   m 9 e


Turn 180
================================================================
warning: entity 20 was directed to use 7 halite to move east, but only 3 halite was available
At command 2 of 12:
    1   m 16 w
>>> 2   m 20 e
    3   m 5 s
    4   m 22 w

warning: entity 22 was directed to use 1 halite to move west, but only 0 halite was available
At command 4 of 12:
    2   m 20 e
    3   m 5 s
>>> 4   m 22 w
    5   m 12 n
    6   m 1 s

warning: entity 9 was directed to use 8 halite to move east, but only 4 halite was available
At command 7 of 12:
    5   m 12 n
    6   m 1 s
>>> 7   m 9 e
    8   m 14 o
    9   m 17 e


Turn 181
================================================================
warning: entity 3 was directed to use 5 halite to move east, but only 1 halite was available
At command 12 of 12:
    10   m 17 o
    11   m 10 s
>>> 12   m 3 e


Turn 182
================================================================
warning: entity 5 was directed to use 9 halite to move south, but only 2 halite was available
At command 8 of 12:
    6   m 14 e
    7   m 9 s
>>> 8   m 5 s
    9   m 12 o
    10   m 20 e


Turn 184
================================================================
warning: entity 23 was directed to use 1 halite to move east, but only 0 halite was available
At command 9 of 12:
    7   m 12 w
    8   m 22 w
>>> 9   m 23 e
    10   m 9 e
    11   m 17 e


Turn 185
================================================================
warning: entity 9 was directed to use 6 halite to move north, but only 5 halite was available
At command 10 of 11:
    8   m 1 n
    9   m 12 n
>>> 10   m 9 n
    11   m 17 n


Turn 186
================================================================
warning: entity 23 was directed to use 6 halite to move east, but only 4 halite was available
At command 4 of 11:
    2   m 9 s
    3   m 3 w
>>> 4   m 23 e
    5   m 14 s
    6   m 16 s

warning: entity 12 was directed to use 5 halite to move east, but only 0 halite was available
At command 10 of 11:
    8   m 10 w
    9   m 1 s
>>> 10   m 12 e
    11   m 17 e


Turn 187
================================================================
warning: entity 22 was directed to use 1 halite to move north, but only 0 halite was available
At command 8 of 9:
    6   m 14 w
    7   m 16 n
>>> 8   m 22 n
    9   m 17 n


Turn 188
================================================================
warning: entity 10 was directed to use 9 halite to move north, but only 0 halite was available
At command 10 of 12:
    8   m 23 s
    9   m 12 n
>>> 10   m 10 n
    11   m 16 n
    12   m 17 e


Turn 190
================================================================
warning: entity 22 was directed to use 4 halite to move west, but only 0 halite was available
At command 6 of 11:
    4   m 10 s
    5   m 7 s
>>> 6   m 22 w
    7   m 9 e
    8   m 23 w


Turn 193
================================================================
warning: entity 22 was directed to use 9 halite to move east, but only 1 halite was available
At command 8 of 13:
    6   m 12 e
    7   m 20 n
>>> 8   m 22 e
    9   m 9 s
    10   m 7 s

warning: entity 9 was directed to use 9 halite to move south, but only 6 halite was available
At command 9 of 13:
    7   m 20 n
    8   m 22 e
>>> 9   m 9 s
    10   m 7 s
    11   m 23 n


Turn 194
================================================================
warning: entity 3 was directed to use 7 halite to move north, but only 0 halite was available
At command 7 of 11:
    5   m 16 n
    6   m 10 n
>>> 7   m 3 n
    8   m 20 e
    9   m 12 n


Turn 203
================================================================
warning: entity 3 was directed to use 7 halite to move north, but only 1 halite was available
At command 6 of 8:
    4   m 14 w
    5   m 12 o
>>> 6   m 3 n
    7   m 5 w
    8   m 23 o


Turn 206
================================================================
warning: entity 16 was directed to use 4 halite to move west, but only 2 halite was available
At command 9 of 12:
    7   m 9 s
    8   m 20 n
>>> 9   m 16 w
    10   m 17 n
    11   m 7 o


Turn 207
================================================================
warning: entity 3 was directed to use 4 halite to move north, but only 0 halite was available
At command 7 of 11:
    5   m 5 w
    6   m 12 o
>>> 7   m 3 n
    8   m 23 w
    9   m 9 n


Turn 210
================================================================
warning: entity 3 was directed to use 5 halite to move north, but only 3 halite was available
At command 8 of 12:
    6   m 9 w
    7   m 22 e
>>> 8   m 3 n
    9   m 12 w
    10   m 10 n


Turn 212
================================================================
warning: entity 1 was directed to use 2 halite to move north, but only 0 halite was available
At command 9 of 12:
    7   m 10 w
    8   m 14 w
>>> 9   m 1 n
    10   m 9 e
    11   m 22 n


Turn 214
================================================================
warning: entity 3 was directed to use 8 halite to move east, but only 5 halite was available
At command 10 of 11:
    8   m 16 n
    9   m 1 w
>>> 10   m 3 e
    11   m 9 n


Turn 216
================================================================
warning: entity 14 was directed to use 3 halite to move north, but only 2 halite was available
At command 6 of 11:
    4   m 9 n
    5   m 23 o
>>> 6   m 14 n
    7   m 3 e
    8   m 10 s


Turn 222
================================================================
warning: entity 1 was directed to use 3 halite to move north, but only 2 halite was available
At command 5 of 12:
    3   m 26 s
    4   m 10 s
>>> 5   m 1 n
    6   m 7 n
    7   m 17 e


Turn 223
================================================================
warning: entity 7 was directed to use 3 halite to move south, but only 0 halite was available
At command 8 of 11:
    6   m 16 e
    7   m 26 e
>>> 8   m 7 s
    9   m 17 o
    10   m 22 s


Turn 224
================================================================
warning: entity 26 was directed to use 5 halite to move south, but only 0 halite was available
At command 10 of 12:
    8   m 20 o
    9   m 16 o
>>> 10   m 26 s
    11   m 22 o
    12   m 12 o


Turn 227
================================================================
warning: entity 1 was directed to use 2 halite to move west, but only 1 halite was available
At command 6 of 12:
    4   m 12 w
    5   m 22 o
>>> 6   m 1 w
    7   m 26 e
    8   m 16 o


Turn 232
================================================================
warning: entity 10 was directed to use 1 halite to move east, but only 0 halite was available
At command 11 of 12:
    9   m 12 n
    10   m 16 o
>>> 11   m 10 e
    12   m 9 e


Turn 233
================================================================
warning: entity 26 was directed to use 8 halite to move east, but only 5 halite was available
At command 8 of 11:
    6   m 3 w
    7   m 1 s
>>> 8   m 26 e
    9   m 20 e
    10   m 12 s


Turn 236
================================================================
warning: entity 23 was directed to use 9 halite to move north, but only 2 halite was available
At command 7 of 13:
    5   m 7 e
    6   m 3 e
>>> 7   m 23 n
    8   m 20 w
    9   m 17 w


Turn 238
================================================================
warning: entity 1 was directed to use 3 halite to move west, but only 1 halite was available
At command 8 of 15:
    6   m 20 n
    7   m 10 e
>>> 8   m 1 w
    9   m 9 n
    10   m 7 w


Turn 240
================================================================
warning: entity 27 was directed to use 1 halite to move east, but only 0 halite was available
At command 4 of 14:
    2   m 22 o
    3   m 14 w
>>> 4   m 27 e
    5   m 3 s
    6   m 26 w


Turn 241
================================================================
warning: entity 26 was directed to use 6 halite to move east, but only 2 halite was available
At command 5 of 14:
    3   m 10 w
    4   m 3 e
>>> 5   m 26 e
    6   m 17 w
    7   m 14 w


Turn 242
================================================================
warning: entity 10 was directed to use 6 halite to move north, but only 5 halite was available
At command 8 of 14:
    6   m 12 s
    7   m 14 o
>>> 8   m 10 n
    9   m 22 o
    10   m 27 n


Turn 246
================================================================
warning: entity 23 was directed to use 7 halite to move north, but only 3 halite was available
At command 8 of 14:
    6   m 12 e
    7   m 10 w
>>> 8   m 23 n
    9   m 22 s
    10   m 1 o


Turn 248
================================================================
warning: entity 16 was directed to use 2 halite to move north, but only 0 halite was available
At command 14 of 15:
    12   m 3 s
    13   m 27 n
>>> 14   m 16 n
    15   m 9 s


Turn 250
================================================================
warning: entity 23 was directed to use 8 halite to move east, but only 2 halite was available
At command 6 of 14:
    4   m 27 s
    5   m 10 n
>>> 6   m 23 e
    7   m 1 w
    8   m 22 s


Turn 254
================================================================
warning: entity 10 was directed to use 8 halite to move north, but only 5 halite was available
At command 9 of 14:
    7   m 7 s
    8   m 12 s
>>> 9   m 10 n
    10   m 5 e
    11   m 22 w


Turn 255
================================================================
warning: entity 22 was directed to use 1 halite to move south, but only 0 halite was available
At command 12 of 14:
    10   m 12 n
    11   m 7 s
>>> 12   m 22 s
    13   m 20 w
    14   m 3 e


Turn 256
================================================================
warning: entity 27 was directed to use 5 halite to move north, but only 1 halite was available
At command 9 of 14:
    7   m 14 w
    8   m 9 w
>>> 9   m 27 n
    10   m 16 e
    11   m 20 w

warning: entity 16 was directed to use 4 halite to move east, but only 2 halite was available
At command 10 of 14:
    8   m 9 w
    9   m 27 n
>>> 10   m 16 e
    11   m 20 w
    12   m 1 w


Turn 258
================================================================
warning: entity 10 was directed to use 7 halite to move east, but only 6 halite was available
At command 12 of 15:
    10   m 12 n
    11   m 17 s
>>> 12   m 10 e
    13   m 20 n
    14   m 7 o


Turn 259
================================================================
warning: entity 27 was directed to use 5 halite to move east, but only 4 halite was available
At command 11 of 16:
    9   m 9 w
    10   m 5 s
>>> 11   m 27 e
    12   m 16 w
    13   m 12 n


Turn 261
================================================================
warning: entity 14 was directed to use 4 halite to move west, but only 0 halite was available
At command 5 of 16:
    3   m 1 w
    4   m 22 w
>>> 5   m 14 w
    6   m 20 n
    7   m 27 e


Turn 262
================================================================
warning: entity 10 was directed to use 8 halite to move south, but only 7 halite was available
At command 7 of 16:
    5   m 22 n
    6   m 28 s
>>> 7   m 10 s
    8   m 12 e
    9   m 1 w

warning: entity 16 was directed to use 3 halite to move south, but only 1 halite was available
At command 15 of 16:
    13   m 3 s
    14   m 5 w
>>> 15   m 16 s
    16   m 17 n


Turn 263
================================================================
warning: entity 17 was directed to use 3 halite to move south, but only 0 halite was available
At command 9 of 15:
    7   m 22 n
    8   m 20 s
>>> 9   m 17 s
    10   m 14 n
    11   m 28 w

warning: entity 27 was directed to use 8 halite to move east, but only 1 halite was available
At command 14 of 15:
    12   m 1 e
    13   m 12 n
>>> 14   m 27 e
    15   m 5 n


Turn 264
================================================================
warning: entity 22 was directed to use 1 halite to move north, but only 0 halite was available
At command 11 of 16:
    9   m 28 e
    10   m 20 o
>>> 11   m 22 n
    12   m 12 w
    13   m 14 o


Turn 266
================================================================
warning: entity 7 was directed to use 2 halite to move north, but only 0 halite was available
At command 8 of 12:
    6   m 17 e
    7   m 9 w
>>> 8   m 7 n
    9   m 27 n
    10   m 12 e


Turn 268
================================================================
warning: entity 22 was directed to use 2 halite to move east, but only 1 halite was available
At command 12 of 13:
    10   m 17 s
    11   m 20 s
>>> 12   m 22 e
    13   m 27 e

warning: entity 27 was directed to use 9 halite to move east, but only 3 halite was available
At command 13 of 13:
    11   m 20 s
    12   m 22 e
>>> 13   m 27 e


Turn 270
================================================================
warning: entity 28 was directed to use 1 halite to move east, but only 0 halite was available
At command 13 of 14:
    11   m 7 s
    12   m 16 w
>>> 13   m 28 e
    14   m 5 s


Turn 272
================================================================
warning: entity 30 was directed to use 3 halite to move west, but only 1 halite was available
At command 11 of 14:
    9   m 28 w
    10   m 14 e
>>> 11   m 30 w
    12   m 20 e
    13   m 27 n


Turn 273
================================================================
warning: entity 28 was directed to use 1 halite to move south, but only 0 halite was available
At command 6 of 16:
    4   m 9 s
    5   m 5 n
>>> 6   m 28 s
    7   m 14 e
    8   m 22 w


Turn 274
================================================================
warning: entity 27 was directed to use 6 halite to move north, but only 2 halite was available
At command 6 of 15:
    4   m 20 n
    5   m 26 w
>>> 6   m 27 n
    7   m 5 w
    8   m 9 s


Turn 276
================================================================
warning: entity 30 was directed to use 5 halite to move south, but only 3 halite was available
At command 12 of 16:
    10   m 12 w
    11   m 5 w
>>> 12   m 30 s
    13   m 20 e
    14   m 7 e


Turn 277
================================================================
warning: entity 14 was directed to use 2 halite to move south, but only 0 halite was available
At command 15 of 15:
    13   m 7 s
    14   m 16 s
>>> 15   m 14 s


Turn 278
================================================================
warning: entity 27 was directed to use 9 halite to move north, but only 1 halite was available
At command 13 of 14:
    11   m 28 o
    12   m 3 n
>>> 13   m 27 n
    14   m 7 w

warning: entity 7 was directed to use 3 halite to move west, but only 2 halite was available
At command 14 of 14:
    12   m 3 n
    13   m 27 n
>>> 14   m 7 w


Turn 282
================================================================
warning: entity 28 was directed to use 8 halite to move east, but only 1 halite was available
At command 10 of 15:
    8   m 20 o
    9   m 12 e
>>> 10   m 28 e
    11   m 30 n
    12   m 1 o

warning: entity 7 was directed to use 6 halite to move east, but only 3 halite was available
At command 15 of 15:
    13   m 9 s
    14   m 27 w
>>> 15   m 7 e


Turn 283
================================================================
warning: entity 27 was directed to use 3 halite to move north, but only 2 halite was available
At command 17 of 17:
    15   m 12 o
    16   m 30 w
>>> 17   m 27 n


Turn 286
================================================================
warning: entity 28 was directed to use 9 halite to move east, but only 3 halite was available
At command 4 of 18:
    2   m 12 o
    3   m 20 e
>>> 4   m 28 e
    5   m 30 n
    6   m 22 o

warning: entity 27 was directed to use 9 halite to move north, but only 6 halite was available
At command 13 of 18:
    11   m 1 o
    12   m 23 e
>>> 13   m 27 n
    14   m 14 e
    15   m 3 e

warning: entity 10 was directed to use 2 halite to move north, but only 0 halite was available
At command 16 of 18:
    14   m 14 e
    15   m 3 e
>>> 16   m 10 n
    17   m 7 n
    18   g


Turn 290
================================================================
warning: entity 7 was directed to use 1 halite to move north, but only 0 halite was available
At command 8 of 17:
    6   m 3 e
    7   m 20 s
>>> 8   m 7 n
    9   m 22 e
    10   m 17 w


Turn 291
================================================================
warning: entity 28 was directed to use 6 halite to move west, but only 3 halite was available
At command 6 of 16:
    4   m 7 e
    5   m 16 s
>>> 6   m 28 w
    7   m 22 w
    8   m 23 e


Turn 293
================================================================
warning: entity 7 was directed to use 6 halite to move east, but only 0 halite was available
At command 10 of 18:
    8   m 5 n
    9   m 10 w
>>> 10   m 7 e
    11   m 16 e
    12   m 22 s


Turn 294
================================================================
warning: entity 32 was directed to use 2 halite to move north, but only 0 halite was available
At command 15 of 18:
    13   m 17 e
    14   m 22 o
>>> 15   m 32 n
    16   m 23 o
    17   m 27 s

warning: entity 27 was directed to use 8 halite to move south, but only 7 halite was available
At command 17 of 18:
    15   m 32 n
    16   m 23 o
>>> 17   m 27 s
    18   m 14 s


Turn 296
================================================================
warning: entity 14 was directed to use 4 halite to move east, but only 3 halite was available
At command 12 of 17:
    10   m 1 w
    11   m 32 w
>>> 12   m 14 e
    13   m 27 w
    14   m 30 w


Turn 298
================================================================
warning: entity 22 was directed to use 1 halite to move east, but only 0 halite was available
At command 8 of 15:
    6   m 5 e
    7   m 12 w
>>> 8   m 22 e
    9   m 28 e
    10   m 16 o


Turn 299
================================================================
warning: entity 32 was directed to use 6 halite to move east, but only 2 halite was available
At command 12 of 16:
    10   m 14 e
    11   m 5 w
>>> 12   m 32 e
    13   m 1 w
    14   m 27 o


Turn 302
================================================================
warning: entity 22 was directed to use 6 halite to move south, but only 1 halite was available
At command 7 of 16:
    5   m 26 s
    6   m 28 s
>>> 7   m 22 s
    8   m 27 n
    9   m 23 n

warning: entity 32 was directed to use 8 halite to move east, but only 6 halite was available
At command 13 of 16:
    11   m 9 n
    12   m 3 e
>>> 13   m 32 e
    14   m 16 e
    15   m 14 n


Turn 304
================================================================
warning: entity 30 was directed to use 5 halite to move south, but only 4 halite was available
At command 7 of 16:
    5   m 10 e
    6   m 23 n
>>> 7   m 30 s
    8   m 1 w
    9   m 22 w

warning: entity 28 was directed to use 7 halite to move north, but only 0 halite was available
At command 13 of 16:
    11   m 9 e
    12   m 5 e
>>> 13   m 28 n
    14   m 27 n
    15   m 3 n

warning: entity 27 was directed to use 5 halite to move north, but only 0 halite was available
At command 14 of 16:
    12   m 5 e
    13   m 28 n
>>> 14   m 27 n
    15   m 3 n
    16   m 14 n


Turn 305
================================================================
warning: entity 23 was directed to use 1 halite to move west, but only 0 halite was available
At command 10 of 15:
    8   m 17 s
    9   m 10 e
>>> 10   m 23 w
    11   m 1 w
    12   m 32 s


Turn 306
================================================================
warning: entity 14 was directed to use 7 halite to move south, but only 5 halite was available
At command 15 of 15:
    13   m 10 s
    14   m 32 w
>>> 15   m 14 s


Turn 307
================================================================
warning: entity 27 was directed to use 9 halite to move north, but only 4 halite was available
At command 13 of 15:
    11   m 30 n
    12   m 1 e
>>> 13   m 27 n
    14   m 9 w
    15   m 22 e


Turn 308
================================================================
warning: entity 30 was directed to use 4 halite to move east, but only 3 halite was available
At command 8 of 15:
    6   m 10 n
    7   m 9 s
>>> 8   m 30 e
    9   m 12 n
    10   m 14 s

warning: entity 22 was directed to use 6 halite to move east, but only 1 halite was available
At command 15 of 15:
    13   m 23 n
    14   m 1 e
>>> 15   m 22 e


Turn 309
================================================================
warning: entity 23 was directed to use 7 halite to move east, but only 3 halite was available
At command 7 of 15:
    5   m 1 s
    6   m 28 e
>>> 7   m 23 e
    8   m 12 w
    9   m 3 n


Turn 312
================================================================
warning: entity 10 was directed to use 3 halite to move east, but only 0 halite was available
At command 14 of 16:
    12   m 20 w
    13   m 30 n
>>> 14   m 10 e
    15   m 22 w
    16   m 14 n


Turn 313
================================================================
warning: entity 28 was directed to use 9 halite to move west, but only 3 halite was available
At command 7 of 15:
    5   m 26 n
    6   m 27 e
>>> 7   m 28 w
    8   m 23 n
    9   m 12 n

warning: entity 30 was directed to use 6 halite to move south, but only 0 halite was available
At command 13 of 15:
    11   m 1 s
    12   m 7 e
>>> 13   m 30 s
    14   m 22 e
    15   m 14 e

warning: entity 22 was directed to use 3 halite to move east, but only 0 halite was available
At command 14 of 15:
    12   m 7 e
    13   m 30 s
>>> 14   m 22 e
    15   m 14 e


Turn 316
================================================================
warning: entity 22 was directed to use 5 halite to move south, but only 1 halite was available
At command 5 of 16:
    3   m 32 e
    4   m 10 e
>>> 5   m 22 s
    6   m 16 e
    7   m 5 w


Turn 319
================================================================
warning: entity 22 was directed to use 9 halite to move north, but only 6 halite was available
At command 5 of 15:
    3   m 14 e
    4   m 10 n
>>> 5   m 22 n
    6   m 23 e
    7   m 12 e


Turn 320
================================================================
warning: entity 10 was directed to use 4 halite to move south, but only 2 halite was available
At command 3 of 16:
    1   m 27 n
    2   m 22 w
>>> 3   m 10 s
    4   m 30 s
    5   m 17 o


Turn 321
================================================================
warning: entity 14 was directed to use 7 halite to move west, but only 5 halite was available
At command 11 of 15:
    9   m 30 s
    10   m 20 n
>>> 11   m 14 w
    12   m 3 w
    13   m 23 s


Turn 323
================================================================
warning: entity 30 was directed to use 5 halite to move south, but only 2 halite was available
At command 14 of 16:
    12   m 32 e
    13   m 27 s
>>> 14   m 30 s
    15   m 26 n
    16   m 20 w


Turn 326
================================================================
warning: entity 14 was directed to use 5 halite to move east, but only 3 halite was available
At command 5 of 16:
    3   m 32 n
    4   m 5 n
>>> 5   m 14 e
    6   m 16 w
    7   m 26 e


Turn 327
================================================================
warning: entity 30 was directed to use 3 halite to move north, but only 1 halite was available
At command 12 of 16:
    10   m 20 w
    11   m 32 s
>>> 12   m 30 n
    13   m 28 s
    14   m 12 n


Turn 329
================================================================
warning: entity 14 was directed to use 7 halite to move east, but only 6 halite was available
At command 6 of 16:
    4   m 5 n
    5   m 17 o
>>> 6   m 14 e
    7   m 12 n
    8   m 30 o


Turn 333
================================================================
warning: entity 28 was directed to use 6 halite to move west, but only 1 halite was available
At command 12 of 16:
    10   m 10 w
    11   m 5 o
>>> 12   m 28 w
    13   m 9 s
    14   m 32 s


Turn 336
================================================================
warning: entity 3 was directed to use 1 halite to move north, but only 0 halite was available
At command 3 of 14:
    1   m 22 n
    2   m 16 n
>>> 3   m 3 n
    4   m 5 n
    5   m 30 o

warning: entity 14 was directed to use 5 halite to move south, but only 2 halite was available
At command 9 of 14:
    7   m 27 n
    8   m 20 s
>>> 9   m 14 s
    10   m 32 n
    11   m 26 e

warning: entity 32 was directed to use 1 halite to move north, but only 0 halite was available
At command 10 of 14:
    8   m 20 s
    9   m 14 s
>>> 10   m 32 n
    11   m 26 e
    12   m 7 w


Turn 337
================================================================
warning: entity 17 was directed to use 4 halite to move west, but only 3 halite was available
At command 13 of 13:
    11   m 26 o
    12   m 23 o
>>> 13   m 17 w


Turn 340
================================================================
warning: entity 17 was directed to use 7 halite to move east, but only 2 halite was available
At command 12 of 15:
    10   m 27 n
    11   m 10 n
>>> 12   m 17 e
    13   m 3 w
    14   m 5 o


Turn 342
================================================================
warning: entity 14 was directed to use 5 halite to move west, but only 3 halite was available
At command 10 of 14:
    8   m 5 w
    9   m 23 w
>>> 10   m 14 w
    11   m 32 e
    12   m 7 w


Turn 343
================================================================
warning: entity 17 was directed to use 9 halite to move south, but only 7 halite was available
At command 10 of 15:
    8   m 16 n
    9   m 26 s
>>> 10   m 17 s
    11   m 5 w
    12   m 23 w


Turn 344
================================================================
warning: entity 5 was directed to use 1 halite to move east, but only 0 halite was available
At command 10 of 14:
    8   m 9 w
    9   m 7 n
>>> 10   m 5 e
    11   m 30 n
    12   m 16 n


Turn 346
================================================================
warning: entity 3 was directed to use 8 halite to move west, but only 6 halite was available
At command 5 of 12:
    3   m 26 n
    4   m 7 n
>>> 5   m 3 w
    6   m 5 n
    7   m 22 n


Turn 351
================================================================
warning: entity 16 was directed to use 3 halite to move east, but only 0 halite was available
At command 10 of 15:
    8   m 23 e
    9   m 9 n
>>> 10   m 16 e
    11   m 22 n
    12   m 27 w

warning: entity 3 was directed to use 9 halite to move north, but only 0 halite was available
At command 14 of 15:
    12   m 27 w
    13   m 17 o
>>> 14   m 3 n
    15   m 10 n


Turn 356
================================================================
warning: entity 7 was directed to use 3 halite to move west, but only 0 halite was available
At command 3 of 13:
    1   m 10 w
    2   m 20 s
>>> 3   m 7 w
    4   m 26 s
    5   m 32 w


Turn 359
================================================================
warning: entity 16 was directed to use 6 halite to move south, but only 1 halite was available
At command 9 of 12:
    7   m 32 w
    8   m 7 e
>>> 9   m 16 s
    10   m 10 w
    11   m 5 s


Turn 360
================================================================
warning: entity 32 was directed to use 3 halite to move west, but only 0 halite was available
At command 3 of 11:
    1   m 16 s
    2   m 17 s
>>> 3   m 32 w
    4   m 14 e
    5   m 9 n

warning: entity 5 was directed to use 2 halite to move north, but only 0 halite was available
At command 11 of 11:
    9   m 7 w
    10   m 10 n
>>> 11   m 5 n


Turn 363
================================================================
warning: entity 7 was directed to use 3 halite to move north, but only 1 halite was available
At command 3 of 12:
    1   m 22 s
    2   m 26 n
>>> 3   m 7 n
    4   m 23 w
    5   m 17 e

warning: entity 32 was directed to use 7 halite to move south, but only 0 halite was available
At command 8 of 12:
    6   m 9 w
    7   m 27 n
>>> 8   m 32 s
    9   m 30 s
    10   m 16 w


Turn 364
================================================================
warning: entity 17 was directed to use 8 halite to move north, but only 2 halite was available
At command 5 of 12:
    3   m 32 w
    4   m 9 e
>>> 5   m 17 n
    6   m 26 n
    7   m 30 w


Turn 367
================================================================
warning: entity 23 was directed to use 3 halite to move south, but only 1 halite was available
At command 9 of 14:
    7   m 5 w
    8   m 26 n
>>> 9   m 23 s
    10   m 7 s
    11   m 32 n

warning: entity 32 was directed to use 7 halite to move north, but only 2 halite was available
At command 11 of 14:
    9   m 23 s
    10   m 7 s
>>> 11   m 32 n
    12   m 30 s
    13   m 10 w


Turn 368
================================================================
warning: entity 30 was directed to use 5 halite to move north, but only 3 halite was available
At command 9 of 13:
    7   m 5 e
    8   m 9 s
>>> 9   m 30 n
    10   m 26 n
    11   m 7 w

warning: entity 7 was directed to use 8 halite to move west, but only 4 halite was available
At command 11 of 13:
    9   m 30 n
    10   m 26 n
>>> 11   m 7 w
    12   m 10 e
    13   m 16 o


Turn 370
================================================================
warning: entity 9 was directed to use 1 halite to move north, but only 0 halite was available
At command 6 of 13:
    4   m 3 e
    5   m 30 e
>>> 6   m 9 n
    7   m 7 w
    8   m 16 w


Turn 371
================================================================
warning: entity 32 was directed to use 9 halite to move west, but only 3 halite was available
At command 4 of 13:
    2   m 20 n
    3   m 26 n
>>> 4   m 32 w
    5   m 16 n
    6   m 23 w

warning: entity 23 was directed to use 4 halite to move west, but only 1 halite was available
At command 6 of 13:
    4   m 32 w
    5   m 16 n
>>> 6   m 23 w
    7   m 27 s
    8   m 30 n


Turn 372
================================================================
warning: entity 30 was directed to use 5 halite to move south, but only 1 halite was available
At command 10 of 14:
    8   m 20 e
    9   m 16 n
>>> 10   m 30 s
    11   m 27 o
    12   m 7 n


Turn 375
================================================================
warning: entity 7 was directed to use 2 halite to move east, but only 0 halite was available
At command 6 of 13:
    4   m 22 s
    5   m 30 e
>>> 6   m 7 e
    7   m 23 s
    8   m 27 s


Turn 377
================================================================
warning: entity 5 was directed to use 8 halite to move west, but only 7 halite was available
At command 13 of 13:
    11   m 16 n
    12   m 10 s
>>> 13   m 5 w


Turn 378
================================================================
warning: entity 23 was directed to use 7 halite to move west, but only 5 halite was available
At command 4 of 14:
    2   m 5 s
    3   m 20 e
>>> 4   m 23 w
    5   m 26 s
    6   m 17 o

warning: entity 16 was directed to use 2 halite to move east, but only 1 halite was available
At command 14 of 14:
    12   m 3 s
    13   m 10 e
>>> 14   m 16 e


Turn 379
================================================================
warning: entity 7 was directed to use 3 halite to move west, but only 2 halite was available
At command 6 of 14:
    4   m 16 e
    5   m 32 e
>>> 6   m 7 w
    7   m 30 s
    8   m 10 w


Turn 383
================================================================
warning: entity 26 was directed to use 2 halite to move west, but only 0 halite was available
At command 4 of 13:
    2   m 3 s
    3   m 7 o
>>> 4   m 26 w
    5   m 27 n
    6   m 9 s

warning: entity 16 was directed to use 3 halite to move west, but only 0 halite was available
At command 13 of 13:
    11   m 20 o
    12   m 30 s
>>> 13   m 16 w


Turn 384
================================================================
warning: entity 17 was directed to use 2 halite to move north, but only 1 halite was available
At command 13 of 13:
    11   m 10 w
    12   m 22 w
>>> 13   m 17 n


Turn 385
================================================================
warning: entity 26 was directed to use 7 halite to move east, but only 4 halite was available
At command 3 of 13:
    1   m 20 e
    2   m 17 n
>>> 3   m 26 e
    4   m 3 o
    5   m 23 w

warning: entity 16 was directed to use 7 halite to move south, but only 6 halite was available
At command 7 of 13:
    5   m 23 w
    6   m 7 o
>>> 7   m 16 s
    8   m 5 s
    9   m 9 s


Turn 386
================================================================
warning: entity 5 was directed to use 2 halite to move north, but only 1 halite was available
At command 8 of 13:
    6   m 23 n
    7   m 22 n
>>> 8   m 5 n
    9   m 20 e
    10   m 17 n


Turn 392
================================================================
warning: entity 9 was directed to use 2 halite to move north, but only 0 halite was available
At command 10 of 14:
    8   m 32 s
    9   m 16 s
>>> 10   m 9 n
    11   m 3 s
    12   m 22 w


Turn 393
================================================================
warning: entity 27 was directed to use 1 halite to move west, but only 0 halite was available
At command 9 of 14:
    7   m 17 e
    8   m 20 n
>>> 9   m 27 w
    10   m 30 w
    11   m 16 o


Turn 394
================================================================
warning: entity 23 was directed to use 9 halite to move south, but only 4 halite was available
At command 12 of 14:
    10   m 3 s
    11   m 17 o
>>> 12   m 23 s
    13   m 22 s
    14   m 7 n


Turn 395
================================================================
warning: entity 30 was directed to use 1 halite to move north, but only 0 halite was available
At command 4 of 13:
    2   m 17 e
    3   m 23 n
>>> 4   m 30 n
    5   m 16 s
    6   m 7 w


Turn 396
================================================================
warning: entity 27 was directed to use 5 halite to move north, but only 3 halite was available
At command 10 of 13:
    8   m 9 e
    9   m 17 e
>>> 10   m 27 n
    11   m 20 w
    12   m 5 n


Turn 397
================================================================
warning: entity 26 was directed to use 5 halite to move south, but only 0 halite was available
At command 5 of 14:
    3   m 9 n
    4   m 7 s
>>> 5   m 26 s
    6   m 30 o
    7   m 20 s

warning: entity 3 was directed to use 6 halite to move north, but only 5 halite was available
At command 8 of 14:
    6   m 30 o
    7   m 20 s
>>> 8   m 3 n
    9   m 23 s
    10   m 32 n


Turn 399
================================================================
warning: entity 23 was directed to use 8 halite to move east, but only 4 halite was available
At command 10 of 14:
    8   m 17 n
    9   m 32 w
>>> 10   m 23 e
    11   m 27 s
    12   m 7 n


Turn 400
================================================================
warning: entity 26 was directed to use 6 halite to move west, but only 3 halite was available
At command 3 of 14:
    1   m 23 n
    2   m 20 e
>>> 3   m 26 w
    4   m 30 w
    5   m 16 s

