
Turn 3
================================================================
warning: entity 1 was directed to use 4 halite to move south, but only 0 halite was available
At command 1 of 1:
>>> 1   m 1 s


Turn 6
================================================================
warning: entity 3 was directed to use 1 halite to move west, but only 0 halite was available
At command 1 of 2:
>>> 1   m 3 w
    2   g


Turn 9
================================================================
warning: entity 5 was directed to use 3 halite to move west, but only 0 halite was available
At command 1 of 3:
>>> 1   m 5 w
    2   m 1 e
    3   m 3 n


Turn 11
================================================================
warning: entity 5 was directed to use 8 halite to move south, but only 7 halite was available
At command 1 of 4:
>>> 1   m 5 s
    2   m 1 n
    3   m 3 n

warning: entity 3 was directed to use 4 halite to move north, but only 0 halite was available
At command 3 of 4:
    1   m 5 s
    2   m 1 n
>>> 3   m 3 n
    4   g


Turn 15
================================================================
warning: entity 7 was directed to use 9 halite to move north, but only 5 halite was available
At command 1 of 4:
>>> 1   m 7 n
    2   m 9 s
    3   m 1 w


Turn 16
================================================================
warning: entity 9 was directed to use 1 halite to move east, but only 0 halite was available
At command 3 of 5:
    1   m 5 w
    2   m 7 o
>>> 3   m 9 e
    4   m 1 s
    5   m 3 e


Turn 20
================================================================
warning: entity 3 was directed to use 5 halite to move north, but only 3 halite was available
At command 5 of 5:
    3   m 9 n
    4   m 7 w
>>> 5   m 3 n


Turn 23
================================================================
warning: entity 9 was directed to use 1 halite to move north, but only 0 halite was available
At command 1 of 4:
>>> 1   m 9 n
    2   m 7 e
    3   m 5 s


Turn 26
================================================================
warning: entity 9 was directed to use 6 halite to move north, but only 3 halite was available
At command 1 of 4:
>>> 1   m 9 n
    2   m 3 n
    3   m 7 s

warning: entity 3 was directed to use 7 halite to move north, but only 4 halite was available
At command 2 of 4:
    1   m 9 n
>>> 2   m 3 n
    3   m 7 s
    4   m 5 n

warning: entity 7 was directed to use 1 halite to move south, but only 0 halite was available
At command 3 of 4:
    1   m 9 n
    2   m 3 n
>>> 3   m 7 s
    4   m 5 n


Turn 29
================================================================
warning: entity 7 was directed to use 2 halite to move south, but only 0 halite was available
At command 4 of 5:
    2   m 1 n
    3   m 3 s
>>> 4   m 7 s
    5   m 5 o


Turn 31
================================================================
warning: entity 7 was directed to use 6 halite to move north, but only 4 halite was available
At command 1 of 3:
>>> 1   m 7 n
    2   m 5 w
    3   m 3 e


Turn 43
================================================================
warning: entity 7 was directed to use 6 halite to move east, but only 3 halite was available
At command 5 of 5:
    3   m 3 n
    4   m 5 s
>>> 5   m 7 e


Turn 48
================================================================
warning: entity 7 was directed to use 5 halite to move south, but only 4 halite was available
At command 4 of 5:
    2   m 9 n
    3   m 1 w
>>> 4   m 7 s
    5   m 3 s


Turn 50
================================================================
warning: entity 3 was directed to use 6 halite to move north, but only 5 halite was available
At command 3 of 4:
    1   m 1 n
    2   m 9 n
>>> 3   m 3 n
    4   m 7 w


Turn 51
================================================================
warning: entity 9 was directed to use 4 halite to move west, but only 0 halite was available
At command 3 of 5:
    1   m 3 s
    2   m 5 n
>>> 3   m 9 w
    4   m 1 s
    5   m 7 w


Turn 54
================================================================
warning: entity 9 was directed to use 9 halite to move west, but only 1 halite was available
At command 4 of 5:
    2   m 3 e
    3   m 1 s
>>> 4   m 9 w
    5   m 5 n


Turn 58
================================================================
warning: entity 9 was directed to use 8 halite to move south, but only 5 halite was available
At command 2 of 5:
    1   m 1 e
>>> 2   m 9 s
    3   m 3 s
    4   m 7 n


Turn 59
================================================================
warning: entity 3 was directed to use 5 halite to move north, but only 1 halite was available
At command 3 of 4:
    1   m 1 s
    2   m 9 s
>>> 3   m 3 n
    4   m 5 w


Turn 64
================================================================
warning: entity 3 was directed to use 3 halite to move west, but only 2 halite was available
At command 5 of 5:
    3   m 1 s
    4   m 9 n
>>> 5   m 3 w


Turn 65
================================================================
warning: entity 9 was directed to use 5 halite to move west, but only 3 halite was available
At command 3 of 4:
    1   m 3 s
    2   m 1 n
>>> 3   m 9 w
    4   m 5 w


Turn 72
================================================================
warning: entity 9 was directed to use 2 halite to move north, but only 1 halite was available
At command 2 of 3:
    1   m 7 w
>>> 2   m 9 n
    3   m 1 w


Turn 77
================================================================
warning: entity 9 was directed to use 1 halite to move south, but only 0 halite was available
At command 1 of 3:
>>> 1   m 9 s
    2   m 1 s
    3   m 7 n


Turn 80
================================================================
warning: entity 9 was directed to use 4 halite to move north, but only 2 halite was available
At command 2 of 3:
    1   m 3 w
>>> 2   m 9 n
    3   m 5 s


Turn 85
================================================================
warning: entity 9 was directed to use 4 halite to move south, but only 3 halite was available
At command 3 of 5:
    1   m 5 w
    2   m 1 w
>>> 3   m 9 s
    4   m 7 s
    5   m 3 w


Turn 90
================================================================
warning: entity 9 was directed to use 6 halite to move north, but only 0 halite was available
At command 1 of 3:
>>> 1   m 9 n
    2   m 1 w
    3   m 7 n


Turn 93
================================================================
warning: entity 9 was directed to use 8 halite to move south, but only 6 halite was available
At command 1 of 5:
>>> 1   m 9 s
    2   m 1 w
    3   m 7 n


Turn 94
================================================================
warning: entity 7 was directed to use 7 halite to move north, but only 3 halite was available
At command 3 of 5:
    1   m 1 w
    2   m 9 n
>>> 3   m 7 n
    4   m 3 s
    5   m 5 s


Turn 97
================================================================
warning: entity 9 was directed to use 8 halite to move west, but only 4 halite was available
At command 2 of 4:
    1   m 1 n
>>> 2   m 9 w
    3   m 5 e
    4   m 7 o


Turn 101
================================================================
warning: entity 9 was directed to use 6 halite to move north, but only 5 halite was available
At command 3 of 5:
    1   m 5 e
    2   m 1 n
>>> 3   m 9 n
    4   m 7 s
    5   m 3 w

warning: entity 7 was directed to use 9 halite to move south, but only 1 halite was available
At command 4 of 5:
    2   m 1 n
    3   m 9 n
>>> 4   m 7 s
    5   m 3 w


Turn 103
================================================================
warning: entity 1 was directed to use 1 halite to move east, but only 0 halite was available
At command 2 of 5:
    1   m 9 w
>>> 2   m 1 e
    3   m 5 s
    4   m 7 e


Turn 106
================================================================
warning: entity 1 was directed to use 4 halite to move south, but only 1 halite was available
At command 3 of 5:
    1   m 11 w
    2   m 3 w
>>> 3   m 1 s
    4   m 9 e
    5   m 5 w


Turn 111
================================================================
warning: entity 1 was directed to use 3 halite to move west, but only 0 halite was available
At command 2 of 6:
    1   m 9 s
>>> 2   m 1 w
    3   m 3 s
    4   m 11 s

warning: entity 11 was directed to use 4 halite to move south, but only 0 halite was available
At command 4 of 6:
    2   m 1 w
    3   m 3 s
>>> 4   m 11 s
    5   m 5 n
    6   m 7 w


Turn 112
================================================================
warning: entity 9 was directed to use 3 halite to move south, but only 1 halite was available
At command 1 of 5:
>>> 1   m 9 s
    2   m 1 s
    3   m 3 o


Turn 115
================================================================
warning: entity 11 was directed to use 1 halite to move east, but only 0 halite was available
At command 3 of 6:
    1   m 7 n
    2   m 3 e
>>> 3   m 11 e
    4   m 9 e
    5   m 1 s

warning: entity 9 was directed to use 5 halite to move east, but only 3 halite was available
At command 4 of 6:
    2   m 3 e
    3   m 11 e
>>> 4   m 9 e
    5   m 1 s
    6   m 5 e

warning: entity 1 was directed to use 6 halite to move south, but only 0 halite was available
At command 5 of 6:
    3   m 11 e
    4   m 9 e
>>> 5   m 1 s
    6   m 5 e


Turn 118
================================================================
warning: entity 1 was directed to use 9 halite to move south, but only 4 halite was available
At command 5 of 6:
    3   m 7 n
    4   m 9 w
>>> 5   m 1 s
    6   m 5 w


Turn 119
================================================================
warning: entity 11 was directed to use 4 halite to move north, but only 0 halite was available
At command 4 of 6:
    2   m 1 s
    3   m 3 n
>>> 4   m 11 n
    5   m 5 w
    6   m 7 s


Turn 120
================================================================
warning: entity 9 was directed to use 3 halite to move east, but only 0 halite was available
At command 4 of 5:
    2   m 11 n
    3   m 7 s
>>> 4   m 9 e
    5   m 1 w


Turn 123
================================================================
warning: entity 1 was directed to use 9 halite to move north, but only 1 halite was available
At command 2 of 6:
    1   m 9 s
>>> 2   m 1 n
    3   m 7 s
    4   m 3 e


Turn 124
================================================================
warning: entity 9 was directed to use 7 halite to move north, but only 0 halite was available
At command 1 of 6:
>>> 1   m 9 n
    2   m 1 n
    3   m 7 s

warning: entity 7 was directed to use 9 halite to move south, but only 6 halite was available
At command 3 of 6:
    1   m 9 n
    2   m 1 n
>>> 3   m 7 s
    4   m 5 n
    5   m 3 e

warning: entity 11 was directed to use 3 halite to move north, but only 1 halite was available
At command 6 of 6:
    4   m 5 n
    5   m 3 e
>>> 6   m 11 n


Turn 128
================================================================
warning: entity 11 was directed to use 1 halite to move north, but only 0 halite was available
At command 3 of 6:
    1   m 5 s
    2   m 3 w
>>> 3   m 11 n
    4   m 1 w
    5   m 9 s


Turn 129
================================================================
warning: entity 1 was directed to use 5 halite to move west, but only 1 halite was available
At command 3 of 5:
    1   m 3 s
    2   m 11 s
>>> 3   m 1 w
    4   m 5 n
    5   m 7 n


Turn 133
================================================================
warning: entity 7 was directed to use 8 halite to move north, but only 0 halite was available
At command 2 of 4:
    1   m 11 n
>>> 2   m 7 n
    3   m 9 e
    4   m 1 s


Turn 135
================================================================
warning: entity 11 was directed to use 1 halite to move south, but only 0 halite was available
At command 1 of 5:
>>> 1   m 11 s
    2   m 5 w
    3   m 7 w


Turn 137
================================================================
warning: entity 1 was directed to use 8 halite to move south, but only 4 halite was available
At command 5 of 5:
    3   m 5 s
    4   m 7 s
>>> 5   m 1 s


Turn 138
================================================================
warning: entity 7 was directed to use 3 halite to move north, but only 2 halite was available
At command 5 of 5:
    3   m 3 w
    4   m 11 e
>>> 5   m 7 n


Turn 141
================================================================
warning: entity 11 was directed to use 2 halite to move south, but only 0 halite was available
At command 3 of 3:
    1   m 7 w
    2   m 1 e
>>> 3   m 11 s


Turn 142
================================================================
warning: entity 1 was directed to use 8 halite to move south, but only 0 halite was available
At command 1 of 4:
>>> 1   m 1 s
    2   m 11 e
    3   m 3 w


Turn 144
================================================================
warning: entity 11 was directed to use 2 halite to move north, but only 0 halite was available
At command 4 of 5:
    2   m 1 n
    3   m 7 w
>>> 4   m 11 n
    5   m 3 o


Turn 145
================================================================
warning: entity 1 was directed to use 6 halite to move south, but only 5 halite was available
At command 1 of 5:
>>> 1   m 1 s
    2   m 9 e
    3   m 11 s


Turn 148
================================================================
warning: entity 11 was directed to use 8 halite to move south, but only 2 halite was available
At command 6 of 6:
    4   m 9 n
    5   m 3 n
>>> 6   m 11 s


Turn 150
================================================================
warning: entity 1 was directed to use 7 halite to move east, but only 0 halite was available
At command 4 of 6:
    2   m 11 n
    3   m 9 s
>>> 4   m 1 e
    5   m 7 w
    6   m 5 n

warning: entity 7 was directed to use 9 halite to move west, but only 1 halite was available
At command 5 of 6:
    3   m 9 s
    4   m 1 e
>>> 5   m 7 w
    6   m 5 n


Turn 154
================================================================
warning: entity 7 was directed to use 9 halite to move east, but only 3 halite was available
At command 6 of 6:
    4   m 11 n
    5   m 3 e
>>> 6   m 7 e


Turn 155
================================================================
warning: entity 11 was directed to use 5 halite to move south, but only 1 halite was available
At command 6 of 6:
    4   m 1 s
    5   m 3 w
>>> 6   m 11 s


Turn 158
================================================================
warning: entity 11 was directed to use 3 halite to move east, but only 2 halite was available
At command 3 of 4:
    1   m 5 n
    2   m 1 w
>>> 3   m 11 e
    4   m 3 w


Turn 161
================================================================
warning: entity 1 was directed to use 4 halite to move west, but only 2 halite was available
At command 2 of 5:
    1   m 7 w
>>> 2   m 1 w
    3   m 5 n
    4   m 11 s


Turn 163
================================================================
warning: entity 11 was directed to use 3 halite to move west, but only 2 halite was available
At command 1 of 5:
>>> 1   m 11 w
    2   m 3 n
    3   m 9 w

warning: entity 3 was directed to use 1 halite to move north, but only 0 halite was available
At command 2 of 5:
    1   m 11 w
>>> 2   m 3 n
    3   m 9 w
    4   m 1 s


Turn 165
================================================================
warning: entity 3 was directed to use 4 halite to move west, but only 3 halite was available
At command 6 of 6:
    4   m 9 e
    5   m 11 s
>>> 6   m 3 w


Turn 166
================================================================
warning: entity 11 was directed to use 6 halite to move east, but only 4 halite was available
At command 2 of 5:
    1   m 9 e
>>> 2   m 11 e
    3   m 3 n
    4   m 5 w


Turn 168
================================================================
warning: entity 5 was directed to use 1 halite to move west, but only 0 halite was available
At command 5 of 5:
    3   m 9 n
    4   m 13 e
>>> 5   m 5 w


Turn 172
================================================================
warning: entity 5 was directed to use 9 halite to move east, but only 2 halite was available
At command 4 of 7:
    2   m 1 s
    3   m 13 s
>>> 4   m 5 e
    5   m 7 s
    6   m 11 n


Turn 173
================================================================
warning: entity 3 was directed to use 2 halite to move north, but only 1 halite was available
At command 3 of 6:
    1   m 13 n
    2   m 5 w
>>> 3   m 3 n
    4   m 11 n
    5   m 9 o


Turn 174
================================================================
warning: entity 11 was directed to use 5 halite to move east, but only 2 halite was available
At command 1 of 6:
>>> 1   m 11 e
    2   m 3 e
    3   m 1 w


Turn 178
================================================================
warning: entity 11 was directed to use 5 halite to move south, but only 3 halite was available
At command 4 of 5:
    2   m 5 n
    3   m 9 n
>>> 4   m 11 s
    5   m 3 n


Turn 180
================================================================
warning: entity 3 was directed to use 2 halite to move west, but only 0 halite was available
At command 4 of 7:
    2   m 1 e
    3   m 11 e
>>> 4   m 3 w
    5   m 13 w
    6   m 5 w


Turn 182
================================================================
warning: entity 3 was directed to use 8 halite to move west, but only 6 halite was available
At command 2 of 7:
    1   m 11 n
>>> 2   m 3 w
    3   m 13 e
    4   m 5 e


Turn 184
================================================================
warning: entity 11 was directed to use 6 halite to move west, but only 4 halite was available
At command 1 of 6:
>>> 1   m 11 w
    2   m 3 w
    3   m 13 e


Turn 188
================================================================
warning: entity 3 was directed to use 7 halite to move north, but only 2 halite was available
At command 3 of 5:
    1   m 9 n
    2   m 13 e
>>> 3   m 3 n
    4   m 11 s
    5   m 7 s


Turn 189
================================================================
warning: entity 13 was directed to use 1 halite to move east, but only 0 halite was available
At command 2 of 5:
    1   m 9 n
>>> 2   m 13 e
    3   m 11 s
    4   m 3 s


Turn 195
================================================================
warning: entity 13 was directed to use 3 halite to move east, but only 0 halite was available
At command 6 of 7:
    4   m 11 o
    5   m 3 n
>>> 6   m 13 e
    7   m 5 s


Turn 197
================================================================
warning: entity 13 was directed to use 8 halite to move south, but only 6 halite was available
At command 1 of 6:
>>> 1   m 13 s
    2   m 5 s
    3   m 1 n


Turn 198
================================================================
warning: entity 3 was directed to use 6 halite to move north, but only 1 halite was available
At command 3 of 5:
    1   m 13 s
    2   m 11 s
>>> 3   m 3 n
    4   m 9 n
    5   m 1 n


Turn 202
================================================================
warning: entity 13 was directed to use 7 halite to move south, but only 5 halite was available
At command 4 of 7:
    2   m 11 o
    3   m 5 e
>>> 4   m 13 s
    5   m 9 e
    6   m 1 n


Turn 206
================================================================
warning: entity 1 was directed to use 1 halite to move south, but only 0 halite was available
At command 3 of 7:
    1   m 13 e
    2   m 5 n
>>> 3   m 1 s
    4   m 9 e
    5   m 7 n


Turn 209
================================================================
warning: entity 13 was directed to use 4 halite to move east, but only 0 halite was available
At command 2 of 7:
    1   m 5 e
>>> 2   m 13 e
    3   m 9 s
    4   m 1 e

warning: entity 9 was directed to use 2 halite to move south, but only 0 halite was available
At command 3 of 7:
    1   m 5 e
    2   m 13 e
>>> 3   m 9 s
    4   m 1 e
    5   m 7 s

warning: entity 1 was directed to use 8 halite to move east, but only 2 halite was available
At command 4 of 7:
    2   m 13 e
    3   m 9 s
>>> 4   m 1 e
    5   m 7 s
    6   m 11 w


Turn 213
================================================================
warning: entity 1 was directed to use 7 halite to move south, but only 3 halite was available
At command 7 of 8:
    5   m 13 e
    6   m 9 n
>>> 7   m 1 s
    8   m 16 n


Turn 214
================================================================
warning: entity 5 was directed to use 1 halite to move south, but only 0 halite was available
At command 6 of 8:
    4   m 9 s
    5   m 1 e
>>> 6   m 5 s
    7   m 13 e
    8   m 16 w


Turn 215
================================================================
warning: entity 13 was directed to use 4 halite to move west, but only 2 halite was available
At command 2 of 8:
    1   m 7 s
>>> 2   m 13 w
    3   m 5 e
    4   m 3 e

warning: entity 3 was directed to use 4 halite to move east, but only 2 halite was available
At command 4 of 8:
    2   m 13 w
    3   m 5 e
>>> 4   m 3 e
    5   m 11 o
    6   m 9 e

warning: entity 16 was directed to use 2 halite to move west, but only 0 halite was available
At command 8 of 8:
    6   m 9 e
    7   m 1 w
>>> 8   m 16 w


Turn 217
================================================================
warning: entity 1 was directed to use 9 halite to move north, but only 7 halite was available
At command 3 of 8:
    1   m 3 e
    2   m 11 e
>>> 3   m 1 n
    4   m 9 s
    5   m 5 n

warning: entity 5 was directed to use 5 halite to move north, but only 1 halite was available
At command 5 of 8:
    3   m 1 n
    4   m 9 s
>>> 5   m 5 n
    6   m 13 s
    7   m 16 e


Turn 218
================================================================
warning: entity 13 was directed to use 9 halite to move south, but only 3 halite was available
At command 3 of 8:
    1   m 9 s
    2   m 1 n
>>> 3   m 13 s
    4   m 5 n
    5   m 7 o


Turn 219
================================================================
warning: entity 3 was directed to use 6 halite to move south, but only 2 halite was available
At command 4 of 8:
    2   m 13 o
    3   m 7 o
>>> 4   m 3 s
    5   m 11 w
    6   m 16 o

warning: entity 9 was directed to use 7 halite to move east, but only 1 halite was available
At command 8 of 8:
    6   m 16 o
    7   m 1 n
>>> 8   m 9 e


Turn 223
================================================================
warning: entity 1 was directed to use 4 halite to move east, but only 2 halite was available
At command 3 of 8:
    1   m 7 o
    2   m 16 s
>>> 3   m 1 e
    4   m 9 e
    5   m 5 w


Turn 224
================================================================
warning: entity 9 was directed to use 1 halite to move west, but only 0 halite was available
At command 2 of 8:
    1   m 7 s
>>> 2   m 9 w
    3   m 1 n
    4   m 16 w


Turn 225
================================================================
warning: entity 5 was directed to use 4 halite to move south, but only 0 halite was available
At command 4 of 8:
    2   m 9 e
    3   m 13 w
>>> 4   m 5 s
    5   m 16 s
    6   m 7 n


Turn 226
================================================================
warning: entity 16 was directed to use 4 halite to move south, but only 0 halite was available
At command 6 of 8:
    4   m 9 e
    5   m 1 w
>>> 6   m 16 s
    7   m 11 n
    8   m 3 e

warning: entity 3 was directed to use 3 halite to move east, but only 2 halite was available
At command 8 of 8:
    6   m 16 s
    7   m 11 n
>>> 8   m 3 e


Turn 227
================================================================
warning: entity 9 was directed to use 3 halite to move north, but only 1 halite was available
At command 5 of 8:
    3   m 3 w
    4   m 1 w
>>> 5   m 9 n
    6   m 5 s
    7   m 13 n


Turn 228
================================================================
warning: entity 1 was directed to use 1 halite to move west, but only 0 halite was available
At command 1 of 8:
>>> 1   m 1 w
    2   m 9 e
    3   m 16 s

warning: entity 5 was directed to use 5 halite to move south, but only 4 halite was available
At command 5 of 8:
    3   m 16 s
    4   m 13 s
>>> 5   m 5 s
    6   m 3 e
    7   m 11 n


Turn 230
================================================================
warning: entity 1 was directed to use 6 halite to move east, but only 3 halite was available
At command 1 of 8:
>>> 1   m 1 e
    2   m 9 s
    3   m 16 e

warning: entity 13 was directed to use 6 halite to move west, but only 3 halite was available
At command 5 of 8:
    3   m 16 e
    4   m 5 n
>>> 5   m 13 w
    6   m 3 e
    7   m 11 w


Turn 231
================================================================
warning: entity 9 was directed to use 5 halite to move east, but only 3 halite was available
At command 1 of 8:
>>> 1   m 9 e
    2   m 1 o
    3   m 5 s

warning: entity 3 was directed to use 5 halite to move west, but only 0 halite was available
At command 7 of 8:
    5   m 16 s
    6   m 11 w
>>> 7   m 3 w
    8   m 7 s


Turn 232
================================================================
warning: entity 16 was directed to use 9 halite to move north, but only 1 halite was available
At command 5 of 9:
    3   m 11 e
    4   m 3 w
>>> 5   m 16 n
    6   m 5 n
    7   m 13 e

warning: entity 5 was directed to use 8 halite to move north, but only 3 halite was available
At command 6 of 9:
    4   m 3 w
    5   m 16 n
>>> 6   m 5 n
    7   m 13 e
    8   m 7 w


Turn 234
================================================================
warning: entity 7 was directed to use 1 halite to move south, but only 0 halite was available
At command 9 of 9:
    7   m 3 w
    8   m 11 e
>>> 9   m 7 s


Turn 235
================================================================
warning: entity 17 was directed to use 2 halite to move east, but only 0 halite was available
At command 3 of 9:
    1   m 7 s
    2   m 1 e
>>> 3   m 17 e
    4   m 9 s
    5   m 16 w

warning: entity 13 was directed to use 5 halite to move south, but only 3 halite was available
At command 6 of 9:
    4   m 9 s
    5   m 16 w
>>> 6   m 13 s
    7   m 5 w
    8   m 3 n


Turn 236
================================================================
warning: entity 9 was directed to use 9 halite to move east, but only 6 halite was available
At command 7 of 9:
    5   m 7 o
    6   m 1 e
>>> 7   m 9 e
    8   m 5 n
    9   m 3 s


Turn 237
================================================================
warning: entity 16 was directed to use 7 halite to move west, but only 2 halite was available
At command 4 of 9:
    2   m 9 s
    3   m 17 e
>>> 4   m 16 w
    5   m 13 w
    6   m 11 n

warning: entity 5 was directed to use 2 halite to move west, but only 1 halite was available
At command 8 of 9:
    6   m 11 n
    7   m 1 n
>>> 8   m 5 w
    9   m 3 n

warning: entity 3 was directed to use 2 halite to move north, but only 0 halite was available
At command 9 of 9:
    7   m 1 n
    8   m 5 w
>>> 9   m 3 n


Turn 239
================================================================
warning: entity 13 was directed to use 7 halite to move east, but only 0 halite was available
At command 6 of 8:
    4   m 5 n
    5   m 3 s
>>> 6   m 13 e
    7   m 17 e
    8   m 11 n


Turn 240
================================================================
warning: entity 17 was directed to use 2 halite to move east, but only 1 halite was available
At command 6 of 7:
    4   m 5 e
    5   m 3 o
>>> 6   m 17 e
    7   m 11 e


Turn 241
================================================================
warning: entity 16 was directed to use 6 halite to move east, but only 4 halite was available
At command 5 of 8:
    3   m 17 e
    4   m 13 w
>>> 5   m 16 e
    6   m 7 e
    7   m 5 e

warning: entity 5 was directed to use 3 halite to move east, but only 1 halite was available
At command 7 of 8:
    5   m 16 e
    6   m 7 e
>>> 7   m 5 e
    8   m 11 e


Turn 243
================================================================
warning: entity 17 was directed to use 5 halite to move west, but only 1 halite was available
At command 6 of 8:
    4   m 1 e
    5   m 3 w
>>> 6   m 17 w
    7   m 7 n
    8   m 11 e

warning: entity 11 was directed to use 6 halite to move east, but only 3 halite was available
At command 8 of 8:
    6   m 17 w
    7   m 7 n
>>> 8   m 11 e


Turn 244
================================================================
warning: entity 7 was directed to use 1 halite to move north, but only 0 halite was available
At command 4 of 8:
    2   m 11 w
    3   m 5 n
>>> 4   m 7 n
    5   m 16 n
    6   m 13 n


Turn 246
================================================================
warning: entity 5 was directed to use 3 halite to move north, but only 2 halite was available
At command 5 of 7:
    3   m 7 s
    4   m 13 n
>>> 5   m 5 n
    6   m 1 s
    7   m 3 e


Turn 247
================================================================
warning: entity 13 was directed to use 3 halite to move west, but only 0 halite was available
At command 2 of 7:
    1   m 5 s
>>> 2   m 13 w
    3   m 1 s
    4   m 9 w


Turn 249
================================================================
warning: entity 3 was directed to use 2 halite to move east, but only 0 halite was available
At command 6 of 6:
    4   m 16 e
    5   m 7 e
>>> 6   m 3 e


Turn 251
================================================================
warning: entity 5 was directed to use 8 halite to move west, but only 1 halite was available
At command 7 of 9:
    5   m 17 n
    6   m 1 e
>>> 7   m 5 w
    8   m 16 w
    9   m 7 w

warning: entity 16 was directed to use 2 halite to move west, but only 0 halite was available
At command 8 of 9:
    6   m 1 e
    7   m 5 w
>>> 8   m 16 w
    9   m 7 w


Turn 253
================================================================
warning: entity 7 was directed to use 3 halite to move east, but only 0 halite was available
At command 1 of 9:
>>> 1   m 7 e
    2   m 11 n
    3   m 1 s

warning: entity 13 was directed to use 3 halite to move east, but only 0 halite was available
At command 5 of 9:
    3   m 1 s
    4   m 16 s
>>> 5   m 13 e
    6   m 5 s
    7   m 17 n


Turn 254
================================================================
warning: entity 16 was directed to use 2 halite to move west, but only 0 halite was available
At command 4 of 7:
    2   m 13 s
    3   m 1 n
>>> 4   m 16 w
    5   m 5 s
    6   m 17 w

warning: entity 3 was directed to use 2 halite to move north, but only 0 halite was available
At command 7 of 7:
    5   m 5 s
    6   m 17 w
>>> 7   m 3 n


Turn 256
================================================================
warning: entity 7 was directed to use 7 halite to move south, but only 3 halite was available
At command 2 of 7:
    1   m 13 w
>>> 2   m 7 s
    3   m 16 s
    4   m 1 w

warning: entity 5 was directed to use 6 halite to move east, but only 5 halite was available
At command 6 of 7:
    4   m 1 w
    5   m 3 w
>>> 6   m 5 e
    7   m 17 w


Turn 257
================================================================
warning: entity 13 was directed to use 9 halite to move east, but only 4 halite was available
At command 5 of 8:
    3   m 5 e
    4   m 16 e
>>> 5   m 13 e
    6   m 1 s
    7   m 3 n


Turn 258
================================================================
warning: entity 3 was directed to use 1 halite to move south, but only 0 halite was available
At command 3 of 9:
    1   m 11 w
    2   m 13 s
>>> 3   m 3 s
    4   m 16 e
    5   m 9 w

warning: entity 16 was directed to use 4 halite to move east, but only 0 halite was available
At command 4 of 9:
    2   m 13 s
    3   m 3 s
>>> 4   m 16 e
    5   m 9 w
    6   m 7 n


Turn 261
================================================================
warning: entity 7 was directed to use 9 halite to move south, but only 3 halite was available
At command 6 of 7:
    4   m 9 w
    5   m 16 e
>>> 6   m 7 s
    7   m 17 e


Turn 267
================================================================
warning: entity 3 was directed to use 1 halite to move north, but only 0 halite was available
At command 3 of 8:
    1   m 5 n
    2   m 17 w
>>> 3   m 3 n
    4   m 13 s
    5   m 9 e


Turn 268
================================================================
warning: entity 16 was directed to use 3 halite to move west, but only 2 halite was available
At command 7 of 7:
    5   m 9 w
    6   m 11 s
>>> 7   m 16 w


Turn 271
================================================================
warning: entity 3 was directed to use 5 halite to move east, but only 3 halite was available
At command 4 of 8:
    2   m 11 o
    3   m 13 n
>>> 4   m 3 e
    5   m 9 n
    6   m 16 w


Turn 274
================================================================
warning: entity 7 was directed to use 1 halite to move south, but only 0 halite was available
At command 4 of 9:
    2   m 11 o
    3   m 1 e
>>> 4   m 7 s
    5   m 9 n
    6   m 13 s

warning: entity 16 was directed to use 2 halite to move south, but only 0 halite was available
At command 8 of 9:
    6   m 13 s
    7   m 3 s
>>> 8   m 16 s
    9   m 5 s


Turn 277
================================================================
warning: entity 16 was directed to use 3 halite to move south, but only 0 halite was available
At command 2 of 8:
    1   m 7 w
>>> 2   m 16 s
    3   m 11 s
    4   m 1 s

warning: entity 3 was directed to use 2 halite to move west, but only 1 halite was available
At command 8 of 8:
    6   m 9 n
    7   m 13 s
>>> 8   m 3 w


Turn 279
================================================================
warning: entity 17 was directed to use 5 halite to move south, but only 0 halite was available
At command 8 of 8:
    6   m 16 o
    7   m 11 o
>>> 8   m 17 s


Turn 280
================================================================
warning: entity 3 was directed to use 9 halite to move north, but only 0 halite was available
At command 6 of 7:
    4   m 13 n
    5   m 1 e
>>> 6   m 3 n
    7   m 9 o


Turn 282
================================================================
warning: entity 17 was directed to use 3 halite to move west, but only 2 halite was available
At command 6 of 7:
    4   m 13 e
    5   m 11 s
>>> 6   m 17 w
    7   m 1 e


Turn 283
================================================================
warning: entity 3 was directed to use 9 halite to move south, but only 8 halite was available
At command 6 of 8:
    4   m 1 e
    5   m 16 e
>>> 6   m 3 s
    7   m 13 n
    8   m 11 w

warning: entity 13 was directed to use 7 halite to move north, but only 0 halite was available
At command 7 of 8:
    5   m 16 e
    6   m 3 s
>>> 7   m 13 n
    8   m 11 w


Turn 287
================================================================
warning: entity 13 was directed to use 9 halite to move east, but only 3 halite was available
At command 5 of 8:
    3   m 5 w
    4   m 3 n
>>> 5   m 13 e
    6   m 11 s
    7   m 16 s


Turn 288
================================================================
warning: entity 3 was directed to use 7 halite to move south, but only 2 halite was available
At command 5 of 7:
    3   m 5 w
    4   m 9 w
>>> 5   m 3 s
    6   m 11 o
    7   m 16 e


Turn 291
================================================================
warning: entity 3 was directed to use 9 halite to move north, but only 7 halite was available
At command 3 of 8:
    1   m 5 w
    2   m 1 e
>>> 3   m 3 n
    4   m 17 e
    5   m 9 s

warning: entity 11 was directed to use 1 halite to move south, but only 0 halite was available
At command 6 of 8:
    4   m 17 e
    5   m 9 s
>>> 6   m 11 s
    7   m 13 w
    8   m 16 e

warning: entity 16 was directed to use 2 halite to move east, but only 1 halite was available
At command 8 of 8:
    6   m 11 s
    7   m 13 w
>>> 8   m 16 e


Turn 294
================================================================
warning: entity 16 was directed to use 2 halite to move north, but only 1 halite was available
At command 4 of 7:
    2   m 5 n
    3   m 11 n
>>> 4   m 16 n
    5   m 1 e
    6   m 17 w

warning: entity 1 was directed to use 1 halite to move east, but only 0 halite was available
At command 5 of 7:
    3   m 11 n
    4   m 16 n
>>> 5   m 1 e
    6   m 17 w
    7   m 20 e


Turn 295
================================================================
warning: entity 11 was directed to use 6 halite to move east, but only 1 halite was available
At command 5 of 8:
    3   m 1 e
    4   m 5 n
>>> 5   m 11 e
    6   m 3 s
    7   m 17 e


Turn 296
================================================================
warning: entity 1 was directed to use 4 halite to move east, but only 3 halite was available
At command 3 of 8:
    1   m 9 e
    2   m 11 n
>>> 3   m 1 e
    4   m 3 w
    5   m 16 s


Turn 297
================================================================
warning: entity 20 was directed to use 1 halite to move east, but only 0 halite was available
At command 4 of 8:
    2   m 16 n
    3   m 9 e
>>> 4   m 20 e
    5   m 11 n
    6   m 3 w


Turn 298
================================================================
warning: entity 16 was directed to use 3 halite to move west, but only 1 halite was available
At command 2 of 7:
    1   m 20 n
>>> 2   m 16 w
    3   m 17 w
    4   m 1 n


Turn 299
================================================================
warning: entity 11 was directed to use 6 halite to move west, but only 1 halite was available
At command 4 of 8:
    2   m 16 n
    3   m 9 e
>>> 4   m 11 w
    5   m 20 w
    6   m 1 e


Turn 301
================================================================
warning: entity 3 was directed to use 5 halite to move south, but only 3 halite was available
At command 2 of 7:
    1   m 17 e
>>> 2   m 3 s
    3   m 20 s
    4   m 9 e


Turn 303
================================================================
warning: entity 20 was directed to use 3 halite to move south, but only 0 halite was available
At command 3 of 6:
    1   m 5 e
    2   m 1 n
>>> 3   m 20 s
    4   m 17 s
    5   m 9 n

warning: entity 16 was directed to use 5 halite to move east, but only 2 halite was available
At command 6 of 6:
    4   m 17 s
    5   m 9 n
>>> 6   m 16 e


Turn 310
================================================================
warning: entity 3 was directed to use 9 halite to move west, but only 2 halite was available
At command 8 of 9:
    6   m 11 n
    7   m 13 e
>>> 8   m 3 w
    9   m 1 n


Turn 315
================================================================
warning: entity 3 was directed to use 8 halite to move south, but only 2 halite was available
At command 7 of 9:
    5   m 13 n
    6   m 11 s
>>> 7   m 3 s
    8   m 17 s
    9   m 1 n

warning: entity 1 was directed to use 3 halite to move north, but only 0 halite was available
At command 9 of 9:
    7   m 3 s
    8   m 17 s
>>> 9   m 1 n


Turn 318
================================================================
warning: entity 1 was directed to use 2 halite to move north, but only 0 halite was available
At command 5 of 9:
    3   m 16 s
    4   m 13 e
>>> 5   m 1 n
    6   m 3 n
    7   m 20 n


Turn 319
================================================================
warning: entity 3 was directed to use 8 halite to move west, but only 7 halite was available
At command 4 of 9:
    2   m 5 o
    3   m 17 s
>>> 4   m 3 w
    5   m 11 o
    6   m 9 n


Turn 320
================================================================
warning: entity 1 was directed to use 8 halite to move south, but only 5 halite was available
At command 4 of 9:
    2   m 3 n
    3   m 11 o
>>> 4   m 1 s
    5   m 17 o
    6   m 9 n

warning: entity 20 was directed to use 4 halite to move west, but only 1 halite was available
At command 9 of 9:
    7   m 16 s
    8   m 13 n
>>> 9   m 20 w


Turn 324
================================================================
warning: entity 9 was directed to use 1 halite to move south, but only 0 halite was available
At command 9 of 9:
    7   m 1 s
    8   m 17 w
>>> 9   m 9 s


Turn 328
================================================================
warning: entity 9 was directed to use 1 halite to move east, but only 0 halite was available
At command 5 of 8:
    3   m 1 w
    4   m 16 w
>>> 5   m 9 e
    6   m 17 w
    7   m 20 n


Turn 330
================================================================
warning: entity 9 was directed to use 6 halite to move west, but only 3 halite was available
At command 3 of 6:
    1   m 16 n
    2   m 5 o
>>> 3   m 9 w
    4   m 20 w
    5   m 17 w


Turn 333
================================================================
warning: entity 16 was directed to use 2 halite to move north, but only 1 halite was available
At command 7 of 8:
    5   m 9 n
    6   m 1 s
>>> 7   m 16 n
    8   m 20 e


Turn 335
================================================================
warning: entity 20 was directed to use 2 halite to move north, but only 0 halite was available
At command 6 of 9:
    4   m 3 s
    5   m 16 s
>>> 6   m 20 n
    7   m 17 n
    8   m 1 w


Turn 338
================================================================
warning: entity 16 was directed to use 7 halite to move west, but only 0 halite was available
At command 4 of 8:
    2   m 13 e
    3   m 5 s
>>> 4   m 16 w
    5   m 20 s
    6   m 11 w


Turn 342
================================================================
warning: entity 5 was directed to use 7 halite to move north, but only 1 halite was available
At command 6 of 8:
    4   m 9 s
    5   m 3 o
>>> 6   m 5 n
    7   m 17 s
    8   m 11 o


Turn 343
================================================================
warning: entity 9 was directed to use 6 halite to move north, but only 4 halite was available
At command 7 of 8:
    5   m 13 n
    6   m 16 e
>>> 7   m 9 n
    8   m 17 o


Turn 346
================================================================
warning: entity 16 was directed to use 5 halite to move east, but only 4 halite was available
At command 2 of 7:
    1   m 17 s
>>> 2   m 16 e
    3   m 11 w
    4   m 3 o

warning: entity 5 was directed to use 6 halite to move south, but only 3 halite was available
At command 5 of 7:
    3   m 11 w
    4   m 3 o
>>> 5   m 5 s
    6   m 20 w
    7   m 13 n


Turn 351
================================================================
warning: entity 5 was directed to use 8 halite to move west, but only 6 halite was available
At command 3 of 8:
    1   m 17 n
    2   m 16 n
>>> 3   m 5 w
    4   m 3 n
    5   m 9 n


Turn 353
================================================================
warning: entity 16 was directed to use 2 halite to move west, but only 0 halite was available
At command 5 of 7:
    3   m 11 e
    4   m 20 e
>>> 5   m 16 w
    6   m 3 e
    7   m 13 e


Turn 354
================================================================
warning: entity 3 was directed to use 1 halite to move east, but only 0 halite was available
At command 7 of 7:
    5   m 17 n
    6   m 11 e
>>> 7   m 3 e


Turn 356
================================================================
warning: entity 5 was directed to use 4 halite to move west, but only 3 halite was available
At command 6 of 8:
    4   m 11 s
    5   m 3 s
>>> 6   m 5 w
    7   m 13 n
    8   m 16 n


Turn 358
================================================================
warning: entity 20 was directed to use 2 halite to move north, but only 0 halite was available
At command 3 of 8:
    1   m 5 s
    2   m 9 n
>>> 3   m 20 n
    4   m 11 w
    5   m 17 n


Turn 359
================================================================
warning: entity 17 was directed to use 5 halite to move north, but only 2 halite was available
At command 4 of 7:
    2   m 5 n
    3   m 11 s
>>> 4   m 17 n
    5   m 3 o
    6   m 13 w


Turn 360
================================================================
warning: entity 5 was directed to use 5 halite to move east, but only 3 halite was available
At command 3 of 7:
    1   m 17 n
    2   m 3 w
>>> 3   m 5 e
    4   m 20 n
    5   m 11 e

warning: entity 16 was directed to use 1 halite to move north, but only 0 halite was available
At command 7 of 7:
    5   m 11 e
    6   m 13 w
>>> 7   m 16 n


Turn 362
================================================================
warning: entity 20 was directed to use 5 halite to move east, but only 1 halite was available
At command 4 of 8:
    2   m 16 n
    3   m 5 n
>>> 4   m 20 e
    5   m 17 w
    6   m 3 n


Turn 363
================================================================
warning: entity 16 was directed to use 4 halite to move south, but only 2 halite was available
At command 6 of 8:
    4   m 3 s
    5   m 9 s
>>> 6   m 16 s
    7   m 17 n
    8   m 11 e

warning: entity 17 was directed to use 2 halite to move north, but only 1 halite was available
At command 7 of 8:
    5   m 9 s
    6   m 16 s
>>> 7   m 17 n
    8   m 11 e


Turn 366
================================================================
warning: entity 3 was directed to use 3 halite to move south, but only 0 halite was available
At command 2 of 8:
    1   m 9 s
>>> 2   m 3 s
    3   m 20 e
    4   m 17 o


Turn 367
================================================================
warning: entity 5 was directed to use 2 halite to move west, but only 0 halite was available
At command 3 of 7:
    1   m 3 n
    2   m 17 o
>>> 3   m 5 w
    4   m 20 n
    5   m 9 o

warning: entity 20 was directed to use 4 halite to move north, but only 0 halite was available
At command 4 of 7:
    2   m 17 o
    3   m 5 w
>>> 4   m 20 n
    5   m 9 o
    6   m 13 s


Turn 371
================================================================
warning: entity 5 was directed to use 4 halite to move east, but only 0 halite was available
At command 4 of 7:
    2   m 9 s
    3   m 17 w
>>> 4   m 5 e
    5   m 20 s
    6   m 3 w


Turn 373
================================================================
warning: entity 17 was directed to use 1 halite to move south, but only 0 halite was available
At command 6 of 7:
    4   m 5 e
    5   m 13 n
>>> 6   m 17 s
    7   m 20 s


Turn 374
================================================================
warning: entity 5 was directed to use 4 halite to move west, but only 3 halite was available
At command 3 of 7:
    1   m 11 e
    2   m 17 w
>>> 3   m 5 w
    4   m 9 s
    5   m 3 n


Turn 375
================================================================
warning: entity 17 was directed to use 9 halite to move north, but only 3 halite was available
At command 3 of 7:
    1   m 5 n
    2   m 11 e
>>> 3   m 17 n
    4   m 9 s
    5   m 3 w


Turn 378
================================================================
warning: entity 5 was directed to use 6 halite to move east, but only 3 halite was available
At command 2 of 7:
    1   m 17 w
>>> 2   m 5 e
    3   m 20 s
    4   m 9 w

warning: entity 3 was directed to use 4 halite to move north, but only 0 halite was available
At command 6 of 7:
    4   m 9 w
    5   m 11 w
>>> 6   m 3 n
    7   m 13 s


Turn 381
================================================================
warning: entity 20 was directed to use 6 halite to move south, but only 1 halite was available
At command 5 of 7:
    3   m 5 s
    4   m 3 w
>>> 5   m 20 s
    6   m 9 n
    7   m 11 w


Turn 382
================================================================
warning: entity 17 was directed to use 8 halite to move south, but only 4 halite was available
At command 2 of 7:
    1   m 20 e
>>> 2   m 17 s
    3   m 13 w
    4   m 3 w


Turn 383
================================================================
warning: entity 5 was directed to use 4 halite to move west, but only 3 halite was available
At command 6 of 7:
    4   m 13 w
    5   m 9 n
>>> 6   m 5 w
    7   m 11 s


Turn 386
================================================================
warning: entity 5 was directed to use 7 halite to move west, but only 5 halite was available
At command 2 of 5:
    1   m 20 n
>>> 2   m 5 w
    3   m 3 n
    4   m 9 w


Turn 387
================================================================
warning: entity 9 was directed to use 3 halite to move west, but only 0 halite was available
At command 5 of 6:
    3   m 20 n
    4   m 3 s
>>> 5   m 9 w
    6   m 11 w


Turn 388
================================================================
warning: entity 20 was directed to use 2 halite to move west, but only 1 halite was available
At command 4 of 5:
    2   m 5 e
    3   m 3 e
>>> 4   m 20 w
    5   m 11 w


Turn 390
================================================================
warning: entity 5 was directed to use 9 halite to move west, but only 8 halite was available
At command 5 of 6:
    3   m 11 n
    4   m 9 s
>>> 5   m 5 w
    6   m 3 w


Turn 392
================================================================
warning: entity 20 was directed to use 6 halite to move west, but only 2 halite was available
At command 1 of 4:
>>> 1   m 20 w
    2   m 3 n
    3   m 9 e


Turn 393
================================================================
warning: entity 3 was directed to use 2 halite to move east, but only 1 halite was available
At command 2 of 4:
    1   m 20 n
>>> 2   m 3 e
    3   m 9 w
    4   m 11 o


Turn 396
================================================================
warning: entity 20 was directed to use 5 halite to move north, but only 1 halite was available
At command 6 of 6:
    4   m 9 s
    5   m 11 n
>>> 6   m 20 n


Turn 397
================================================================
warning: entity 3 was directed to use 2 halite to move west, but only 1 halite was available
At command 4 of 7:
    2   m 20 w
    3   m 13 n
>>> 4   m 3 w
    5   m 17 e
    6   m 9 n


Turn 400
================================================================
warning: entity 3 was directed to use 8 halite to move north, but only 4 halite was available
At command 3 of 6:
    1   m 13 s
    2   m 17 n
>>> 3   m 3 n
    4   m 20 n
    5   m 9 e

warning: entity 20 was directed to use 7 halite to move north, but only 5 halite was available
At command 4 of 6:
    2   m 17 n
    3   m 3 n
>>> 4   m 20 n
    5   m 9 e
    6   m 11 e

