
Turn 11
================================================================
warning: entity 6 was directed to use 2 halite to move south, but only 0 halite was available
At command 1 of 2:
>>> 1   m 6 s
    2   g


Turn 13
================================================================
warning: entity 6 was directed to use 6 halite to move north, but only 5 halite was available
At command 2 of 4:
    1   m 1 e
>>> 2   m 6 n
    3   m 7 n
    4   g

warning: entity 7 was directed to use 9 halite to move north, but only 0 halite was available
At command 3 of 4:
    1   m 1 e
    2   m 6 n
>>> 3   m 7 n
    4   g


Turn 16
================================================================
warning: entity 8 was directed to use 1 halite to move south, but only 0 halite was available
At command 4 of 4:
    2   m 6 s
    3   m 1 n
>>> 4   m 8 s


Turn 22
================================================================
warning: entity 8 was directed to use 3 halite to move east, but only 0 halite was available
At command 3 of 3:
    1   m 7 s
    2   m 3 s
>>> 3   m 8 e


Turn 39
================================================================
warning: entity 3 was directed to use 5 halite to move west, but only 0 halite was available
At command 3 of 4:
    1   m 1 s
    2   m 8 o
>>> 3   m 3 w
    4   m 6 n


Turn 42
================================================================
warning: entity 1 was directed to use 2 halite to move north, but only 0 halite was available
At command 4 of 6:
    2   m 6 w
    3   m 7 s
>>> 4   m 1 n
    5   m 11 o
    6   m 3 w

warning: entity 3 was directed to use 8 halite to move west, but only 6 halite was available
At command 6 of 6:
    4   m 1 n
    5   m 11 o
>>> 6   m 3 w


Turn 44
================================================================
warning: entity 11 was directed to use 3 halite to move east, but only 0 halite was available
At command 4 of 6:
    2   m 6 o
    3   m 7 n
>>> 4   m 11 e
    5   m 3 n
    6   m 1 e


Turn 47
================================================================
warning: entity 11 was directed to use 7 halite to move south, but only 3 halite was available
At command 2 of 6:
    1   m 1 o
>>> 2   m 11 s
    3   m 3 s
    4   m 8 e


Turn 50
================================================================
warning: entity 1 was directed to use 5 halite to move south, but only 0 halite was available
At command 3 of 4:
    1   m 11 s
    2   m 7 w
>>> 3   m 1 s
    4   m 8 o


Turn 51
================================================================
warning: entity 11 was directed to use 8 halite to move west, but only 3 halite was available
At command 1 of 4:
>>> 1   m 11 w
    2   m 1 e
    3   m 8 w


Turn 53
================================================================
warning: entity 7 was directed to use 1 halite to move east, but only 0 halite was available
At command 5 of 5:
    3   m 3 w
    4   m 8 w
>>> 5   m 7 e


Turn 57
================================================================
warning: entity 11 was directed to use 4 halite to move east, but only 2 halite was available
At command 4 of 5:
    2   m 8 e
    3   m 3 n
>>> 4   m 11 e
    5   m 7 n

warning: entity 7 was directed to use 6 halite to move north, but only 0 halite was available
At command 5 of 5:
    3   m 3 n
    4   m 11 e
>>> 5   m 7 n


Turn 60
================================================================
warning: entity 11 was directed to use 9 halite to move east, but only 4 halite was available
At command 1 of 6:
>>> 1   m 11 e
    2   m 3 s
    3   m 1 e


Turn 61
================================================================
warning: entity 7 was directed to use 1 halite to move east, but only 0 halite was available
At command 3 of 5:
    1   m 3 e
    2   m 11 e
>>> 3   m 7 e
    4   m 6 s
    5   m 8 s


Turn 62
================================================================
warning: entity 8 was directed to use 9 halite to move north, but only 8 halite was available
At command 4 of 4:
    2   m 11 e
    3   m 6 w
>>> 4   m 8 n


Turn 63
================================================================
warning: entity 7 was directed to use 8 halite to move east, but only 3 halite was available
At command 4 of 4:
    2   m 11 n
    3   m 8 e
>>> 4   m 7 e


Turn 68
================================================================
warning: entity 11 was directed to use 6 halite to move west, but only 0 halite was available
At command 3 of 5:
    1   m 1 w
    2   m 3 w
>>> 3   m 11 w
    4   m 8 w
    5   m 6 n


Turn 70
================================================================
warning: entity 8 was directed to use 9 halite to move north, but only 5 halite was available
At command 3 of 5:
    1   m 1 s
    2   m 6 n
>>> 3   m 8 n
    4   m 11 n
    5   m 3 e


Turn 75
================================================================
warning: entity 8 was directed to use 7 halite to move east, but only 6 halite was available
At command 3 of 4:
    1   m 3 n
    2   m 6 w
>>> 3   m 8 e
    4   m 7 e


Turn 77
================================================================
warning: entity 3 was directed to use 4 halite to move west, but only 0 halite was available
At command 3 of 5:
    1   m 7 w
    2   m 1 e
>>> 3   m 3 w
    4   m 11 w
    5   m 8 n


Turn 82
================================================================
warning: entity 3 was directed to use 4 halite to move west, but only 0 halite was available
At command 3 of 5:
    1   m 1 w
    2   m 7 e
>>> 3   m 3 w
    4   m 11 s
    5   m 8 e


Turn 83
================================================================
warning: entity 7 was directed to use 5 halite to move north, but only 0 halite was available
At command 5 of 6:
    3   m 3 s
    4   m 1 s
>>> 5   m 7 n
    6   g


Turn 86
================================================================
warning: entity 3 was directed to use 8 halite to move west, but only 6 halite was available
At command 2 of 5:
    1   m 8 s
>>> 2   m 3 w
    3   m 7 n
    4   m 6 w

warning: entity 12 was directed to use 2 halite to move south, but only 0 halite was available
At command 5 of 5:
    3   m 7 n
    4   m 6 w
>>> 5   m 12 s


Turn 89
================================================================
warning: entity 12 was directed to use 3 halite to move west, but only 0 halite was available
At command 6 of 6:
    4   m 7 n
    5   m 6 e
>>> 6   m 12 w


Turn 90
================================================================
warning: entity 7 was directed to use 1 halite to move east, but only 0 halite was available
At command 5 of 6:
    3   m 11 s
    4   m 3 n
>>> 5   m 7 e
    6   m 6 e


Turn 92
================================================================
warning: entity 12 was directed to use 6 halite to move north, but only 2 halite was available
At command 3 of 6:
    1   m 7 w
    2   m 8 e
>>> 3   m 12 n
    4   m 6 n
    5   m 3 w


Turn 93
================================================================
warning: entity 3 was directed to use 4 halite to move west, but only 1 halite was available
At command 5 of 6:
    3   m 7 n
    4   m 8 e
>>> 5   m 3 w
    6   m 11 w


Turn 94
================================================================
warning: entity 7 was directed to use 6 halite to move north, but only 4 halite was available
At command 5 of 6:
    3   m 3 w
    4   m 1 w
>>> 5   m 7 n
    6   m 8 o


Turn 100
================================================================
warning: entity 7 was directed to use 7 halite to move east, but only 2 halite was available
At command 7 of 7:
    5   m 6 s
    6   m 8 n
>>> 7   m 7 e


Turn 104
================================================================
warning: entity 11 was directed to use 7 halite to move north, but only 6 halite was available
At command 1 of 5:
>>> 1   m 11 n
    2   m 7 n
    3   m 8 w


Turn 105
================================================================
warning: entity 7 was directed to use 7 halite to move west, but only 3 halite was available
At command 5 of 6:
    3   m 1 o
    4   m 8 o
>>> 5   m 7 w
    6   m 6 w


Turn 107
================================================================
warning: entity 6 was directed to use 6 halite to move north, but only 0 halite was available
At command 6 of 6:
    4   m 8 s
    5   m 7 s
>>> 6   m 6 n


Turn 111
================================================================
warning: entity 11 was directed to use 4 halite to move south, but only 0 halite was available
At command 1 of 6:
>>> 1   m 11 s
    2   m 1 e
    3   m 7 e

warning: entity 7 was directed to use 7 halite to move east, but only 2 halite was available
At command 3 of 6:
    1   m 11 s
    2   m 1 e
>>> 3   m 7 e
    4   m 8 e
    5   m 12 s


Turn 113
================================================================
warning: entity 6 was directed to use 8 halite to move south, but only 0 halite was available
At command 4 of 7:
    2   m 3 n
    3   m 7 e
>>> 4   m 6 s
    5   m 12 w
    6   m 8 n


Turn 115
================================================================
warning: entity 11 was directed to use 4 halite to move east, but only 1 halite was available
At command 1 of 6:
>>> 1   m 11 e
    2   m 6 w
    3   m 12 n


Turn 116
================================================================
warning: entity 7 was directed to use 5 halite to move east, but only 2 halite was available
At command 3 of 6:
    1   m 11 w
    2   m 6 s
>>> 3   m 7 e
    4   m 12 n
    5   m 8 w


Turn 117
================================================================
warning: entity 8 was directed to use 5 halite to move west, but only 4 halite was available
At command 4 of 6:
    2   m 3 s
    3   m 7 n
>>> 4   m 8 w
    5   m 6 n
    6   m 12 n


Turn 118
================================================================
warning: entity 11 was directed to use 9 halite to move north, but only 2 halite was available
At command 5 of 7:
    3   m 7 w
    4   m 3 s
>>> 5   m 11 n
    6   m 12 s
    7   m 6 w


Turn 120
================================================================
warning: entity 7 was directed to use 5 halite to move east, but only 2 halite was available
At command 3 of 6:
    1   m 11 s
    2   m 3 w
>>> 3   m 7 e
    4   m 8 n
    5   m 12 n

warning: entity 6 was directed to use 5 halite to move west, but only 0 halite was available
At command 6 of 6:
    4   m 8 n
    5   m 12 n
>>> 6   m 6 w


Turn 121
================================================================
warning: entity 8 was directed to use 7 halite to move west, but only 1 halite was available
At command 6 of 6:
    4   m 3 n
    5   m 11 n
>>> 6   m 8 w


Turn 123
================================================================
warning: entity 6 was directed to use 7 halite to move south, but only 2 halite was available
At command 2 of 7:
    1   m 12 n
>>> 2   m 6 s
    3   m 8 w
    4   m 1 s


Turn 125
================================================================
warning: entity 8 was directed to use 7 halite to move east, but only 4 halite was available
At command 1 of 4:
>>> 1   m 8 e
    2   m 1 s
    3   m 3 n

warning: entity 11 was directed to use 7 halite to move north, but only 3 halite was available
At command 4 of 4:
    2   m 1 s
    3   m 3 n
>>> 4   m 11 n


Turn 129
================================================================
warning: entity 11 was directed to use 9 halite to move west, but only 4 halite was available
At command 5 of 6:
    3   m 8 s
    4   m 3 s
>>> 5   m 11 w
    6   m 1 w


Turn 133
================================================================
warning: entity 11 was directed to use 8 halite to move south, but only 5 halite was available
At command 3 of 6:
    1   m 7 s
    2   m 3 o
>>> 3   m 11 s
    4   m 8 w
    5   m 12 w

warning: entity 8 was directed to use 1 halite to move west, but only 0 halite was available
At command 4 of 6:
    2   m 3 o
    3   m 11 s
>>> 4   m 8 w
    5   m 12 w
    6   m 1 s


Turn 135
================================================================
warning: entity 8 was directed to use 8 halite to move east, but only 4 halite was available
At command 4 of 7:
    2   m 3 s
    3   m 6 n
>>> 4   m 8 e
    5   m 12 s
    6   m 1 e


Turn 137
================================================================
warning: entity 11 was directed to use 8 halite to move south, but only 7 halite was available
At command 4 of 6:
    2   m 1 e
    3   m 8 n
>>> 4   m 11 s
    5   m 3 s
    6   m 12 w


Turn 140
================================================================
warning: entity 3 was directed to use 3 halite to move west, but only 0 halite was available
At command 4 of 7:
    2   m 12 s
    3   m 6 w
>>> 4   m 3 w
    5   m 11 s
    6   m 8 w


Turn 143
================================================================
warning: entity 3 was directed to use 6 halite to move west, but only 1 halite was available
At command 4 of 7:
    2   m 7 s
    3   m 12 n
>>> 4   m 3 w
    5   m 11 n
    6   m 8 e


Turn 144
================================================================
warning: entity 8 was directed to use 5 halite to move east, but only 2 halite was available
At command 7 of 8:
    5   m 7 n
    6   m 15 n
>>> 7   m 8 e
    8   m 1 s


Turn 145
================================================================
warning: entity 11 was directed to use 2 halite to move west, but only 1 halite was available
At command 3 of 8:
    1   m 8 s
    2   m 6 s
>>> 3   m 11 w
    4   m 3 w
    5   m 12 n


Turn 146
================================================================
warning: entity 3 was directed to use 9 halite to move south, but only 7 halite was available
At command 1 of 7:
>>> 1   m 3 s
    2   m 11 n
    3   m 6 s

warning: entity 15 was directed to use 2 halite to move north, but only 0 halite was available
At command 6 of 7:
    4   m 12 s
    5   m 7 e
>>> 6   m 15 n
    7   m 1 e


Turn 149
================================================================
warning: entity 11 was directed to use 5 halite to move north, but only 4 halite was available
At command 5 of 6:
    3   m 7 s
    4   m 3 n
>>> 5   m 11 n
    6   m 1 n


Turn 151
================================================================
warning: entity 15 was directed to use 5 halite to move south, but only 1 halite was available
At command 6 of 7:
    4   m 8 s
    5   m 1 e
>>> 6   m 15 s
    7   m 7 n


Turn 154
================================================================
warning: entity 3 was directed to use 5 halite to move east, but only 0 halite was available
At command 5 of 6:
    3   m 7 w
    4   m 11 w
>>> 5   m 3 e
    6   m 12 w


Turn 157
================================================================
warning: entity 11 was directed to use 5 halite to move east, but only 0 halite was available
At command 1 of 7:
>>> 1   m 11 e
    2   m 3 e
    3   m 8 e

warning: entity 15 was directed to use 4 halite to move south, but only 3 halite was available
At command 6 of 7:
    4   m 1 s
    5   m 7 s
>>> 6   m 15 s
    7   m 12 e


Turn 158
================================================================
warning: entity 3 was directed to use 5 halite to move west, but only 1 halite was available
At command 1 of 6:
>>> 1   m 3 w
    2   m 11 n
    3   m 7 e


Turn 161
================================================================
warning: entity 11 was directed to use 6 halite to move north, but only 1 halite was available
At command 1 of 8:
>>> 1   m 11 n
    2   m 3 n
    3   m 8 n

warning: entity 3 was directed to use 4 halite to move north, but only 3 halite was available
At command 2 of 8:
    1   m 11 n
>>> 2   m 3 n
    3   m 8 n
    4   m 15 w


Turn 163
================================================================
warning: entity 15 was directed to use 2 halite to move north, but only 0 halite was available
At command 5 of 8:
    3   m 11 e
    4   m 7 e
>>> 5   m 15 n
    6   m 12 n
    7   m 6 s


Turn 166
================================================================
warning: entity 15 was directed to use 5 halite to move east, but only 1 halite was available
At command 6 of 8:
    4   m 11 s
    5   m 7 n
>>> 6   m 15 e
    7   m 8 n
    8   m 1 e


Turn 169
================================================================
warning: entity 15 was directed to use 7 halite to move north, but only 4 halite was available
At command 7 of 8:
    5   m 8 e
    6   m 7 e
>>> 7   m 15 n
    8   m 12 w


Turn 174
================================================================
warning: entity 3 was directed to use 1 halite to move north, but only 0 halite was available
At command 2 of 7:
    1   m 11 e
>>> 2   m 3 n
    3   m 7 n
    4   m 15 s

warning: entity 15 was directed to use 5 halite to move south, but only 2 halite was available
At command 4 of 7:
    2   m 3 n
    3   m 7 n
>>> 4   m 15 s
    5   m 6 n
    6   m 8 e


Turn 178
================================================================
warning: entity 15 was directed to use 8 halite to move north, but only 1 halite was available
At command 3 of 7:
    1   m 12 n
    2   m 7 w
>>> 3   m 15 n
    4   m 3 w
    5   m 11 n

warning: entity 3 was directed to use 3 halite to move west, but only 1 halite was available
At command 4 of 7:
    2   m 7 w
    3   m 15 n
>>> 4   m 3 w
    5   m 11 n
    6   m 6 w


Turn 182
================================================================
warning: entity 3 was directed to use 3 halite to move east, but only 2 halite was available
At command 3 of 8:
    1   m 7 n
    2   m 15 w
>>> 3   m 3 e
    4   m 11 e
    5   m 1 w

warning: entity 6 was directed to use 1 halite to move west, but only 0 halite was available
At command 6 of 8:
    4   m 11 e
    5   m 1 w
>>> 6   m 6 w
    7   m 12 w
    8   m 8 w


Turn 186
================================================================
warning: entity 3 was directed to use 4 halite to move east, but only 2 halite was available
At command 4 of 7:
    2   m 12 e
    3   m 11 w
>>> 4   m 3 e
    5   m 8 w
    6   m 6 n


Turn 188
================================================================
warning: entity 6 was directed to use 3 halite to move east, but only 0 halite was available
At command 7 of 7:
    5   m 12 e
    6   m 1 s
>>> 7   m 6 e


Turn 193
================================================================
warning: entity 3 was directed to use 4 halite to move north, but only 3 halite was available
At command 5 of 7:
    3   m 7 e
    4   m 11 w
>>> 5   m 3 n
    6   m 8 s
    7   m 1 w


Turn 195
================================================================
warning: entity 11 was directed to use 4 halite to move east, but only 3 halite was available
At command 1 of 5:
>>> 1   m 11 e
    2   m 3 e
    3   m 7 s


Turn 198
================================================================
warning: entity 3 was directed to use 3 halite to move south, but only 2 halite was available
At command 4 of 5:
    2   m 7 w
    3   m 8 e
>>> 4   m 3 s
    5   m 1 s


Turn 201
================================================================
warning: entity 8 was directed to use 7 halite to move west, but only 1 halite was available
At command 6 of 6:
    4   m 11 e
    5   m 1 w
>>> 6   m 8 w


Turn 202
================================================================
warning: entity 3 was directed to use 8 halite to move west, but only 3 halite was available
At command 5 of 7:
    3   m 7 w
    4   m 15 w
>>> 5   m 3 w
    6   m 11 e
    7   m 1 n


Turn 205
================================================================
warning: entity 11 was directed to use 3 halite to move east, but only 1 halite was available
At command 3 of 6:
    1   m 7 w
    2   m 15 e
>>> 3   m 11 e
    4   m 8 e
    5   m 12 n

warning: entity 8 was directed to use 7 halite to move east, but only 3 halite was available
At command 4 of 6:
    2   m 15 e
    3   m 11 e
>>> 4   m 8 e
    5   m 12 n
    6   m 1 n


Turn 208
================================================================
warning: entity 11 was directed to use 2 halite to move north, but only 1 halite was available
At command 4 of 8:
    2   m 15 e
    3   m 3 n
>>> 4   m 11 n
    5   m 8 w
    6   m 12 s


Turn 209
================================================================
warning: entity 7 was directed to use 7 halite to move south, but only 0 halite was available
At command 4 of 7:
    2   m 11 n
    3   m 15 e
>>> 4   m 7 s
    5   m 12 s
    6   m 17 e


Turn 210
================================================================
warning: entity 3 was directed to use 6 halite to move south, but only 4 halite was available
At command 4 of 7:
    2   m 7 n
    3   m 11 s
>>> 4   m 3 s
    5   m 12 w
    6   m 1 n

warning: entity 17 was directed to use 2 halite to move west, but only 0 halite was available
At command 7 of 7:
    5   m 12 w
    6   m 1 n
>>> 7   m 17 w


Turn 212
================================================================
warning: entity 11 was directed to use 5 halite to move north, but only 2 halite was available
At command 3 of 8:
    1   m 15 w
    2   m 7 s
>>> 3   m 11 n
    4   m 3 s
    5   m 17 n


Turn 216
================================================================
warning: entity 7 was directed to use 6 halite to move west, but only 2 halite was available
At command 6 of 7:
    4   m 1 e
    5   m 15 o
>>> 6   m 7 w
    7   m 8 w


Turn 219
================================================================
warning: entity 11 was directed to use 9 halite to move south, but only 1 halite was available
At command 3 of 7:
    1   m 1 w
    2   m 17 e
>>> 3   m 11 s
    4   m 3 e
    5   m 15 e


Turn 220
================================================================
warning: entity 3 was directed to use 4 halite to move west, but only 0 halite was available
At command 1 of 8:
>>> 1   m 3 w
    2   m 11 s
    3   m 15 e


Turn 221
================================================================
warning: entity 8 was directed to use 9 halite to move north, but only 7 halite was available
At command 7 of 7:
    5   m 17 e
    6   m 12 s
>>> 7   m 8 n


Turn 223
================================================================
warning: entity 17 was directed to use 4 halite to move east, but only 0 halite was available
At command 1 of 6:
>>> 1   m 17 e
    2   m 1 e
    3   m 3 e

warning: entity 3 was directed to use 5 halite to move east, but only 2 halite was available
At command 3 of 6:
    1   m 17 e
    2   m 1 e
>>> 3   m 3 e
    4   m 7 s
    5   m 15 e


Turn 227
================================================================
warning: entity 3 was directed to use 5 halite to move north, but only 3 halite was available
At command 1 of 7:
>>> 1   m 3 n
    2   m 11 e
    3   m 12 e


Turn 229
================================================================
warning: entity 17 was directed to use 1 halite to move north, but only 0 halite was available
At command 7 of 8:
    5   m 15 w
    6   m 7 w
>>> 7   m 17 n
    8   m 1 n


Turn 231
================================================================
warning: entity 3 was directed to use 8 halite to move south, but only 5 halite was available
At command 2 of 7:
    1   m 11 w
>>> 2   m 3 s
    3   m 17 o
    4   m 8 w


Turn 236
================================================================
warning: entity 17 was directed to use 3 halite to move east, but only 0 halite was available
At command 3 of 7:
    1   m 8 w
    2   m 11 s
>>> 3   m 17 e
    4   m 1 s
    5   m 7 w


Turn 238
================================================================
warning: entity 7 was directed to use 4 halite to move north, but only 1 halite was available
At command 5 of 7:
    3   m 1 n
    4   m 17 w
>>> 5   m 7 n
    6   m 15 n
    7   m 12 e


Turn 243
================================================================
warning: entity 17 was directed to use 6 halite to move north, but only 4 halite was available
At command 6 of 7:
    4   m 7 n
    5   m 15 o
>>> 6   m 17 n
    7   m 1 s


Turn 247
================================================================
warning: entity 17 was directed to use 6 halite to move south, but only 3 halite was available
At command 5 of 6:
    3   m 15 w
    4   m 1 s
>>> 5   m 17 s
    6   m 12 e


Turn 258
================================================================
warning: entity 7 was directed to use 8 halite to move east, but only 2 halite was available
At command 5 of 8:
    3   m 1 e
    4   m 17 s
>>> 5   m 7 e
    6   m 15 s
    7   m 12 n

warning: entity 8 was directed to use 4 halite to move south, but only 0 halite was available
At command 8 of 8:
    6   m 15 s
    7   m 12 n
>>> 8   m 8 s


Turn 262
================================================================
warning: entity 8 was directed to use 4 halite to move south, but only 1 halite was available
At command 6 of 7:
    4   m 3 s
    5   m 1 e
>>> 6   m 8 s
    7   g


Turn 263
================================================================
warning: entity 1 was directed to use 3 halite to move west, but only 0 halite was available
At command 2 of 9:
    1   m 12 w
>>> 2   m 1 w
    3   m 17 w
    4   m 8 w


Turn 268
================================================================
warning: entity 8 was directed to use 1 halite to move north, but only 0 halite was available
At command 7 of 7:
    5   m 19 o
    6   m 1 o
>>> 7   m 8 n


Turn 271
================================================================
warning: entity 1 was directed to use 6 halite to move east, but only 2 halite was available
At command 5 of 7:
    3   m 7 o
    4   m 15 e
>>> 5   m 1 e
    6   m 8 n
    7   m 12 o


Turn 273
================================================================
warning: entity 8 was directed to use 3 halite to move south, but only 1 halite was available
At command 6 of 7:
    4   m 12 e
    5   m 19 w
>>> 6   m 8 s
    7   m 15 n


Turn 277
================================================================
warning: entity 8 was directed to use 3 halite to move south, but only 2 halite was available
At command 5 of 7:
    3   m 12 s
    4   m 3 e
>>> 5   m 8 s
    6   m 1 o
    7   m 11 o


Turn 282
================================================================
warning: entity 19 was directed to use 3 halite to move north, but only 0 halite was available
At command 6 of 8:
    4   m 15 e
    5   m 11 s
>>> 6   m 19 n
    7   m 3 n
    8   m 12 s


Turn 283
================================================================
warning: entity 11 was directed to use 2 halite to move south, but only 0 halite was available
At command 9 of 9:
    7   m 3 e
    8   m 15 s
>>> 9   m 11 s


Turn 286
================================================================
warning: entity 11 was directed to use 7 halite to move east, but only 1 halite was available
At command 4 of 8:
    2   m 3 w
    3   m 7 w
>>> 4   m 11 e
    5   m 19 n
    6   m 17 n

warning: entity 19 was directed to use 6 halite to move north, but only 2 halite was available
At command 5 of 8:
    3   m 7 w
    4   m 11 e
>>> 5   m 19 n
    6   m 17 n
    7   m 1 s


Turn 287
================================================================
warning: entity 1 was directed to use 4 halite to move west, but only 2 halite was available
At command 9 of 9:
    7   m 7 w
    8   m 17 o
>>> 9   m 1 w


Turn 290
================================================================
warning: entity 7 was directed to use 1 halite to move east, but only 0 halite was available
At command 7 of 8:
    5   m 8 s
    6   m 19 e
>>> 7   m 7 e
    8   m 3 w


Turn 291
================================================================
warning: entity 19 was directed to use 7 halite to move west, but only 4 halite was available
At command 8 of 10:
    6   m 17 o
    7   m 8 n
>>> 8   m 19 w
    9   m 3 n
    10   g


Turn 292
================================================================
warning: entity 11 was directed to use 4 halite to move east, but only 0 halite was available
At command 3 of 9:
    1   m 17 n
    2   m 19 n
>>> 3   m 11 e
    4   m 7 w
    5   m 1 s


Turn 293
================================================================
warning: entity 1 was directed to use 3 halite to move north, but only 0 halite was available
At command 8 of 9:
    6   m 8 w
    7   m 7 w
>>> 8   m 1 n
    9   m 3 w


Turn 294
================================================================
warning: entity 8 was directed to use 5 halite to move east, but only 2 halite was available
At command 8 of 9:
    6   m 17 s
    7   m 19 n
>>> 8   m 8 e
    9   m 3 s


Turn 295
================================================================
warning: entity 11 was directed to use 6 halite to move west, but only 1 halite was available
At command 5 of 8:
    3   m 7 w
    4   m 1 w
>>> 5   m 11 w
    6   m 12 s
    7   m 20 n


Turn 297
================================================================
warning: entity 20 was directed to use 4 halite to move south, but only 0 halite was available
At command 9 of 9:
    7   m 8 e
    8   m 12 w
>>> 9   m 20 s


Turn 299
================================================================
warning: entity 17 was directed to use 2 halite to move east, but only 1 halite was available
At command 7 of 10:
    5   m 19 e
    6   m 11 s
>>> 7   m 17 e
    8   m 7 o
    9   m 8 s


Turn 300
================================================================
warning: entity 20 was directed to use 3 halite to move north, but only 0 halite was available
At command 6 of 10:
    4   m 1 w
    5   m 3 n
>>> 6   m 20 n
    7   m 15 n
    8   m 19 s

warning: entity 19 was directed to use 8 halite to move south, but only 7 halite was available
At command 8 of 10:
    6   m 20 n
    7   m 15 n
>>> 8   m 19 s
    9   m 11 e
    10   m 12 w

warning: entity 11 was directed to use 4 halite to move east, but only 3 halite was available
At command 9 of 10:
    7   m 15 n
    8   m 19 s
>>> 9   m 11 e
    10   m 12 w


Turn 301
================================================================
warning: entity 8 was directed to use 3 halite to move east, but only 1 halite was available
At command 5 of 10:
    3   m 11 w
    4   m 7 w
>>> 5   m 8 e
    6   m 17 e
    7   m 1 e

warning: entity 1 was directed to use 3 halite to move east, but only 1 halite was available
At command 7 of 10:
    5   m 8 e
    6   m 17 e
>>> 7   m 1 e
    8   m 3 w
    9   m 15 e


Turn 303
================================================================
warning: entity 8 was directed to use 8 halite to move west, but only 7 halite was available
At command 4 of 10:
    2   m 15 w
    3   m 11 e
>>> 4   m 8 w
    5   m 1 w
    6   m 20 e


Turn 304
================================================================
warning: entity 1 was directed to use 7 halite to move north, but only 2 halite was available
At command 5 of 9:
    3   m 15 e
    4   m 11 s
>>> 5   m 1 n
    6   m 12 s
    7   m 20 s

warning: entity 20 was directed to use 3 halite to move south, but only 0 halite was available
At command 7 of 9:
    5   m 1 n
    6   m 12 s
>>> 7   m 20 s
    8   m 17 w
    9   m 7 s

warning: entity 17 was directed to use 2 halite to move west, but only 0 halite was available
At command 8 of 9:
    6   m 12 s
    7   m 20 s
>>> 8   m 17 w
    9   m 7 s


Turn 308
================================================================
warning: entity 1 was directed to use 8 halite to move north, but only 2 halite was available
At command 3 of 9:
    1   m 11 o
    2   m 3 s
>>> 3   m 1 n
    4   m 19 n
    5   m 7 e

warning: entity 17 was directed to use 3 halite to move north, but only 1 halite was available
At command 7 of 9:
    5   m 7 e
    6   m 20 e
>>> 7   m 17 n
    8   m 15 s
    9   m 12 s


Turn 310
================================================================
warning: entity 20 was directed to use 1 halite to move north, but only 0 halite was available
At command 2 of 10:
    1   m 8 s
>>> 2   m 20 n
    3   m 19 e
    4   m 17 s


Turn 311
================================================================
warning: entity 17 was directed to use 5 halite to move east, but only 2 halite was available
At command 4 of 9:
    2   m 11 e
    3   m 19 n
>>> 4   m 17 e
    5   m 12 e
    6   m 1 s


Turn 312
================================================================
warning: entity 1 was directed to use 8 halite to move south, but only 6 halite was available
At command 6 of 9:
    4   m 3 n
    5   m 19 s
>>> 6   m 1 s
    7   m 12 e
    8   m 7 w


Turn 313
================================================================
warning: entity 7 was directed to use 4 halite to move west, but only 0 halite was available
At command 8 of 8:
    6   m 3 w
    7   m 12 e
>>> 8   m 7 w


Turn 315
================================================================
warning: entity 17 was directed to use 5 halite to move south, but only 4 halite was available
At command 4 of 9:
    2   m 19 w
    3   m 7 e
>>> 4   m 17 s
    5   m 1 w
    6   m 20 s


Turn 316
================================================================
warning: entity 19 was directed to use 5 halite to move north, but only 4 halite was available
At command 4 of 9:
    2   m 15 n
    3   m 11 e
>>> 4   m 19 n
    5   m 7 e
    6   m 1 s


Turn 317
================================================================
warning: entity 1 was directed to use 8 halite to move east, but only 5 halite was available
At command 8 of 10:
    6   m 17 s
    7   m 7 s
>>> 8   m 1 e
    9   m 20 o
    10   m 12 n


Turn 319
================================================================
warning: entity 19 was directed to use 8 halite to move east, but only 5 halite was available
At command 2 of 10:
    1   m 8 w
>>> 2   m 19 e
    3   m 3 s
    4   m 1 w


Turn 321
================================================================
warning: entity 17 was directed to use 4 halite to move west, but only 3 halite was available
At command 1 of 7:
>>> 1   m 17 w
    2   m 3 e
    3   m 1 n

warning: entity 1 was directed to use 9 halite to move north, but only 1 halite was available
At command 3 of 7:
    1   m 17 w
    2   m 3 e
>>> 3   m 1 n
    4   m 20 s
    5   m 15 w


Turn 324
================================================================
warning: entity 7 was directed to use 2 halite to move east, but only 0 halite was available
At command 8 of 8:
    6   m 8 n
    7   m 3 e
>>> 8   m 7 e


Turn 325
================================================================
warning: entity 1 was directed to use 9 halite to move north, but only 4 halite was available
At command 3 of 9:
    1   m 11 s
    2   m 7 w
>>> 3   m 1 n
    4   m 20 n
    5   m 12 w


Turn 326
================================================================
warning: entity 17 was directed to use 3 halite to move south, but only 1 halite was available
At command 6 of 8:
    4   m 20 e
    5   m 12 n
>>> 6   m 17 s
    7   m 8 o
    8   m 3 e


Turn 331
================================================================
warning: entity 7 was directed to use 9 halite to move west, but only 5 halite was available
At command 4 of 8:
    2   m 12 s
    3   m 20 o
>>> 4   m 7 w
    5   m 15 w
    6   m 17 w

warning: entity 8 was directed to use 2 halite to move south, but only 0 halite was available
At command 7 of 8:
    5   m 15 w
    6   m 17 w
>>> 7   m 8 s
    8   m 3 w


Turn 332
================================================================
warning: entity 17 was directed to use 4 halite to move west, but only 0 halite was available
At command 7 of 8:
    5   m 12 e
    6   m 15 e
>>> 7   m 17 w
    8   m 3 n


Turn 333
================================================================
warning: entity 12 was directed to use 1 halite to move north, but only 0 halite was available
At command 7 of 9:
    5   m 20 e
    6   m 1 w
>>> 7   m 12 n
    8   m 15 e
    9   m 3 n


Turn 337
================================================================
warning: entity 7 was directed to use 5 halite to move north, but only 0 halite was available
At command 8 of 8:
    6   m 8 n
    7   m 15 n
>>> 8   m 7 n


Turn 340
================================================================
warning: entity 8 was directed to use 4 halite to move south, but only 2 halite was available
At command 8 of 8:
    6   m 11 s
    7   m 3 s
>>> 8   m 8 s


Turn 341
================================================================
warning: entity 17 was directed to use 5 halite to move west, but only 3 halite was available
At command 5 of 7:
    3   m 8 s
    4   m 15 e
>>> 5   m 17 w
    6   m 7 s
    7   m 3 w


Turn 342
================================================================
warning: entity 7 was directed to use 9 halite to move south, but only 7 halite was available
At command 7 of 8:
    5   m 12 o
    6   m 15 s
>>> 7   m 7 s
    8   m 3 s


Turn 345
================================================================
warning: entity 17 was directed to use 8 halite to move north, but only 3 halite was available
At command 7 of 8:
    5   m 7 n
    6   m 3 w
>>> 7   m 17 n
    8   m 8 s

warning: entity 8 was directed to use 5 halite to move south, but only 1 halite was available
At command 8 of 8:
    6   m 3 w
    7   m 17 n
>>> 8   m 8 s


Turn 347
================================================================
warning: entity 20 was directed to use 4 halite to move north, but only 3 halite was available
At command 5 of 7:
    3   m 12 w
    4   m 3 n
>>> 5   m 20 n
    6   m 11 w
    7   m 7 s

warning: entity 7 was directed to use 7 halite to move south, but only 4 halite was available
At command 7 of 7:
    5   m 20 n
    6   m 11 w
>>> 7   m 7 s


Turn 349
================================================================
warning: entity 17 was directed to use 9 halite to move south, but only 0 halite was available
At command 2 of 8:
    1   m 15 w
>>> 2   m 17 s
    3   m 12 e
    4   m 7 s


Turn 350
================================================================
warning: entity 20 was directed to use 7 halite to move south, but only 4 halite was available
At command 6 of 7:
    4   m 7 s
    5   m 1 n
>>> 6   m 20 s
    7   m 11 w


Turn 351
================================================================
warning: entity 12 was directed to use 1 halite to move west, but only 0 halite was available
At command 4 of 6:
    2   m 20 w
    3   m 8 n
>>> 4   m 12 w
    5   m 7 w
    6   m 11 e

warning: entity 7 was directed to use 8 halite to move west, but only 5 halite was available
At command 5 of 6:
    3   m 8 n
    4   m 12 w
>>> 5   m 7 w
    6   m 11 e


Turn 354
================================================================
warning: entity 20 was directed to use 8 halite to move east, but only 7 halite was available
At command 5 of 8:
    3   m 8 n
    4   m 1 w
>>> 5   m 20 e
    6   m 12 n
    7   m 7 w

warning: entity 12 was directed to use 3 halite to move north, but only 2 halite was available
At command 6 of 8:
    4   m 1 w
    5   m 20 e
>>> 6   m 12 n
    7   m 7 w
    8   m 11 e


Turn 355
================================================================
warning: entity 8 was directed to use 7 halite to move south, but only 4 halite was available
At command 6 of 8:
    4   m 1 n
    5   m 15 s
>>> 6   m 8 s
    7   m 7 e
    8   m 11 s


Turn 356
================================================================
warning: entity 7 was directed to use 6 halite to move north, but only 0 halite was available
At command 7 of 8:
    5   m 15 w
    6   m 1 s
>>> 7   m 7 n
    8   m 11 e


Turn 360
================================================================
warning: entity 7 was directed to use 8 halite to move east, but only 0 halite was available
At command 1 of 7:
>>> 1   m 7 e
    2   m 17 w
    3   m 12 n


Turn 364
================================================================
warning: entity 7 was directed to use 8 halite to move north, but only 2 halite was available
At command 2 of 6:
    1   m 3 n
>>> 2   m 7 n
    3   m 12 n
    4   m 11 n


Turn 368
================================================================
warning: entity 7 was directed to use 7 halite to move north, but only 5 halite was available
At command 2 of 7:
    1   m 3 n
>>> 2   m 7 n
    3   m 1 e
    4   m 12 e


Turn 372
================================================================
warning: entity 12 was directed to use 2 halite to move east, but only 0 halite was available
At command 6 of 8:
    4   m 7 e
    5   m 20 n
>>> 6   m 12 e
    7   m 11 w
    8   m 17 w


Turn 374
================================================================
warning: entity 12 was directed to use 8 halite to move south, but only 6 halite was available
At command 1 of 8:
>>> 1   m 12 s
    2   m 15 w
    3   m 7 n

warning: entity 7 was directed to use 3 halite to move north, but only 0 halite was available
At command 3 of 8:
    1   m 12 s
    2   m 15 w
>>> 3   m 7 n
    4   m 1 w
    5   m 20 n


Turn 377
================================================================
warning: entity 3 was directed to use 5 halite to move south, but only 0 halite was available
At command 3 of 9:
    1   m 7 n
    2   m 12 w
>>> 3   m 3 s
    4   m 20 e
    5   m 8 e


Turn 379
================================================================
warning: entity 7 was directed to use 9 halite to move east, but only 1 halite was available
At command 4 of 9:
    2   m 12 o
    3   m 1 e
>>> 4   m 7 e
    5   m 11 e
    6   m 3 n


Turn 384
================================================================
warning: entity 3 was directed to use 7 halite to move west, but only 0 halite was available
At command 8 of 8:
    6   m 15 s
    7   m 20 w
>>> 8   m 3 w


Turn 387
================================================================
warning: entity 3 was directed to use 9 halite to move south, but only 5 halite was available
At command 1 of 8:
>>> 1   m 3 s
    2   m 20 e
    3   m 15 e


Turn 388
================================================================
warning: entity 20 was directed to use 2 halite to move east, but only 0 halite was available
At command 6 of 8:
    4   m 17 e
    5   m 11 n
>>> 6   m 20 e
    7   m 8 n
    8   m 1 w


Turn 395
================================================================
warning: entity 12 was directed to use 1 halite to move west, but only 0 halite was available
At command 5 of 7:
    3   m 8 s
    4   m 1 w
>>> 5   m 12 w
    6   m 11 s
    7   m 15 e


Turn 400
================================================================
warning: entity 12 was directed to use 8 halite to move north, but only 2 halite was available
At command 6 of 7:
    4   m 1 w
    5   m 20 s
>>> 6   m 12 n
    7   m 11 w

