
Turn 3
================================================================
warning: entity 0 was directed to use 6 halite to move south, but only 0 halite was available
At command 1 of 2:
>>> 1   m 0 s
    2   g


Turn 7
================================================================
warning: entity 4 was directed to use 8 halite to move east, but only 0 halite was available
At command 2 of 3:
    1   m 0 e
>>> 2   m 4 e
    3   g


Turn 11
================================================================
warning: entity 6 was directed to use 5 halite to move east, but only 0 halite was available
At command 1 of 3:
>>> 1   m 6 e
    2   m 2 o
    3   m 4 e

warning: entity 4 was directed to use 9 halite to move east, but only 1 halite was available
At command 3 of 3:
    1   m 6 e
    2   m 2 o
>>> 3   m 4 e


Turn 14
================================================================
warning: entity 6 was directed to use 7 halite to move east, but only 0 halite was available
At command 1 of 3:
>>> 1   m 6 e
    2   m 2 n
    3   g


Turn 16
================================================================
warning: entity 9 was directed to use 4 halite to move south, but only 0 halite was available
At command 1 of 2:
>>> 1   m 9 s
    2   m 0 n


Turn 22
================================================================
warning: entity 6 was directed to use 5 halite to move south, but only 0 halite was available
At command 2 of 4:
    1   m 4 n
>>> 2   m 6 s
    3   m 9 e
    4   m 0 n


Turn 29
================================================================
warning: entity 2 was directed to use 4 halite to move west, but only 0 halite was available
At command 3 of 3:
    1   m 4 s
    2   m 9 s
>>> 3   m 2 w


Turn 39
================================================================
warning: entity 6 was directed to use 7 halite to move north, but only 4 halite was available
At command 4 of 4:
    2   m 2 s
    3   m 0 e
>>> 4   m 6 n


Turn 44
================================================================
warning: entity 6 was directed to use 4 halite to move west, but only 2 halite was available
At command 4 of 4:
    2   m 2 s
    3   m 9 e
>>> 4   m 6 w


Turn 50
================================================================
warning: entity 6 was directed to use 3 halite to move south, but only 0 halite was available
At command 4 of 5:
    2   m 2 n
    3   m 4 s
>>> 4   m 6 s
    5   m 9 e


Turn 53
================================================================
warning: entity 4 was directed to use 2 halite to move west, but only 0 halite was available
At command 2 of 6:
    1   m 2 e
>>> 2   m 4 w
    3   m 0 s
    4   m 9 w

warning: entity 6 was directed to use 8 halite to move north, but only 2 halite was available
At command 5 of 6:
    3   m 0 s
    4   m 9 w
>>> 5   m 6 n
    6   g


Turn 55
================================================================
warning: entity 4 was directed to use 7 halite to move west, but only 5 halite was available
At command 5 of 6:
    3   m 9 o
    4   m 0 w
>>> 5   m 4 w
    6   m 6 e


Turn 56
================================================================
warning: entity 10 was directed to use 1 halite to move east, but only 0 halite was available
At command 3 of 6:
    1   m 9 e
    2   m 4 o
>>> 3   m 10 e
    4   m 2 s
    5   m 0 w


Turn 57
================================================================
warning: entity 6 was directed to use 7 halite to move west, but only 0 halite was available
At command 6 of 6:
    4   m 9 o
    5   m 0 w
>>> 6   m 6 w


Turn 61
================================================================
warning: entity 10 was directed to use 3 halite to move east, but only 0 halite was available
At command 4 of 6:
    2   m 4 w
    3   m 2 s
>>> 4   m 10 e
    5   m 6 n
    6   m 9 e

warning: entity 6 was directed to use 9 halite to move north, but only 1 halite was available
At command 5 of 6:
    3   m 2 s
    4   m 10 e
>>> 5   m 6 n
    6   m 9 e


Turn 64
================================================================
warning: entity 10 was directed to use 4 halite to move west, but only 0 halite was available
At command 4 of 6:
    2   m 0 n
    3   m 2 n
>>> 4   m 10 w
    5   m 9 w
    6   m 4 e


Turn 66
================================================================
warning: entity 0 was directed to use 1 halite to move south, but only 0 halite was available
At command 3 of 5:
    1   m 2 s
    2   m 10 n
>>> 3   m 0 s
    4   m 9 e
    5   m 4 s


Turn 68
================================================================
warning: entity 0 was directed to use 4 halite to move north, but only 3 halite was available
At command 1 of 5:
>>> 1   m 0 n
    2   m 2 e
    3   m 10 w


Turn 73
================================================================
warning: entity 0 was directed to use 3 halite to move east, but only 2 halite was available
At command 4 of 5:
    2   m 10 w
    3   m 2 n
>>> 4   m 0 e
    5   m 9 w


Turn 78
================================================================
warning: entity 0 was directed to use 2 halite to move east, but only 0 halite was available
At command 5 of 5:
    3   m 2 o
    4   m 10 e
>>> 5   m 0 e


Turn 80
================================================================
warning: entity 10 was directed to use 6 halite to move north, but only 4 halite was available
At command 2 of 5:
    1   m 6 s
>>> 2   m 10 n
    3   m 4 s
    4   m 9 n


Turn 88
================================================================
warning: entity 0 was directed to use 7 halite to move south, but only 3 halite was available
At command 5 of 5:
    3   m 9 s
    4   m 4 e
>>> 5   m 0 s


Turn 92
================================================================
warning: entity 0 was directed to use 9 halite to move east, but only 4 halite was available
At command 1 of 2:
>>> 1   m 0 e
    2   m 6 s


Turn 96
================================================================
warning: entity 0 was directed to use 9 halite to move west, but only 8 halite was available
At command 5 of 5:
    3   m 9 s
    4   m 6 s
>>> 5   m 0 w


Turn 98
================================================================
warning: entity 6 was directed to use 2 halite to move east, but only 0 halite was available
At command 2 of 3:
    1   m 0 w
>>> 2   m 6 e
    3   g


Turn 101
================================================================
warning: entity 6 was directed to use 5 halite to move north, but only 4 halite was available
At command 2 of 4:
    1   m 10 e
>>> 2   m 6 n
    3   m 13 s
    4   m 0 o

warning: entity 13 was directed to use 3 halite to move south, but only 0 halite was available
At command 3 of 4:
    1   m 10 e
    2   m 6 n
>>> 3   m 13 s
    4   m 0 o


Turn 103
================================================================
warning: entity 13 was directed to use 8 halite to move south, but only 6 halite was available
At command 5 of 6:
    3   m 9 w
    4   m 6 s
>>> 5   m 13 s
    6   m 0 w


Turn 106
================================================================
warning: entity 6 was directed to use 4 halite to move north, but only 0 halite was available
At command 7 of 7:
    5   m 13 s
    6   m 9 n
>>> 7   m 6 n


Turn 108
================================================================
warning: entity 13 was directed to use 7 halite to move south, but only 2 halite was available
At command 7 of 7:
    5   m 6 s
    6   m 0 w
>>> 7   m 13 s


Turn 109
================================================================
warning: entity 6 was directed to use 3 halite to move north, but only 0 halite was available
At command 2 of 7:
    1   m 13 e
>>> 2   m 6 n
    3   m 9 s
    4   m 4 e


Turn 110
================================================================
warning: entity 10 was directed to use 7 halite to move west, but only 0 halite was available
At command 5 of 7:
    3   m 4 e
    4   m 9 w
>>> 5   m 10 w
    6   m 2 s
    7   m 0 n


Turn 111
================================================================
warning: entity 6 was directed to use 8 halite to move south, but only 6 halite was available
At command 3 of 7:
    1   m 2 n
    2   m 10 e
>>> 3   m 6 s
    4   m 13 n
    5   m 9 n


Turn 113
================================================================
warning: entity 10 was directed to use 6 halite to move south, but only 5 halite was available
At command 5 of 7:
    3   m 0 e
    4   m 2 e
>>> 5   m 10 s
    6   m 9 s
    7   m 4 e


Turn 115
================================================================
warning: entity 13 was directed to use 6 halite to move north, but only 2 halite was available
At command 4 of 6:
    2   m 2 o
    3   m 9 n
>>> 4   m 13 n
    5   m 0 o
    6   m 4 e


Turn 117
================================================================
warning: entity 10 was directed to use 7 halite to move north, but only 4 halite was available
At command 4 of 7:
    2   m 4 n
    3   m 2 s
>>> 4   m 10 n
    5   m 13 w
    6   m 0 n


Turn 118
================================================================
warning: entity 0 was directed to use 5 halite to move west, but only 2 halite was available
At command 5 of 5:
    3   m 4 w
    4   m 13 s
>>> 5   m 0 w


Turn 122
================================================================
warning: entity 13 was directed to use 9 halite to move west, but only 2 halite was available
At command 4 of 4:
    2   m 4 w
    3   m 9 w
>>> 4   m 13 w


Turn 127
================================================================
warning: entity 13 was directed to use 7 halite to move north, but only 2 halite was available
At command 6 of 6:
    4   m 9 s
    5   m 6 s
>>> 6   m 13 n


Turn 134
================================================================
warning: entity 13 was directed to use 7 halite to move north, but only 4 halite was available
At command 7 of 7:
    5   m 2 e
    6   m 10 e
>>> 7   m 13 n


Turn 150
================================================================
warning: entity 9 was directed to use 6 halite to move north, but only 5 halite was available
At command 5 of 8:
    3   m 13 w
    4   m 17 o
>>> 5   m 9 n
    6   m 0 w
    7   m 10 e

warning: entity 10 was directed to use 5 halite to move east, but only 2 halite was available
At command 7 of 8:
    5   m 9 n
    6   m 0 w
>>> 7   m 10 e
    8   m 2 s


Turn 155
================================================================
warning: entity 0 was directed to use 3 halite to move west, but only 0 halite was available
At command 5 of 6:
    3   m 4 w
    4   m 6 e
>>> 5   m 0 w
    6   m 13 e


Turn 157
================================================================
warning: entity 17 was directed to use 2 halite to move south, but only 1 halite was available
At command 3 of 7:
    1   m 2 e
    2   m 9 w
>>> 3   m 17 s
    4   m 13 n
    5   m 0 w


Turn 158
================================================================
warning: entity 0 was directed to use 2 halite to move north, but only 0 halite was available
At command 4 of 7:
    2   m 9 e
    3   m 17 w
>>> 4   m 0 n
    5   m 13 w
    6   m 4 e


Turn 160
================================================================
warning: entity 0 was directed to use 9 halite to move south, but only 6 halite was available
At command 3 of 8:
    1   m 10 s
    2   m 2 w
>>> 3   m 0 s
    4   m 17 n
    5   m 9 w

warning: entity 17 was directed to use 8 halite to move north, but only 2 halite was available
At command 4 of 8:
    2   m 2 w
    3   m 0 s
>>> 4   m 17 n
    5   m 9 w
    6   m 4 w


Turn 164
================================================================
warning: entity 17 was directed to use 4 halite to move west, but only 2 halite was available
At command 1 of 7:
>>> 1   m 17 w
    2   m 2 s
    3   m 10 e


Turn 168
================================================================
warning: entity 17 was directed to use 6 halite to move east, but only 0 halite was available
At command 1 of 6:
>>> 1   m 17 e
    2   m 2 n
    3   m 4 w


Turn 169
================================================================
warning: entity 0 was directed to use 2 halite to move south, but only 0 halite was available
At command 5 of 7:
    3   m 10 w
    4   m 4 n
>>> 5   m 0 s
    6   m 13 n
    7   m 6 w


Turn 172
================================================================
warning: entity 4 was directed to use 2 halite to move south, but only 0 halite was available
At command 7 of 7:
    5   m 2 s
    6   m 6 e
>>> 7   m 4 s


Turn 174
================================================================
warning: entity 4 was directed to use 5 halite to move west, but only 4 halite was available
At command 4 of 8:
    2   m 2 e
    3   m 10 s
>>> 4   m 4 w
    5   m 13 n
    6   m 0 s

warning: entity 0 was directed to use 8 halite to move south, but only 3 halite was available
At command 6 of 8:
    4   m 4 w
    5   m 13 n
>>> 6   m 0 s
    7   m 6 w
    8   m 19 o


Turn 178
================================================================
warning: entity 19 was directed to use 1 halite to move east, but only 0 halite was available
At command 4 of 8:
    2   m 4 n
    3   m 10 n
>>> 4   m 19 e
    5   m 2 w
    6   m 17 s


Turn 180
================================================================
warning: entity 19 was directed to use 6 halite to move north, but only 3 halite was available
At command 4 of 8:
    2   m 10 w
    3   m 13 e
>>> 4   m 19 n
    5   m 17 s
    6   m 4 e


Turn 182
================================================================
warning: entity 4 was directed to use 9 halite to move north, but only 8 halite was available
At command 7 of 8:
    5   m 17 w
    6   m 13 w
>>> 7   m 4 n
    8   m 6 e


Turn 184
================================================================
warning: entity 10 was directed to use 9 halite to move north, but only 2 halite was available
At command 7 of 9:
    5   m 17 s
    6   m 13 w
>>> 7   m 10 n
    8   m 6 w
    9   m 19 o


Turn 187
================================================================
warning: entity 9 was directed to use 2 halite to move east, but only 0 halite was available
At command 5 of 8:
    3   m 2 n
    4   m 19 w
>>> 5   m 9 e
    6   m 17 w
    7   m 6 e


Turn 190
================================================================
warning: entity 9 was directed to use 6 halite to move west, but only 5 halite was available
At command 4 of 7:
    2   m 20 s
    3   m 6 w
>>> 4   m 9 w
    5   m 19 s
    6   m 4 n


Turn 192
================================================================
warning: entity 20 was directed to use 4 halite to move south, but only 1 halite was available
At command 8 of 9:
    6   m 10 e
    7   m 4 w
>>> 8   m 20 s
    9   m 6 n


Turn 197
================================================================
warning: entity 20 was directed to use 3 halite to move east, but only 1 halite was available
At command 6 of 9:
    4   m 9 s
    5   m 0 e
>>> 6   m 20 e
    7   m 13 e
    8   m 2 e


Turn 202
================================================================
warning: entity 20 was directed to use 8 halite to move south, but only 2 halite was available
At command 4 of 10:
    2   m 13 s
    3   m 4 w
>>> 4   m 20 s
    5   m 9 s
    6   m 19 s


Turn 203
================================================================
warning: entity 0 was directed to use 1 halite to move east, but only 0 halite was available
At command 2 of 10:
    1   m 20 w
>>> 2   m 0 e
    3   m 17 s
    4   m 6 s

warning: entity 10 was directed to use 8 halite to move west, but only 4 halite was available
At command 6 of 10:
    4   m 6 s
    5   m 13 n
>>> 6   m 10 w
    7   m 4 w
    8   m 9 w


Turn 208
================================================================
warning: entity 10 was directed to use 9 halite to move east, but only 2 halite was available
At command 8 of 10:
    6   m 13 w
    7   m 2 s
>>> 8   m 10 e
    9   m 4 s
    10   m 19 s


Turn 218
================================================================
warning: entity 4 was directed to use 3 halite to move east, but only 2 halite was available
At command 5 of 10:
    3   m 10 e
    4   m 23 o
>>> 5   m 4 e
    6   m 6 e
    7   m 20 n


Turn 221
================================================================
warning: entity 9 was directed to use 9 halite to move east, but only 7 halite was available
At command 10 of 11:
    8   m 20 w
    9   m 0 e
>>> 10   m 9 e
    11   m 6 e


Turn 222
================================================================
warning: entity 23 was directed to use 8 halite to move south, but only 0 halite was available
At command 2 of 11:
    1   m 9 e
>>> 2   m 23 s
    3   m 4 s
    4   m 10 e

warning: entity 20 was directed to use 9 halite to move north, but only 6 halite was available
At command 10 of 11:
    8   m 17 e
    9   m 19 w
>>> 10   m 20 n
    11   m 6 n


Turn 224
================================================================
warning: entity 17 was directed to use 1 halite to move north, but only 0 halite was available
At command 10 of 11:
    8   m 4 s
    9   m 2 w
>>> 10   m 17 n
    11   m 13 n


Turn 225
================================================================
warning: entity 9 was directed to use 9 halite to move east, but only 8 halite was available
At command 4 of 11:
    2   m 20 w
    3   m 10 w
>>> 4   m 9 e
    5   m 23 w
    6   m 6 s


Turn 228
================================================================
warning: entity 17 was directed to use 6 halite to move south, but only 2 halite was available
At command 4 of 11:
    2   m 23 o
    3   m 19 w
>>> 4   m 17 s
    5   m 13 s
    6   m 9 s


Turn 232
================================================================
warning: entity 4 was directed to use 8 halite to move north, but only 1 halite was available
At command 3 of 9:
    1   m 13 s
    2   m 23 w
>>> 3   m 4 n
    4   m 17 w
    5   m 0 w


Turn 233
================================================================
warning: entity 23 was directed to use 4 halite to move north, but only 3 halite was available
At command 4 of 8:
    2   m 20 s
    3   m 13 s
>>> 4   m 23 n
    5   m 17 w
    6   m 0 s


Turn 236
================================================================
warning: entity 6 was directed to use 1 halite to move east, but only 0 halite was available
At command 6 of 10:
    4   m 2 w
    5   m 23 o
>>> 6   m 6 e
    7   m 4 e
    8   m 17 n

warning: entity 4 was directed to use 5 halite to move east, but only 2 halite was available
At command 7 of 10:
    5   m 23 o
    6   m 6 e
>>> 7   m 4 e
    8   m 17 n
    9   m 0 w


Turn 237
================================================================
warning: entity 17 was directed to use 8 halite to move north, but only 1 halite was available
At command 9 of 11:
    7   m 10 s
    8   m 9 o
>>> 9   m 17 n
    10   m 0 s
    11   m 24 o


Turn 238
================================================================
warning: entity 0 was directed to use 3 halite to move east, but only 1 halite was available
At command 11 of 11:
    9   m 10 n
    10   m 2 s
>>> 11   m 0 e


Turn 240
================================================================
warning: entity 6 was directed to use 2 halite to move west, but only 0 halite was available
At command 4 of 9:
    2   m 13 e
    3   m 23 s
>>> 4   m 6 w
    5   m 0 w
    6   m 9 w


Turn 241
================================================================
warning: entity 0 was directed to use 6 halite to move east, but only 0 halite was available
At command 6 of 9:
    4   m 13 n
    5   m 23 s
>>> 6   m 0 e
    7   m 10 o
    8   m 9 w


Turn 243
================================================================
warning: entity 6 was directed to use 3 halite to move south, but only 0 halite was available
At command 8 of 10:
    6   m 13 n
    7   m 0 o
>>> 8   m 6 s
    9   m 23 o
    10   m 19 n


Turn 244
================================================================
warning: entity 24 was directed to use 1 halite to move south, but only 0 halite was available
At command 5 of 10:
    3   m 6 n
    4   m 23 e
>>> 5   m 24 s
    6   m 17 n
    7   m 9 e


Turn 245
================================================================
warning: entity 19 was directed to use 1 halite to move north, but only 0 halite was available
At command 11 of 11:
    9   m 17 e
    10   m 2 s
>>> 11   m 19 n


Turn 247
================================================================
warning: entity 6 was directed to use 7 halite to move south, but only 4 halite was available
At command 8 of 11:
    6   m 20 s
    7   m 9 n
>>> 8   m 6 s
    9   m 0 s
    10   m 23 n


Turn 250
================================================================
warning: entity 19 was directed to use 1 halite to move north, but only 0 halite was available
At command 9 of 9:
    7   m 9 w
    8   m 10 e
>>> 9   m 19 n


Turn 252
================================================================
warning: entity 19 was directed to use 6 halite to move north, but only 3 halite was available
At command 9 of 12:
    7   m 4 e
    8   m 10 w
>>> 9   m 19 n
    10   m 9 n
    11   m 0 s

warning: entity 6 was directed to use 5 halite to move east, but only 2 halite was available
At command 12 of 12:
    10   m 9 n
    11   m 0 s
>>> 12   m 6 e


Turn 254
================================================================
warning: entity 13 was directed to use 4 halite to move east, but only 2 halite was available
At command 5 of 11:
    3   m 19 o
    4   m 4 e
>>> 5   m 13 e
    6   m 6 w
    7   m 2 n


Turn 255
================================================================
warning: entity 6 was directed to use 4 halite to move west, but only 3 halite was available
At command 8 of 12:
    6   m 10 e
    7   m 4 e
>>> 8   m 6 w
    9   m 23 e
    10   m 2 n

warning: entity 23 was directed to use 2 halite to move east, but only 0 halite was available
At command 9 of 12:
    7   m 4 e
    8   m 6 w
>>> 9   m 23 e
    10   m 2 n
    11   m 24 e


Turn 258
================================================================
warning: entity 23 was directed to use 2 halite to move east, but only 1 halite was available
At command 3 of 12:
    1   m 17 s
    2   m 10 e
>>> 3   m 23 e
    4   m 24 s
    5   m 13 s

warning: entity 6 was directed to use 3 halite to move west, but only 2 halite was available
At command 6 of 12:
    4   m 24 s
    5   m 13 s
>>> 6   m 6 w
    7   m 20 n
    8   m 26 o


Turn 260
================================================================
warning: entity 13 was directed to use 6 halite to move east, but only 0 halite was available
At command 5 of 12:
    3   m 0 e
    4   m 6 w
>>> 5   m 13 e
    6   m 2 e
    7   m 26 e


Turn 262
================================================================
warning: entity 6 was directed to use 8 halite to move south, but only 1 halite was available
At command 10 of 13:
    8   m 23 n
    9   m 17 e
>>> 10   m 6 s
    11   m 4 n
    12   m 24 o


Turn 263
================================================================
warning: entity 13 was directed to use 9 halite to move east, but only 5 halite was available
At command 5 of 12:
    3   m 20 n
    4   m 9 e
>>> 5   m 13 e
    6   m 17 e
    7   m 10 o

warning: entity 26 was directed to use 1 halite to move south, but only 0 halite was available
At command 8 of 12:
    6   m 17 e
    7   m 10 o
>>> 8   m 26 s
    9   m 19 s
    10   m 23 w


Turn 265
================================================================
warning: entity 23 was directed to use 2 halite to move north, but only 1 halite was available
At command 11 of 11:
    9   m 4 n
    10   m 0 w
>>> 11   m 23 n


Turn 266
================================================================
warning: entity 24 was directed to use 2 halite to move south, but only 0 halite was available
At command 5 of 12:
    3   m 23 s
    4   m 10 e
>>> 5   m 24 s
    6   m 9 e
    7   m 26 e

warning: entity 26 was directed to use 1 halite to move east, but only 0 halite was available
At command 7 of 12:
    5   m 24 s
    6   m 9 e
>>> 7   m 26 e
    8   m 20 w
    9   m 6 e


Turn 268
================================================================
warning: entity 26 was directed to use 4 halite to move west, but only 3 halite was available
At command 8 of 11:
    6   m 19 w
    7   m 2 w
>>> 8   m 26 w
    9   m 13 n
    10   m 20 w


Turn 270
================================================================
warning: entity 6 was directed to use 4 halite to move west, but only 2 halite was available
At command 8 of 10:
    6   m 26 e
    7   m 23 s
>>> 8   m 6 w
    9   m 4 n
    10   m 19 w


Turn 272
================================================================
warning: entity 26 was directed to use 5 halite to move west, but only 4 halite was available
At command 10 of 12:
    8   m 10 n
    9   m 24 n
>>> 10   m 26 w
    11   m 20 w
    12   m 4 e


Turn 273
================================================================
warning: entity 19 was directed to use 1 halite to move north, but only 0 halite was available
At command 5 of 13:
    3   m 13 w
    4   m 26 s
>>> 5   m 19 n
    6   m 24 n
    7   m 17 n

warning: entity 6 was directed to use 7 halite to move west, but only 5 halite was available
At command 11 of 13:
    9   m 2 w
    10   m 0 e
>>> 11   m 6 w
    12   m 10 o
    13   m 4 s


Turn 275
================================================================
warning: entity 24 was directed to use 4 halite to move west, but only 3 halite was available
At command 6 of 10:
    4   m 19 e
    5   m 6 s
>>> 6   m 24 w
    7   m 2 n
    8   m 26 w


Turn 276
================================================================
warning: entity 19 was directed to use 4 halite to move east, but only 0 halite was available
At command 10 of 12:
    8   m 2 w
    9   m 23 s
>>> 10   m 19 e
    11   m 26 e
    12   m 4 o


Turn 277
================================================================
warning: entity 26 was directed to use 4 halite to move east, but only 3 halite was available
At command 12 of 13:
    10   m 9 o
    11   m 6 n
>>> 12   m 26 e
    13   g


Turn 279
================================================================
warning: entity 6 was directed to use 6 halite to move south, but only 4 halite was available
At command 8 of 13:
    6   m 9 o
    7   m 19 s
>>> 8   m 6 s
    9   m 4 o
    10   m 17 n


Turn 280
================================================================
warning: entity 19 was directed to use 8 halite to move south, but only 4 halite was available
At command 14 of 14:
    12   m 23 e
    13   m 26 e
>>> 14   m 19 s


Turn 281
================================================================
warning: entity 9 was directed to use 6 halite to move east, but only 4 halite was available
At command 6 of 14:
    4   m 20 e
    5   m 17 w
>>> 6   m 9 e
    7   m 6 o
    8   m 4 o

warning: entity 24 was directed to use 9 halite to move north, but only 1 halite was available
At command 9 of 14:
    7   m 6 o
    8   m 4 o
>>> 9   m 24 n
    10   m 10 o
    11   m 13 s

warning: entity 26 was directed to use 5 halite to move north, but only 4 halite was available
At command 12 of 14:
    10   m 10 o
    11   m 13 s
>>> 12   m 26 n
    13   m 2 e
    14   m 23 w


Turn 284
================================================================
warning: entity 0 was directed to use 1 halite to move south, but only 0 halite was available
At command 8 of 12:
    6   m 20 n
    7   m 10 s
>>> 8   m 0 s
    9   m 30 o
    10   m 17 s


Turn 286
================================================================
warning: entity 0 was directed to use 4 halite to move west, but only 3 halite was available
At command 6 of 13:
    4   m 6 o
    5   m 4 s
>>> 6   m 0 w
    7   m 30 w
    8   m 2 w

warning: entity 23 was directed to use 1 halite to move west, but only 0 halite was available
At command 13 of 13:
    11   m 24 w
    12   m 17 w
>>> 13   m 23 w


Turn 287
================================================================
warning: entity 30 was directed to use 3 halite to move west, but only 2 halite was available
At command 6 of 12:
    4   m 20 e
    5   m 10 o
>>> 6   m 30 w
    7   m 4 s
    8   m 13 n

warning: entity 24 was directed to use 8 halite to move west, but only 1 halite was available
At command 11 of 12:
    9   m 2 w
    10   m 9 s
>>> 11   m 24 w
    12   m 17 s


Turn 293
================================================================
warning: entity 30 was directed to use 2 halite to move west, but only 1 halite was available
At command 4 of 11:
    2   m 20 o
    3   m 9 o
>>> 4   m 30 w
    5   m 24 e
    6   m 2 n


Turn 296
================================================================
warning: entity 30 was directed to use 6 halite to move north, but only 3 halite was available
At command 8 of 14:
    6   m 17 o
    7   m 9 s
>>> 8   m 30 n
    9   m 19 e
    10   m 23 s

warning: entity 23 was directed to use 2 halite to move south, but only 0 halite was available
At command 10 of 14:
    8   m 30 n
    9   m 19 e
>>> 10   m 23 s
    11   m 24 o
    12   m 2 n


Turn 298
================================================================
warning: entity 23 was directed to use 6 halite to move south, but only 5 halite was available
At command 4 of 14:
    2   m 6 o
    3   m 30 w
>>> 4   m 23 s
    5   m 10 w
    6   m 9 w


Turn 299
================================================================
warning: entity 30 was directed to use 8 halite to move west, but only 7 halite was available
At command 7 of 14:
    5   m 17 o
    6   m 9 w
>>> 7   m 30 w
    8   m 4 n
    9   m 10 o

warning: entity 0 was directed to use 5 halite to move east, but only 1 halite was available
At command 13 of 14:
    11   m 19 w
    12   m 2 e
>>> 13   m 0 e
    14   m 32 e


Turn 301
================================================================
warning: entity 9 was directed to use 2 halite to move south, but only 0 halite was available
At command 10 of 12:
    8   m 19 e
    9   m 6 w
>>> 10   m 9 s
    11   m 32 s
    12   m 2 n


Turn 302
================================================================
warning: entity 0 was directed to use 8 halite to move north, but only 2 halite was available
At command 8 of 12:
    6   m 4 n
    7   m 2 e
>>> 8   m 0 n
    9   m 20 w
    10   m 19 w

warning: entity 20 was directed to use 1 halite to move west, but only 0 halite was available
At command 9 of 12:
    7   m 2 e
    8   m 0 n
>>> 9   m 20 w
    10   m 19 w
    11   m 6 n


Turn 304
================================================================
warning: entity 9 was directed to use 8 halite to move north, but only 0 halite was available
At command 9 of 10:
    7   m 20 n
    8   m 32 n
>>> 9   m 9 n
    10   m 4 e


Turn 306
================================================================
warning: entity 32 was directed to use 1 halite to move east, but only 0 halite was available
At command 12 of 13:
    10   m 2 n
    11   m 13 s
>>> 12   m 32 e
    13   m 0 e

warning: entity 0 was directed to use 6 halite to move east, but only 5 halite was available
At command 13 of 13:
    11   m 13 s
    12   m 32 e
>>> 13   m 0 e


Turn 308
================================================================
warning: entity 9 was directed to use 8 halite to move north, but only 2 halite was available
At command 11 of 13:
    9   m 20 w
    10   m 17 w
>>> 11   m 9 n
    12   m 13 e
    13   m 2 e


Turn 309
================================================================
warning: entity 32 was directed to use 6 halite to move north, but only 2 halite was available
At command 8 of 12:
    6   m 4 n
    7   m 10 o
>>> 8   m 32 n
    9   m 17 w
    10   m 20 w

warning: entity 17 was directed to use 2 halite to move west, but only 0 halite was available
At command 9 of 12:
    7   m 10 o
    8   m 32 n
>>> 9   m 17 w
    10   m 20 w
    11   m 2 w


Turn 310
================================================================
warning: entity 20 was directed to use 4 halite to move west, but only 0 halite was available
At command 6 of 12:
    4   m 17 w
    5   m 23 n
>>> 6   m 20 w
    7   m 26 w
    8   m 2 n


Turn 312
================================================================
warning: entity 10 was directed to use 1 halite to move north, but only 0 halite was available
At command 5 of 12:
    3   m 20 w
    4   m 26 w
>>> 5   m 10 n
    6   m 19 e
    7   m 23 w

warning: entity 17 was directed to use 4 halite to move east, but only 3 halite was available
At command 9 of 12:
    7   m 23 w
    8   m 4 e
>>> 9   m 17 e
    10   m 24 e
    11   m 2 n

warning: entity 0 was directed to use 2 halite to move south, but only 0 halite was available
At command 12 of 12:
    10   m 24 e
    11   m 2 n
>>> 12   m 0 s


Turn 314
================================================================
warning: entity 10 was directed to use 5 halite to move west, but only 3 halite was available
At command 7 of 12:
    5   m 6 w
    6   m 4 s
>>> 7   m 10 w
    8   m 17 o
    9   m 0 w


Turn 315
================================================================
warning: entity 0 was directed to use 7 halite to move south, but only 5 halite was available
At command 12 of 13:
    10   m 6 e
    11   m 19 e
>>> 12   m 0 s
    13   m 26 n


Turn 318
================================================================
warning: entity 24 was directed to use 2 halite to move north, but only 0 halite was available
At command 11 of 12:
    9   m 2 s
    10   m 0 s
>>> 11   m 24 n
    12   m 26 n


Turn 321
================================================================
warning: entity 24 was directed to use 4 halite to move east, but only 2 halite was available
At command 8 of 13:
    6   m 26 n
    7   m 4 w
>>> 8   m 24 e
    9   m 23 n
    10   m 6 s

warning: entity 0 was directed to use 6 halite to move south, but only 2 halite was available
At command 13 of 13:
    11   m 10 o
    12   m 19 w
>>> 13   m 0 s


Turn 326
================================================================
warning: entity 24 was directed to use 9 halite to move north, but only 3 halite was available
At command 11 of 11:
    9   m 13 n
    10   m 9 s
>>> 11   m 24 n


Turn 329
================================================================
warning: entity 26 was directed to use 3 halite to move south, but only 1 halite was available
At command 3 of 13:
    1   m 4 e
    2   m 19 s
>>> 3   m 26 s
    4   m 2 w
    5   m 0 w

warning: entity 23 was directed to use 3 halite to move west, but only 0 halite was available
At command 9 of 13:
    7   m 17 s
    8   m 32 w
>>> 9   m 23 w
    10   m 24 e
    11   m 10 s


Turn 332
================================================================
warning: entity 26 was directed to use 2 halite to move west, but only 1 halite was available
At command 6 of 13:
    4   m 20 e
    5   m 19 w
>>> 6   m 26 w
    7   m 17 n
    8   m 6 s

warning: entity 17 was directed to use 4 halite to move north, but only 1 halite was available
At command 7 of 13:
    5   m 19 w
    6   m 26 w
>>> 7   m 17 n
    8   m 6 s
    9   m 2 w


Turn 333
================================================================
warning: entity 24 was directed to use 7 halite to move west, but only 3 halite was available
At command 12 of 12:
    10   m 32 n
    11   m 10 s
>>> 12   m 24 w


Turn 336
================================================================
warning: entity 23 was directed to use 9 halite to move east, but only 2 halite was available
At command 6 of 14:
    4   m 6 e
    5   m 32 e
>>> 6   m 23 e
    7   m 30 n
    8   m 20 s

warning: entity 26 was directed to use 7 halite to move north, but only 4 halite was available
At command 11 of 14:
    9   m 2 s
    10   m 24 n
>>> 11   m 26 n
    12   m 19 e
    13   m 17 w

warning: entity 17 was directed to use 5 halite to move west, but only 3 halite was available
At command 13 of 14:
    11   m 26 n
    12   m 19 e
>>> 13   m 17 w
    14   m 9 e


Turn 337
================================================================
warning: entity 32 was directed to use 1 halite to move north, but only 0 halite was available
At command 6 of 14:
    4   m 17 n
    5   m 4 n
>>> 6   m 32 n
    7   m 2 w
    8   m 10 w

warning: entity 10 was directed to use 7 halite to move west, but only 2 halite was available
At command 8 of 14:
    6   m 32 n
    7   m 2 w
>>> 8   m 10 w
    9   m 6 n
    10   m 20 e

warning: entity 30 was directed to use 6 halite to move south, but only 4 halite was available
At command 11 of 14:
    9   m 6 n
    10   m 20 e
>>> 11   m 30 s
    12   m 24 o
    13   m 19 w


Turn 341
================================================================
warning: entity 17 was directed to use 6 halite to move east, but only 2 halite was available
At command 13 of 15:
    11   m 10 w
    12   m 19 w
>>> 13   m 17 e
    14   m 24 s
    15   m 6 w


Turn 342
================================================================
warning: entity 10 was directed to use 9 halite to move south, but only 2 halite was available
At command 11 of 13:
    9   m 0 n
    10   m 20 w
>>> 11   m 10 s
    12   m 19 o
    13   m 24 e


Turn 344
================================================================
warning: entity 17 was directed to use 8 halite to move north, but only 5 halite was available
At command 8 of 14:
    6   m 32 w
    7   m 19 n
>>> 8   m 17 n
    9   m 2 n
    10   m 30 e


Turn 345
================================================================
warning: entity 2 was directed to use 3 halite to move north, but only 0 halite was available
At command 12 of 14:
    10   m 19 n
    11   m 26 n
>>> 12   m 2 n
    13   m 9 e
    14   m 20 s


Turn 346
================================================================
warning: entity 26 was directed to use 9 halite to move north, but only 2 halite was available
At command 8 of 14:
    6   m 24 n
    7   m 30 o
>>> 8   m 26 n
    9   m 17 o
    10   m 4 s

warning: entity 10 was directed to use 7 halite to move west, but only 4 halite was available
At command 12 of 14:
    10   m 4 s
    11   m 0 e
>>> 12   m 10 w
    13   m 9 e
    14   m 20 n


Turn 348
================================================================
warning: entity 30 was directed to use 1 halite to move north, but only 0 halite was available
At command 7 of 14:
    5   m 17 s
    6   m 9 o
>>> 7   m 30 n
    8   m 32 w
    9   m 26 s

warning: entity 2 was directed to use 3 halite to move west, but only 2 halite was available
At command 12 of 14:
    10   m 10 w
    11   m 19 s
>>> 12   m 2 w
    13   m 0 e
    14   m 4 n


Turn 350
================================================================
warning: entity 26 was directed to use 7 halite to move south, but only 6 halite was available
At command 7 of 13:
    5   m 6 w
    6   m 13 e
>>> 7   m 26 s
    8   m 20 s
    9   m 24 n


Turn 351
================================================================
warning: entity 2 was directed to use 7 halite to move south, but only 6 halite was available
At command 6 of 14:
    4   m 32 e
    5   m 9 e
>>> 6   m 2 s
    7   m 6 s
    8   m 13 n

warning: entity 13 was directed to use 3 halite to move north, but only 0 halite was available
At command 8 of 14:
    6   m 2 s
    7   m 6 s
>>> 8   m 13 n
    9   m 20 s
    10   m 24 w


Turn 353
================================================================
warning: entity 17 was directed to use 3 halite to move north, but only 1 halite was available
At command 14 of 14:
    12   m 20 s
    13   m 4 e
>>> 14   m 17 n


Turn 354
================================================================
warning: entity 24 was directed to use 3 halite to move north, but only 1 halite was available
At command 8 of 14:
    6   m 0 s
    7   m 6 s
>>> 8   m 24 n
    9   m 26 o
    10   m 32 n


Turn 355
================================================================
warning: entity 13 was directed to use 9 halite to move west, but only 6 halite was available
At command 7 of 14:
    5   m 17 w
    6   m 2 w
>>> 7   m 13 w
    8   m 6 o
    9   m 0 e


Turn 356
================================================================
warning: entity 17 was directed to use 9 halite to move west, but only 0 halite was available
At command 10 of 14:
    8   m 30 w
    9   m 32 s
>>> 10   m 17 w
    11   m 0 n
    12   m 10 w


Turn 360
================================================================
warning: entity 17 was directed to use 9 halite to move west, but only 2 halite was available
At command 4 of 14:
    2   m 26 w
    3   m 24 e
>>> 4   m 17 w
    5   m 0 w
    6   m 20 n

warning: entity 30 was directed to use 3 halite to move north, but only 0 halite was available
At command 8 of 14:
    6   m 20 n
    7   m 13 w
>>> 8   m 30 n
    9   m 32 n
    10   m 9 e


Turn 361
================================================================
warning: entity 24 was directed to use 9 halite to move east, but only 3 halite was available
At command 7 of 14:
    5   m 10 n
    6   m 26 s
>>> 7   m 24 e
    8   m 0 w
    9   m 13 n

warning: entity 32 was directed to use 3 halite to move east, but only 0 halite was available
At command 10 of 14:
    8   m 0 w
    9   m 13 n
>>> 10   m 32 e
    11   m 9 w
    12   m 2 n


Turn 362
================================================================
warning: entity 13 was directed to use 4 halite to move north, but only 3 halite was available
At command 4 of 14:
    2   m 32 w
    3   m 17 s
>>> 4   m 13 n
    5   m 30 e
    6   m 26 w

warning: entity 10 was directed to use 8 halite to move south, but only 7 halite was available
At command 7 of 14:
    5   m 30 e
    6   m 26 w
>>> 7   m 10 s
    8   m 19 o
    9   m 20 s


Turn 365
================================================================
warning: entity 2 was directed to use 9 halite to move north, but only 0 halite was available
At command 3 of 11:
    1   m 24 s
    2   m 26 s
>>> 3   m 2 n
    4   m 9 n
    5   m 32 e

warning: entity 32 was directed to use 9 halite to move east, but only 3 halite was available
At command 5 of 11:
    3   m 2 n
    4   m 9 n
>>> 5   m 32 e
    6   m 30 e
    7   m 13 s

warning: entity 30 was directed to use 5 halite to move east, but only 3 halite was available
At command 6 of 11:
    4   m 9 n
    5   m 32 e
>>> 6   m 30 e
    7   m 13 s
    8   m 20 e

warning: entity 17 was directed to use 7 halite to move west, but only 6 halite was available
At command 10 of 11:
    8   m 20 e
    9   m 19 w
>>> 10   m 17 w
    11   m 6 s


Turn 366
================================================================
warning: entity 13 was directed to use 8 halite to move east, but only 7 halite was available
At command 7 of 13:
    5   m 30 e
    6   m 17 s
>>> 7   m 13 e
    8   m 24 n
    9   m 26 w


Turn 368
================================================================
warning: entity 30 was directed to use 9 halite to move east, but only 5 halite was available
At command 9 of 13:
    7   m 13 o
    8   m 0 e
>>> 9   m 30 e
    10   m 17 n
    11   m 2 s


Turn 370
================================================================
warning: entity 32 was directed to use 6 halite to move west, but only 4 halite was available
At command 9 of 13:
    7   m 24 n
    8   m 26 n
>>> 9   m 32 w
    10   m 17 e
    11   m 0 n

warning: entity 2 was directed to use 5 halite to move north, but only 1 halite was available
At command 12 of 13:
    10   m 17 e
    11   m 0 n
>>> 12   m 2 n
    13   m 6 s


Turn 371
================================================================
warning: entity 17 was directed to use 8 halite to move west, but only 0 halite was available
At command 11 of 12:
    9   m 0 e
    10   m 24 w
>>> 11   m 17 w
    12   m 6 w


Turn 373
================================================================
warning: entity 24 was directed to use 6 halite to move north, but only 4 halite was available
At command 8 of 12:
    6   m 10 s
    7   m 6 e
>>> 8   m 24 n
    9   m 20 e
    10   m 32 n

warning: entity 13 was directed to use 9 halite to move east, but only 8 halite was available
At command 12 of 12:
    10   m 32 n
    11   m 0 w
>>> 12   m 13 e


Turn 374
================================================================
warning: entity 32 was directed to use 7 halite to move south, but only 2 halite was available
At command 13 of 13:
    11   m 6 n
    12   m 10 s
>>> 13   m 32 s


Turn 375
================================================================
warning: entity 2 was directed to use 5 halite to move north, but only 2 halite was available
At command 7 of 13:
    5   m 19 e
    6   m 24 s
>>> 7   m 2 n
    8   m 30 s
    9   m 9 w


Turn 379
================================================================
warning: entity 13 was directed to use 8 halite to move west, but only 0 halite was available
At command 10 of 11:
    8   m 9 n
    9   m 24 w
>>> 10   m 13 w
    11   m 10 n


Turn 380
================================================================
warning: entity 24 was directed to use 4 halite to move south, but only 0 halite was available
At command 6 of 11:
    4   m 32 n
    5   m 26 e
>>> 6   m 24 s
    7   m 20 w
    8   m 19 w


Turn 381
================================================================
warning: entity 32 was directed to use 3 halite to move east, but only 1 halite was available
At command 6 of 11:
    4   m 0 o
    5   m 10 w
>>> 6   m 32 e
    7   m 26 n
    8   m 19 e


Turn 383
================================================================
warning: entity 26 was directed to use 4 halite to move east, but only 2 halite was available
At command 7 of 11:
    5   m 32 e
    6   m 24 e
>>> 7   m 26 e
    8   m 6 s
    9   m 19 e


Turn 385
================================================================
warning: entity 32 was directed to use 2 halite to move west, but only 1 halite was available
At command 8 of 11:
    6   m 0 w
    7   m 9 n
>>> 8   m 32 w
    9   m 6 n
    10   m 10 w


Turn 386
================================================================
warning: entity 24 was directed to use 2 halite to move west, but only 0 halite was available
At command 6 of 12:
    4   m 17 w
    5   m 26 w
>>> 6   m 24 w
    7   m 2 w
    8   m 19 s


Turn 389
================================================================
warning: entity 24 was directed to use 5 halite to move north, but only 3 halite was available
At command 6 of 11:
    4   m 6 w
    5   m 32 s
>>> 6   m 24 n
    7   m 26 n
    8   m 2 w

warning: entity 17 was directed to use 1 halite to move south, but only 0 halite was available
At command 9 of 11:
    7   m 26 n
    8   m 2 w
>>> 9   m 17 s
    10   m 20 w
    11   m 0 s


Turn 390
================================================================
warning: entity 26 was directed to use 9 halite to move south, but only 2 halite was available
At command 10 of 11:
    8   m 32 e
    9   m 20 w
>>> 10   m 26 s
    11   m 2 e


Turn 393
================================================================
warning: entity 17 was directed to use 2 halite to move east, but only 1 halite was available
At command 7 of 12:
    5   m 9 s
    6   m 24 o
>>> 7   m 17 e
    8   m 20 e
    9   m 30 n


Turn 394
================================================================
warning: entity 26 was directed to use 8 halite to move east, but only 4 halite was available
At command 9 of 12:
    7   m 6 s
    8   m 10 w
>>> 9   m 26 e
    10   m 30 n
    11   m 20 n


Turn 398
================================================================
warning: entity 24 was directed to use 6 halite to move north, but only 2 halite was available
At command 8 of 11:
    6   m 32 s
    7   m 9 n
>>> 8   m 24 n
    9   m 17 n
    10   m 13 s


Turn 400
================================================================
warning: entity 32 was directed to use 2 halite to move west, but only 0 halite was available
At command 3 of 11:
    1   m 26 e
    2   m 2 s
>>> 3   m 32 w
    4   m 19 n
    5   m 24 e

