
Turn 3
================================================================
warning: entity 0 was directed to use 1 halite to move east, but only 0 halite was available
At command 1 of 2:
>>> 1   m 0 e
    2   g


Turn 5
================================================================
warning: entity 2 was directed to use 3 halite to move south, but only 0 halite was available
At command 2 of 3:
    1   m 0 n
>>> 2   m 2 s
    3   g


Turn 6
================================================================
warning: entity 0 was directed to use 6 halite to move west, but only 2 halite was available
At command 2 of 3:
    1   m 2 o
>>> 2   m 0 w
    3   m 4 o


Turn 9
================================================================
warning: entity 4 was directed to use 2 halite to move east, but only 0 halite was available
At command 3 of 4:
    1   m 2 w
    2   m 0 n
>>> 3   m 4 e
    4   m 7 w


Turn 11
================================================================
warning: entity 7 was directed to use 2 halite to move north, but only 0 halite was available
At command 5 of 5:
    3   m 0 w
    4   m 2 s
>>> 5   m 7 n


Turn 12
================================================================
warning: entity 8 was directed to use 1 halite to move south, but only 0 halite was available
At command 3 of 3:
    1   m 7 w
    2   m 4 w
>>> 3   m 8 s


Turn 13
================================================================
warning: entity 7 was directed to use 9 halite to move north, but only 4 halite was available
At command 2 of 3:
    1   m 8 s
>>> 2   m 7 n
    3   m 4 e

warning: entity 4 was directed to use 4 halite to move east, but only 1 halite was available
At command 3 of 3:
    1   m 8 s
    2   m 7 n
>>> 3   m 4 e


Turn 14
================================================================
warning: entity 8 was directed to use 5 halite to move west, but only 4 halite was available
At command 1 of 5:
>>> 1   m 8 w
    2   m 0 n
    3   m 2 e


Turn 19
================================================================
warning: entity 8 was directed to use 4 halite to move west, but only 2 halite was available
At command 2 of 3:
    1   m 2 s
>>> 2   m 8 w
    3   m 4 e


Turn 20
================================================================
warning: entity 4 was directed to use 7 halite to move north, but only 3 halite was available
At command 3 of 4:
    1   m 8 e
    2   m 7 e
>>> 3   m 4 n
    4   m 2 n


Turn 44
================================================================
warning: entity 0 was directed to use 1 halite to move west, but only 0 halite was available
At command 4 of 5:
    2   m 2 w
    3   m 8 n
>>> 4   m 0 w
    5   m 7 n


Turn 46
================================================================
warning: entity 0 was directed to use 5 halite to move west, but only 3 halite was available
At command 1 of 3:
>>> 1   m 0 w
    2   m 8 e
    3   m 2 w


Turn 51
================================================================
warning: entity 2 was directed to use 1 halite to move south, but only 0 halite was available
At command 3 of 5:
    1   m 4 s
    2   m 7 w
>>> 3   m 2 s
    4   m 8 w
    5   m 0 w


Turn 53
================================================================
warning: entity 0 was directed to use 7 halite to move south, but only 0 halite was available
At command 1 of 6:
>>> 1   m 0 s
    2   m 8 w
    3   m 10 e


Turn 54
================================================================
warning: entity 2 was directed to use 5 halite to move south, but only 1 halite was available
At command 3 of 6:
    1   m 8 e
    2   m 0 n
>>> 3   m 2 s
    4   m 10 e
    5   m 7 e


Turn 58
================================================================
warning: entity 2 was directed to use 9 halite to move east, but only 6 halite was available
At command 1 of 5:
>>> 1   m 2 e
    2   m 10 s
    3   m 0 w

warning: entity 0 was directed to use 8 halite to move west, but only 4 halite was available
At command 3 of 5:
    1   m 2 e
    2   m 10 s
>>> 3   m 0 w
    4   m 8 e
    5   m 7 w


Turn 63
================================================================
warning: entity 2 was directed to use 7 halite to move south, but only 5 halite was available
At command 5 of 5:
    3   m 7 n
    4   m 10 s
>>> 5   m 2 s


Turn 68
================================================================
warning: entity 0 was directed to use 4 halite to move south, but only 0 halite was available
At command 1 of 6:
>>> 1   m 0 s
    2   m 8 w
    3   m 7 e

warning: entity 2 was directed to use 3 halite to move west, but only 2 halite was available
At command 4 of 6:
    2   m 8 w
    3   m 7 e
>>> 4   m 2 w
    5   m 10 w
    6   m 4 n


Turn 70
================================================================
warning: entity 10 was directed to use 3 halite to move south, but only 2 halite was available
At command 2 of 4:
    1   m 0 e
>>> 2   m 10 s
    3   m 2 n
    4   m 4 s


Turn 71
================================================================
warning: entity 0 was directed to use 6 halite to move south, but only 0 halite was available
At command 1 of 4:
>>> 1   m 0 s
    2   m 2 s
    3   m 10 e

warning: entity 2 was directed to use 8 halite to move south, but only 1 halite was available
At command 2 of 4:
    1   m 0 s
>>> 2   m 2 s
    3   m 10 e
    4   m 4 n


Turn 73
================================================================
warning: entity 10 was directed to use 7 halite to move west, but only 1 halite was available
At command 4 of 5:
    2   m 0 w
    3   m 2 s
>>> 4   m 10 w
    5   m 4 n


Turn 74
================================================================
warning: entity 4 was directed to use 2 halite to move north, but only 0 halite was available
At command 6 of 6:
    4   m 10 s
    5   m 7 n
>>> 6   m 4 n


Turn 75
================================================================
warning: entity 2 was directed to use 7 halite to move south, but only 3 halite was available
At command 4 of 5:
    2   m 8 s
    3   m 0 w
>>> 4   m 2 s
    5   m 7 n


Turn 76
================================================================
warning: entity 0 was directed to use 4 halite to move north, but only 2 halite was available
At command 3 of 5:
    1   m 10 n
    2   m 2 n
>>> 3   m 0 n
    4   m 8 s
    5   m 4 e


Turn 77
================================================================
warning: entity 4 was directed to use 8 halite to move north, but only 2 halite was available
At command 4 of 6:
    2   m 0 w
    3   m 7 e
>>> 4   m 4 n
    5   m 2 n
    6   m 10 e


Turn 79
================================================================
warning: entity 0 was directed to use 7 halite to move north, but only 2 halite was available
At command 5 of 5:
    3   m 10 s
    4   m 8 w
>>> 5   m 0 n


Turn 83
================================================================
warning: entity 0 was directed to use 9 halite to move east, but only 3 halite was available
At command 1 of 6:
>>> 1   m 0 e
    2   m 8 s
    3   m 7 s

warning: entity 10 was directed to use 5 halite to move west, but only 4 halite was available
At command 4 of 6:
    2   m 8 s
    3   m 7 s
>>> 4   m 10 w
    5   m 2 e
    6   m 4 e


Turn 85
================================================================
warning: entity 4 was directed to use 7 halite to move east, but only 4 halite was available
At command 5 of 5:
    3   m 10 s
    4   m 2 o
>>> 5   m 4 e


Turn 90
================================================================
warning: entity 4 was directed to use 3 halite to move south, but only 0 halite was available
At command 2 of 5:
    1   m 2 s
>>> 2   m 4 s
    3   m 8 n
    4   m 0 s


Turn 91
================================================================
warning: entity 0 was directed to use 4 halite to move south, but only 0 halite was available
At command 3 of 5:
    1   m 2 e
    2   m 4 e
>>> 3   m 0 s
    4   m 8 e
    5   m 7 s


Turn 93
================================================================
warning: entity 7 was directed to use 1 halite to move north, but only 0 halite was available
At command 3 of 5:
    1   m 0 w
    2   m 8 s
>>> 3   m 7 n
    4   m 4 w
    5   g

warning: entity 4 was directed to use 5 halite to move west, but only 2 halite was available
At command 4 of 5:
    2   m 8 s
    3   m 7 n
>>> 4   m 4 w
    5   g


Turn 98
================================================================
warning: entity 4 was directed to use 7 halite to move east, but only 1 halite was available
At command 4 of 6:
    2   m 7 w
    3   m 12 s
>>> 4   m 4 e
    5   m 8 e
    6   m 0 w

warning: entity 0 was directed to use 3 halite to move west, but only 0 halite was available
At command 6 of 6:
    4   m 4 e
    5   m 8 e
>>> 6   m 0 w


Turn 99
================================================================
warning: entity 12 was directed to use 3 halite to move north, but only 0 halite was available
At command 3 of 7:
    1   m 10 n
    2   m 2 s
>>> 3   m 12 n
    4   m 4 n
    5   m 8 w


Turn 102
================================================================
warning: entity 4 was directed to use 9 halite to move west, but only 7 halite was available
At command 4 of 6:
    2   m 0 o
    3   m 12 o
>>> 4   m 4 w
    5   m 10 s
    6   m 2 e


Turn 107
================================================================
warning: entity 12 was directed to use 3 halite to move east, but only 0 halite was available
At command 2 of 4:
    1   m 8 s
>>> 2   m 12 e
    3   m 10 w
    4   m 7 s


Turn 109
================================================================
warning: entity 7 was directed to use 4 halite to move west, but only 2 halite was available
At command 4 of 5:
    2   m 12 e
    3   m 4 s
>>> 4   m 7 w
    5   m 10 e


Turn 110
================================================================
warning: entity 12 was directed to use 8 halite to move west, but only 4 halite was available
At command 4 of 4:
    2   m 7 s
    3   m 10 w
>>> 4   m 12 w


Turn 114
================================================================
warning: entity 7 was directed to use 5 halite to move south, but only 2 halite was available
At command 4 of 4:
    2   m 2 w
    3   m 12 n
>>> 4   m 7 s


Turn 116
================================================================
warning: entity 12 was directed to use 3 halite to move south, but only 2 halite was available
At command 5 of 6:
    3   m 2 s
    4   m 10 e
>>> 5   m 12 s
    6   m 7 n


Turn 121
================================================================
warning: entity 12 was directed to use 9 halite to move west, but only 2 halite was available
At command 1 of 6:
>>> 1   m 12 w
    2   m 4 n
    3   m 0 n


Turn 125
================================================================
warning: entity 0 was directed to use 1 halite to move north, but only 0 halite was available
At command 1 of 6:
>>> 1   m 0 n
    2   m 8 n
    3   m 12 w


Turn 126
================================================================
warning: entity 12 was directed to use 8 halite to move south, but only 3 halite was available
At command 5 of 7:
    3   m 0 w
    4   m 4 e
>>> 5   m 12 s
    6   m 2 w
    7   m 10 w


Turn 130
================================================================
warning: entity 10 was directed to use 1 halite to move north, but only 0 halite was available
At command 7 of 7:
    5   m 8 s
    6   m 2 w
>>> 7   m 10 n


Turn 132
================================================================
warning: entity 15 was directed to use 1 halite to move east, but only 0 halite was available
At command 4 of 8:
    2   m 0 s
    3   m 7 s
>>> 4   m 15 e
    5   m 2 n
    6   m 10 n


Turn 133
================================================================
warning: entity 0 was directed to use 7 halite to move west, but only 6 halite was available
At command 3 of 8:
    1   m 7 s
    2   m 15 s
>>> 3   m 0 w
    4   m 8 w
    5   m 10 n


Turn 134
================================================================
warning: entity 12 was directed to use 4 halite to move west, but only 1 halite was available
At command 7 of 8:
    5   m 2 w
    6   m 10 w
>>> 7   m 12 w
    8   m 4 e


Turn 135
================================================================
warning: entity 10 was directed to use 2 halite to move south, but only 0 halite was available
At command 3 of 8:
    1   m 4 n
    2   m 12 e
>>> 3   m 10 s
    4   m 2 w
    5   m 0 e


Turn 139
================================================================
warning: entity 0 was directed to use 4 halite to move west, but only 2 halite was available
At command 4 of 7:
    2   m 7 w
    3   m 8 o
>>> 4   m 0 w
    5   m 10 n
    6   m 2 s

warning: entity 12 was directed to use 9 halite to move east, but only 1 halite was available
At command 7 of 7:
    5   m 10 n
    6   m 2 s
>>> 7   m 12 e


Turn 140
================================================================
warning: entity 10 was directed to use 1 halite to move east, but only 0 halite was available
At command 8 of 8:
    6   m 15 s
    7   m 2 s
>>> 8   m 10 e


Turn 141
================================================================
warning: entity 15 was directed to use 2 halite to move west, but only 0 halite was available
At command 5 of 8:
    3   m 0 n
    4   m 8 w
>>> 5   m 15 w
    6   m 7 e
    7   m 12 s


Turn 142
================================================================
warning: entity 0 was directed to use 3 halite to move east, but only 2 halite was available
At command 8 of 8:
    6   m 12 w
    7   m 8 n
>>> 8   m 0 e


Turn 143
================================================================
warning: entity 10 was directed to use 1 halite to move west, but only 0 halite was available
At command 7 of 7:
    5   m 12 n
    6   m 2 e
>>> 7   m 10 w


Turn 144
================================================================
warning: entity 2 was directed to use 1 halite to move south, but only 0 halite was available
At command 2 of 7:
    1   m 15 w
>>> 2   m 2 s
    3   m 10 s
    4   m 0 e


Turn 145
================================================================
warning: entity 0 was directed to use 2 halite to move east, but only 1 halite was available
At command 6 of 7:
    4   m 2 s
    5   m 8 w
>>> 6   m 0 e
    7   m 4 s


Turn 146
================================================================
warning: entity 10 was directed to use 1 halite to move south, but only 0 halite was available
At command 4 of 7:
    2   m 4 s
    3   m 12 s
>>> 4   m 10 s
    5   m 2 n
    6   m 7 s

warning: entity 15 was directed to use 6 halite to move east, but only 1 halite was available
At command 7 of 7:
    5   m 2 n
    6   m 7 s
>>> 7   m 15 e


Turn 147
================================================================
warning: entity 0 was directed to use 9 halite to move north, but only 6 halite was available
At command 1 of 8:
>>> 1   m 0 n
    2   m 8 e
    3   m 2 n


Turn 148
================================================================
warning: entity 10 was directed to use 4 halite to move south, but only 3 halite was available
At command 3 of 8:
    1   m 8 w
    2   m 0 e
>>> 3   m 10 s
    4   m 2 w
    5   m 15 s


Turn 149
================================================================
warning: entity 2 was directed to use 7 halite to move east, but only 2 halite was available
At command 1 of 8:
>>> 1   m 2 e
    2   m 10 n
    3   m 12 s


Turn 151
================================================================
warning: entity 10 was directed to use 3 halite to move east, but only 2 halite was available
At command 2 of 9:
    1   m 16 w
>>> 2   m 10 e
    3   m 15 n
    4   m 0 e

warning: entity 15 was directed to use 6 halite to move north, but only 1 halite was available
At command 3 of 9:
    1   m 16 w
    2   m 10 e
>>> 3   m 15 n
    4   m 0 e
    5   m 2 n

warning: entity 0 was directed to use 9 halite to move east, but only 7 halite was available
At command 4 of 9:
    2   m 10 e
    3   m 15 n
>>> 4   m 0 e
    5   m 2 n
    6   m 8 e

warning: entity 4 was directed to use 9 halite to move south, but only 0 halite was available
At command 8 of 9:
    6   m 8 e
    7   m 12 n
>>> 8   m 4 s
    9   m 7 n


Turn 153
================================================================
warning: entity 2 was directed to use 9 halite to move west, but only 5 halite was available
At command 8 of 9:
    6   m 4 s
    7   m 16 w
>>> 8   m 2 w
    9   m 12 n


Turn 155
================================================================
warning: entity 15 was directed to use 9 halite to move north, but only 6 halite was available
At command 5 of 8:
    3   m 2 w
    4   m 10 e
>>> 5   m 15 n
    6   m 16 e
    7   m 0 w


Turn 157
================================================================
warning: entity 16 was directed to use 5 halite to move west, but only 0 halite was available
At command 8 of 8:
    6   m 10 w
    7   m 0 e
>>> 8   m 16 w


Turn 158
================================================================
warning: entity 10 was directed to use 4 halite to move south, but only 0 halite was available
At command 8 of 8:
    6   m 8 e
    7   m 7 n
>>> 8   m 10 s


Turn 159
================================================================
warning: entity 0 was directed to use 2 halite to move north, but only 0 halite was available
At command 6 of 8:
    4   m 7 s
    5   m 16 s
>>> 6   m 0 n
    7   m 15 s
    8   m 8 e


Turn 161
================================================================
warning: entity 0 was directed to use 8 halite to move north, but only 5 halite was available
At command 3 of 7:
    1   m 15 w
    2   m 12 s
>>> 3   m 0 n
    4   m 7 n
    5   m 16 w


Turn 162
================================================================
warning: entity 15 was directed to use 9 halite to move west, but only 2 halite was available
At command 3 of 7:
    1   m 4 s
    2   m 0 e
>>> 3   m 15 w
    4   m 12 e
    5   m 10 s


Turn 163
================================================================
warning: entity 10 was directed to use 3 halite to move east, but only 2 halite was available
At command 7 of 7:
    5   m 0 e
    6   m 4 n
>>> 7   m 10 e


Turn 166
================================================================
warning: entity 8 was directed to use 4 halite to move west, but only 0 halite was available
At command 5 of 6:
    3   m 16 n
    4   m 12 s
>>> 5   m 8 w
    6   m 0 s

warning: entity 0 was directed to use 7 halite to move south, but only 5 halite was available
At command 6 of 6:
    4   m 12 s
    5   m 8 w
>>> 6   m 0 s


Turn 170
================================================================
warning: entity 8 was directed to use 4 halite to move east, but only 1 halite was available
At command 2 of 7:
    1   m 7 n
>>> 2   m 8 e
    3   m 12 s
    4   m 0 n

warning: entity 12 was directed to use 8 halite to move south, but only 1 halite was available
At command 3 of 7:
    1   m 7 n
    2   m 8 e
>>> 3   m 12 s
    4   m 0 n
    5   m 16 n


Turn 173
================================================================
warning: entity 8 was directed to use 5 halite to move west, but only 2 halite was available
At command 2 of 6:
    1   m 4 w
>>> 2   m 8 w
    3   m 15 s
    4   m 12 s

warning: entity 16 was directed to use 3 halite to move north, but only 0 halite was available
At command 5 of 6:
    3   m 15 s
    4   m 12 s
>>> 5   m 16 n
    6   m 10 e


Turn 174
================================================================
warning: entity 12 was directed to use 8 halite to move south, but only 5 halite was available
At command 6 of 8:
    4   m 8 e
    5   m 16 w
>>> 6   m 12 s
    7   m 15 n
    8   m 10 s


Turn 177
================================================================
warning: entity 8 was directed to use 9 halite to move south, but only 1 halite was available
At command 4 of 7:
    2   m 7 e
    3   m 0 w
>>> 4   m 8 s
    5   m 15 n
    6   m 16 w


Turn 182
================================================================
warning: entity 10 was directed to use 6 halite to move south, but only 1 halite was available
At command 5 of 5:
    3   m 16 s
    4   m 7 s
>>> 5   m 10 s


Turn 183
================================================================
warning: entity 16 was directed to use 1 halite to move west, but only 0 halite was available
At command 4 of 5:
    2   m 4 n
    3   m 2 s
>>> 4   m 16 w
    5   m 7 n


Turn 186
================================================================
warning: entity 16 was directed to use 6 halite to move east, but only 1 halite was available
At command 3 of 5:
    1   m 8 w
    2   m 12 e
>>> 3   m 16 e
    4   m 2 w
    5   m 4 e


Turn 193
================================================================
warning: entity 16 was directed to use 5 halite to move south, but only 3 halite was available
At command 8 of 9:
    6   m 15 s
    7   m 4 w
>>> 8   m 16 s
    9   m 12 w


Turn 198
================================================================
warning: entity 16 was directed to use 3 halite to move east, but only 0 halite was available
At command 7 of 9:
    5   m 12 e
    6   m 15 s
>>> 7   m 16 e
    8   m 7 s
    9   m 8 s


Turn 210
================================================================
warning: entity 0 was directed to use 1 halite to move west, but only 0 halite was available
At command 4 of 10:
    2   m 15 s
    3   m 16 n
>>> 4   m 0 w
    5   m 2 s
    6   m 8 e


Turn 211
================================================================
warning: entity 19 was directed to use 1 halite to move west, but only 0 halite was available
At command 6 of 9:
    4   m 15 e
    5   m 16 w
>>> 6   m 19 w
    7   m 10 w
    8   m 2 o


Turn 214
================================================================
warning: entity 19 was directed to use 4 halite to move east, but only 1 halite was available
At command 5 of 10:
    3   m 12 e
    4   m 16 w
>>> 5   m 19 e
    6   m 7 w
    7   m 15 e


Turn 218
================================================================
warning: entity 2 was directed to use 3 halite to move west, but only 0 halite was available
At command 7 of 9:
    5   m 15 w
    6   m 16 e
>>> 7   m 2 w
    8   m 10 s
    9   m 0 e


Turn 219
================================================================
warning: entity 19 was directed to use 6 halite to move east, but only 5 halite was available
At command 5 of 9:
    3   m 2 o
    4   m 7 n
>>> 5   m 19 e
    6   m 16 n
    7   m 12 e


Turn 221
================================================================
warning: entity 0 was directed to use 1 halite to move east, but only 0 halite was available
At command 10 of 10:
    8   m 7 n
    9   m 10 e
>>> 10   m 0 e


Turn 223
================================================================
warning: entity 19 was directed to use 7 halite to move west, but only 3 halite was available
At command 7 of 10:
    5   m 12 n
    6   m 8 s
>>> 7   m 19 w
    8   m 16 n
    9   m 7 n


Turn 225
================================================================
warning: entity 0 was directed to use 7 halite to move east, but only 0 halite was available
At command 4 of 10:
    2   m 10 w
    3   m 19 n
>>> 4   m 0 e
    5   m 2 n
    6   m 4 s


Turn 226
================================================================
warning: entity 8 was directed to use 1 halite to move west, but only 0 halite was available
At command 4 of 9:
    2   m 7 e
    3   m 4 w
>>> 4   m 8 w
    5   m 12 s
    6   m 16 w


Turn 227
================================================================
warning: entity 19 was directed to use 7 halite to move east, but only 2 halite was available
At command 9 of 10:
    7   m 12 n
    8   m 16 n
>>> 9   m 19 e
    10   m 22 s


Turn 229
================================================================
warning: entity 0 was directed to use 6 halite to move south, but only 0 halite was available
At command 8 of 9:
    6   m 12 e
    7   m 2 n
>>> 8   m 0 s
    9   m 22 w

warning: entity 22 was directed to use 4 halite to move west, but only 0 halite was available
At command 9 of 9:
    7   m 2 n
    8   m 0 s
>>> 9   m 22 w


Turn 230
================================================================
warning: entity 2 was directed to use 9 halite to move east, but only 6 halite was available
At command 8 of 11:
    6   m 10 n
    7   m 4 s
>>> 8   m 2 e
    9   m 12 n
    10   m 16 w


Turn 234
================================================================
warning: entity 19 was directed to use 8 halite to move east, but only 4 halite was available
At command 7 of 10:
    5   m 15 n
    6   m 2 e
>>> 7   m 19 e
    8   m 7 s
    9   m 22 o


Turn 235
================================================================
warning: entity 4 was directed to use 3 halite to move west, but only 0 halite was available
At command 6 of 10:
    4   m 15 n
    5   m 8 w
>>> 6   m 4 w
    7   m 0 w
    8   m 16 w

warning: entity 0 was directed to use 5 halite to move west, but only 1 halite was available
At command 7 of 10:
    5   m 8 w
    6   m 4 w
>>> 7   m 0 w
    8   m 16 w
    9   m 2 e


Turn 236
================================================================
warning: entity 2 was directed to use 8 halite to move west, but only 2 halite was available
At command 11 of 11:
    9   m 8 w
    10   m 16 s
>>> 11   m 2 w


Turn 240
================================================================
warning: entity 4 was directed to use 3 halite to move south, but only 1 halite was available
At command 3 of 10:
    1   m 10 w
    2   m 0 w
>>> 3   m 4 s
    4   m 16 w
    5   m 19 w


Turn 242
================================================================
warning: entity 19 was directed to use 4 halite to move north, but only 2 halite was available
At command 8 of 12:
    6   m 16 e
    7   m 7 o
>>> 8   m 19 n
    9   m 10 w
    10   m 0 n

warning: entity 0 was directed to use 9 halite to move north, but only 3 halite was available
At command 10 of 12:
    8   m 19 n
    9   m 10 w
>>> 10   m 0 n
    11   m 12 s
    12   m 24 o


Turn 244
================================================================
warning: entity 8 was directed to use 8 halite to move west, but only 4 halite was available
At command 10 of 11:
    8   m 24 s
    9   m 22 n
>>> 10   m 8 w
    11   m 16 n


Turn 245
================================================================
warning: entity 19 was directed to use 5 halite to move east, but only 3 halite was available
At command 8 of 12:
    6   m 12 n
    7   m 10 w
>>> 8   m 19 e
    9   m 15 o
    10   m 0 n


Turn 246
================================================================
warning: entity 24 was directed to use 1 halite to move north, but only 0 halite was available
At command 11 of 11:
    9   m 4 n
    10   m 10 s
>>> 11   m 24 n


Turn 247
================================================================
warning: entity 15 was directed to use 5 halite to move south, but only 1 halite was available
At command 4 of 9:
    2   m 19 s
    3   m 7 n
>>> 4   m 15 s
    5   m 22 s
    6   m 4 e


Turn 249
================================================================
warning: entity 19 was directed to use 8 halite to move east, but only 4 halite was available
At command 7 of 9:
    5   m 22 s
    6   m 16 w
>>> 7   m 19 e
    8   m 24 s
    9   m 8 o


Turn 250
================================================================
warning: entity 24 was directed to use 3 halite to move west, but only 0 halite was available
At command 11 of 11:
    9   m 7 n
    10   m 22 w
>>> 11   m 24 w


Turn 251
================================================================
warning: entity 22 was directed to use 4 halite to move north, but only 3 halite was available
At command 11 of 11:
    9   m 16 n
    10   m 7 e
>>> 11   m 22 n


Turn 252
================================================================
warning: entity 7 was directed to use 2 halite to move west, but only 0 halite was available
At command 7 of 11:
    5   m 2 e
    6   m 19 n
>>> 7   m 7 w
    8   m 15 e
    9   m 4 w

warning: entity 15 was directed to use 4 halite to move east, but only 0 halite was available
At command 8 of 11:
    6   m 19 n
    7   m 7 w
>>> 8   m 15 e
    9   m 4 w
    10   m 8 s


Turn 253
================================================================
warning: entity 19 was directed to use 7 halite to move east, but only 3 halite was available
At command 8 of 10:
    6   m 22 n
    7   m 24 e
>>> 8   m 19 e
    9   m 4 w
    10   m 8 w


Turn 254
================================================================
warning: entity 22 was directed to use 7 halite to move west, but only 6 halite was available
At command 7 of 11:
    5   m 7 e
    6   m 15 e
>>> 7   m 22 w
    8   m 4 s
    9   m 12 w


Turn 255
================================================================
warning: entity 7 was directed to use 3 halite to move north, but only 1 halite was available
At command 6 of 11:
    4   m 10 n
    5   m 16 w
>>> 6   m 7 n
    7   m 15 n
    8   m 4 s

warning: entity 4 was directed to use 4 halite to move south, but only 3 halite was available
At command 8 of 11:
    6   m 7 n
    7   m 15 n
>>> 8   m 4 s
    9   m 12 o
    10   m 24 n


Turn 257
================================================================
warning: entity 19 was directed to use 9 halite to move west, but only 0 halite was available
At command 7 of 12:
    5   m 7 e
    6   m 4 e
>>> 7   m 19 w
    8   m 16 w
    9   m 10 n


Turn 258
================================================================
warning: entity 7 was directed to use 6 halite to move north, but only 1 halite was available
At command 5 of 11:
    3   m 12 o
    4   m 10 n
>>> 5   m 7 n
    6   m 22 w
    7   m 2 w


Turn 259
================================================================
warning: entity 24 was directed to use 7 halite to move west, but only 6 halite was available
At command 6 of 11:
    4   m 2 w
    5   m 19 n
>>> 6   m 24 w
    7   m 10 o
    8   m 22 n


Turn 260
================================================================
warning: entity 15 was directed to use 1 halite to move east, but only 0 halite was available
At command 6 of 10:
    4   m 12 s
    5   m 7 n
>>> 6   m 15 e
    7   m 2 e
    8   m 22 w

warning: entity 4 was directed to use 8 halite to move south, but only 1 halite was available
At command 9 of 10:
    7   m 2 e
    8   m 22 w
>>> 9   m 4 s
    10   m 16 e


Turn 261
================================================================
warning: entity 7 was directed to use 9 halite to move east, but only 3 halite was available
At command 7 of 10:
    5   m 4 w
    6   m 8 n
>>> 7   m 7 e
    8   m 12 o
    9   m 16 n


Turn 265
================================================================
warning: entity 15 was directed to use 8 halite to move south, but only 5 halite was available
At command 6 of 11:
    4   m 2 w
    5   m 0 s
>>> 6   m 15 s
    7   m 12 s
    8   m 22 e

warning: entity 22 was directed to use 9 halite to move east, but only 0 halite was available
At command 8 of 11:
    6   m 15 s
    7   m 12 s
>>> 8   m 22 e
    9   m 16 s
    10   m 10 w


Turn 269
================================================================
warning: entity 22 was directed to use 9 halite to move west, but only 2 halite was available
At command 6 of 11:
    4   m 8 w
    5   m 12 s
>>> 6   m 22 w
    7   m 16 s
    8   m 4 w


Turn 273
================================================================
warning: entity 24 was directed to use 9 halite to move west, but only 6 halite was available
At command 9 of 10:
    7   m 26 o
    8   m 10 e
>>> 9   m 24 w
    10   m 8 w


Turn 274
================================================================
warning: entity 8 was directed to use 6 halite to move east, but only 3 halite was available
At command 6 of 11:
    4   m 22 w
    5   m 16 n
>>> 6   m 8 e
    7   m 10 w
    8   m 19 e


Turn 276
================================================================
warning: entity 10 was directed to use 2 halite to move east, but only 0 halite was available
At command 11 of 12:
    9   m 24 o
    10   m 16 e
>>> 11   m 10 e
    12   m 2 e

warning: entity 2 was directed to use 2 halite to move east, but only 0 halite was available
At command 12 of 12:
    10   m 16 e
    11   m 10 e
>>> 12   m 2 e


Turn 279
================================================================
warning: entity 8 was directed to use 3 halite to move south, but only 1 halite was available
At command 11 of 11:
    9   m 24 e
    10   m 16 w
>>> 11   m 8 s


Turn 281
================================================================
warning: entity 10 was directed to use 6 halite to move west, but only 3 halite was available
At command 12 of 13:
    10   m 7 e
    11   m 15 e
>>> 12   m 10 w
    13   m 24 e


Turn 283
================================================================
warning: entity 2 was directed to use 4 halite to move west, but only 2 halite was available
At command 5 of 11:
    3   m 10 s
    4   m 19 s
>>> 5   m 2 w
    6   m 8 s
    7   m 4 e

warning: entity 24 was directed to use 9 halite to move east, but only 3 halite was available
At command 11 of 11:
    9   m 12 n
    10   m 7 n
>>> 11   m 24 e


Turn 284
================================================================
warning: entity 8 was directed to use 3 halite to move east, but only 1 halite was available
At command 10 of 11:
    8   m 19 s
    9   m 27 n
>>> 10   m 8 e
    11   m 12 n


Turn 288
================================================================
warning: entity 8 was directed to use 4 halite to move south, but only 2 halite was available
At command 3 of 13:
    1   m 22 e
    2   m 2 n
>>> 3   m 8 s
    4   m 27 w
    5   m 4 w

warning: entity 26 was directed to use 2 halite to move south, but only 0 halite was available
At command 9 of 13:
    7   m 7 w
    8   m 15 e
>>> 9   m 26 s
    10   m 19 s
    11   m 10 s


Turn 290
================================================================
warning: entity 2 was directed to use 9 halite to move north, but only 0 halite was available
At command 5 of 12:
    3   m 4 e
    4   m 27 e
>>> 5   m 2 n
    6   m 8 e
    7   m 26 n


Turn 291
================================================================
warning: entity 15 was directed to use 7 halite to move north, but only 5 halite was available
At command 7 of 13:
    5   m 4 n
    6   m 27 e
>>> 7   m 15 n
    8   m 8 w
    9   m 26 s


Turn 293
================================================================
warning: entity 10 was directed to use 9 halite to move west, but only 5 halite was available
At command 4 of 13:
    2   m 7 s
    3   m 27 n
>>> 4   m 10 w
    5   m 15 e
    6   m 19 e

warning: entity 2 was directed to use 9 halite to move west, but only 8 halite was available
At command 9 of 13:
    7   m 8 e
    8   m 0 w
>>> 9   m 2 w
    10   m 22 s
    11   m 4 n


Turn 294
================================================================
warning: entity 8 was directed to use 2 halite to move west, but only 1 halite was available
At command 10 of 12:
    8   m 27 w
    9   m 15 w
>>> 10   m 8 w
    11   m 0 w
    12   m 22 s


Turn 295
================================================================
warning: entity 27 was directed to use 1 halite to move east, but only 0 halite was available
At command 10 of 13:
    8   m 4 s
    9   m 7 s
>>> 10   m 27 e
    11   m 22 s
    12   m 15 n

warning: entity 15 was directed to use 8 halite to move north, but only 5 halite was available
At command 12 of 13:
    10   m 27 e
    11   m 22 s
>>> 12   m 15 n
    13   m 0 n


Turn 296
================================================================
warning: entity 0 was directed to use 1 halite to move west, but only 0 halite was available
At command 11 of 11:
    9   m 7 s
    10   m 4 n
>>> 11   m 0 w


Turn 297
================================================================
warning: entity 27 was directed to use 7 halite to move south, but only 3 halite was available
At command 5 of 13:
    3   m 0 s
    4   m 2 w
>>> 5   m 27 s
    6   m 10 w
    7   m 4 e


Turn 298
================================================================
warning: entity 10 was directed to use 4 halite to move south, but only 1 halite was available
At command 5 of 12:
    3   m 16 e
    4   m 0 e
>>> 5   m 10 s
    6   m 4 s
    7   m 22 n

warning: entity 8 was directed to use 5 halite to move south, but only 2 halite was available
At command 10 of 12:
    8   m 15 s
    9   m 7 o
>>> 10   m 8 s
    11   m 26 s
    12   m 12 n


Turn 299
================================================================
warning: entity 15 was directed to use 8 halite to move north, but only 7 halite was available
At command 4 of 12:
    2   m 7 o
    3   m 8 s
>>> 4   m 15 n
    5   m 27 e
    6   m 19 e


Turn 301
================================================================
warning: entity 10 was directed to use 6 halite to move west, but only 1 halite was available
At command 4 of 11:
    2   m 7 w
    3   m 15 n
>>> 4   m 10 w
    5   m 27 w
    6   m 0 s

warning: entity 26 was directed to use 1 halite to move south, but only 0 halite was available
At command 9 of 11:
    7   m 8 s
    8   m 19 s
>>> 9   m 26 s
    10   m 4 s
    11   m 22 s

warning: entity 22 was directed to use 1 halite to move south, but only 0 halite was available
At command 11 of 11:
    9   m 26 s
    10   m 4 s
>>> 11   m 22 s


Turn 302
================================================================
warning: entity 27 was directed to use 5 halite to move south, but only 2 halite was available
At command 10 of 12:
    8   m 7 w
    9   m 15 o
>>> 10   m 27 s
    11   m 8 n
    12   m 19 w


Turn 303
================================================================
warning: entity 22 was directed to use 5 halite to move west, but only 4 halite was available
At command 9 of 13:
    7   m 0 e
    8   m 8 e
>>> 9   m 22 w
    10   m 12 n
    11   m 4 w


Turn 304
================================================================
warning: entity 26 was directed to use 6 halite to move east, but only 0 halite was available
At command 9 of 12:
    7   m 27 s
    8   m 4 e
>>> 9   m 26 e
    10   m 16 e
    11   m 0 e


Turn 305
================================================================
warning: entity 8 was directed to use 5 halite to move south, but only 4 halite was available
At command 6 of 12:
    4   m 2 e
    5   m 7 e
>>> 6   m 8 s
    7   m 16 e
    8   m 15 n


Turn 309
================================================================
warning: entity 15 was directed to use 5 halite to move south, but only 3 halite was available
At command 10 of 12:
    8   m 8 n
    9   m 16 n
>>> 10   m 15 s
    11   m 0 w
    12   m 12 w


Turn 315
================================================================
warning: entity 7 was directed to use 7 halite to move east, but only 2 halite was available
At command 8 of 12:
    6   m 12 e
    7   m 26 w
>>> 8   m 7 e
    9   m 27 w
    10   m 4 o

warning: entity 27 was directed to use 1 halite to move west, but only 0 halite was available
At command 9 of 12:
    7   m 26 w
    8   m 7 e
>>> 9   m 27 w
    10   m 4 o
    11   m 2 w

warning: entity 15 was directed to use 4 halite to move north, but only 3 halite was available
At command 12 of 12:
    10   m 4 o
    11   m 2 w
>>> 12   m 15 n


Turn 316
================================================================
warning: entity 0 was directed to use 4 halite to move west, but only 3 halite was available
At command 9 of 12:
    7   m 2 n
    8   m 10 s
>>> 9   m 0 w
    10   m 19 e
    11   m 12 s

warning: entity 26 was directed to use 6 halite to move south, but only 5 halite was available
At command 12 of 12:
    10   m 19 e
    11   m 12 s
>>> 12   m 26 s


Turn 319
================================================================
warning: entity 7 was directed to use 6 halite to move east, but only 3 halite was available
At command 6 of 12:
    4   m 19 e
    5   m 0 w
>>> 6   m 7 e
    7   m 10 n
    8   m 27 n


Turn 320
================================================================
warning: entity 15 was directed to use 4 halite to move east, but only 3 halite was available
At command 4 of 12:
    2   m 7 w
    3   m 26 n
>>> 4   m 15 e
    5   m 16 n
    6   m 10 n


Turn 321
================================================================
warning: entity 0 was directed to use 6 halite to move west, but only 4 halite was available
At command 2 of 12:
    1   m 15 e
>>> 2   m 0 w
    3   m 4 n
    4   m 10 n

warning: entity 26 was directed to use 4 halite to move south, but only 2 halite was available
At command 8 of 12:
    6   m 7 s
    7   m 16 n
>>> 8   m 26 s
    9   m 12 n
    10   m 2 s

warning: entity 8 was directed to use 3 halite to move west, but only 0 halite was available
At command 12 of 12:
    10   m 2 s
    11   m 19 w
>>> 12   m 8 w


Turn 323
================================================================
warning: entity 15 was directed to use 7 halite to move east, but only 2 halite was available
At command 10 of 13:
    8   m 8 s
    9   m 2 n
>>> 10   m 15 e
    11   m 4 s
    12   m 16 e


Turn 324
================================================================
warning: entity 27 was directed to use 2 halite to move north, but only 1 halite was available
At command 4 of 12:
    2   m 22 w
    3   m 7 e
>>> 4   m 27 n
    5   m 16 o
    6   m 0 s


Turn 325
================================================================
warning: entity 7 was directed to use 6 halite to move south, but only 3 halite was available
At command 5 of 12:
    3   m 12 s
    4   m 15 o
>>> 5   m 7 s
    6   m 2 n
    7   m 8 s

warning: entity 0 was directed to use 8 halite to move east, but only 1 halite was available
At command 9 of 12:
    7   m 8 s
    8   m 22 n
>>> 9   m 0 e
    10   m 19 s
    11   m 26 n


Turn 326
================================================================
warning: entity 8 was directed to use 3 halite to move south, but only 2 halite was available
At command 11 of 13:
    9   m 19 w
    10   m 2 n
>>> 11   m 8 s
    12   m 22 n
    13   m 4 o


Turn 327
================================================================
warning: entity 26 was directed to use 4 halite to move east, but only 3 halite was available
At command 10 of 10:
    8   m 27 w
    9   m 12 s
>>> 10   m 26 e


Turn 329
================================================================
warning: entity 0 was directed to use 5 halite to move south, but only 4 halite was available
At command 5 of 13:
    3   m 4 n
    4   m 16 s
>>> 5   m 0 s
    6   m 22 s
    7   m 2 w


Turn 330
================================================================
warning: entity 7 was directed to use 9 halite to move west, but only 1 halite was available
At command 10 of 10:
    8   m 22 s
    9   m 8 w
>>> 10   m 7 w


Turn 333
================================================================
warning: entity 4 was directed to use 3 halite to move south, but only 0 halite was available
At command 6 of 13:
    4   m 19 w
    5   m 7 n
>>> 6   m 4 s
    7   m 15 s
    8   m 27 n


Turn 334
================================================================
warning: entity 27 was directed to use 3 halite to move west, but only 2 halite was available
At command 6 of 12:
    4   m 22 w
    5   m 15 n
>>> 6   m 27 w
    7   m 10 n
    8   m 0 o

warning: entity 26 was directed to use 3 halite to move west, but only 2 halite was available
At command 12 of 12:
    10   m 16 w
    11   m 19 s
>>> 12   m 26 w


Turn 335
================================================================
warning: entity 4 was directed to use 9 halite to move south, but only 7 halite was available
At command 5 of 12:
    3   m 26 n
    4   m 16 w
>>> 5   m 4 s
    6   m 19 s
    7   m 12 n

warning: entity 7 was directed to use 5 halite to move north, but only 3 halite was available
At command 11 of 12:
    9   m 22 s
    10   m 15 e
>>> 11   m 7 n
    12   m 10 w


Turn 336
================================================================
warning: entity 16 was directed to use 2 halite to move east, but only 0 halite was available
At command 5 of 10:
    3   m 12 s
    4   m 27 e
>>> 5   m 16 e
    6   m 0 o
    7   m 26 s

warning: entity 15 was directed to use 3 halite to move west, but only 2 halite was available
At command 10 of 10:
    8   m 8 s
    9   m 22 e
>>> 10   m 15 w


Turn 338
================================================================
warning: entity 15 was directed to use 9 halite to move north, but only 8 halite was available
At command 6 of 12:
    4   m 4 s
    5   m 16 s
>>> 6   m 15 n
    7   m 7 e
    8   m 27 e


Turn 339
================================================================
warning: entity 7 was directed to use 7 halite to move north, but only 2 halite was available
At command 8 of 12:
    6   m 4 n
    7   m 16 s
>>> 8   m 7 n
    9   m 27 n
    10   m 8 e

warning: entity 26 was directed to use 6 halite to move south, but only 3 halite was available
At command 12 of 12:
    10   m 8 e
    11   m 12 n
>>> 12   m 26 s


Turn 340
================================================================
warning: entity 8 was directed to use 3 halite to move north, but only 0 halite was available
At command 12 of 13:
    10   m 16 n
    11   m 27 e
>>> 12   m 8 n
    13   m 12 n


Turn 341
================================================================
warning: entity 16 was directed to use 2 halite to move west, but only 1 halite was available
At command 10 of 12:
    8   m 4 n
    9   m 15 s
>>> 10   m 16 w
    11   m 27 w
    12   m 12 o

warning: entity 27 was directed to use 7 halite to move west, but only 2 halite was available
At command 11 of 12:
    9   m 15 s
    10   m 16 w
>>> 11   m 27 w
    12   m 12 o


Turn 342
================================================================
warning: entity 4 was directed to use 6 halite to move south, but only 5 halite was available
At command 12 of 12:
    10   m 10 s
    11   m 0 n
>>> 12   m 4 s


Turn 344
================================================================
warning: entity 16 was directed to use 4 halite to move west, but only 3 halite was available
At command 8 of 13:
    6   m 27 n
    7   m 22 s
>>> 8   m 16 w
    9   m 15 e
    10   m 7 e


Turn 346
================================================================
warning: entity 26 was directed to use 2 halite to move east, but only 1 halite was available
At command 5 of 13:
    3   m 7 e
    4   m 8 w
>>> 5   m 26 e
    6   m 16 e
    7   m 2 n


Turn 347
================================================================
warning: entity 15 was directed to use 4 halite to move south, but only 2 halite was available
At command 9 of 12:
    7   m 16 n
    8   m 2 n
>>> 9   m 15 s
    10   m 22 w
    11   m 19 e


Turn 350
================================================================
warning: entity 4 was directed to use 6 halite to move north, but only 5 halite was available
At command 4 of 9:
    2   m 16 s
    3   m 10 e
>>> 4   m 4 n
    5   m 26 w
    6   m 12 n

warning: entity 0 was directed to use 2 halite to move west, but only 0 halite was available
At command 8 of 9:
    6   m 12 n
    7   m 19 n
>>> 8   m 0 w
    9   m 22 w


Turn 351
================================================================
warning: entity 26 was directed to use 1 halite to move north, but only 0 halite was available
At command 8 of 11:
    6   m 16 o
    7   m 10 s
>>> 8   m 26 n
    9   m 12 n
    10   m 19 e


Turn 353
================================================================
warning: entity 26 was directed to use 8 halite to move east, but only 4 halite was available
At command 7 of 11:
    5   m 15 n
    6   m 4 e
>>> 7   m 26 e
    8   m 0 w
    9   m 10 e

warning: entity 0 was directed to use 3 halite to move west, but only 2 halite was available
At command 8 of 11:
    6   m 4 e
    7   m 26 e
>>> 8   m 0 w
    9   m 10 e
    10   m 12 e


Turn 359
================================================================
warning: entity 4 was directed to use 4 halite to move north, but only 1 halite was available
At command 3 of 11:
    1   m 15 n
    2   m 8 w
>>> 3   m 4 n
    4   m 0 w
    5   m 16 w

warning: entity 26 was directed to use 7 halite to move west, but only 0 halite was available
At command 7 of 11:
    5   m 16 w
    6   m 10 o
>>> 7   m 26 w
    8   m 2 s
    9   m 19 w


Turn 362
================================================================
warning: entity 4 was directed to use 7 halite to move west, but only 6 halite was available
At command 8 of 12:
    6   m 19 w
    7   m 7 w
>>> 8   m 4 w
    9   m 8 n
    10   m 16 o


Turn 364
================================================================
warning: entity 0 was directed to use 2 halite to move east, but only 1 halite was available
At command 2 of 13:
    1   m 16 w
>>> 2   m 0 e
    3   m 4 s
    4   m 26 w


Turn 372
================================================================
warning: entity 8 was directed to use 1 halite to move west, but only 0 halite was available
At command 8 of 11:
    6   m 4 s
    7   m 2 e
>>> 8   m 8 w
    9   m 7 w
    10   m 16 s


Turn 373
================================================================
warning: entity 16 was directed to use 7 halite to move north, but only 5 halite was available
At command 9 of 12:
    7   m 0 e
    8   m 10 w
>>> 9   m 16 n
    10   m 2 s
    11   m 7 s


Turn 374
================================================================
warning: entity 4 was directed to use 4 halite to move east, but only 2 halite was available
At command 10 of 11:
    8   m 2 n
    9   m 15 e
>>> 10   m 4 e
    11   m 7 w


Turn 377
================================================================
warning: entity 16 was directed to use 9 halite to move south, but only 2 halite was available
At command 4 of 11:
    2   m 10 w
    3   m 0 s
>>> 4   m 16 s
    5   m 22 w
    6   m 8 w

warning: entity 4 was directed to use 9 halite to move west, but only 4 halite was available
At command 7 of 11:
    5   m 22 w
    6   m 8 w
>>> 7   m 4 w
    8   m 15 e
    9   m 19 o


Turn 379
================================================================
warning: entity 0 was directed to use 2 halite to move south, but only 0 halite was available
At command 2 of 10:
    1   m 10 e
>>> 2   m 0 s
    3   m 27 s
    4   m 16 n


Turn 383
================================================================
warning: entity 0 was directed to use 3 halite to move north, but only 1 halite was available
At command 6 of 11:
    4   m 19 n
    5   m 2 e
>>> 6   m 0 n
    7   m 22 s
    8   m 15 w

warning: entity 16 was directed to use 2 halite to move west, but only 1 halite was available
At command 11 of 11:
    9   m 8 o
    10   m 7 n
>>> 11   m 16 w


Turn 385
================================================================
warning: entity 16 was directed to use 7 halite to move south, but only 6 halite was available
At command 7 of 12:
    5   m 2 s
    6   m 27 s
>>> 7   m 16 s
    8   m 4 e
    9   m 12 w


Turn 386
================================================================
warning: entity 4 was directed to use 5 halite to move east, but only 4 halite was available
At command 11 of 12:
    9   m 2 n
    10   m 27 s
>>> 11   m 4 e
    12   m 22 e


Turn 387
================================================================
warning: entity 8 was directed to use 1 halite to move west, but only 0 halite was available
At command 10 of 12:
    8   m 10 o
    9   m 27 s
>>> 10   m 8 w
    11   m 2 s
    12   m 22 o


Turn 388
================================================================
warning: entity 0 was directed to use 6 halite to move east, but only 0 halite was available
At command 6 of 12:
    4   m 22 w
    5   m 2 n
>>> 6   m 0 e
    7   m 12 n
    8   m 16 w


Turn 390
================================================================
warning: entity 16 was directed to use 7 halite to move west, but only 1 halite was available
At command 8 of 10:
    6   m 22 e
    7   m 7 s
>>> 8   m 16 w
    9   m 2 s
    10   m 19 s

warning: entity 19 was directed to use 1 halite to move south, but only 0 halite was available
At command 10 of 10:
    8   m 16 w
    9   m 2 s
>>> 10   m 19 s


Turn 391
================================================================
warning: entity 0 was directed to use 7 halite to move west, but only 5 halite was available
At command 6 of 11:
    4   m 19 s
    5   m 7 e
>>> 6   m 0 w
    7   m 22 n
    8   m 2 n


Turn 394
================================================================
warning: entity 8 was directed to use 2 halite to move south, but only 1 halite was available
At command 2 of 12:
    1   m 12 w
>>> 2   m 8 s
    3   m 16 e
    4   m 4 o

warning: entity 16 was directed to use 6 halite to move east, but only 5 halite was available
At command 3 of 12:
    1   m 12 w
    2   m 8 s
>>> 3   m 16 e
    4   m 4 o
    5   m 0 w


Turn 398
================================================================
warning: entity 8 was directed to use 7 halite to move east, but only 1 halite was available
At command 6 of 11:
    4   m 15 s
    5   m 7 w
>>> 6   m 8 e
    7   m 4 w
    8   m 16 n

warning: entity 16 was directed to use 5 halite to move north, but only 3 halite was available
At command 8 of 11:
    6   m 8 e
    7   m 4 w
>>> 8   m 16 n
    9   m 19 w
    10   m 12 w

warning: entity 19 was directed to use 4 halite to move west, but only 0 halite was available
At command 9 of 11:
    7   m 4 w
    8   m 16 n
>>> 9   m 19 w
    10   m 12 w
    11   m 2 e


Turn 400
================================================================
warning: entity 12 was directed to use 1 halite to move west, but only 0 halite was available
At command 10 of 10:
    8   m 15 e
    9   m 7 n
>>> 10   m 12 w

