
Turn 3
================================================================
warning: entity 1 was directed to use 6 halite to move west, but only 0 halite was available
At command 1 of 1:
>>> 1   m 1 w


Turn 8
================================================================
warning: entity 1 was directed to use 6 halite to move east, but only 4 halite was available
At command 1 of 2:
>>> 1   m 1 e
    2   m 3 w

warning: entity 3 was directed to use 4 halite to move west, but only 0 halite was available
At command 2 of 2:
    1   m 1 e
>>> 2   m 3 w


Turn 11
================================================================
warning: entity 3 was directed to use 7 halite to move north, but only 4 halite was available
At command 1 of 4:
>>> 1   m 3 n
    2   m 1 n
    3   m 7 n


Turn 13
================================================================
warning: entity 7 was directed to use 3 halite to move west, but only 0 halite was available
At command 1 of 5:
>>> 1   m 7 w
    2   m 8 e
    3   m 3 s

warning: entity 8 was directed to use 3 halite to move east, but only 0 halite was available
At command 2 of 5:
    1   m 7 w
>>> 2   m 8 e
    3   m 3 s
    4   m 1 e


Turn 16
================================================================
warning: entity 9 was directed to use 2 halite to move east, but only 0 halite was available
At command 3 of 4:
    1   m 3 s
    2   m 1 n
>>> 3   m 9 e
    4   m 8 e


Turn 17
================================================================
warning: entity 8 was directed to use 5 halite to move south, but only 4 halite was available
At command 4 of 4:
    2   m 9 n
    3   m 7 s
>>> 4   m 8 s


Turn 18
================================================================
warning: entity 1 was directed to use 7 halite to move north, but only 2 halite was available
At command 4 of 5:
    2   m 8 w
    3   m 9 o
>>> 4   m 1 n
    5   m 7 w


Turn 20
================================================================
warning: entity 9 was directed to use 2 halite to move west, but only 0 halite was available
At command 2 of 4:
    1   m 1 s
>>> 2   m 9 w
    3   m 8 s
    4   m 7 s


Turn 22
================================================================
warning: entity 9 was directed to use 6 halite to move south, but only 5 halite was available
At command 3 of 4:
    1   m 7 n
    2   m 1 e
>>> 3   m 9 s
    4   m 8 o


Turn 24
================================================================
warning: entity 1 was directed to use 5 halite to move east, but only 0 halite was available
At command 3 of 5:
    1   m 3 w
    2   m 9 s
>>> 3   m 1 e
    4   m 8 e
    5   m 7 w

warning: entity 8 was directed to use 2 halite to move east, but only 0 halite was available
At command 4 of 5:
    2   m 9 s
    3   m 1 e
>>> 4   m 8 e
    5   m 7 w


Turn 28
================================================================
warning: entity 9 was directed to use 7 halite to move south, but only 0 halite was available
At command 1 of 4:
>>> 1   m 9 s
    2   m 8 n
    3   m 3 e


Turn 32
================================================================
warning: entity 9 was directed to use 5 halite to move west, but only 4 halite was available
At command 3 of 4:
    1   m 3 s
    2   m 7 s
>>> 3   m 9 w
    4   m 8 n


Turn 33
================================================================
warning: entity 7 was directed to use 3 halite to move south, but only 2 halite was available
At command 4 of 5:
    2   m 9 w
    3   m 3 n
>>> 4   m 7 s
    5   m 8 s


Turn 35
================================================================
warning: entity 8 was directed to use 2 halite to move west, but only 1 halite was available
At command 5 of 5:
    3   m 7 n
    4   m 3 w
>>> 5   m 8 w


Turn 36
================================================================
warning: entity 9 was directed to use 6 halite to move north, but only 3 halite was available
At command 2 of 4:
    1   m 8 e
>>> 2   m 9 n
    3   m 1 w
    4   m 3 n


Turn 37
================================================================
warning: entity 3 was directed to use 1 halite to move south, but only 0 halite was available
At command 4 of 5:
    2   m 9 s
    3   m 7 s
>>> 4   m 3 s
    5   m 8 w


Turn 40
================================================================
warning: entity 3 was directed to use 7 halite to move west, but only 0 halite was available
At command 3 of 4:
    1   m 9 s
    2   m 7 n
>>> 3   m 3 w
    4   m 8 w


Turn 41
================================================================
warning: entity 8 was directed to use 9 halite to move west, but only 4 halite was available
At command 5 of 5:
    3   m 3 w
    4   m 7 w
>>> 5   m 8 w


Turn 48
================================================================
warning: entity 9 was directed to use 2 halite to move east, but only 1 halite was available
At command 1 of 5:
>>> 1   m 9 e
    2   m 1 w
    3   m 8 e

warning: entity 8 was directed to use 5 halite to move east, but only 2 halite was available
At command 3 of 5:
    1   m 9 e
    2   m 1 w
>>> 3   m 8 e
    4   m 7 n
    5   m 3 e


Turn 49
================================================================
warning: entity 3 was directed to use 2 halite to move south, but only 0 halite was available
At command 4 of 5:
    2   m 9 w
    3   m 8 w
>>> 4   m 3 s
    5   m 7 w


Turn 52
================================================================
warning: entity 8 was directed to use 3 halite to move north, but only 1 halite was available
At command 2 of 4:
    1   m 7 e
>>> 2   m 8 n
    3   m 9 e
    4   m 3 n


Turn 55
================================================================
warning: entity 3 was directed to use 1 halite to move west, but only 0 halite was available
At command 5 of 5:
    3   m 9 s
    4   m 8 e
>>> 5   m 3 w


Turn 56
================================================================
warning: entity 9 was directed to use 4 halite to move south, but only 1 halite was available
At command 3 of 4:
    1   m 3 w
    2   m 1 w
>>> 3   m 9 s
    4   m 8 e

warning: entity 8 was directed to use 5 halite to move east, but only 0 halite was available
At command 4 of 4:
    2   m 1 w
    3   m 9 s
>>> 4   m 8 e


Turn 59
================================================================
warning: entity 9 was directed to use 6 halite to move south, but only 5 halite was available
At command 1 of 3:
>>> 1   m 9 s
    2   m 1 w
    3   m 3 e


Turn 63
================================================================
warning: entity 9 was directed to use 7 halite to move south, but only 5 halite was available
At command 3 of 5:
    1   m 3 w
    2   m 1 w
>>> 3   m 9 s
    4   m 7 w
    5   m 8 e


Turn 64
================================================================
warning: entity 3 was directed to use 2 halite to move east, but only 0 halite was available
At command 4 of 5:
    2   m 9 s
    3   m 7 n
>>> 4   m 3 e
    5   m 8 w


Turn 72
================================================================
warning: entity 3 was directed to use 7 halite to move north, but only 3 halite was available
At command 2 of 4:
    1   m 1 s
>>> 2   m 3 n
    3   m 7 e
    4   m 8 w


Turn 73
================================================================
warning: entity 1 was directed to use 1 halite to move east, but only 0 halite was available
At command 1 of 5:
>>> 1   m 1 e
    2   m 9 e
    3   m 3 w


Turn 79
================================================================
warning: entity 3 was directed to use 5 halite to move east, but only 2 halite was available
At command 3 of 5:
    1   m 7 s
    2   m 8 w
>>> 3   m 3 e
    4   m 9 n
    5   m 1 s


Turn 80
================================================================
warning: entity 1 was directed to use 1 halite to move west, but only 0 halite was available
At command 2 of 3:
    1   m 3 n
>>> 2   m 1 w
    3   m 9 e


Turn 83
================================================================
warning: entity 1 was directed to use 6 halite to move south, but only 3 halite was available
At command 1 of 5:
>>> 1   m 1 s
    2   m 9 e
    3   m 8 s


Turn 84
================================================================
warning: entity 3 was directed to use 3 halite to move south, but only 2 halite was available
At command 3 of 4:
    1   m 9 n
    2   m 1 w
>>> 3   m 3 s
    4   m 8 e


Turn 89
================================================================
warning: entity 1 was directed to use 1 halite to move east, but only 0 halite was available
At command 3 of 5:
    1   m 7 e
    2   m 9 w
>>> 3   m 1 e
    4   m 3 n
    5   m 8 s

warning: entity 3 was directed to use 6 halite to move north, but only 4 halite was available
At command 4 of 5:
    2   m 9 w
    3   m 1 e
>>> 4   m 3 n
    5   m 8 s


Turn 94
================================================================
warning: entity 1 was directed to use 1 halite to move north, but only 0 halite was available
At command 4 of 5:
    2   m 3 s
    3   m 9 n
>>> 4   m 1 n
    5   m 8 n


Turn 97
================================================================
warning: entity 7 was directed to use 8 halite to move east, but only 0 halite was available
At command 4 of 6:
    2   m 9 n
    3   m 8 e
>>> 4   m 7 e
    5   m 3 n
    6   m 10 n


Turn 98
================================================================
warning: entity 1 was directed to use 4 halite to move east, but only 0 halite was available
At command 2 of 6:
    1   m 7 e
>>> 2   m 1 e
    3   m 9 s
    4   m 8 e

warning: entity 3 was directed to use 5 halite to move north, but only 4 halite was available
At command 5 of 6:
    3   m 9 s
    4   m 8 e
>>> 5   m 3 n
    6   m 10 w


Turn 103
================================================================
warning: entity 7 was directed to use 4 halite to move east, but only 0 halite was available
At command 6 of 6:
    4   m 1 n
    5   m 10 n
>>> 6   m 7 e


Turn 104
================================================================
warning: entity 10 was directed to use 1 halite to move north, but only 0 halite was available
At command 6 of 6:
    4   m 3 e
    5   m 8 s
>>> 6   m 10 n


Turn 105
================================================================
warning: entity 1 was directed to use 5 halite to move south, but only 0 halite was available
At command 4 of 6:
    2   m 7 s
    3   m 8 n
>>> 4   m 1 s
    5   m 9 e
    6   m 3 n

warning: entity 3 was directed to use 8 halite to move north, but only 6 halite was available
At command 6 of 6:
    4   m 1 s
    5   m 9 e
>>> 6   m 3 n


Turn 106
================================================================
warning: entity 10 was directed to use 6 halite to move south, but only 4 halite was available
At command 5 of 5:
    3   m 3 s
    4   m 8 e
>>> 5   m 10 s


Turn 114
================================================================
warning: entity 3 was directed to use 7 halite to move east, but only 5 halite was available
At command 4 of 5:
    2   m 8 n
    3   m 1 n
>>> 4   m 3 e
    5   m 10 n


Turn 121
================================================================
warning: entity 1 was directed to use 9 halite to move north, but only 4 halite was available
At command 3 of 6:
    1   m 7 s
    2   m 3 o
>>> 3   m 1 n
    4   m 9 s
    5   m 10 o


Turn 128
================================================================
warning: entity 3 was directed to use 4 halite to move east, but only 3 halite was available
At command 4 of 6:
    2   m 7 n
    3   m 10 n
>>> 4   m 3 e
    5   m 1 e
    6   m 9 n


Turn 138
================================================================
warning: entity 1 was directed to use 4 halite to move south, but only 0 halite was available
At command 3 of 5:
    1   m 8 n
    2   m 9 n
>>> 3   m 1 s
    4   m 10 e
    5   m 7 n


Turn 141
================================================================
warning: entity 1 was directed to use 3 halite to move south, but only 0 halite was available
At command 3 of 5:
    1   m 3 s
    2   m 8 s
>>> 3   m 1 s
    4   m 9 e
    5   m 10 e


Turn 143
================================================================
warning: entity 1 was directed to use 9 halite to move east, but only 8 halite was available
At command 4 of 6:
    2   m 3 n
    3   m 10 s
>>> 4   m 1 e
    5   m 9 w
    6   m 8 s


Turn 150
================================================================
warning: entity 1 was directed to use 9 halite to move east, but only 2 halite was available
At command 1 of 6:
>>> 1   m 1 e
    2   m 9 e
    3   m 7 n


Turn 185
================================================================
warning: entity 8 was directed to use 8 halite to move east, but only 3 halite was available
At command 2 of 5:
    1   m 1 s
>>> 2   m 8 e
    3   m 7 s
    4   m 3 n


Turn 240
================================================================
warning: entity 10 was directed to use 1 halite to move west, but only 0 halite was available
At command 3 of 5:
    1   m 1 e
    2   m 9 s
>>> 3   m 10 w
    4   m 8 w
    5   m 3 w


Turn 242
================================================================
warning: entity 10 was directed to use 6 halite to move east, but only 3 halite was available
At command 4 of 5:
    2   m 1 e
    3   m 3 e
>>> 4   m 10 e
    5   m 8 n


Turn 248
================================================================
warning: entity 10 was directed to use 5 halite to move east, but only 3 halite was available
At command 1 of 4:
>>> 1   m 10 e
    2   m 8 s
    3   m 9 e


Turn 251
================================================================
warning: entity 8 was directed to use 3 halite to move north, but only 0 halite was available
At command 5 of 5:
    3   m 10 e
    4   m 3 e
>>> 5   m 8 n


Turn 254
================================================================
warning: entity 10 was directed to use 4 halite to move south, but only 1 halite was available
At command 4 of 5:
    2   m 1 w
    3   m 9 s
>>> 4   m 10 s
    5   m 8 n


Turn 257
================================================================
warning: entity 8 was directed to use 4 halite to move south, but only 2 halite was available
At command 3 of 5:
    1   m 3 w
    2   m 10 w
>>> 3   m 8 s
    4   m 1 s
    5   m 9 e


Turn 261
================================================================
warning: entity 10 was directed to use 2 halite to move east, but only 1 halite was available
At command 4 of 5:
    2   m 1 n
    3   m 9 n
>>> 4   m 10 e
    5   m 3 e


Turn 266
================================================================
warning: entity 10 was directed to use 2 halite to move west, but only 0 halite was available
At command 1 of 5:
>>> 1   m 10 w
    2   m 9 s
    3   m 1 w


Turn 269
================================================================
warning: entity 8 was directed to use 2 halite to move west, but only 0 halite was available
At command 2 of 5:
    1   m 3 w
>>> 2   m 8 w
    3   m 1 n
    4   m 9 s


Turn 270
================================================================
warning: entity 10 was directed to use 3 halite to move west, but only 1 halite was available
At command 2 of 5:
    1   m 8 e
>>> 2   m 10 w
    3   m 9 e
    4   m 1 n


Turn 273
================================================================
warning: entity 1 was directed to use 1 halite to move north, but only 0 halite was available
At command 2 of 5:
    1   m 3 w
>>> 2   m 1 n
    3   m 9 n
    4   m 8 n


Turn 274
================================================================
warning: entity 10 was directed to use 4 halite to move north, but only 3 halite was available
At command 3 of 5:
    1   m 9 n
    2   m 1 e
>>> 3   m 10 n
    4   m 3 w
    5   m 8 w


Turn 276
================================================================
warning: entity 1 was directed to use 1 halite to move east, but only 0 halite was available
At command 2 of 4:
    1   m 9 s
>>> 2   m 1 e
    3   m 8 n
    4   m 3 n


Turn 277
================================================================
warning: entity 8 was directed to use 5 halite to move east, but only 2 halite was available
At command 3 of 3:
    1   m 9 n
    2   m 1 n
>>> 3   m 8 e


Turn 279
================================================================
warning: entity 1 was directed to use 1 halite to move east, but only 0 halite was available
At command 2 of 4:
    1   m 9 w
>>> 2   m 1 e
    3   m 3 n
    4   m 8 e


Turn 281
================================================================
warning: entity 8 was directed to use 8 halite to move east, but only 2 halite was available
At command 2 of 4:
    1   m 3 n
>>> 2   m 8 e
    3   m 9 w
    4   m 1 w


Turn 283
================================================================
warning: entity 1 was directed to use 3 halite to move north, but only 0 halite was available
At command 2 of 5:
    1   m 9 e
>>> 2   m 1 n
    3   m 10 w
    4   m 8 s


Turn 288
================================================================
warning: entity 8 was directed to use 3 halite to move south, but only 0 halite was available
At command 4 of 5:
    2   m 1 n
    3   m 3 n
>>> 4   m 8 s
    5   m 10 n


Turn 291
================================================================
warning: entity 8 was directed to use 2 halite to move south, but only 0 halite was available
At command 4 of 6:
    2   m 9 w
    3   m 1 s
>>> 4   m 8 s
    5   m 3 e
    6   m 12 e


Turn 292
================================================================
warning: entity 1 was directed to use 3 halite to move east, but only 0 halite was available
At command 2 of 5:
    1   m 8 n
>>> 2   m 1 e
    3   m 9 w
    4   m 12 w


Turn 294
================================================================
warning: entity 1 was directed to use 9 halite to move south, but only 7 halite was available
At command 1 of 6:
>>> 1   m 1 s
    2   m 9 e
    3   m 8 w

warning: entity 3 was directed to use 3 halite to move south, but only 0 halite was available
At command 6 of 6:
    4   m 10 w
    5   m 12 s
>>> 6   m 3 s


Turn 295
================================================================
warning: entity 8 was directed to use 2 halite to move south, but only 1 halite was available
At command 4 of 6:
    2   m 1 w
    3   m 3 s
>>> 4   m 8 s
    5   m 10 s
    6   m 12 e


Turn 297
================================================================
warning: entity 12 was directed to use 1 halite to move south, but only 0 halite was available
At command 2 of 4:
    1   m 9 w
>>> 2   m 12 s
    3   m 8 e
    4   m 3 e


Turn 299
================================================================
warning: entity 12 was directed to use 4 halite to move west, but only 3 halite was available
At command 5 of 6:
    3   m 1 w
    4   m 9 o
>>> 5   m 12 w
    6   m 3 s


Turn 300
================================================================
warning: entity 8 was directed to use 2 halite to move north, but only 1 halite was available
At command 5 of 5:
    3   m 12 o
    4   m 3 o
>>> 5   m 8 n


Turn 303
================================================================
warning: entity 8 was directed to use 7 halite to move east, but only 0 halite was available
At command 6 of 6:
    4   m 3 w
    5   m 12 n
>>> 6   m 8 e


Turn 307
================================================================
warning: entity 1 was directed to use 9 halite to move west, but only 0 halite was available
At command 4 of 5:
    2   m 10 w
    3   m 9 e
>>> 4   m 1 w
    5   m 12 n


Turn 311
================================================================
warning: entity 1 was directed to use 8 halite to move east, but only 0 halite was available
At command 2 of 5:
    1   m 8 w
>>> 2   m 1 e
    3   m 3 w
    4   m 12 n


Turn 312
================================================================
warning: entity 12 was directed to use 2 halite to move east, but only 0 halite was available
At command 5 of 5:
    3   m 8 e
    4   m 3 w
>>> 5   m 12 e


Turn 315
================================================================
warning: entity 1 was directed to use 7 halite to move west, but only 4 halite was available
At command 1 of 6:
>>> 1   m 1 w
    2   m 9 n
    3   m 10 s


Turn 316
================================================================
warning: entity 3 was directed to use 6 halite to move east, but only 0 halite was available
At command 6 of 6:
    4   m 12 w
    5   m 8 n
>>> 6   m 3 e


Turn 319
================================================================
warning: entity 3 was directed to use 5 halite to move south, but only 4 halite was available
At command 1 of 6:
>>> 1   m 3 s
    2   m 10 w
    3   m 12 e


Turn 320
================================================================
warning: entity 1 was directed to use 6 halite to move east, but only 3 halite was available
At command 4 of 5:
    2   m 12 n
    3   m 9 w
>>> 4   m 1 e
    5   m 8 e


Turn 322
================================================================
warning: entity 12 was directed to use 3 halite to move west, but only 2 halite was available
At command 3 of 5:
    1   m 1 e
    2   m 9 s
>>> 3   m 12 w
    4   m 3 e
    5   m 8 w


Turn 323
================================================================
warning: entity 1 was directed to use 8 halite to move east, but only 5 halite was available
At command 3 of 5:
    1   m 12 s
    2   m 9 w
>>> 3   m 1 e
    4   m 3 w
    5   m 8 w

warning: entity 3 was directed to use 7 halite to move west, but only 4 halite was available
At command 4 of 5:
    2   m 9 w
    3   m 1 e
>>> 4   m 3 w
    5   m 8 w


Turn 328
================================================================
warning: entity 1 was directed to use 7 halite to move north, but only 5 halite was available
At command 4 of 5:
    2   m 12 s
    3   m 9 n
>>> 4   m 1 n
    5   m 8 e


Turn 333
================================================================
warning: entity 1 was directed to use 8 halite to move west, but only 2 halite was available
At command 2 of 6:
    1   m 9 n
>>> 2   m 1 w
    3   m 3 n
    4   m 10 n

warning: entity 12 was directed to use 1 halite to move north, but only 0 halite was available
At command 5 of 6:
    3   m 3 n
    4   m 10 n
>>> 5   m 12 n
    6   m 8 n


Turn 337
================================================================
warning: entity 1 was directed to use 5 halite to move north, but only 2 halite was available
At command 1 of 6:
>>> 1   m 1 n
    2   m 9 e
    3   m 8 s


Turn 341
================================================================
warning: entity 1 was directed to use 7 halite to move east, but only 2 halite was available
At command 2 of 5:
    1   m 9 s
>>> 2   m 1 e
    3   m 8 e
    4   m 3 s


Turn 346
================================================================
warning: entity 1 was directed to use 4 halite to move east, but only 1 halite was available
At command 5 of 5:
    3   m 10 w
    4   m 9 w
>>> 5   m 1 e


Turn 350
================================================================
warning: entity 1 was directed to use 4 halite to move south, but only 3 halite was available
At command 3 of 5:
    1   m 12 e
    2   m 8 s
>>> 3   m 1 s
    4   m 9 w
    5   m 10 s


Turn 354
================================================================
warning: entity 9 was directed to use 4 halite to move south, but only 0 halite was available
At command 2 of 5:
    1   m 1 n
>>> 2   m 9 s
    3   m 8 e
    4   m 10 s


Turn 355
================================================================
warning: entity 1 was directed to use 3 halite to move north, but only 0 halite was available
At command 1 of 5:
>>> 1   m 1 n
    2   m 9 w
    3   m 8 s


Turn 358
================================================================
warning: entity 1 was directed to use 7 halite to move west, but only 3 halite was available
At command 3 of 6:
    1   m 3 e
    2   m 10 s
>>> 3   m 1 w
    4   m 9 n
    5   m 8 s

warning: entity 12 was directed to use 7 halite to move west, but only 5 halite was available
At command 6 of 6:
    4   m 9 n
    5   m 8 s
>>> 6   m 12 w


Turn 362
================================================================
warning: entity 12 was directed to use 9 halite to move north, but only 6 halite was available
At command 5 of 6:
    3   m 1 w
    4   m 8 e
>>> 5   m 12 n
    6   m 10 n


Turn 364
================================================================
warning: entity 1 was directed to use 9 halite to move south, but only 4 halite was available
At command 2 of 5:
    1   m 9 s
>>> 2   m 1 s
    3   m 8 e
    4   m 3 n


Turn 370
================================================================
warning: entity 1 was directed to use 3 halite to move south, but only 2 halite was available
At command 3 of 6:
    1   m 12 n
    2   m 8 e
>>> 3   m 1 s
    4   m 9 e
    5   m 3 n

warning: entity 9 was directed to use 4 halite to move east, but only 0 halite was available
At command 4 of 6:
    2   m 8 e
    3   m 1 s
>>> 4   m 9 e
    5   m 3 n
    6   m 10 s


Turn 371
================================================================
warning: entity 8 was directed to use 8 halite to move west, but only 0 halite was available
At command 4 of 6:
    2   m 9 n
    3   m 3 w
>>> 4   m 8 w
    5   m 12 e
    6   m 10 e


Turn 375
================================================================
warning: entity 1 was directed to use 2 halite to move west, but only 0 halite was available
At command 4 of 6:
    2   m 10 e
    3   m 3 e
>>> 4   m 1 w
    5   m 9 w
    6   m 8 e

warning: entity 8 was directed to use 7 halite to move east, but only 6 halite was available
At command 6 of 6:
    4   m 1 w
    5   m 9 w
>>> 6   m 8 e


Turn 376
================================================================
warning: entity 9 was directed to use 3 halite to move south, but only 1 halite was available
At command 2 of 6:
    1   m 12 w
>>> 2   m 9 s
    3   m 1 s
    4   m 8 e

warning: entity 3 was directed to use 1 halite to move east, but only 0 halite was available
At command 5 of 6:
    3   m 1 s
    4   m 8 e
>>> 5   m 3 e
    6   m 10 n


Turn 378
================================================================
warning: entity 1 was directed to use 1 halite to move north, but only 0 halite was available
At command 2 of 5:
    1   m 8 n
>>> 2   m 1 n
    3   m 9 s
    4   m 3 n


Turn 379
================================================================
warning: entity 9 was directed to use 8 halite to move east, but only 2 halite was available
At command 1 of 5:
>>> 1   m 9 e
    2   m 1 n
    3   m 12 e


Turn 380
================================================================
warning: entity 3 was directed to use 2 halite to move west, but only 0 halite was available
At command 6 of 6:
    4   m 10 w
    5   m 12 o
>>> 6   m 3 w


Turn 382
================================================================
warning: entity 1 was directed to use 5 halite to move south, but only 0 halite was available
At command 2 of 5:
    1   m 8 s
>>> 2   m 1 s
    3   m 9 w
    4   m 12 w


Turn 383
================================================================
warning: entity 9 was directed to use 8 halite to move west, but only 5 halite was available
At command 1 of 6:
>>> 1   m 9 w
    2   m 1 w
    3   m 10 s


Turn 385
================================================================
warning: entity 1 was directed to use 7 halite to move north, but only 3 halite was available
At command 3 of 6:
    1   m 3 w
    2   m 9 s
>>> 3   m 1 n
    4   m 12 e
    5   m 10 n


Turn 387
================================================================
warning: entity 9 was directed to use 9 halite to move east, but only 3 halite was available
At command 2 of 6:
    1   m 1 e
>>> 2   m 9 e
    3   m 3 n
    4   m 12 w

warning: entity 3 was directed to use 5 halite to move north, but only 3 halite was available
At command 3 of 6:
    1   m 1 e
    2   m 9 e
>>> 3   m 3 n
    4   m 12 w
    5   m 8 w

warning: entity 8 was directed to use 9 halite to move west, but only 2 halite was available
At command 5 of 6:
    3   m 3 n
    4   m 12 w
>>> 5   m 8 w
    6   m 10 w


Turn 391
================================================================
warning: entity 9 was directed to use 8 halite to move west, but only 4 halite was available
At command 3 of 6:
    1   m 8 n
    2   m 12 w
>>> 3   m 9 w
    4   m 1 w
    5   m 10 n


Turn 392
================================================================
warning: entity 1 was directed to use 5 halite to move north, but only 2 halite was available
At command 1 of 6:
>>> 1   m 1 n
    2   m 9 s
    3   m 8 w

warning: entity 3 was directed to use 8 halite to move north, but only 1 halite was available
At command 6 of 6:
    4   m 12 w
    5   m 10 n
>>> 6   m 3 n


Turn 396
================================================================
warning: entity 3 was directed to use 7 halite to move east, but only 6 halite was available
At command 3 of 5:
    1   m 1 e
    2   m 8 o
>>> 3   m 3 e
    4   m 10 e
    5   m 12 s


Turn 398
================================================================
warning: entity 1 was directed to use 7 halite to move south, but only 4 halite was available
At command 1 of 5:
>>> 1   m 1 s
    2   m 9 s
    3   m 12 e

