
Turn 3
================================================================
warning: entity 1 was directed to use 4 halite to move south, but only 0 halite was available
At command 1 of 2:
>>> 1   m 1 s
    2   g


Turn 5
================================================================
warning: entity 3 was directed to use 6 halite to move east, but only 0 halite was available
At command 2 of 3:
    1   m 1 w
>>> 2   m 3 e
    3   g


Turn 8
================================================================
warning: entity 5 was directed to use 4 halite to move west, but only 0 halite was available
At command 2 of 4:
    1   m 1 n
>>> 2   m 5 w
    3   m 3 w
    4   g


Turn 9
================================================================
warning: entity 3 was directed to use 5 halite to move north, but only 0 halite was available
At command 3 of 4:
    1   m 5 o
    2   m 1 e
>>> 3   m 3 n
    4   m 7 w


Turn 10
================================================================
warning: entity 7 was directed to use 1 halite to move east, but only 0 halite was available
At command 4 of 4:
    2   m 3 s
    3   m 1 w
>>> 4   m 7 e


Turn 13
================================================================
warning: entity 5 was directed to use 3 halite to move south, but only 0 halite was available
At command 1 of 3:
>>> 1   m 5 s
    2   m 7 e
    3   m 3 w

warning: entity 3 was directed to use 6 halite to move west, but only 5 halite was available
At command 3 of 3:
    1   m 5 s
    2   m 7 e
>>> 3   m 3 w


Turn 16
================================================================
warning: entity 7 was directed to use 2 halite to move west, but only 0 halite was available
At command 1 of 3:
>>> 1   m 7 w
    2   m 5 w
    3   m 3 w


Turn 17
================================================================
warning: entity 3 was directed to use 9 halite to move east, but only 5 halite was available
At command 2 of 4:
    1   m 7 n
>>> 2   m 3 e
    3   m 5 s
    4   g

warning: entity 5 was directed to use 8 halite to move south, but only 2 halite was available
At command 3 of 4:
    1   m 7 n
    2   m 3 e
>>> 3   m 5 s
    4   g


Turn 19
================================================================
warning: entity 7 was directed to use 5 halite to move north, but only 2 halite was available
At command 1 of 5:
>>> 1   m 7 n
    2   m 9 w
    3   m 1 e

warning: entity 9 was directed to use 1 halite to move west, but only 0 halite was available
At command 2 of 5:
    1   m 7 n
>>> 2   m 9 w
    3   m 1 e
    4   m 3 w


Turn 23
================================================================
warning: entity 5 was directed to use 5 halite to move south, but only 1 halite was available
At command 5 of 5:
    3   m 9 n
    4   m 7 e
>>> 5   m 5 s


Turn 24
================================================================
warning: entity 9 was directed to use 5 halite to move south, but only 3 halite was available
At command 2 of 4:
    1   m 5 e
>>> 2   m 9 s
    3   m 1 s
    4   m 3 e


Turn 27
================================================================
warning: entity 5 was directed to use 6 halite to move south, but only 4 halite was available
At command 3 of 4:
    1   m 7 n
    2   m 9 s
>>> 3   m 5 s
    4   m 3 s


Turn 35
================================================================
warning: entity 5 was directed to use 4 halite to move north, but only 2 halite was available
At command 2 of 2:
    1   m 3 w
>>> 2   m 5 n


Turn 40
================================================================
warning: entity 5 was directed to use 3 halite to move south, but only 0 halite was available
At command 4 of 4:
    2   m 9 n
    3   m 3 s
>>> 4   m 5 s


Turn 44
================================================================
warning: entity 5 was directed to use 4 halite to move south, but only 0 halite was available
At command 3 of 4:
    1   m 7 s
    2   m 1 e
>>> 3   m 5 s
    4   m 3 w


Turn 53
================================================================
warning: entity 5 was directed to use 4 halite to move west, but only 0 halite was available
At command 2 of 5:
    1   m 3 e
>>> 2   m 5 w
    3   m 9 w
    4   m 1 s


Turn 56
================================================================
warning: entity 1 was directed to use 1 halite to move east, but only 0 halite was available
At command 3 of 4:
    1   m 7 e
    2   m 9 n
>>> 3   m 1 e
    4   m 5 s

warning: entity 5 was directed to use 3 halite to move south, but only 2 halite was available
At command 4 of 4:
    2   m 9 n
    3   m 1 e
>>> 4   m 5 s


Turn 60
================================================================
warning: entity 5 was directed to use 2 halite to move east, but only 0 halite was available
At command 3 of 3:
    1   m 1 s
    2   m 9 n
>>> 3   m 5 e


Turn 63
================================================================
warning: entity 5 was directed to use 1 halite to move south, but only 0 halite was available
At command 4 of 4:
    2   m 9 s
    3   m 1 n
>>> 4   m 5 s


Turn 64
================================================================
warning: entity 1 was directed to use 4 halite to move south, but only 2 halite was available
At command 3 of 4:
    1   m 5 e
    2   m 9 n
>>> 3   m 1 s
    4   m 7 e


Turn 65
================================================================
warning: entity 5 was directed to use 4 halite to move south, but only 3 halite was available
At command 3 of 4:
    1   m 9 w
    2   m 1 s
>>> 3   m 5 s
    4   m 7 e


Turn 70
================================================================
warning: entity 5 was directed to use 3 halite to move north, but only 2 halite was available
At command 3 of 3:
    1   m 3 s
    2   m 7 w
>>> 3   m 5 n


Turn 75
================================================================
warning: entity 5 was directed to use 2 halite to move north, but only 0 halite was available
At command 4 of 4:
    2   m 1 w
    3   m 7 s
>>> 4   m 5 n


Turn 78
================================================================
warning: entity 5 was directed to use 2 halite to move east, but only 0 halite was available
At command 4 of 5:
    2   m 9 s
    3   m 3 s
>>> 4   m 5 e
    5   m 7 o


Turn 81
================================================================
warning: entity 5 was directed to use 2 halite to move east, but only 1 halite was available
At command 4 of 4:
    2   m 7 n
    3   m 3 e
>>> 4   m 5 e


Turn 84
================================================================
warning: entity 5 was directed to use 9 halite to move north, but only 3 halite was available
At command 5 of 5:
    3   m 7 e
    4   m 3 n
>>> 5   m 5 n


Turn 109
================================================================
warning: entity 5 was directed to use 5 halite to move west, but only 2 halite was available
At command 3 of 5:
    1   m 7 n
    2   m 3 e
>>> 3   m 5 w
    4   m 1 e
    5   m 9 w


Turn 112
================================================================
warning: entity 7 was directed to use 4 halite to move west, but only 3 halite was available
At command 4 of 5:
    2   m 9 w
    3   m 5 o
>>> 4   m 7 w
    5   m 3 o


Turn 117
================================================================
warning: entity 7 was directed to use 5 halite to move west, but only 1 halite was available
At command 4 of 5:
    2   m 9 e
    3   m 3 n
>>> 4   m 7 w
    5   m 5 o


Turn 123
================================================================
warning: entity 7 was directed to use 6 halite to move west, but only 0 halite was available
At command 4 of 4:
    2   m 1 e
    3   m 9 w
>>> 4   m 7 w


Turn 130
================================================================
warning: entity 1 was directed to use 1 halite to move south, but only 0 halite was available
At command 3 of 6:
    1   m 3 n
    2   m 5 w
>>> 3   m 1 s
    4   m 9 s
    5   m 7 n


Turn 133
================================================================
warning: entity 12 was directed to use 1 halite to move west, but only 0 halite was available
At command 1 of 5:
>>> 1   m 12 w
    2   m 9 w
    3   m 1 s

warning: entity 1 was directed to use 9 halite to move south, but only 1 halite was available
At command 3 of 5:
    1   m 12 w
    2   m 9 w
>>> 3   m 1 s
    4   m 3 n
    5   m 5 n


Turn 136
================================================================
warning: entity 12 was directed to use 4 halite to move north, but only 3 halite was available
At command 1 of 3:
>>> 1   m 12 n
    2   m 5 e
    3   m 3 s


Turn 142
================================================================
warning: entity 12 was directed to use 7 halite to move south, but only 4 halite was available
At command 3 of 4:
    1   m 5 e
    2   m 7 n
>>> 3   m 12 s
    4   m 3 w


Turn 146
================================================================
warning: entity 12 was directed to use 8 halite to move south, but only 6 halite was available
At command 3 of 4:
    1   m 1 w
    2   m 7 n
>>> 3   m 12 s
    4   m 3 e


Turn 152
================================================================
warning: entity 1 was directed to use 1 halite to move north, but only 0 halite was available
At command 2 of 4:
    1   m 5 w
>>> 2   m 1 n
    3   m 9 s
    4   m 12 s

warning: entity 12 was directed to use 3 halite to move south, but only 0 halite was available
At command 4 of 4:
    2   m 1 n
    3   m 9 s
>>> 4   m 12 s


Turn 156
================================================================
warning: entity 1 was directed to use 5 halite to move east, but only 1 halite was available
At command 1 of 6:
>>> 1   m 1 e
    2   m 9 s
    3   m 12 o


Turn 168
================================================================
warning: entity 9 was directed to use 3 halite to move north, but only 0 halite was available
At command 1 of 4:
>>> 1   m 9 n
    2   m 7 n
    3   m 5 w


Turn 169
================================================================
warning: entity 7 was directed to use 1 halite to move east, but only 0 halite was available
At command 3 of 5:
    1   m 9 s
    2   m 3 w
>>> 3   m 7 e
    4   m 5 n
    5   m 14 s


Turn 171
================================================================
warning: entity 9 was directed to use 3 halite to move south, but only 0 halite was available
At command 3 of 7:
    1   m 12 n
    2   m 3 s
>>> 3   m 9 s
    4   m 1 n
    5   m 5 s


Turn 174
================================================================
warning: entity 9 was directed to use 8 halite to move north, but only 7 halite was available
At command 4 of 7:
    2   m 3 o
    3   m 14 s
>>> 4   m 9 n
    5   m 1 s
    6   m 5 s


Turn 175
================================================================
warning: entity 14 was directed to use 3 halite to move north, but only 2 halite was available
At command 6 of 7:
    4   m 9 s
    5   m 5 n
>>> 6   m 14 n
    7   m 12 e


Turn 177
================================================================
warning: entity 7 was directed to use 1 halite to move east, but only 0 halite was available
At command 5 of 7:
    3   m 14 e
    4   m 12 s
>>> 5   m 7 e
    6   m 3 o
    7   m 5 o


Turn 179
================================================================
warning: entity 14 was directed to use 9 halite to move east, but only 2 halite was available
At command 2 of 8:
    1   m 3 n
>>> 2   m 14 e
    3   m 7 s
    4   m 5 w


Turn 180
================================================================
warning: entity 9 was directed to use 9 halite to move north, but only 2 halite was available
At command 3 of 8:
    1   m 14 w
    2   m 1 n
>>> 3   m 9 n
    4   m 3 s
    5   m 5 w


Turn 185
================================================================
warning: entity 7 was directed to use 6 halite to move east, but only 2 halite was available
At command 6 of 8:
    4   m 12 w
    5   m 5 n
>>> 6   m 7 e
    7   m 15 n
    8   m 14 s

warning: entity 15 was directed to use 2 halite to move north, but only 1 halite was available
At command 7 of 8:
    5   m 5 n
    6   m 7 e
>>> 7   m 15 n
    8   m 14 s


Turn 189
================================================================
warning: entity 7 was directed to use 9 halite to move north, but only 1 halite was available
At command 3 of 8:
    1   m 1 e
    2   m 9 w
>>> 3   m 7 n
    4   m 15 w
    5   m 5 s

warning: entity 15 was directed to use 7 halite to move west, but only 4 halite was available
At command 4 of 8:
    2   m 9 w
    3   m 7 n
>>> 4   m 15 w
    5   m 5 s
    6   m 12 w

warning: entity 14 was directed to use 8 halite to move north, but only 1 halite was available
At command 8 of 8:
    6   m 12 w
    7   m 3 n
>>> 8   m 14 n


Turn 191
================================================================
warning: entity 3 was directed to use 3 halite to move north, but only 0 halite was available
At command 8 of 8:
    6   m 9 n
    7   m 1 e
>>> 8   m 3 n


Turn 193
================================================================
warning: entity 3 was directed to use 7 halite to move north, but only 6 halite was available
At command 4 of 6:
    2   m 5 e
    3   m 12 e
>>> 4   m 3 n
    5   m 7 n
    6   m 15 s


Turn 194
================================================================
warning: entity 7 was directed to use 7 halite to move north, but only 3 halite was available
At command 6 of 8:
    4   m 3 s
    5   m 5 w
>>> 6   m 7 n
    7   m 15 n
    8   m 12 e


Turn 198
================================================================
warning: entity 7 was directed to use 8 halite to move east, but only 5 halite was available
At command 6 of 7:
    4   m 3 e
    5   m 12 s
>>> 6   m 7 e
    7   m 15 e


Turn 199
================================================================
warning: entity 12 was directed to use 5 halite to move north, but only 1 halite was available
At command 7 of 8:
    5   m 9 e
    6   m 1 w
>>> 7   m 12 n
    8   m 5 e


Turn 202
================================================================
warning: entity 7 was directed to use 7 halite to move north, but only 6 halite was available
At command 1 of 8:
>>> 1   m 7 n
    2   m 15 n
    3   m 12 w


Turn 203
================================================================
warning: entity 12 was directed to use 6 halite to move north, but only 3 halite was available
At command 5 of 8:
    3   m 1 w
    4   m 9 e
>>> 5   m 12 n
    6   m 3 n
    7   m 14 s

warning: entity 3 was directed to use 7 halite to move north, but only 2 halite was available
At command 6 of 8:
    4   m 9 e
    5   m 12 n
>>> 6   m 3 n
    7   m 14 s
    8   m 5 o


Turn 206
================================================================
warning: entity 15 was directed to use 8 halite to move south, but only 0 halite was available
At command 6 of 7:
    4   m 3 n
    5   m 5 o
>>> 6   m 15 s
    7   m 7 n


Turn 207
================================================================
warning: entity 3 was directed to use 6 halite to move south, but only 5 halite was available
At command 8 of 8:
    6   m 1 s
    7   m 9 o
>>> 8   m 3 s


Turn 208
================================================================
warning: entity 12 was directed to use 8 halite to move east, but only 1 halite was available
At command 8 of 8:
    6   m 15 w
    7   m 7 n
>>> 8   m 12 e


Turn 209
================================================================
warning: entity 7 was directed to use 5 halite to move south, but only 3 halite was available
At command 6 of 8:
    4   m 9 e
    5   m 3 o
>>> 6   m 7 s
    7   m 15 e
    8   m 5 s

warning: entity 15 was directed to use 9 halite to move east, but only 7 halite was available
At command 7 of 8:
    5   m 3 o
    6   m 7 s
>>> 7   m 15 e
    8   m 5 s


Turn 213
================================================================
warning: entity 12 was directed to use 7 halite to move north, but only 4 halite was available
At command 7 of 8:
    5   m 1 e
    6   m 14 n
>>> 7   m 12 n
    8   m 5 s

warning: entity 5 was directed to use 6 halite to move south, but only 0 halite was available
At command 8 of 8:
    6   m 14 n
    7   m 12 n
>>> 8   m 5 s


Turn 214
================================================================
warning: entity 15 was directed to use 7 halite to move south, but only 1 halite was available
At command 5 of 8:
    3   m 14 w
    4   m 7 n
>>> 5   m 15 s
    6   m 9 s
    7   m 1 s


Turn 215
================================================================
warning: entity 3 was directed to use 8 halite to move east, but only 0 halite was available
At command 5 of 8:
    3   m 12 n
    4   m 14 w
>>> 5   m 3 e
    6   m 5 e
    7   m 1 s


Turn 216
================================================================
warning: entity 5 was directed to use 9 halite to move north, but only 8 halite was available
At command 8 of 8:
    6   m 15 e
    7   m 12 e
>>> 8   m 5 n


Turn 218
================================================================
warning: entity 7 was directed to use 6 halite to move north, but only 2 halite was available
At command 2 of 7:
    1   m 14 w
>>> 2   m 7 n
    3   m 15 w
    4   m 12 n


Turn 219
================================================================
warning: entity 15 was directed to use 4 halite to move east, but only 0 halite was available
At command 1 of 6:
>>> 1   m 15 e
    2   m 7 e
    3   m 12 e

warning: entity 3 was directed to use 7 halite to move east, but only 4 halite was available
At command 6 of 6:
    4   m 14 w
    5   m 1 e
>>> 6   m 3 e


Turn 222
================================================================
warning: entity 15 was directed to use 3 halite to move east, but only 1 halite was available
At command 5 of 7:
    3   m 14 w
    4   m 12 s
>>> 5   m 15 e
    6   m 7 e
    7   m 3 w

warning: entity 7 was directed to use 8 halite to move east, but only 6 halite was available
At command 6 of 7:
    4   m 12 s
    5   m 15 e
>>> 6   m 7 e
    7   m 3 w


Turn 223
================================================================
warning: entity 12 was directed to use 2 halite to move west, but only 0 halite was available
At command 5 of 6:
    3   m 7 n
    4   m 1 e
>>> 5   m 12 w
    6   m 3 n


Turn 225
================================================================
warning: entity 15 was directed to use 6 halite to move north, but only 0 halite was available
At command 2 of 5:
    1   m 1 s
>>> 2   m 15 n
    3   m 7 n
    4   m 12 e


Turn 226
================================================================
warning: entity 12 was directed to use 1 halite to move south, but only 0 halite was available
At command 4 of 5:
    2   m 15 w
    3   m 5 w
>>> 4   m 12 s
    5   m 3 s


Turn 229
================================================================
warning: entity 3 was directed to use 9 halite to move north, but only 2 halite was available
At command 4 of 4:
    2   m 14 w
    3   m 12 e
>>> 4   m 3 n


Turn 230
================================================================
warning: entity 12 was directed to use 2 halite to move south, but only 1 halite was available
At command 5 of 5:
    3   m 14 e
    4   m 5 w
>>> 5   m 12 s


Turn 233
================================================================
warning: entity 3 was directed to use 5 halite to move south, but only 4 halite was available
At command 5 of 5:
    3   m 9 w
    4   m 5 w
>>> 5   m 3 s


Turn 237
================================================================
warning: entity 3 was directed to use 4 halite to move east, but only 1 halite was available
At command 6 of 8:
    4   m 1 w
    5   m 14 e
>>> 6   m 3 e
    7   m 5 n
    8   m 16 o


Turn 241
================================================================
warning: entity 3 was directed to use 4 halite to move west, but only 0 halite was available
At command 6 of 9:
    4   m 16 o
    5   m 7 s
>>> 6   m 3 w
    7   m 14 s
    8   m 15 e


Turn 243
================================================================
warning: entity 5 was directed to use 6 halite to move south, but only 1 halite was available
At command 6 of 8:
    4   m 9 e
    5   m 1 w
>>> 6   m 5 s
    7   m 12 w
    8   m 7 s


Turn 245
================================================================
warning: entity 16 was directed to use 2 halite to move east, but only 0 halite was available
At command 6 of 9:
    4   m 3 n
    5   m 15 n
>>> 6   m 16 e
    7   m 1 e
    8   m 9 n


Turn 246
================================================================
warning: entity 5 was directed to use 8 halite to move south, but only 5 halite was available
At command 5 of 9:
    3   m 14 w
    4   m 9 e
>>> 5   m 5 s
    6   m 3 w
    7   m 15 w

warning: entity 3 was directed to use 7 halite to move west, but only 0 halite was available
At command 6 of 9:
    4   m 9 e
    5   m 5 s
>>> 6   m 3 w
    7   m 15 w
    8   m 1 o


Turn 248
================================================================
warning: entity 16 was directed to use 4 halite to move east, but only 1 halite was available
At command 6 of 8:
    4   m 7 s
    5   m 9 n
>>> 6   m 16 e
    7   m 14 e
    8   m 12 n

warning: entity 12 was directed to use 2 halite to move north, but only 0 halite was available
At command 8 of 8:
    6   m 16 e
    7   m 14 e
>>> 8   m 12 n


Turn 249
================================================================
warning: entity 3 was directed to use 6 halite to move east, but only 5 halite was available
At command 5 of 9:
    3   m 5 n
    4   m 1 n
>>> 5   m 3 e
    6   m 7 w
    7   m 9 e


Turn 250
================================================================
warning: entity 5 was directed to use 9 halite to move south, but only 7 halite was available
At command 4 of 9:
    2   m 12 e
    3   m 16 s
>>> 4   m 5 s
    5   m 1 n
    6   m 7 s


Turn 251
================================================================
warning: entity 16 was directed to use 8 halite to move north, but only 7 halite was available
At command 4 of 10:
    2   m 5 e
    3   m 3 e
>>> 4   m 16 n
    5   m 12 n
    6   m 7 w

warning: entity 7 was directed to use 1 halite to move west, but only 0 halite was available
At command 6 of 10:
    4   m 16 n
    5   m 12 n
>>> 6   m 7 w
    7   m 1 s
    8   m 9 n

warning: entity 1 was directed to use 5 halite to move south, but only 4 halite was available
At command 7 of 10:
    5   m 12 n
    6   m 7 w
>>> 7   m 1 s
    8   m 9 n
    9   m 14 e


Turn 256
================================================================
warning: entity 7 was directed to use 5 halite to move north, but only 4 halite was available
At command 3 of 9:
    1   m 14 w
    2   m 18 s
>>> 3   m 7 n
    4   m 1 s
    5   m 15 s


Turn 258
================================================================
warning: entity 12 was directed to use 4 halite to move east, but only 3 halite was available
At command 2 of 9:
    1   m 5 e
>>> 2   m 12 e
    3   m 18 s
    4   m 7 s


Turn 259
================================================================
warning: entity 18 was directed to use 2 halite to move west, but only 0 halite was available
At command 5 of 9:
    3   m 14 n
    4   m 5 s
>>> 5   m 18 w
    6   m 7 s
    7   m 1 w


Turn 260
================================================================
warning: entity 5 was directed to use 5 halite to move south, but only 2 halite was available
At command 7 of 10:
    5   m 12 w
    6   m 15 e
>>> 7   m 5 s
    8   m 7 s
    9   m 1 w


Turn 261
================================================================
warning: entity 18 was directed to use 6 halite to move south, but only 5 halite was available
At command 3 of 9:
    1   m 5 o
    2   m 14 e
>>> 3   m 18 s
    4   m 16 o
    5   m 12 e

warning: entity 7 was directed to use 7 halite to move south, but only 2 halite was available
At command 7 of 9:
    5   m 12 e
    6   m 15 e
>>> 7   m 7 s
    8   m 1 w
    9   m 9 w


Turn 262
================================================================
warning: entity 1 was directed to use 4 halite to move west, but only 3 halite was available
At command 6 of 8:
    4   m 7 n
    5   m 14 s
>>> 6   m 1 w
    7   m 12 w
    8   m 9 n

warning: entity 12 was directed to use 3 halite to move west, but only 0 halite was available
At command 7 of 8:
    5   m 14 s
    6   m 1 w
>>> 7   m 12 w
    8   m 9 n


Turn 264
================================================================
warning: entity 12 was directed to use 9 halite to move south, but only 6 halite was available
At command 4 of 8:
    2   m 14 e
    3   m 5 e
>>> 4   m 12 s
    5   m 7 w
    6   m 18 e


Turn 266
================================================================
warning: entity 1 was directed to use 6 halite to move east, but only 3 halite was available
At command 4 of 10:
    2   m 12 e
    3   m 3 n
>>> 4   m 1 e
    5   m 15 w
    6   m 14 s


Turn 268
================================================================
warning: entity 18 was directed to use 7 halite to move west, but only 2 halite was available
At command 5 of 9:
    3   m 1 e
    4   m 9 s
>>> 5   m 18 w
    6   m 12 w
    7   m 5 n


Turn 269
================================================================
warning: entity 1 was directed to use 9 halite to move north, but only 7 halite was available
At command 9 of 10:
    7   m 9 n
    8   m 16 e
>>> 9   m 1 n
    10   m 7 e


Turn 270
================================================================
warning: entity 5 was directed to use 4 halite to move west, but only 1 halite was available
At command 4 of 10:
    2   m 18 s
    3   m 12 n
>>> 4   m 5 w
    5   m 15 w
    6   m 3 n


Turn 271
================================================================
warning: entity 18 was directed to use 9 halite to move north, but only 6 halite was available
At command 3 of 9:
    1   m 5 n
    2   m 12 w
>>> 3   m 18 n
    4   m 9 s
    5   m 15 s


Turn 272
================================================================
warning: entity 12 was directed to use 5 halite to move east, but only 0 halite was available
At command 6 of 9:
    4   m 16 s
    5   m 5 e
>>> 6   m 12 e
    7   m 3 n
    8   m 14 s


Turn 273
================================================================
warning: entity 5 was directed to use 3 halite to move north, but only 2 halite was available
At command 2 of 9:
    1   m 12 n
>>> 2   m 5 n
    3   m 15 s
    4   m 18 n


Turn 275
================================================================
warning: entity 12 was directed to use 5 halite to move east, but only 4 halite was available
At command 1 of 10:
>>> 1   m 12 e
    2   m 9 s
    3   m 1 n


Turn 276
================================================================
warning: entity 16 was directed to use 4 halite to move west, but only 1 halite was available
At command 8 of 9:
    6   m 7 w
    7   m 15 s
>>> 8   m 16 w
    9   m 14 e


Turn 277
================================================================
warning: entity 18 was directed to use 2 halite to move north, but only 0 halite was available
At command 2 of 9:
    1   m 16 e
>>> 2   m 18 n
    3   m 12 w
    4   m 15 e

warning: entity 7 was directed to use 4 halite to move south, but only 1 halite was available
At command 9 of 9:
    7   m 5 w
    8   m 14 e
>>> 9   m 7 s


Turn 278
================================================================
warning: entity 5 was directed to use 7 halite to move north, but only 2 halite was available
At command 7 of 8:
    5   m 15 e
    6   m 1 w
>>> 7   m 5 n
    8   m 14 w


Turn 279
================================================================
warning: entity 15 was directed to use 3 halite to move south, but only 0 halite was available
At command 8 of 10:
    6   m 7 n
    7   m 9 n
>>> 8   m 15 s
    9   m 1 n
    10   m 14 s


Turn 280
================================================================
warning: entity 18 was directed to use 1 halite to move west, but only 0 halite was available
At command 5 of 9:
    3   m 12 s
    4   m 5 e
>>> 5   m 18 w
    6   m 7 w
    7   m 16 n


Turn 281
================================================================
warning: entity 7 was directed to use 2 halite to move west, but only 1 halite was available
At command 8 of 10:
    6   m 9 s
    7   m 5 w
>>> 8   m 7 w
    9   m 16 s
    10   m 14 e


Turn 282
================================================================
warning: entity 18 was directed to use 5 halite to move east, but only 3 halite was available
At command 4 of 9:
    2   m 9 w
    3   m 3 w
>>> 4   m 18 e
    5   m 15 s
    6   m 1 e


Turn 283
================================================================
warning: entity 5 was directed to use 3 halite to move north, but only 2 halite was available
At command 2 of 8:
    1   m 18 e
>>> 2   m 5 n
    3   m 7 e
    4   m 9 s


Turn 284
================================================================
warning: entity 7 was directed to use 5 halite to move north, but only 1 halite was available
At command 2 of 8:
    1   m 5 n
>>> 2   m 7 n
    3   m 14 s
    4   m 18 s


Turn 285
================================================================
warning: entity 15 was directed to use 3 halite to move east, but only 0 halite was available
At command 4 of 6:
    2   m 5 n
    3   m 9 e
>>> 4   m 15 e
    5   m 3 e
    6   m 16 w


Turn 286
================================================================
warning: entity 5 was directed to use 4 halite to move south, but only 1 halite was available
At command 6 of 8:
    4   m 16 e
    5   m 7 n
>>> 6   m 5 s
    7   m 9 n
    8   m 3 n


Turn 288
================================================================
warning: entity 15 was directed to use 6 halite to move south, but only 5 halite was available
At command 7 of 9:
    5   m 18 s
    6   m 5 s
>>> 7   m 15 s
    8   m 7 e
    9   m 16 o

warning: entity 7 was directed to use 3 halite to move east, but only 2 halite was available
At command 8 of 9:
    6   m 5 s
    7   m 15 s
>>> 8   m 7 e
    9   m 16 o


Turn 289
================================================================
warning: entity 5 was directed to use 6 halite to move west, but only 2 halite was available
At command 9 of 9:
    7   m 14 n
    8   m 18 e
>>> 9   m 5 w


Turn 293
================================================================
warning: entity 7 was directed to use 5 halite to move south, but only 3 halite was available
At command 4 of 7:
    2   m 9 w
    3   m 16 w
>>> 4   m 7 s
    5   m 15 e
    6   m 3 o

warning: entity 15 was directed to use 6 halite to move east, but only 1 halite was available
At command 5 of 7:
    3   m 16 w
    4   m 7 s
>>> 5   m 15 e
    6   m 3 o
    7   m 14 n


Turn 295
================================================================
warning: entity 9 was directed to use 1 halite to move north, but only 0 halite was available
At command 7 of 8:
    5   m 3 s
    6   m 16 s
>>> 7   m 9 n
    8   m 14 s


Turn 297
================================================================
warning: entity 15 was directed to use 7 halite to move east, but only 3 halite was available
At command 6 of 10:
    4   m 9 n
    5   m 1 e
>>> 6   m 15 e
    7   m 5 w
    8   m 14 n


Turn 298
================================================================
warning: entity 9 was directed to use 2 halite to move west, but only 0 halite was available
At command 6 of 9:
    4   m 14 w
    5   m 12 e
>>> 6   m 9 w
    7   m 1 n
    8   m 7 n

warning: entity 16 was directed to use 2 halite to move south, but only 0 halite was available
At command 9 of 9:
    7   m 1 n
    8   m 7 n
>>> 9   m 16 s


Turn 301
================================================================
warning: entity 16 was directed to use 6 halite to move south, but only 5 halite was available
At command 3 of 7:
    1   m 12 e
    2   m 9 n
>>> 3   m 16 s
    4   m 7 n
    5   m 15 o

warning: entity 7 was directed to use 1 halite to move north, but only 0 halite was available
At command 4 of 7:
    2   m 9 n
    3   m 16 s
>>> 4   m 7 n
    5   m 15 o
    6   m 3 w


Turn 302
================================================================
warning: entity 9 was directed to use 5 halite to move south, but only 4 halite was available
At command 8 of 9:
    6   m 14 n
    7   m 12 e
>>> 8   m 9 s
    9   m 3 s


Turn 307
================================================================
warning: entity 7 was directed to use 4 halite to move north, but only 2 halite was available
At command 4 of 7:
    2   m 12 s
    3   m 16 w
>>> 4   m 7 n
    5   m 9 s
    6   m 15 n

warning: entity 9 was directed to use 9 halite to move south, but only 5 halite was available
At command 5 of 7:
    3   m 16 w
    4   m 7 n
>>> 5   m 9 s
    6   m 15 n
    7   m 3 n

warning: entity 15 was directed to use 5 halite to move north, but only 4 halite was available
At command 6 of 7:
    4   m 7 n
    5   m 9 s
>>> 6   m 15 n
    7   m 3 n


Turn 308
================================================================
warning: entity 16 was directed to use 4 halite to move south, but only 2 halite was available
At command 10 of 10:
    8   m 5 w
    9   m 12 s
>>> 10   m 16 s


Turn 310
================================================================
warning: entity 7 was directed to use 3 halite to move south, but only 2 halite was available
At command 7 of 9:
    5   m 14 w
    6   m 18 n
>>> 7   m 7 s
    8   m 15 o
    9   m 12 n


Turn 313
================================================================
warning: entity 9 was directed to use 5 halite to move east, but only 4 halite was available
At command 8 of 9:
    6   m 18 w
    7   m 14 n
>>> 8   m 9 e
    9   m 12 n


Turn 315
================================================================
warning: entity 16 was directed to use 3 halite to move north, but only 2 halite was available
At command 7 of 10:
    5   m 15 n
    6   m 3 n
>>> 7   m 16 n
    8   m 7 s
    9   m 12 e

warning: entity 7 was directed to use 3 halite to move south, but only 2 halite was available
At command 8 of 10:
    6   m 3 n
    7   m 16 n
>>> 8   m 7 s
    9   m 12 e
    10   m 18 w


Turn 317
================================================================
warning: entity 15 was directed to use 6 halite to move west, but only 5 halite was available
At command 2 of 9:
    1   m 14 s
>>> 2   m 15 w
    3   m 3 s
    4   m 7 n

warning: entity 9 was directed to use 8 halite to move west, but only 7 halite was available
At command 7 of 9:
    5   m 16 e
    6   m 18 w
>>> 7   m 9 w
    8   m 1 n
    9   m 12 w


Turn 319
================================================================
warning: entity 16 was directed to use 3 halite to move north, but only 1 halite was available
At command 2 of 9:
    1   m 15 e
>>> 2   m 16 n
    3   m 9 n
    4   m 14 e


Turn 320
================================================================
warning: entity 7 was directed to use 2 halite to move east, but only 0 halite was available
At command 5 of 8:
    3   m 9 s
    4   m 14 e
>>> 5   m 7 e
    6   m 15 n
    7   m 3 w


Turn 323
================================================================
warning: entity 7 was directed to use 9 halite to move west, but only 3 halite was available
At command 3 of 8:
    1   m 15 s
    2   m 5 e
>>> 3   m 7 w
    4   m 18 s
    5   m 16 s


Turn 324
================================================================
warning: entity 16 was directed to use 2 halite to move south, but only 0 halite was available
At command 4 of 10:
    2   m 1 w
    3   m 7 s
>>> 4   m 16 s
    5   m 3 e
    6   m 5 e


Turn 326
================================================================
warning: entity 16 was directed to use 8 halite to move north, but only 5 halite was available
At command 2 of 9:
    1   m 3 n
>>> 2   m 16 n
    3   m 9 s
    4   m 1 w


Turn 329
================================================================
warning: entity 9 was directed to use 2 halite to move west, but only 1 halite was available
At command 7 of 9:
    5   m 5 n
    6   m 16 e
>>> 7   m 9 w
    8   m 12 w
    9   m 18 s


Turn 330
================================================================
warning: entity 7 was directed to use 5 halite to move south, but only 1 halite was available
At command 2 of 9:
    1   m 9 n
>>> 2   m 7 s
    3   m 14 s
    4   m 1 w


Turn 332
================================================================
warning: entity 9 was directed to use 5 halite to move west, but only 1 halite was available
At command 5 of 9:
    3   m 14 e
    4   m 7 n
>>> 5   m 9 w
    6   m 1 s
    7   m 12 s


Turn 334
================================================================
warning: entity 7 was directed to use 8 halite to move north, but only 4 halite was available
At command 9 of 10:
    7   m 15 s
    8   m 16 w
>>> 9   m 7 n
    10   m 1 e


Turn 339
================================================================
warning: entity 7 was directed to use 7 halite to move south, but only 6 halite was available
At command 3 of 8:
    1   m 16 s
    2   m 9 n
>>> 3   m 7 s
    4   m 1 n
    5   m 14 n

warning: entity 14 was directed to use 9 halite to move north, but only 4 halite was available
At command 5 of 8:
    3   m 7 s
    4   m 1 n
>>> 5   m 14 n
    6   m 3 n
    7   m 12 n


Turn 340
================================================================
warning: entity 18 was directed to use 2 halite to move west, but only 0 halite was available
At command 8 of 8:
    6   m 3 n
    7   m 12 w
>>> 8   m 18 w


Turn 342
================================================================
warning: entity 9 was directed to use 3 halite to move west, but only 1 halite was available
At command 9 of 9:
    7   m 12 n
    8   m 16 w
>>> 9   m 9 w


Turn 343
================================================================
warning: entity 7 was directed to use 8 halite to move west, but only 3 halite was available
At command 9 of 9:
    7   m 18 s
    8   m 3 s
>>> 9   m 7 w


Turn 345
================================================================
warning: entity 16 was directed to use 2 halite to move west, but only 0 halite was available
At command 5 of 8:
    3   m 7 w
    4   m 9 s
>>> 5   m 16 w
    6   m 5 e
    7   m 18 s


Turn 347
================================================================
warning: entity 7 was directed to use 5 halite to move west, but only 2 halite was available
At command 6 of 9:
    4   m 1 s
    5   m 18 e
>>> 6   m 7 w
    7   m 9 s
    8   m 5 s


Turn 349
================================================================
warning: entity 16 was directed to use 5 halite to move east, but only 2 halite was available
At command 4 of 9:
    2   m 5 n
    3   m 7 e
>>> 4   m 16 e
    5   m 12 s
    6   m 3 w


Turn 350
================================================================
warning: entity 18 was directed to use 2 halite to move south, but only 0 halite was available
At command 4 of 9:
    2   m 9 e
    3   m 5 w
>>> 4   m 18 s
    5   m 15 n
    6   m 3 s

warning: entity 7 was directed to use 8 halite to move east, but only 5 halite was available
At command 7 of 9:
    5   m 15 n
    6   m 3 s
>>> 7   m 7 e
    8   m 12 s
    9   m 1 e


Turn 353
================================================================
warning: entity 9 was directed to use 2 halite to move west, but only 0 halite was available
At command 8 of 10:
    6   m 18 e
    7   m 7 e
>>> 8   m 9 w
    9   m 12 s
    10   m 1 n


Turn 355
================================================================
warning: entity 7 was directed to use 8 halite to move north, but only 3 halite was available
At command 6 of 10:
    4   m 16 s
    5   m 3 s
>>> 6   m 7 n
    7   m 14 w
    8   m 15 s


Turn 356
================================================================
warning: entity 16 was directed to use 5 halite to move west, but only 2 halite was available
At command 4 of 9:
    2   m 7 s
    3   m 9 n
>>> 4   m 16 w
    5   m 3 s
    6   m 14 w


Turn 359
================================================================
warning: entity 7 was directed to use 9 halite to move west, but only 5 halite was available
At command 4 of 10:
    2   m 5 s
    3   m 16 w
>>> 4   m 7 w
    5   m 12 w
    6   m 18 s


Turn 360
================================================================
warning: entity 18 was directed to use 1 halite to move east, but only 0 halite was available
At command 8 of 10:
    6   m 16 n
    7   m 9 e
>>> 8   m 18 e
    9   m 3 s
    10   m 15 n


Turn 361
================================================================
warning: entity 9 was directed to use 3 halite to move south, but only 2 halite was available
At command 8 of 10:
    6   m 1 w
    7   m 16 e
>>> 8   m 9 s
    9   m 3 w
    10   m 15 w


Turn 362
================================================================
warning: entity 16 was directed to use 4 halite to move east, but only 0 halite was available
At command 4 of 10:
    2   m 3 w
    3   m 12 n
>>> 4   m 16 e
    5   m 18 s
    6   m 14 w


Turn 364
================================================================
warning: entity 7 was directed to use 8 halite to move west, but only 0 halite was available
At command 7 of 9:
    5   m 9 s
    6   m 14 w
>>> 7   m 7 w
    8   m 5 s
    9   m 15 s


Turn 365
================================================================
warning: entity 16 was directed to use 7 halite to move north, but only 4 halite was available
At command 4 of 10:
    2   m 1 w
    3   m 18 s
>>> 4   m 16 n
    5   m 9 n
    6   m 3 e


Turn 371
================================================================
warning: entity 16 was directed to use 6 halite to move south, but only 3 halite was available
At command 4 of 9:
    2   m 18 o
    3   m 9 e
>>> 4   m 16 s
    5   m 14 w
    6   m 12 e


Turn 374
================================================================
warning: entity 9 was directed to use 5 halite to move south, but only 4 halite was available
At command 4 of 9:
    2   m 12 o
    3   m 16 s
>>> 4   m 9 s
    5   m 18 s
    6   m 3 w


Turn 376
================================================================
warning: entity 16 was directed to use 7 halite to move east, but only 1 halite was available
At command 6 of 8:
    4   m 18 o
    5   m 9 e
>>> 6   m 16 e
    7   m 3 n
    8   m 1 e


Turn 379
================================================================
warning: entity 5 was directed to use 1 halite to move west, but only 0 halite was available
At command 7 of 9:
    5   m 15 w
    6   m 16 e
>>> 7   m 5 w
    8   m 1 n
    9   m 3 s


Turn 380
================================================================
warning: entity 16 was directed to use 6 halite to move east, but only 1 halite was available
At command 10 of 10:
    8   m 12 e
    9   m 15 e
>>> 10   m 16 e


Turn 383
================================================================
warning: entity 16 was directed to use 8 halite to move north, but only 5 halite was available
At command 5 of 10:
    3   m 9 e
    4   m 18 e
>>> 5   m 16 n
    6   m 7 s
    7   m 1 e


Turn 386
================================================================
warning: entity 18 was directed to use 4 halite to move north, but only 0 halite was available
At command 8 of 9:
    6   m 12 e
    7   m 14 w
>>> 8   m 18 n
    9   m 1 w


Turn 387
================================================================
warning: entity 14 was directed to use 1 halite to move west, but only 0 halite was available
At command 6 of 9:
    4   m 15 s
    5   m 3 s
>>> 6   m 14 w
    7   m 5 e
    8   m 12 w


Turn 390
================================================================
warning: entity 18 was directed to use 5 halite to move west, but only 2 halite was available
At command 3 of 10:
    1   m 3 n
    2   m 16 n
>>> 3   m 18 w
    4   m 15 s
    5   m 14 n


Turn 391
================================================================
warning: entity 14 was directed to use 7 halite to move east, but only 3 halite was available
At command 2 of 9:
    1   m 18 w
>>> 2   m 14 e
    3   m 7 s
    4   m 3 s


Turn 393
================================================================
warning: entity 5 was directed to use 2 halite to move south, but only 0 halite was available
At command 2 of 9:
    1   m 3 e
>>> 2   m 5 s
    3   m 7 e
    4   m 12 w


Turn 396
================================================================
warning: entity 18 was directed to use 2 halite to move south, but only 1 halite was available
At command 8 of 9:
    6   m 14 w
    7   m 12 e
>>> 8   m 18 s
    9   m 1 e


Turn 397
================================================================
warning: entity 14 was directed to use 6 halite to move east, but only 0 halite was available
At command 3 of 9:
    1   m 18 n
    2   m 5 w
>>> 3   m 14 e
    4   m 9 e
    5   m 7 e


Turn 399
================================================================
warning: entity 5 was directed to use 5 halite to move south, but only 2 halite was available
At command 8 of 10:
    6   m 12 e
    7   m 18 w
>>> 8   m 5 s
    9   m 9 s
    10   m 7 s


Turn 400
================================================================
warning: entity 18 was directed to use 6 halite to move east, but only 1 halite was available
At command 2 of 10:
    1   m 5 e
>>> 2   m 18 e
    3   m 3 n
    4   m 1 w

warning: entity 14 was directed to use 7 halite to move south, but only 3 halite was available
At command 7 of 10:
    5   m 15 s
    6   m 16 w
>>> 7   m 14 s
    8   m 12 w
    9   m 9 n

