
Turn 3
================================================================
warning: entity 0 was directed to use 5 halite to move south, but only 0 halite was available
At command 1 of 2:
>>> 1   m 0 s
    2   g


Turn 10
================================================================
warning: entity 6 was directed to use 2 halite to move south, but only 0 halite was available
At command 4 of 4:
    2   m 4 w
    3   m 2 w
>>> 4   m 6 s


Turn 14
================================================================
warning: entity 4 was directed to use 1 halite to move west, but only 0 halite was available
At command 2 of 2:
    1   m 2 w
>>> 2   m 4 w


Turn 17
================================================================
warning: entity 9 was directed to use 1 halite to move east, but only 0 halite was available
At command 4 of 4:
    2   m 6 e
    3   m 4 w
>>> 4   m 9 e


Turn 37
================================================================
warning: entity 4 was directed to use 8 halite to move east, but only 0 halite was available
At command 2 of 2:
    1   m 2 w
>>> 2   m 4 e


Turn 44
================================================================
warning: entity 4 was directed to use 7 halite to move west, but only 3 halite was available
At command 4 of 4:
    2   m 2 n
    3   m 0 w
>>> 4   m 4 w


Turn 50
================================================================
warning: entity 6 was directed to use 1 halite to move north, but only 0 halite was available
At command 3 of 5:
    1   m 9 e
    2   m 0 o
>>> 3   m 6 n
    4   m 4 w
    5   m 2 w


Turn 56
================================================================
warning: entity 9 was directed to use 3 halite to move south, but only 0 halite was available
At command 4 of 5:
    2   m 0 w
    3   m 4 w
>>> 4   m 9 s
    5   g


Turn 57
================================================================
warning: entity 6 was directed to use 7 halite to move west, but only 4 halite was available
At command 2 of 5:
    1   m 9 s
>>> 2   m 6 w
    3   m 0 w
    4   m 4 w


Turn 58
================================================================
warning: entity 9 was directed to use 8 halite to move south, but only 7 halite was available
At command 4 of 6:
    2   m 6 s
    3   m 11 w
>>> 4   m 9 s
    5   m 0 n
    6   m 4 w


Turn 61
================================================================
warning: entity 11 was directed to use 9 halite to move south, but only 5 halite was available
At command 2 of 5:
    1   m 2 w
>>> 2   m 11 s
    3   m 6 s
    4   m 9 e


Turn 64
================================================================
warning: entity 9 was directed to use 7 halite to move west, but only 0 halite was available
At command 1 of 5:
>>> 1   m 9 w
    2   m 2 w
    3   m 6 o


Turn 67
================================================================
warning: entity 9 was directed to use 8 halite to move west, but only 6 halite was available
At command 4 of 6:
    2   m 11 s
    3   m 2 w
>>> 4   m 9 w
    5   m 6 o
    6   m 0 w

warning: entity 0 was directed to use 5 halite to move west, but only 0 halite was available
At command 6 of 6:
    4   m 9 w
    5   m 6 o
>>> 6   m 0 w


Turn 72
================================================================
warning: entity 0 was directed to use 1 halite to move north, but only 0 halite was available
At command 3 of 3:
    1   m 11 e
    2   m 4 e
>>> 3   m 0 n


Turn 74
================================================================
warning: entity 0 was directed to use 6 halite to move south, but only 4 halite was available
At command 3 of 5:
    1   m 11 n
    2   m 2 n
>>> 3   m 0 s
    4   m 6 w
    5   m 4 s


Turn 82
================================================================
warning: entity 0 was directed to use 5 halite to move south, but only 0 halite was available
At command 1 of 6:
>>> 1   m 0 s
    2   m 2 e
    3   m 6 e

warning: entity 2 was directed to use 5 halite to move east, but only 2 halite was available
At command 2 of 6:
    1   m 0 s
>>> 2   m 2 e
    3   m 6 e
    4   m 12 w


Turn 83
================================================================
warning: entity 12 was directed to use 1 halite to move south, but only 0 halite was available
At command 3 of 7:
    1   m 0 e
    2   m 2 e
>>> 3   m 12 s
    4   m 4 e
    5   m 6 e


Turn 85
================================================================
warning: entity 11 was directed to use 9 halite to move south, but only 3 halite was available
At command 6 of 6:
    4   m 2 w
    5   m 0 e
>>> 6   m 11 s


Turn 86
================================================================
warning: entity 12 was directed to use 5 halite to move north, but only 1 halite was available
At command 1 of 6:
>>> 1   m 12 n
    2   m 4 o
    3   m 11 o

warning: entity 0 was directed to use 9 halite to move west, but only 2 halite was available
At command 6 of 6:
    4   m 9 n
    5   m 2 n
>>> 6   m 0 w


Turn 91
================================================================
warning: entity 12 was directed to use 4 halite to move east, but only 0 halite was available
At command 2 of 5:
    1   m 6 e
>>> 2   m 12 e
    3   m 4 w
    4   m 2 e

warning: entity 2 was directed to use 8 halite to move east, but only 7 halite was available
At command 4 of 5:
    2   m 12 e
    3   m 4 w
>>> 4   m 2 e
    5   m 9 e


Turn 95
================================================================
warning: entity 12 was directed to use 5 halite to move west, but only 2 halite was available
At command 3 of 5:
    1   m 2 n
    2   m 0 n
>>> 3   m 12 w
    4   m 4 e
    5   m 6 s


Turn 98
================================================================
warning: entity 12 was directed to use 9 halite to move west, but only 8 halite was available
At command 3 of 4:
    1   m 0 n
    2   m 11 w
>>> 3   m 12 w
    4   m 2 s


Turn 100
================================================================
warning: entity 2 was directed to use 7 halite to move south, but only 0 halite was available
At command 4 of 5:
    2   m 12 s
    3   m 11 w
>>> 4   m 2 s
    5   m 0 e


Turn 103
================================================================
warning: entity 12 was directed to use 9 halite to move west, but only 7 halite was available
At command 3 of 6:
    1   m 9 n
    2   m 6 w
>>> 3   m 12 w
    4   m 4 w
    5   m 2 n


Turn 107
================================================================
warning: entity 2 was directed to use 5 halite to move east, but only 0 halite was available
At command 4 of 7:
    2   m 9 w
    3   m 11 e
>>> 4   m 2 e
    5   m 12 e
    6   m 4 w


Turn 108
================================================================
warning: entity 12 was directed to use 8 halite to move north, but only 5 halite was available
At command 3 of 7:
    1   m 2 w
    2   m 4 w
>>> 3   m 12 n
    4   m 6 n
    5   m 11 n


Turn 113
================================================================
warning: entity 12 was directed to use 4 halite to move north, but only 3 halite was available
At command 3 of 7:
    1   m 11 n
    2   m 0 w
>>> 3   m 12 n
    4   m 4 n
    5   m 2 s

warning: entity 2 was directed to use 8 halite to move south, but only 0 halite was available
At command 5 of 7:
    3   m 12 n
    4   m 4 n
>>> 5   m 2 s
    6   m 9 n
    7   m 6 e


Turn 115
================================================================
warning: entity 6 was directed to use 4 halite to move north, but only 0 halite was available
At command 3 of 6:
    1   m 12 w
    2   m 4 s
>>> 3   m 6 n
    4   m 0 s
    5   m 2 w


Turn 117
================================================================
warning: entity 12 was directed to use 4 halite to move east, but only 3 halite was available
At command 4 of 6:
    2   m 6 n
    3   m 9 w
>>> 4   m 12 e
    5   m 4 n
    6   m 2 w

warning: entity 2 was directed to use 6 halite to move west, but only 2 halite was available
At command 6 of 6:
    4   m 12 e
    5   m 4 n
>>> 6   m 2 w


Turn 122
================================================================
warning: entity 2 was directed to use 4 halite to move north, but only 2 halite was available
At command 4 of 7:
    2   m 0 w
    3   m 11 s
>>> 4   m 2 n
    5   m 12 o
    6   m 4 e


Turn 124
================================================================
warning: entity 11 was directed to use 2 halite to move west, but only 0 halite was available
At command 5 of 8:
    3   m 0 s
    4   m 2 n
>>> 5   m 11 w
    6   m 6 s
    7   m 9 s


Turn 125
================================================================
warning: entity 12 was directed to use 4 halite to move east, but only 3 halite was available
At command 2 of 7:
    1   m 11 o
>>> 2   m 12 e
    3   m 4 w
    4   m 2 n

warning: entity 2 was directed to use 8 halite to move north, but only 6 halite was available
At command 4 of 7:
    2   m 12 e
    3   m 4 w
>>> 4   m 2 n
    5   m 0 e
    6   m 14 o


Turn 131
================================================================
warning: entity 2 was directed to use 6 halite to move north, but only 3 halite was available
At command 7 of 7:
    5   m 6 s
    6   m 0 o
>>> 7   m 2 n


Turn 137
================================================================
warning: entity 2 was directed to use 3 halite to move south, but only 2 halite was available
At command 6 of 7:
    4   m 14 o
    5   m 11 n
>>> 6   m 2 s
    7   m 0 w


Turn 142
================================================================
warning: entity 14 was directed to use 3 halite to move west, but only 2 halite was available
At command 3 of 7:
    1   m 2 s
    2   m 9 w
>>> 3   m 14 w
    4   m 11 e
    5   m 12 s


Turn 143
================================================================
warning: entity 12 was directed to use 4 halite to move north, but only 0 halite was available
At command 4 of 7:
    2   m 2 s
    3   m 4 n
>>> 4   m 12 n
    5   m 9 w
    6   m 11 w


Turn 146
================================================================
warning: entity 12 was directed to use 5 halite to move west, but only 3 halite was available
At command 4 of 7:
    2   m 6 w
    3   m 0 n
>>> 4   m 12 w
    5   m 4 o
    6   m 2 e


Turn 147
================================================================
warning: entity 14 was directed to use 3 halite to move east, but only 1 halite was available
At command 5 of 8:
    3   m 9 w
    4   m 6 w
>>> 5   m 14 e
    6   m 2 e
    7   m 0 n


Turn 148
================================================================
warning: entity 2 was directed to use 2 halite to move west, but only 0 halite was available
At command 7 of 7:
    5   m 0 s
    6   m 11 n
>>> 7   m 2 w


Turn 151
================================================================
warning: entity 14 was directed to use 4 halite to move north, but only 1 halite was available
At command 5 of 6:
    3   m 2 w
    4   m 11 s
>>> 5   m 14 n
    6   m 0 e


Turn 154
================================================================
warning: entity 2 was directed to use 5 halite to move north, but only 2 halite was available
At command 7 of 8:
    5   m 9 n
    6   m 0 n
>>> 7   m 2 n
    8   m 11 s


Turn 155
================================================================
warning: entity 14 was directed to use 5 halite to move east, but only 1 halite was available
At command 2 of 8:
    1   m 2 n
>>> 2   m 14 e
    3   m 6 w
    4   m 11 n


Turn 158
================================================================
warning: entity 14 was directed to use 9 halite to move north, but only 4 halite was available
At command 5 of 7:
    3   m 4 n
    4   m 6 s
>>> 5   m 14 n
    6   m 9 n
    7   m 0 w


Turn 161
================================================================
warning: entity 9 was directed to use 1 halite to move north, but only 0 halite was available
At command 6 of 7:
    4   m 6 e
    5   m 14 n
>>> 6   m 9 n
    7   m 0 e


Turn 164
================================================================
warning: entity 14 was directed to use 1 halite to move south, but only 0 halite was available
At command 3 of 6:
    1   m 4 n
    2   m 6 n
>>> 3   m 14 s
    4   m 2 e
    5   m 9 e


Turn 166
================================================================
warning: entity 9 was directed to use 8 halite to move west, but only 0 halite was available
At command 6 of 7:
    4   m 4 w
    5   m 2 s
>>> 6   m 9 w
    7   m 0 n


Turn 167
================================================================
warning: entity 14 was directed to use 7 halite to move north, but only 0 halite was available
At command 1 of 7:
>>> 1   m 14 n
    2   m 9 e
    3   m 11 e


Turn 170
================================================================
warning: entity 14 was directed to use 7 halite to move east, but only 6 halite was available
At command 1 of 6:
>>> 1   m 14 e
    2   m 6 s
    3   m 9 e

warning: entity 9 was directed to use 9 halite to move east, but only 0 halite was available
At command 3 of 6:
    1   m 14 e
    2   m 6 s
>>> 3   m 9 e
    4   m 2 n
    5   m 0 s


Turn 171
================================================================
warning: entity 2 was directed to use 4 halite to move north, but only 2 halite was available
At command 6 of 6:
    4   m 4 n
    5   m 0 o
>>> 6   m 2 n


Turn 174
================================================================
warning: entity 2 was directed to use 3 halite to move east, but only 1 halite was available
At command 7 of 7:
    5   m 9 e
    6   m 0 o
>>> 7   m 2 e


Turn 175
================================================================
warning: entity 9 was directed to use 4 halite to move west, but only 3 halite was available
At command 8 of 8:
    6   m 6 n
    7   m 14 e
>>> 8   m 9 w


Turn 176
================================================================
warning: entity 2 was directed to use 9 halite to move north, but only 7 halite was available
At command 3 of 5:
    1   m 0 s
    2   m 9 n
>>> 3   m 2 n
    4   m 6 w
    5   m 14 e


Turn 178
================================================================
warning: entity 14 was directed to use 7 halite to move east, but only 6 halite was available
At command 4 of 7:
    2   m 9 n
    3   m 6 e
>>> 4   m 14 e
    5   m 11 s
    6   m 2 e


Turn 181
================================================================
warning: entity 2 was directed to use 6 halite to move south, but only 5 halite was available
At command 6 of 8:
    4   m 14 n
    5   m 6 n
>>> 6   m 2 s
    7   m 11 s
    8   m 9 s


Turn 183
================================================================
warning: entity 14 was directed to use 7 halite to move north, but only 2 halite was available
At command 5 of 6:
    3   m 4 w
    4   m 0 n
>>> 5   m 14 n
    6   m 11 s


Turn 186
================================================================
warning: entity 2 was directed to use 5 halite to move south, but only 2 halite was available
At command 4 of 8:
    2   m 12 n
    3   m 4 w
>>> 4   m 2 s
    5   m 16 s
    6   m 0 e

warning: entity 11 was directed to use 1 halite to move north, but only 0 halite was available
At command 8 of 8:
    6   m 0 e
    7   m 9 s
>>> 8   m 11 n


Turn 187
================================================================
warning: entity 14 was directed to use 8 halite to move west, but only 6 halite was available
At command 3 of 8:
    1   m 2 n
    2   m 11 n
>>> 3   m 14 w
    4   m 12 n
    5   m 16 w


Turn 188
================================================================
warning: entity 11 was directed to use 8 halite to move east, but only 4 halite was available
At command 4 of 9:
    2   m 14 s
    3   m 2 s
>>> 4   m 11 e
    5   m 0 s
    6   m 12 n

warning: entity 16 was directed to use 2 halite to move south, but only 0 halite was available
At command 8 of 9:
    6   m 12 n
    7   m 4 s
>>> 8   m 16 s
    9   m 9 n


Turn 190
================================================================
warning: entity 9 was directed to use 4 halite to move north, but only 0 halite was available
At command 4 of 9:
    2   m 16 w
    3   m 4 w
>>> 4   m 9 n
    5   m 6 n
    6   m 0 w


Turn 192
================================================================
warning: entity 2 was directed to use 6 halite to move east, but only 0 halite was available
At command 4 of 9:
    2   m 9 n
    3   m 11 n
>>> 4   m 2 e
    5   m 16 o
    6   m 4 o

warning: entity 12 was directed to use 6 halite to move east, but only 0 halite was available
At command 9 of 9:
    7   m 6 s
    8   m 0 e
>>> 9   m 12 e


Turn 194
================================================================
warning: entity 9 was directed to use 6 halite to move east, but only 4 halite was available
At command 7 of 8:
    5   m 4 n
    6   m 6 e
>>> 7   m 9 e
    8   m 11 n


Turn 195
================================================================
warning: entity 11 was directed to use 5 halite to move east, but only 0 halite was available
At command 8 of 8:
    6   m 0 o
    7   m 6 n
>>> 8   m 11 e


Turn 197
================================================================
warning: entity 16 was directed to use 2 halite to move south, but only 1 halite was available
At command 8 of 9:
    6   m 11 w
    7   m 9 e
>>> 8   m 16 s
    9   m 6 n


Turn 199
================================================================
warning: entity 11 was directed to use 9 halite to move west, but only 0 halite was available
At command 2 of 8:
    1   m 16 e
>>> 2   m 11 w
    3   m 2 n
    4   m 14 e


Turn 203
================================================================
warning: entity 16 was directed to use 3 halite to move north, but only 1 halite was available
At command 1 of 8:
>>> 1   m 16 n
    2   m 9 w
    3   m 4 o

warning: entity 9 was directed to use 2 halite to move west, but only 0 halite was available
At command 2 of 8:
    1   m 16 n
>>> 2   m 9 w
    3   m 4 o
    4   m 11 s

warning: entity 11 was directed to use 8 halite to move south, but only 3 halite was available
At command 4 of 8:
    2   m 9 w
    3   m 4 o
>>> 4   m 11 s
    5   m 2 w
    6   m 14 w


Turn 207
================================================================
warning: entity 9 was directed to use 3 halite to move north, but only 1 halite was available
At command 3 of 8:
    1   m 11 s
    2   m 12 e
>>> 3   m 9 n
    4   m 16 n
    5   m 2 e


Turn 211
================================================================
warning: entity 9 was directed to use 9 halite to move west, but only 3 halite was available
At command 3 of 8:
    1   m 12 e
    2   m 16 n
>>> 3   m 9 w
    4   m 14 e
    5   m 0 n

warning: entity 14 was directed to use 4 halite to move east, but only 2 halite was available
At command 4 of 8:
    2   m 16 n
    3   m 9 w
>>> 4   m 14 e
    5   m 0 n
    6   m 2 s


Turn 213
================================================================
warning: entity 0 was directed to use 9 halite to move east, but only 1 halite was available
At command 6 of 8:
    4   m 6 s
    5   m 14 e
>>> 6   m 0 e
    7   m 4 w
    8   m 16 n


Turn 216
================================================================
warning: entity 9 was directed to use 6 halite to move east, but only 3 halite was available
At command 7 of 8:
    5   m 14 n
    6   m 6 o
>>> 7   m 9 e
    8   m 12 n


Turn 219
================================================================
warning: entity 14 was directed to use 3 halite to move west, but only 0 halite was available
At command 3 of 8:
    1   m 4 n
    2   m 12 s
>>> 3   m 14 w
    4   m 6 s
    5   m 9 n


Turn 220
================================================================
warning: entity 9 was directed to use 6 halite to move south, but only 0 halite was available
At command 7 of 8:
    5   m 0 e
    6   m 6 s
>>> 7   m 9 s
    8   m 16 w


Turn 221
================================================================
warning: entity 11 was directed to use 6 halite to move east, but only 1 halite was available
At command 5 of 9:
    3   m 14 n
    4   m 6 e
>>> 5   m 11 e
    6   m 12 w
    7   m 0 o

warning: entity 12 was directed to use 4 halite to move west, but only 1 halite was available
At command 6 of 9:
    4   m 6 e
    5   m 11 e
>>> 6   m 12 w
    7   m 0 o
    8   m 16 o


Turn 222
================================================================
warning: entity 14 was directed to use 4 halite to move north, but only 0 halite was available
At command 7 of 9:
    5   m 9 w
    6   m 4 s
>>> 7   m 14 n
    8   m 6 o
    9   m 18 w


Turn 223
================================================================
warning: entity 9 was directed to use 4 halite to move east, but only 3 halite was available
At command 8 of 9:
    6   m 12 e
    7   m 16 n
>>> 8   m 9 e
    9   m 4 s


Turn 224
================================================================
warning: entity 12 was directed to use 7 halite to move north, but only 0 halite was available
At command 3 of 9:
    1   m 9 s
    2   m 18 o
>>> 3   m 12 n
    4   m 14 s
    5   m 6 o


Turn 226
================================================================
warning: entity 14 was directed to use 6 halite to move north, but only 2 halite was available
At command 7 of 9:
    5   m 12 e
    6   m 16 e
>>> 7   m 14 n
    8   m 11 o
    9   m 4 o


Turn 228
================================================================
warning: entity 0 was directed to use 5 halite to move west, but only 4 halite was available
At command 2 of 9:
    1   m 14 w
>>> 2   m 0 w
    3   m 4 s
    4   m 11 w

warning: entity 12 was directed to use 8 halite to move north, but only 1 halite was available
At command 7 of 9:
    5   m 6 o
    6   m 9 n
>>> 7   m 12 n
    8   m 18 w
    9   m 16 n


Turn 229
================================================================
warning: entity 18 was directed to use 1 halite to move north, but only 0 halite was available
At command 8 of 9:
    6   m 4 s
    7   m 9 e
>>> 8   m 18 n
    9   m 16 w


Turn 230
================================================================
warning: entity 16 was directed to use 4 halite to move north, but only 2 halite was available
At command 5 of 9:
    3   m 6 n
    4   m 12 s
>>> 5   m 16 n
    6   m 9 n
    7   m 14 n

warning: entity 11 was directed to use 4 halite to move south, but only 3 halite was available
At command 8 of 9:
    6   m 9 n
    7   m 14 n
>>> 8   m 11 s
    9   m 4 e


Turn 231
================================================================
warning: entity 9 was directed to use 6 halite to move south, but only 3 halite was available
At command 8 of 9:
    6   m 6 n
    7   m 12 e
>>> 8   m 9 s
    9   m 4 w


Turn 232
================================================================
warning: entity 6 was directed to use 5 halite to move west, but only 4 halite was available
At command 8 of 8:
    6   m 4 n
    7   m 11 e
>>> 8   m 6 w


Turn 234
================================================================
warning: entity 11 was directed to use 4 halite to move west, but only 1 halite was available
At command 3 of 9:
    1   m 12 e
    2   m 6 n
>>> 3   m 11 w
    4   m 14 e
    5   m 16 s

warning: entity 16 was directed to use 5 halite to move south, but only 2 halite was available
At command 5 of 9:
    3   m 11 w
    4   m 14 e
>>> 5   m 16 s
    6   m 9 w
    7   m 18 w


Turn 235
================================================================
warning: entity 9 was directed to use 5 halite to move west, but only 1 halite was available
At command 6 of 9:
    4   m 6 e
    5   m 14 s
>>> 6   m 9 w
    7   m 18 n
    8   m 0 s

warning: entity 4 was directed to use 1 halite to move south, but only 0 halite was available
At command 9 of 9:
    7   m 18 n
    8   m 0 s
>>> 9   m 4 s


Turn 236
================================================================
warning: entity 0 was directed to use 7 halite to move north, but only 1 halite was available
At command 6 of 9:
    4   m 16 o
    5   m 14 s
>>> 6   m 0 n
    7   m 12 s
    8   m 6 e

warning: entity 6 was directed to use 4 halite to move east, but only 3 halite was available
At command 8 of 9:
    6   m 0 n
    7   m 12 s
>>> 8   m 6 e
    9   m 18 e


Turn 237
================================================================
warning: entity 14 was directed to use 7 halite to move east, but only 3 halite was available
At command 4 of 8:
    2   m 0 n
    3   m 6 e
>>> 4   m 14 e
    5   m 9 w
    6   m 4 s

warning: entity 18 was directed to use 3 halite to move north, but only 1 halite was available
At command 8 of 8:
    6   m 4 s
    7   m 11 e
>>> 8   m 18 n


Turn 238
================================================================
warning: entity 11 was directed to use 6 halite to move east, but only 1 halite was available
At command 8 of 8:
    6   m 9 w
    7   m 4 w
>>> 8   m 11 e


Turn 240
================================================================
warning: entity 0 was directed to use 4 halite to move west, but only 3 halite was available
At command 5 of 7:
    3   m 11 o
    4   m 14 e
>>> 5   m 0 w
    6   m 9 e
    7   m 4 e

warning: entity 4 was directed to use 1 halite to move east, but only 0 halite was available
At command 7 of 7:
    5   m 0 w
    6   m 9 e
>>> 7   m 4 e


Turn 241
================================================================
warning: entity 9 was directed to use 3 halite to move east, but only 1 halite was available
At command 8 of 8:
    6   m 16 o
    7   m 14 w
>>> 8   m 9 e


Turn 244
================================================================
warning: entity 14 was directed to use 1 halite to move west, but only 0 halite was available
At command 4 of 8:
    2   m 16 s
    3   m 11 n
>>> 4   m 14 w
    5   m 9 w
    6   m 0 e

warning: entity 0 was directed to use 5 halite to move east, but only 4 halite was available
At command 6 of 8:
    4   m 14 w
    5   m 9 w
>>> 6   m 0 e
    7   m 4 s
    8   m 6 n


Turn 248
================================================================
warning: entity 14 was directed to use 4 halite to move west, but only 0 halite was available
At command 4 of 9:
    2   m 4 e
    3   m 16 w
>>> 4   m 14 w
    5   m 18 e
    6   m 0 n

warning: entity 18 was directed to use 7 halite to move east, but only 3 halite was available
At command 5 of 9:
    3   m 16 w
    4   m 14 w
>>> 5   m 18 e
    6   m 0 n
    7   m 11 w


Turn 249
================================================================
warning: entity 0 was directed to use 5 halite to move east, but only 1 halite was available
At command 4 of 9:
    2   m 18 s
    3   m 12 s
>>> 4   m 0 e
    5   m 11 n
    6   m 4 w


Turn 251
================================================================
warning: entity 14 was directed to use 8 halite to move north, but only 6 halite was available
At command 7 of 9:
    5   m 18 n
    6   m 0 e
>>> 7   m 14 n
    8   m 11 n
    9   m 6 w

warning: entity 11 was directed to use 7 halite to move north, but only 2 halite was available
At command 8 of 9:
    6   m 0 e
    7   m 14 n
>>> 8   m 11 n
    9   m 6 w


Turn 252
================================================================
warning: entity 4 was directed to use 4 halite to move east, but only 3 halite was available
At command 6 of 9:
    4   m 12 n
    5   m 9 s
>>> 6   m 4 e
    7   m 16 s
    8   m 18 s


Turn 253
================================================================
warning: entity 0 was directed to use 7 halite to move east, but only 1 halite was available
At command 3 of 8:
    1   m 4 w
    2   m 11 n
>>> 3   m 0 e
    4   m 16 w
    5   m 6 n

warning: entity 9 was directed to use 2 halite to move north, but only 1 halite was available
At command 7 of 8:
    5   m 6 n
    6   m 12 e
>>> 7   m 9 n
    8   m 18 e

warning: entity 18 was directed to use 6 halite to move east, but only 0 halite was available
At command 8 of 8:
    6   m 12 e
    7   m 9 n
>>> 8   m 18 e


Turn 256
================================================================
warning: entity 4 was directed to use 5 halite to move west, but only 1 halite was available
At command 5 of 9:
    3   m 16 n
    4   m 12 w
>>> 5   m 4 w
    6   m 0 n
    7   m 18 n

warning: entity 11 was directed to use 8 halite to move north, but only 6 halite was available
At command 9 of 9:
    7   m 18 n
    8   m 6 w
>>> 9   m 11 n


Turn 257
================================================================
warning: entity 0 was directed to use 6 halite to move north, but only 3 halite was available
At command 9 of 9:
    7   m 12 s
    8   m 18 n
>>> 9   m 0 n


Turn 258
================================================================
warning: entity 18 was directed to use 8 halite to move east, but only 0 halite was available
At command 4 of 8:
    2   m 11 n
    3   m 9 e
>>> 4   m 18 e
    5   m 14 e
    6   m 6 e


Turn 260
================================================================
warning: entity 16 was directed to use 5 halite to move north, but only 2 halite was available
At command 6 of 9:
    4   m 0 s
    5   m 11 e
>>> 6   m 16 n
    7   m 12 w
    8   m 9 n


Turn 261
================================================================
warning: entity 11 was directed to use 4 halite to move west, but only 3 halite was available
At command 8 of 9:
    6   m 6 n
    7   m 0 n
>>> 8   m 11 w
    9   m 9 n

warning: entity 9 was directed to use 3 halite to move north, but only 0 halite was available
At command 9 of 9:
    7   m 0 n
    8   m 11 w
>>> 9   m 9 n


Turn 262
================================================================
warning: entity 0 was directed to use 4 halite to move west, but only 0 halite was available
At command 4 of 8:
    2   m 9 s
    3   m 16 e
>>> 4   m 0 w
    5   m 14 e
    6   m 6 e

warning: entity 18 was directed to use 8 halite to move west, but only 4 halite was available
At command 7 of 8:
    5   m 14 e
    6   m 6 e
>>> 7   m 18 w
    8   m 12 s


Turn 265
================================================================
warning: entity 0 was directed to use 4 halite to move south, but only 3 halite was available
At command 1 of 6:
>>> 1   m 0 s
    2   m 16 s
    3   m 6 s

warning: entity 11 was directed to use 6 halite to move south, but only 3 halite was available
At command 5 of 6:
    3   m 6 s
    4   m 14 s
>>> 5   m 11 s
    6   m 9 n


Turn 267
================================================================
warning: entity 9 was directed to use 3 halite to move east, but only 2 halite was available
At command 2 of 7:
    1   m 18 n
>>> 2   m 9 e
    3   m 0 w
    4   m 4 n

warning: entity 6 was directed to use 8 halite to move east, but only 2 halite was available
At command 7 of 7:
    5   m 11 s
    6   m 16 n
>>> 7   m 6 e


Turn 269
================================================================
warning: entity 16 was directed to use 4 halite to move east, but only 0 halite was available
At command 5 of 5:
    3   m 0 e
    4   m 11 n
>>> 5   m 16 e


Turn 270
================================================================
warning: entity 0 was directed to use 4 halite to move north, but only 0 halite was available
At command 5 of 5:
    3   m 9 n
    4   m 11 s
>>> 5   m 0 n


Turn 271
================================================================
warning: entity 11 was directed to use 2 halite to move south, but only 1 halite was available
At command 6 of 6:
    4   m 14 n
    5   m 9 s
>>> 6   m 11 s


Turn 273
================================================================
warning: entity 11 was directed to use 8 halite to move south, but only 6 halite was available
At command 3 of 7:
    1   m 6 e
    2   m 4 s
>>> 3   m 11 s
    4   m 12 w
    5   m 0 n

warning: entity 16 was directed to use 6 halite to move west, but only 3 halite was available
At command 6 of 7:
    4   m 12 w
    5   m 0 n
>>> 6   m 16 w
    7   m 9 w


Turn 274
================================================================
warning: entity 0 was directed to use 5 halite to move west, but only 1 halite was available
At command 7 of 8:
    5   m 4 e
    6   m 12 e
>>> 7   m 0 w
    8   m 9 w


Turn 275
================================================================
warning: entity 9 was directed to use 3 halite to move south, but only 2 halite was available
At command 9 of 9:
    7   m 6 n
    8   m 12 n
>>> 9   m 9 s


Turn 279
================================================================
warning: entity 9 was directed to use 7 halite to move west, but only 1 halite was available
At command 4 of 8:
    2   m 18 s
    3   m 12 n
>>> 4   m 9 w
    5   m 16 s
    6   m 0 s

warning: entity 16 was directed to use 9 halite to move south, but only 3 halite was available
At command 5 of 8:
    3   m 12 n
    4   m 9 w
>>> 5   m 16 s
    6   m 0 s
    7   m 4 n

warning: entity 0 was directed to use 3 halite to move south, but only 2 halite was available
At command 6 of 8:
    4   m 9 w
    5   m 16 s
>>> 6   m 0 s
    7   m 4 n
    8   m 11 w

warning: entity 11 was directed to use 6 halite to move west, but only 3 halite was available
At command 8 of 8:
    6   m 0 s
    7   m 4 n
>>> 8   m 11 w


Turn 283
================================================================
warning: entity 11 was directed to use 7 halite to move west, but only 1 halite was available
At command 6 of 7:
    4   m 18 w
    5   m 0 e
>>> 6   m 11 w
    7   m 4 s


Turn 285
================================================================
warning: entity 0 was directed to use 3 halite to move east, but only 2 halite was available
At command 4 of 8:
    2   m 14 w
    3   m 16 e
>>> 4   m 0 e
    5   m 11 e
    6   m 12 n


Turn 286
================================================================
warning: entity 9 was directed to use 5 halite to move east, but only 0 halite was available
At command 6 of 7:
    4   m 16 w
    5   m 11 n
>>> 6   m 9 e
    7   m 18 s


Turn 287
================================================================
warning: entity 11 was directed to use 4 halite to move east, but only 1 halite was available
At command 5 of 8:
    3   m 9 s
    4   m 0 w
>>> 5   m 11 e
    6   m 18 e
    7   m 12 s


Turn 288
================================================================
warning: entity 16 was directed to use 8 halite to move west, but only 7 halite was available
At command 2 of 6:
    1   m 11 n
>>> 2   m 16 w
    3   m 12 e
    4   m 6 w


Turn 290
================================================================
warning: entity 11 was directed to use 8 halite to move north, but only 2 halite was available
At command 5 of 7:
    3   m 18 w
    4   m 16 e
>>> 5   m 11 n
    6   m 9 w
    7   m 0 s

warning: entity 0 was directed to use 3 halite to move south, but only 2 halite was available
At command 7 of 7:
    5   m 11 n
    6   m 9 w
>>> 7   m 0 s


Turn 292
================================================================
warning: entity 9 was directed to use 2 halite to move south, but only 0 halite was available
At command 3 of 9:
    1   m 18 e
    2   m 4 n
>>> 3   m 9 s
    4   m 12 w
    5   m 14 o


Turn 294
================================================================
warning: entity 11 was directed to use 9 halite to move north, but only 2 halite was available
At command 8 of 9:
    6   m 0 s
    7   m 12 n
>>> 8   m 11 n
    9   m 16 n


Turn 296
================================================================
warning: entity 9 was directed to use 1 halite to move west, but only 0 halite was available
At command 2 of 8:
    1   m 6 s
>>> 2   m 9 w
    3   m 16 s
    4   m 14 n


Turn 297
================================================================
warning: entity 16 was directed to use 2 halite to move east, but only 1 halite was available
At command 4 of 8:
    2   m 0 s
    3   m 6 s
>>> 4   m 16 e
    5   m 12 e
    6   m 14 e


Turn 299
================================================================
warning: entity 9 was directed to use 3 halite to move east, but only 1 halite was available
At command 5 of 8:
    3   m 16 w
    4   m 4 o
>>> 5   m 9 e
    6   m 6 s
    7   m 0 e


Turn 300
================================================================
warning: entity 16 was directed to use 4 halite to move north, but only 0 halite was available
At command 6 of 8:
    4   m 14 e
    5   m 12 w
>>> 6   m 16 n
    7   m 6 o
    8   m 0 w


Turn 302
================================================================
warning: entity 0 was directed to use 9 halite to move north, but only 3 halite was available
At command 3 of 8:
    1   m 6 o
    2   m 4 e
>>> 3   m 0 n
    4   m 16 e
    5   m 9 w


Turn 303
================================================================
warning: entity 16 was directed to use 3 halite to move west, but only 0 halite was available
At command 5 of 9:
    3   m 0 s
    4   m 4 e
>>> 5   m 16 w
    6   m 14 w
    7   m 9 s

warning: entity 9 was directed to use 4 halite to move south, but only 2 halite was available
At command 7 of 9:
    5   m 16 w
    6   m 14 w
>>> 7   m 9 s
    8   m 18 s
    9   m 12 s


Turn 304
================================================================
warning: entity 18 was directed to use 1 halite to move north, but only 0 halite was available
At command 8 of 8:
    6   m 14 s
    7   m 4 s
>>> 8   m 18 n


Turn 308
================================================================
warning: entity 6 was directed to use 2 halite to move east, but only 0 halite was available
At command 5 of 8:
    3   m 12 n
    4   m 16 s
>>> 5   m 6 e
    6   m 4 w
    7   m 14 e


Turn 310
================================================================
warning: entity 16 was directed to use 3 halite to move east, but only 2 halite was available
At command 5 of 7:
    3   m 6 s
    4   m 12 e
>>> 5   m 16 e
    6   m 9 s
    7   m 14 w


Turn 311
================================================================
warning: entity 6 was directed to use 3 halite to move north, but only 1 halite was available
At command 6 of 9:
    4   m 16 s
    5   m 18 o
>>> 6   m 6 n
    7   m 12 w
    8   m 9 w


Turn 314
================================================================
warning: entity 9 was directed to use 2 halite to move west, but only 0 halite was available
At command 5 of 8:
    3   m 12 w
    4   m 16 n
>>> 5   m 9 w
    6   m 18 w
    7   m 6 n

warning: entity 6 was directed to use 2 halite to move north, but only 1 halite was available
At command 7 of 8:
    5   m 9 w
    6   m 18 w
>>> 7   m 6 n
    8   m 14 s


Turn 317
================================================================
warning: entity 6 was directed to use 3 halite to move west, but only 0 halite was available
At command 5 of 7:
    3   m 11 s
    4   m 9 w
>>> 5   m 6 w
    6   m 4 s
    7   m 16 n


Turn 318
================================================================
warning: entity 9 was directed to use 6 halite to move north, but only 1 halite was available
At command 4 of 6:
    2   m 6 s
    3   m 11 n
>>> 4   m 9 n
    5   m 16 n
    6   m 4 s


Turn 320
================================================================
warning: entity 6 was directed to use 2 halite to move north, but only 1 halite was available
At command 4 of 7:
    2   m 9 s
    3   m 18 s
>>> 4   m 6 n
    5   m 11 n
    6   m 16 w


Turn 324
================================================================
warning: entity 9 was directed to use 5 halite to move east, but only 0 halite was available
At command 4 of 7:
    2   m 0 e
    3   m 16 e
>>> 4   m 9 e
    5   m 12 e
    6   m 18 e

warning: entity 18 was directed to use 9 halite to move east, but only 2 halite was available
At command 6 of 7:
    4   m 9 e
    5   m 12 e
>>> 6   m 18 e
    7   m 4 w


Turn 328
================================================================
warning: entity 9 was directed to use 4 halite to move north, but only 3 halite was available
At command 3 of 8:
    1   m 14 w
    2   m 12 e
>>> 3   m 9 n
    4   m 0 o
    5   m 16 o

warning: entity 18 was directed to use 9 halite to move north, but only 4 halite was available
At command 6 of 8:
    4   m 0 o
    5   m 16 o
>>> 6   m 18 n
    7   m 4 e
    8   m 11 s


Turn 333
================================================================
warning: entity 18 was directed to use 7 halite to move north, but only 5 halite was available
At command 6 of 7:
    4   m 14 s
    5   m 11 n
>>> 6   m 18 n
    7   m 12 o


Turn 334
================================================================
warning: entity 4 was directed to use 2 halite to move south, but only 0 halite was available
At command 3 of 7:
    1   m 18 o
    2   m 12 o
>>> 3   m 4 s
    4   m 16 s
    5   m 0 n

warning: entity 16 was directed to use 2 halite to move south, but only 1 halite was available
At command 4 of 7:
    2   m 12 o
    3   m 4 s
>>> 4   m 16 s
    5   m 0 n
    6   m 11 e


Turn 336
================================================================
warning: entity 11 was directed to use 3 halite to move east, but only 0 halite was available
At command 6 of 7:
    4   m 16 w
    5   m 0 w
>>> 6   m 11 e
    7   m 14 n


Turn 337
================================================================
warning: entity 16 was directed to use 1 halite to move south, but only 0 halite was available
At command 5 of 7:
    3   m 18 e
    4   m 4 e
>>> 5   m 16 s
    6   m 14 n
    7   m 0 n


Turn 339
================================================================
warning: entity 16 was directed to use 6 halite to move east, but only 3 halite was available
At command 1 of 7:
>>> 1   m 16 e
    2   m 0 s
    3   m 11 s

warning: entity 0 was directed to use 2 halite to move south, but only 0 halite was available
At command 2 of 7:
    1   m 16 e
>>> 2   m 0 s
    3   m 11 s
    4   m 14 w


Turn 340
================================================================
warning: entity 4 was directed to use 4 halite to move west, but only 1 halite was available
At command 7 of 7:
    5   m 14 e
    6   m 12 e
>>> 7   m 4 w


Turn 342
================================================================
warning: entity 18 was directed to use 9 halite to move north, but only 4 halite was available
At command 5 of 7:
    3   m 0 e
    4   m 12 s
>>> 5   m 18 n
    6   m 11 w
    7   m 14 n

warning: entity 11 was directed to use 4 halite to move west, but only 3 halite was available
At command 6 of 7:
    4   m 12 s
    5   m 18 n
>>> 6   m 11 w
    7   m 14 n


Turn 348
================================================================
warning: entity 11 was directed to use 7 halite to move west, but only 0 halite was available
At command 6 of 6:
    4   m 16 n
    5   m 0 e
>>> 6   m 11 w


Turn 351
================================================================
warning: entity 16 was directed to use 3 halite to move east, but only 0 halite was available
At command 5 of 7:
    3   m 0 o
    4   m 4 s
>>> 5   m 16 e
    6   m 14 n
    7   m 12 s


Turn 353
================================================================
warning: entity 4 was directed to use 7 halite to move south, but only 0 halite was available
At command 6 of 7:
    4   m 18 s
    5   m 11 w
>>> 6   m 4 s
    7   m 14 w


Turn 354
================================================================
warning: entity 11 was directed to use 6 halite to move south, but only 0 halite was available
At command 7 of 7:
    5   m 12 s
    6   m 18 n
>>> 7   m 11 s


Turn 356
================================================================
warning: entity 16 was directed to use 2 halite to move west, but only 1 halite was available
At command 5 of 7:
    3   m 0 w
    4   m 14 w
>>> 5   m 16 w
    6   m 18 e
    7   m 12 s


Turn 357
================================================================
warning: entity 4 was directed to use 3 halite to move south, but only 0 halite was available
At command 2 of 6:
    1   m 16 s
>>> 2   m 4 s
    3   m 0 s
    4   m 14 w


Turn 358
================================================================
warning: entity 0 was directed to use 2 halite to move south, but only 0 halite was available
At command 4 of 6:
    2   m 16 w
    3   m 18 s
>>> 4   m 0 s
    5   m 12 s
    6   m 14 w


Turn 360
================================================================
warning: entity 4 was directed to use 7 halite to move north, but only 4 halite was available
At command 2 of 6:
    1   m 0 s
>>> 2   m 4 n
    3   m 16 n
    4   m 18 w


Turn 366
================================================================
warning: entity 4 was directed to use 4 halite to move north, but only 0 halite was available
At command 2 of 6:
    1   m 11 e
>>> 2   m 4 n
    3   m 16 w
    4   m 14 s

warning: entity 0 was directed to use 1 halite to move west, but only 0 halite was available
At command 5 of 6:
    3   m 16 w
    4   m 14 s
>>> 5   m 0 w
    6   m 18 w


Turn 370
================================================================
warning: entity 16 was directed to use 7 halite to move east, but only 0 halite was available
At command 2 of 6:
    1   m 14 e
>>> 2   m 16 e
    3   m 12 w
    4   m 0 n

warning: entity 4 was directed to use 3 halite to move south, but only 2 halite was available
At command 5 of 6:
    3   m 12 w
    4   m 0 n
>>> 5   m 4 s
    6   m 18 e


Turn 374
================================================================
warning: entity 16 was directed to use 9 halite to move east, but only 2 halite was available
At command 4 of 7:
    2   m 14 n
    3   m 4 n
>>> 4   m 16 e
    5   m 18 n
    6   m 12 w


Turn 376
================================================================
warning: entity 4 was directed to use 3 halite to move west, but only 1 halite was available
At command 5 of 6:
    3   m 14 w
    4   m 0 e
>>> 5   m 4 w
    6   m 18 s


Turn 377
================================================================
warning: entity 18 was directed to use 6 halite to move west, but only 1 halite was available
At command 7 of 7:
    5   m 16 s
    6   m 0 n
>>> 7   m 18 w


Turn 378
================================================================
warning: entity 16 was directed to use 7 halite to move east, but only 6 halite was available
At command 5 of 6:
    3   m 4 e
    4   m 14 n
>>> 5   m 16 e
    6   m 0 w


Turn 380
================================================================
warning: entity 4 was directed to use 5 halite to move north, but only 4 halite was available
At command 5 of 5:
    3   m 12 n
    4   m 0 e
>>> 5   m 4 n


Turn 384
================================================================
warning: entity 4 was directed to use 5 halite to move east, but only 4 halite was available
At command 7 of 7:
    5   m 14 n
    6   m 0 s
>>> 7   m 4 e


Turn 386
================================================================
warning: entity 0 was directed to use 5 halite to move south, but only 0 halite was available
At command 2 of 7:
    1   m 4 e
>>> 2   m 0 s
    3   m 16 e
    4   m 14 e


Turn 389
================================================================
warning: entity 4 was directed to use 5 halite to move south, but only 1 halite was available
At command 3 of 7:
    1   m 16 e
    2   m 11 n
>>> 3   m 4 s
    4   m 0 e
    5   m 12 o


Turn 393
================================================================
warning: entity 11 was directed to use 3 halite to move south, but only 0 halite was available
At command 5 of 7:
    3   m 12 n
    4   m 4 w
>>> 5   m 11 s
    6   m 16 n
    7   m 14 s


Turn 397
================================================================
warning: entity 12 was directed to use 2 halite to move north, but only 1 halite was available
At command 2 of 6:
    1   m 4 n
>>> 2   m 12 n
    3   m 11 e
    4   m 0 w


Turn 398
================================================================
warning: entity 11 was directed to use 3 halite to move south, but only 1 halite was available
At command 4 of 6:
    2   m 16 w
    3   m 4 w
>>> 4   m 11 s
    5   m 0 w
    6   m 18 n

