
Turn 10
================================================================
warning: entity 6 was directed to use 8 halite to move east, but only 0 halite was available
At command 1 of 2:
>>> 1   m 6 e
    2   g


Turn 12
================================================================
warning: entity 8 was directed to use 9 halite to move east, but only 0 halite was available
At command 2 of 2:
    1   m 1 e
>>> 2   m 8 e


Turn 16
================================================================
warning: entity 1 was directed to use 6 halite to move west, but only 0 halite was available
At command 4 of 4:
    2   m 4 o
    3   m 3 o
>>> 4   m 1 w


Turn 21
================================================================
warning: entity 4 was directed to use 7 halite to move north, but only 0 halite was available
At command 4 of 4:
    2   m 3 e
    3   m 8 w
>>> 4   m 4 n


Turn 24
================================================================
warning: entity 6 was directed to use 5 halite to move east, but only 0 halite was available
At command 1 of 2:
>>> 1   m 6 e
    2   m 3 n


Turn 27
================================================================
warning: entity 6 was directed to use 3 halite to move north, but only 2 halite was available
At command 3 of 4:
    1   m 3 s
    2   m 11 o
>>> 3   m 6 n
    4   m 4 w


Turn 36
================================================================
warning: entity 3 was directed to use 8 halite to move south, but only 7 halite was available
At command 1 of 3:
>>> 1   m 3 s
    2   m 1 e
    3   m 4 e

warning: entity 1 was directed to use 2 halite to move east, but only 0 halite was available
At command 2 of 3:
    1   m 3 s
>>> 2   m 1 e
    3   m 4 e


Turn 38
================================================================
warning: entity 1 was directed to use 8 halite to move south, but only 5 halite was available
At command 1 of 2:
>>> 1   m 1 s
    2   m 13 n


Turn 42
================================================================
warning: entity 14 was directed to use 4 halite to move north, but only 0 halite was available
At command 2 of 6:
    1   m 3 w
>>> 2   m 14 n
    3   m 6 o
    4   m 8 e


Turn 48
================================================================
warning: entity 11 was directed to use 1 halite to move south, but only 0 halite was available
At command 5 of 5:
    3   m 1 n
    4   m 3 e
>>> 5   m 11 s


Turn 52
================================================================
warning: entity 8 was directed to use 1 halite to move west, but only 0 halite was available
At command 8 of 8:
    6   m 3 s
    7   m 11 o
>>> 8   m 8 w


Turn 54
================================================================
warning: entity 6 was directed to use 8 halite to move east, but only 0 halite was available
At command 3 of 7:
    1   m 4 n
    2   m 13 e
>>> 3   m 6 e
    4   m 8 w
    5   m 1 w


Turn 56
================================================================
warning: entity 17 was directed to use 1 halite to move east, but only 0 halite was available
At command 4 of 5:
    2   m 3 s
    3   m 13 o
>>> 4   m 17 e
    5   m 1 w


Turn 60
================================================================
warning: entity 4 was directed to use 3 halite to move north, but only 0 halite was available
At command 5 of 7:
    3   m 13 o
    4   m 11 s
>>> 5   m 4 n
    6   m 14 e
    7   m 3 n


Turn 61
================================================================
warning: entity 14 was directed to use 6 halite to move south, but only 0 halite was available
At command 8 of 9:
    6   m 3 e
    7   m 11 e
>>> 8   m 14 s
    9   g


Turn 62
================================================================
warning: entity 4 was directed to use 8 halite to move north, but only 7 halite was available
At command 5 of 8:
    3   m 11 s
    4   m 8 o
>>> 5   m 4 n
    6   m 17 e
    7   m 3 n


Turn 65
================================================================
warning: entity 18 was directed to use 7 halite to move east, but only 0 halite was available
At command 8 of 8:
    6   m 14 n
    7   m 3 s
>>> 8   m 18 e


Turn 67
================================================================
warning: entity 13 was directed to use 7 halite to move east, but only 0 halite was available
At command 6 of 8:
    4   m 3 w
    5   m 18 s
>>> 6   m 13 e
    7   m 14 o
    8   m 19 s


Turn 69
================================================================
warning: entity 19 was directed to use 2 halite to move south, but only 0 halite was available
At command 5 of 9:
    3   m 17 n
    4   m 18 o
>>> 5   m 19 s
    6   m 11 e
    7   m 13 n


Turn 71
================================================================
warning: entity 19 was directed to use 9 halite to move east, but only 5 halite was available
At command 5 of 8:
    3   m 6 w
    4   m 18 o
>>> 5   m 19 e
    6   m 4 n
    7   m 13 n


Turn 72
================================================================
warning: entity 13 was directed to use 6 halite to move north, but only 1 halite was available
At command 6 of 9:
    4   m 8 e
    5   m 1 s
>>> 6   m 13 n
    7   m 6 w
    8   m 4 w


Turn 75
================================================================
warning: entity 6 was directed to use 3 halite to move west, but only 0 halite was available
At command 7 of 7:
    5   m 18 n
    6   m 8 n
>>> 7   m 6 w


Turn 79
================================================================
warning: entity 21 was directed to use 2 halite to move south, but only 0 halite was available
At command 7 of 8:
    5   m 6 o
    6   m 4 w
>>> 7   m 21 s
    8   m 13 w


Turn 82
================================================================
warning: entity 21 was directed to use 9 halite to move south, but only 1 halite was available
At command 3 of 9:
    1   m 11 e
    2   m 1 o
>>> 3   m 21 s
    4   m 14 o
    5   m 18 s


Turn 86
================================================================
warning: entity 21 was directed to use 7 halite to move north, but only 2 halite was available
At command 8 of 11:
    6   m 8 w
    7   m 4 w
>>> 8   m 21 n
    9   m 1 o
    10   m 17 o


Turn 90
================================================================
warning: entity 14 was directed to use 6 halite to move south, but only 1 halite was available
At command 10 of 11:
    8   m 1 n
    9   m 19 s
>>> 10   m 14 s
    11   m 6 s


Turn 91
================================================================
warning: entity 6 was directed to use 6 halite to move east, but only 1 halite was available
At command 10 of 10:
    8   m 1 o
    9   m 19 o
>>> 10   m 6 e


Turn 94
================================================================
warning: entity 14 was directed to use 6 halite to move east, but only 2 halite was available
At command 8 of 9:
    6   m 4 o
    7   m 6 s
>>> 8   m 14 e
    9   m 13 o


Turn 95
================================================================
warning: entity 6 was directed to use 9 halite to move south, but only 3 halite was available
At command 11 of 11:
    9   m 3 o
    10   m 8 e
>>> 11   m 6 s


Turn 98
================================================================
warning: entity 8 was directed to use 3 halite to move east, but only 0 halite was available
At command 7 of 10:
    5   m 17 s
    6   m 18 n
>>> 7   m 8 e
    8   m 3 o
    9   m 6 s


Turn 101
================================================================
warning: entity 24 was directed to use 2 halite to move south, but only 0 halite was available
At command 13 of 13:
    11   m 6 e
    12   m 1 n
>>> 13   m 24 s


Turn 103
================================================================
warning: entity 8 was directed to use 2 halite to move south, but only 0 halite was available
At command 9 of 12:
    7   m 18 o
    8   m 13 s
>>> 9   m 8 s
    10   m 11 n
    11   m 17 w


Turn 105
================================================================
warning: entity 17 was directed to use 8 halite to move south, but only 0 halite was available
At command 12 of 12:
    10   m 24 o
    11   m 13 n
>>> 12   m 17 s


Turn 108
================================================================
warning: entity 13 was directed to use 4 halite to move west, but only 0 halite was available
At command 9 of 12:
    7   m 21 w
    8   m 24 s
>>> 9   m 13 w
    10   m 17 s
    11   m 18 o


Turn 109
================================================================
warning: entity 14 was directed to use 9 halite to move west, but only 7 halite was available
At command 8 of 12:
    6   m 17 w
    7   m 19 n
>>> 8   m 14 w
    9   m 3 o
    10   m 8 w

warning: entity 24 was directed to use 9 halite to move north, but only 3 halite was available
At command 12 of 12:
    10   m 8 w
    11   m 21 o
>>> 12   m 24 n


Turn 110
================================================================
warning: entity 8 was directed to use 9 halite to move west, but only 7 halite was available
At command 11 of 11:
    9   m 4 s
    10   m 19 n
>>> 11   m 8 w


Turn 114
================================================================
warning: entity 24 was directed to use 7 halite to move east, but only 5 halite was available
At command 13 of 13:
    11   m 17 n
    12   m 18 s
>>> 13   m 24 e


Turn 116
================================================================
warning: entity 25 was directed to use 5 halite to move south, but only 0 halite was available
At command 10 of 11:
    8   m 6 w
    9   m 14 s
>>> 10   m 25 s
    11   m 18 o


Turn 118
================================================================
warning: entity 17 was directed to use 6 halite to move west, but only 4 halite was available
At command 10 of 12:
    8   m 25 e
    9   m 21 n
>>> 10   m 17 w
    11   m 6 w
    12   g


Turn 120
================================================================
warning: entity 21 was directed to use 4 halite to move east, but only 0 halite was available
At command 4 of 14:
    2   m 19 o
    3   m 26 o
>>> 4   m 21 e
    5   m 1 w
    6   m 13 w

warning: entity 11 was directed to use 5 halite to move west, but only 0 halite was available
At command 9 of 14:
    7   m 4 w
    8   m 17 e
>>> 9   m 11 w
    10   m 18 s
    11   m 6 w

warning: entity 25 was directed to use 5 halite to move south, but only 2 halite was available
At command 14 of 14:
    12   m 14 o
    13   m 3 w
>>> 14   m 25 s


Turn 123
================================================================
warning: entity 21 was directed to use 5 halite to move west, but only 1 halite was available
At command 9 of 13:
    7   m 4 w
    8   m 19 e
>>> 9   m 21 w
    10   m 26 s
    11   m 11 o

warning: entity 26 was directed to use 4 halite to move south, but only 0 halite was available
At command 10 of 13:
    8   m 19 e
    9   m 21 w
>>> 10   m 26 s
    11   m 11 o
    12   m 25 o


Turn 125
================================================================
warning: entity 14 was directed to use 7 halite to move west, but only 1 halite was available
At command 7 of 15:
    5   m 21 w
    6   m 13 e
>>> 7   m 14 w
    8   m 1 o
    9   m 18 s


Turn 126
================================================================
warning: entity 11 was directed to use 7 halite to move east, but only 3 halite was available
At command 11 of 15:
    9   m 18 o
    10   m 26 o
>>> 11   m 11 e
    12   m 21 n
    13   m 13 s


Turn 127
================================================================
warning: entity 21 was directed to use 7 halite to move west, but only 2 halite was available
At command 11 of 12:
    9   m 3 n
    10   m 24 w
>>> 11   m 21 w
    12   m 13 s


Turn 132
================================================================
warning: entity 19 was directed to use 4 halite to move east, but only 3 halite was available
At command 5 of 13:
    3   m 14 w
    4   m 1 e
>>> 5   m 19 e
    6   m 13 e
    7   m 24 o


Turn 134
================================================================
warning: entity 26 was directed to use 6 halite to move west, but only 1 halite was available
At command 12 of 12:
    10   m 3 n
    11   m 8 s
>>> 12   m 26 w


Turn 136
================================================================
warning: entity 14 was directed to use 7 halite to move north, but only 1 halite was available
At command 4 of 12:
    2   m 19 e
    3   m 3 n
>>> 4   m 14 n
    5   m 24 e
    6   m 26 n


Turn 137
================================================================
warning: entity 24 was directed to use 2 halite to move east, but only 0 halite was available
At command 3 of 11:
    1   m 6 n
    2   m 14 w
>>> 3   m 24 e
    4   m 3 n
    5   m 19 e


Turn 138
================================================================
warning: entity 26 was directed to use 8 halite to move south, but only 5 halite was available
At command 8 of 13:
    6   m 14 e
    7   m 3 e
>>> 8   m 26 s
    9   m 13 s
    10   m 4 o


Turn 139
================================================================
warning: entity 13 was directed to use 1 halite to move north, but only 0 halite was available
At command 8 of 13:
    6   m 28 n
    7   m 24 e
>>> 8   m 13 n
    9   m 1 s
    10   m 14 n


Turn 140
================================================================
warning: entity 28 was directed to use 3 halite to move north, but only 0 halite was available
At command 9 of 15:
    7   m 30 n
    8   m 14 e
>>> 9   m 28 n
    10   m 3 s
    11   m 8 e

warning: entity 24 was directed to use 5 halite to move west, but only 1 halite was available
At command 13 of 15:
    11   m 8 e
    12   m 18 e
>>> 13   m 24 w
    14   m 26 e
    15   m 1 n


Turn 141
================================================================
warning: entity 14 was directed to use 4 halite to move south, but only 0 halite was available
At command 8 of 14:
    6   m 24 s
    7   m 26 w
>>> 8   m 14 s
    9   m 13 s
    10   m 30 e


Turn 143
================================================================
warning: entity 26 was directed to use 6 halite to move north, but only 2 halite was available
At command 10 of 15:
    8   m 8 s
    9   m 6 o
>>> 10   m 26 n
    11   m 28 s
    12   m 24 o


Turn 144
================================================================
warning: entity 14 was directed to use 3 halite to move south, but only 1 halite was available
At command 12 of 15:
    10   m 3 e
    11   m 19 e
>>> 12   m 14 s
    13   m 8 o
    14   m 28 o


Turn 146
================================================================
warning: entity 26 was directed to use 7 halite to move south, but only 6 halite was available
At command 14 of 15:
    12   m 8 e
    13   m 28 n
>>> 14   m 26 s
    15   m 1 w


Turn 147
================================================================
warning: entity 4 was directed to use 3 halite to move west, but only 0 halite was available
At command 9 of 15:
    7   m 25 e
    8   m 6 o
>>> 9   m 4 w
    10   m 17 n
    11   m 3 n

warning: entity 14 was directed to use 9 halite to move east, but only 4 halite was available
At command 12 of 15:
    10   m 17 n
    11   m 3 n
>>> 12   m 14 e
    13   m 8 w
    14   m 28 s


Turn 150
================================================================
warning: entity 6 was directed to use 1 halite to move west, but only 0 halite was available
At command 14 of 16:
    12   m 8 e
    13   m 11 o
>>> 14   m 6 w
    15   m 4 s
    16   m 3 n

warning: entity 4 was directed to use 2 halite to move south, but only 1 halite was available
At command 15 of 16:
    13   m 11 o
    14   m 6 w
>>> 15   m 4 s
    16   m 3 n


Turn 152
================================================================
warning: entity 4 was directed to use 7 halite to move east, but only 6 halite was available
At command 5 of 17:
    3   m 11 s
    4   m 32 o
>>> 5   m 4 e
    6   m 25 n
    7   m 30 o

warning: entity 6 was directed to use 7 halite to move west, but only 3 halite was available
At command 10 of 17:
    8   m 28 w
    9   m 24 s
>>> 10   m 6 w
    11   m 19 n
    12   m 3 s


Turn 154
================================================================
warning: entity 26 was directed to use 4 halite to move east, but only 3 halite was available
At command 11 of 17:
    9   m 8 n
    10   m 3 n
>>> 11   m 26 e
    12   m 1 w
    13   m 18 o


Turn 155
================================================================
warning: entity 24 was directed to use 8 halite to move south, but only 4 halite was available
At command 9 of 16:
    7   m 8 e
    8   m 11 s
>>> 9   m 24 s
    10   m 19 s
    11   m 4 s


Turn 156
================================================================
warning: entity 6 was directed to use 6 halite to move north, but only 5 halite was available
At command 4 of 13:
    2   m 21 w
    3   m 3 e
>>> 4   m 6 n
    5   m 17 w
    6   m 13 n


Turn 157
================================================================
warning: entity 13 was directed to use 5 halite to move north, but only 4 halite was available
At command 9 of 13:
    7   m 17 n
    8   m 24 w
>>> 9   m 13 n
    10   m 28 s
    11   m 30 s

warning: entity 30 was directed to use 5 halite to move south, but only 2 halite was available
At command 11 of 13:
    9   m 13 n
    10   m 28 s
>>> 11   m 30 s
    12   m 32 o
    13   m 4 n


Turn 159
================================================================
warning: entity 4 was directed to use 9 halite to move south, but only 3 halite was available
At command 16 of 16:
    14   m 17 w
    15   m 28 o
>>> 16   m 4 s


Turn 161
================================================================
warning: entity 13 was directed to use 7 halite to move west, but only 4 halite was available
At command 13 of 16:
    11   m 25 e
    12   m 6 o
>>> 13   m 13 w
    14   m 32 n
    15   m 3 n


Turn 169
================================================================
warning: entity 21 was directed to use 1 halite to move west, but only 0 halite was available
At command 14 of 18:
    12   m 26 s
    13   m 30 o
>>> 14   m 21 w
    15   m 3 e
    16   m 18 o

warning: entity 32 was directed to use 3 halite to move north, but only 2 halite was available
At command 17 of 18:
    15   m 3 e
    16   m 18 o
>>> 17   m 32 n
    18   m 33 o


Turn 171
================================================================
warning: entity 21 was directed to use 7 halite to move south, but only 4 halite was available
At command 13 of 19:
    11   m 8 o
    12   m 1 n
>>> 13   m 21 s
    14   m 32 w
    15   m 17 w

warning: entity 4 was directed to use 7 halite to move north, but only 6 halite was available
At command 19 of 19:
    17   m 24 w
    18   m 6 w
>>> 19   m 4 n


Turn 172
================================================================
warning: entity 11 was directed to use 2 halite to move north, but only 0 halite was available
At command 13 of 19:
    11   m 18 o
    12   m 33 o
>>> 13   m 11 n
    14   m 3 e
    15   m 19 s


Turn 174
================================================================
warning: entity 6 was directed to use 3 halite to move east, but only 1 halite was available
At command 4 of 19:
    2   m 11 o
    3   m 24 s
>>> 4   m 6 e
    5   m 13 o
    6   m 18 n


Turn 175
================================================================
warning: entity 28 was directed to use 5 halite to move east, but only 0 halite was available
At command 9 of 19:
    7   m 1 e
    8   m 21 w
>>> 9   m 28 e
    10   m 19 s
    11   m 18 s


Turn 176
================================================================
warning: entity 24 was directed to use 2 halite to move south, but only 0 halite was available
At command 9 of 19:
    7   m 26 o
    8   m 33 n
>>> 9   m 24 s
    10   m 17 e
    11   m 18 s

warning: entity 32 was directed to use 3 halite to move east, but only 2 halite was available
At command 17 of 19:
    15   m 19 s
    16   m 14 n
>>> 17   m 32 e
    18   m 3 e
    19   m 4 s

warning: entity 4 was directed to use 5 halite to move south, but only 1 halite was available
At command 19 of 19:
    17   m 32 e
    18   m 3 e
>>> 19   m 4 s


Turn 178
================================================================
warning: entity 6 was directed to use 7 halite to move north, but only 2 halite was available
At command 13 of 18:
    11   m 14 o
    12   m 26 o
>>> 13   m 6 n
    14   m 4 n
    15   m 33 o


Turn 179
================================================================
warning: entity 21 was directed to use 5 halite to move east, but only 0 halite was available
At command 16 of 17:
    14   m 1 s
    15   m 18 s
>>> 16   m 21 e
    17   m 4 n

warning: entity 4 was directed to use 9 halite to move north, but only 4 halite was available
At command 17 of 17:
    15   m 18 s
    16   m 21 e
>>> 17   m 4 n


Turn 183
================================================================
warning: entity 36 was directed to use 4 halite to move east, but only 1 halite was available
At command 11 of 14:
    9   m 32 s
    10   m 6 w
>>> 11   m 36 e
    12   m 1 s
    13   m 17 s

warning: entity 4 was directed to use 9 halite to move east, but only 8 halite was available
At command 14 of 14:
    12   m 1 s
    13   m 17 s
>>> 14   m 4 e


Turn 184
================================================================
warning: entity 6 was directed to use 6 halite to move east, but only 1 halite was available
At command 16 of 16:
    14   m 8 w
    15   m 17 s
>>> 16   m 6 e


Turn 187
================================================================
warning: entity 36 was directed to use 4 halite to move east, but only 3 halite was available
At command 14 of 15:
    12   m 33 s
    13   m 32 s
>>> 14   m 36 e
    15   m 8 n


Turn 188
================================================================
warning: entity 6 was directed to use 8 halite to move west, but only 0 halite was available
At command 12 of 15:
    10   m 21 w
    11   m 18 n
>>> 12   m 6 w
    13   m 33 s
    14   m 32 n


Turn 193
================================================================
warning: entity 21 was directed to use 9 halite to move south, but only 0 halite was available
At command 19 of 19:
    17   m 26 o
    18   m 8 w
>>> 19   m 21 s


Turn 198
================================================================
warning: entity 26 was directed to use 6 halite to move south, but only 2 halite was available
At command 7 of 19:
    5   m 24 e
    6   m 25 w
>>> 7   m 26 s
    8   m 21 n
    9   m 36 n

warning: entity 17 was directed to use 5 halite to move west, but only 1 halite was available
At command 11 of 19:
    9   m 36 n
    10   m 3 e
>>> 11   m 17 w
    12   m 8 o
    13   m 33 s


Turn 202
================================================================
warning: entity 21 was directed to use 5 halite to move north, but only 3 halite was available
At command 15 of 21:
    13   m 28 w
    14   m 30 w
>>> 15   m 21 n
    16   m 6 w
    17   m 13 o


Turn 203
================================================================
warning: entity 26 was directed to use 8 halite to move south, but only 6 halite was available
At command 21 of 22:
    19   m 33 e
    20   m 39 s
>>> 21   m 26 s
    22   m 8 e


Turn 204
================================================================
warning: entity 14 was directed to use 1 halite to move west, but only 0 halite was available
At command 18 of 19:
    16   m 24 o
    17   m 3 o
>>> 18   m 14 w
    19   m 33 o


Turn 205
================================================================
warning: entity 39 was directed to use 1 halite to move south, but only 0 halite was available
At command 13 of 21:
    11   m 33 e
    12   m 30 w
>>> 13   m 39 s
    14   m 32 s
    15   m 25 n


Turn 207
================================================================
warning: entity 21 was directed to use 4 halite to move south, but only 1 halite was available
At command 7 of 18:
    5   m 24 s
    6   m 30 w
>>> 7   m 21 s
    8   m 36 e
    9   m 14 n

warning: entity 25 was directed to use 2 halite to move north, but only 1 halite was available
At command 17 of 18:
    15   m 40 w
    16   m 4 n
>>> 17   m 25 n
    18   m 26 o


Turn 208
================================================================
warning: entity 14 was directed to use 8 halite to move west, but only 4 halite was available
At command 17 of 19:
    15   m 36 n
    16   m 4 n
>>> 17   m 14 w
    18   m 3 s
    19   m 40 s


Turn 211
================================================================
warning: entity 1 was directed to use 8 halite to move north, but only 2 halite was available
At command 10 of 18:
    8   m 39 o
    9   m 32 o
>>> 10   m 1 n
    11   m 11 n
    12   m 24 s

warning: entity 25 was directed to use 4 halite to move south, but only 1 halite was available
At command 16 of 18:
    14   m 40 e
    15   m 26 s
>>> 16   m 25 s
    17   m 18 n
    18   m 3 e

warning: entity 18 was directed to use 3 halite to move north, but only 1 halite was available
At command 17 of 18:
    15   m 26 s
    16   m 25 s
>>> 17   m 18 n
    18   m 3 e


Turn 212
================================================================
warning: entity 40 was directed to use 1 halite to move south, but only 0 halite was available
At command 17 of 17:
    15   m 30 o
    16   m 11 e
>>> 17   m 40 s


Turn 215
================================================================
warning: entity 1 was directed to use 8 halite to move south, but only 3 halite was available
At command 8 of 23:
    6   m 19 e
    7   m 25 n
>>> 8   m 1 s
    9   m 30 e
    10   m 28 w


Turn 216
================================================================
warning: entity 25 was directed to use 6 halite to move east, but only 3 halite was available
At command 15 of 20:
    13   m 32 w
    14   m 4 s
>>> 15   m 25 e
    16   m 40 o
    17   m 11 n


Turn 218
================================================================
warning: entity 21 was directed to use 6 halite to move south, but only 5 halite was available
At command 12 of 22:
    10   m 33 w
    11   m 25 w
>>> 12   m 21 s
    13   m 13 o
    14   m 17 n

warning: entity 11 was directed to use 3 halite to move south, but only 0 halite was available
At command 18 of 22:
    16   m 18 e
    17   m 36 e
>>> 18   m 11 s
    19   m 1 w
    20   m 14 e


Turn 219
================================================================
warning: entity 1 was directed to use 8 halite to move west, but only 5 halite was available
At command 22 of 23:
    20   m 17 n
    21   m 18 o
>>> 22   m 1 w
    23   m 14 s


Turn 221
================================================================
warning: entity 11 was directed to use 6 halite to move east, but only 4 halite was available
At command 22 of 23:
    20   m 42 s
    21   m 21 s
>>> 22   m 11 e
    23   m 14 e


Turn 222
================================================================
warning: entity 25 was directed to use 6 halite to move south, but only 5 halite was available
At command 8 of 22:
    6   m 33 o
    7   m 11 o
>>> 8   m 25 s
    9   m 30 o
    10   m 1 e

warning: entity 44 was directed to use 2 halite to move west, but only 0 halite was available
At command 16 of 22:
    14   m 19 n
    15   m 6 e
>>> 16   m 44 w
    17   m 18 s
    18   m 42 w

warning: entity 21 was directed to use 8 halite to move north, but only 4 halite was available
At command 22 of 22:
    20   m 28 o
    21   m 4 s
>>> 22   m 21 n


Turn 225
================================================================
warning: entity 28 was directed to use 4 halite to move north, but only 1 halite was available
At command 17 of 21:
    15   m 44 s
    16   m 6 n
>>> 17   m 28 n
    18   m 18 s
    19   m 4 e


Turn 226
================================================================
warning: entity 18 was directed to use 2 halite to move north, but only 1 halite was available
At command 16 of 21:
    14   m 4 e
    15   m 32 n
>>> 16   m 18 n
    17   m 42 w
    18   m 13 n


Turn 227
================================================================
warning: entity 44 was directed to use 8 halite to move east, but only 2 halite was available
At command 16 of 23:
    14   m 19 o
    15   m 21 n
>>> 16   m 44 e
    17   m 40 n
    18   m 33 s

warning: entity 13 was directed to use 2 halite to move east, but only 0 halite was available
At command 19 of 23:
    17   m 40 n
    18   m 33 s
>>> 19   m 13 e
    20   m 4 w
    21   m 32 w

warning: entity 1 was directed to use 9 halite to move west, but only 0 halite was available
At command 23 of 23:
    21   m 32 w
    22   m 25 w
>>> 23   m 1 w


Turn 228
================================================================
warning: entity 40 was directed to use 9 halite to move north, but only 1 halite was available
At command 12 of 22:
    10   m 39 n
    11   m 6 s
>>> 12   m 40 n
    13   m 26 w
    14   m 4 n


Turn 229
================================================================
warning: entity 36 was directed to use 9 halite to move west, but only 6 halite was available
At command 18 of 19:
    16   m 30 w
    17   m 42 s
>>> 18   m 36 w
    19   m 33 w


Turn 231
================================================================
warning: entity 42 was directed to use 4 halite to move west, but only 0 halite was available
At command 6 of 20:
    4   m 18 n
    5   m 13 o
>>> 6   m 42 w
    7   m 44 s
    8   m 17 n

warning: entity 44 was directed to use 7 halite to move south, but only 4 halite was available
At command 7 of 20:
    5   m 13 o
    6   m 42 w
>>> 7   m 44 s
    8   m 17 n
    9   m 36 e

warning: entity 11 was directed to use 7 halite to move east, but only 1 halite was available
At command 18 of 20:
    16   m 28 n
    17   m 32 o
>>> 18   m 11 e
    19   m 30 w
    20   m 33 s

warning: entity 33 was directed to use 6 halite to move south, but only 3 halite was available
At command 20 of 20:
    18   m 11 e
    19   m 30 w
>>> 20   m 33 s


Turn 232
================================================================
warning: entity 40 was directed to use 7 halite to move south, but only 0 halite was available
At command 20 of 21:
    18   m 4 w
    19   m 25 o
>>> 20   m 40 s
    21   m 30 n


Turn 234
================================================================
warning: entity 18 was directed to use 7 halite to move south, but only 3 halite was available
At command 20 of 24:
    18   m 40 e
    19   m 42 n
>>> 20   m 18 s
    21   m 1 e
    22   m 44 s


Turn 235
================================================================
warning: entity 33 was directed to use 8 halite to move north, but only 4 halite was available
At command 5 of 21:
    3   m 24 e
    4   m 30 n
>>> 5   m 33 n
    6   m 39 s
    7   m 42 w

warning: entity 32 was directed to use 1 halite to move north, but only 0 halite was available
At command 15 of 21:
    13   m 8 w
    14   m 36 w
>>> 15   m 32 n
    16   m 13 e
    17   m 40 w


Turn 236
================================================================
warning: entity 8 was directed to use 1 halite to move west, but only 0 halite was available
At command 9 of 21:
    7   m 30 e
    8   m 24 e
>>> 9   m 8 w
    10   m 42 o
    11   m 44 w


Turn 238
================================================================
warning: entity 40 was directed to use 5 halite to move west, but only 3 halite was available
At command 20 of 20:
    18   m 19 n
    19   m 4 o
>>> 20   m 40 w


Turn 239
================================================================
warning: entity 18 was directed to use 8 halite to move south, but only 2 halite was available
At command 21 of 22:
    19   m 33 n
    20   m 30 o
>>> 21   m 18 s
    22   m 19 n


Turn 240
================================================================
warning: entity 19 was directed to use 3 halite to move west, but only 0 halite was available
At command 23 of 23:
    21   m 45 w
    22   m 14 s
>>> 23   m 19 w


Turn 244
================================================================
warning: entity 45 was directed to use 2 halite to move east, but only 0 halite was available
At command 14 of 22:
    12   m 11 e
    13   m 3 e
>>> 14   m 45 e
    15   m 8 n
    16   m 19 e


Turn 245
================================================================
warning: entity 40 was directed to use 8 halite to move south, but only 6 halite was available
At command 15 of 23:
    13   m 21 o
    14   m 17 e
>>> 15   m 40 s
    16   m 42 o
    17   m 18 e

warning: entity 39 was directed to use 4 halite to move west, but only 2 halite was available
At command 22 of 23:
    20   m 19 s
    21   m 33 s
>>> 22   m 39 w
    23   g


Turn 246
================================================================
warning: entity 19 was directed to use 6 halite to move east, but only 0 halite was available
At command 21 of 23:
    19   m 17 e
    20   m 18 w
>>> 21   m 19 e
    22   m 33 o
    23   m 47 o


Turn 247
================================================================
warning: entity 18 was directed to use 8 halite to move west, but only 1 halite was available
At command 15 of 23:
    13   m 26 w
    14   m 32 e
>>> 15   m 18 w
    16   m 1 w
    17   m 40 n


Turn 250
================================================================
warning: entity 1 was directed to use 2 halite to move north, but only 1 halite was available
At command 18 of 23:
    16   m 40 o
    17   m 24 n
>>> 18   m 1 n
    19   m 26 w
    20   m 3 w


Turn 251
================================================================
warning: entity 18 was directed to use 8 halite to move south, but only 0 halite was available
At command 15 of 24:
    13   m 19 n
    14   m 4 o
>>> 15   m 18 s
    16   m 45 o
    17   m 44 e


Turn 253
================================================================
warning: entity 24 was directed to use 2 halite to move north, but only 0 halite was available
At command 21 of 23:
    19   m 19 n
    20   m 36 w
>>> 21   m 24 n
    22   m 21 n
    23   m 6 o


Turn 254
================================================================
warning: entity 18 was directed to use 8 halite to move north, but only 7 halite was available
At command 16 of 24:
    14   m 11 s
    15   m 33 s
>>> 16   m 18 n
    17   m 42 n
    18   m 44 w


Turn 255
================================================================
warning: entity 39 was directed to use 4 halite to move north, but only 1 halite was available
At command 13 of 24:
    11   m 6 w
    12   m 1 s
>>> 13   m 39 n
    14   m 3 o
    15   m 17 s

warning: entity 36 was directed to use 8 halite to move west, but only 6 halite was available
At command 19 of 24:
    17   m 26 o
    18   m 21 e
>>> 19   m 36 w
    20   m 11 o
    21   m 42 o


Turn 257
================================================================
warning: entity 1 was directed to use 3 halite to move south, but only 0 halite was available
At command 9 of 24:
    7   m 6 w
    8   m 39 e
>>> 9   m 1 s
    10   m 26 n
    11   m 4 n


Turn 258
================================================================
warning: entity 39 was directed to use 8 halite to move south, but only 4 halite was available
At command 9 of 25:
    7   m 47 w
    8   m 33 s
>>> 9   m 39 s
    10   m 8 w
    11   m 44 o


Turn 260
================================================================
warning: entity 6 was directed to use 2 halite to move east, but only 1 halite was available
At command 11 of 24:
    9   m 49 o
    10   m 1 o
>>> 11   m 6 e
    12   m 33 n
    13   m 44 o

warning: entity 36 was directed to use 6 halite to move east, but only 3 halite was available
At command 23 of 24:
    21   m 18 n
    22   m 4 w
>>> 23   m 36 e
    24   m 30 w


Turn 261
================================================================
warning: entity 32 was directed to use 3 halite to move west, but only 1 halite was available
At command 20 of 25:
    18   m 26 o
    19   m 30 o
>>> 20   m 32 w
    21   m 8 o
    22   m 24 n

warning: entity 24 was directed to use 4 halite to move north, but only 0 halite was available
At command 22 of 25:
    20   m 32 w
    21   m 8 o
>>> 22   m 24 n
    23   m 21 n
    24   m 18 s

warning: entity 21 was directed to use 2 halite to move north, but only 1 halite was available
At command 23 of 25:
    21   m 8 o
    22   m 24 n
>>> 23   m 21 n
    24   m 18 s
    25   m 4 n


Turn 263
================================================================
warning: entity 21 was directed to use 8 halite to move south, but only 6 halite was available
At command 11 of 24:
    9   m 33 w
    10   m 45 s
>>> 11   m 21 s
    12   m 6 e
    13   m 40 s


Turn 264
================================================================
warning: entity 32 was directed to use 2 halite to move north, but only 1 halite was available
At command 15 of 24:
    13   m 33 e
    14   m 45 w
>>> 15   m 32 n
    16   m 6 n
    17   m 1 o

warning: entity 36 was directed to use 5 halite to move west, but only 3 halite was available
At command 21 of 24:
    19   m 28 w
    20   m 19 o
>>> 21   m 36 w
    22   m 42 e
    23   m 14 w

warning: entity 14 was directed to use 4 halite to move west, but only 0 halite was available
At command 23 of 24:
    21   m 36 w
    22   m 42 e
>>> 23   m 14 w
    24   m 13 w


Turn 265
================================================================
warning: entity 18 was directed to use 9 halite to move south, but only 5 halite was available
At command 18 of 24:
    16   m 17 o
    17   m 30 n
>>> 18   m 18 s
    19   m 33 w
    20   m 45 s

warning: entity 45 was directed to use 6 halite to move south, but only 1 halite was available
At command 20 of 24:
    18   m 18 s
    19   m 33 w
>>> 20   m 45 s
    21   m 6 o
    22   m 13 w


Turn 267
================================================================
warning: entity 14 was directed to use 7 halite to move north, but only 2 halite was available
At command 17 of 23:
    15   m 33 n
    16   m 42 n
>>> 17   m 14 n
    18   m 4 w
    19   m 24 n

warning: entity 28 was directed to use 7 halite to move south, but only 1 halite was available
At command 23 of 23:
    21   m 30 e
    22   m 21 w
>>> 23   m 28 s


Turn 268
================================================================
warning: entity 32 was directed to use 4 halite to move south, but only 3 halite was available
At command 26 of 26:
    24   m 4 s
    25   m 24 w
>>> 26   m 32 s


Turn 269
================================================================
warning: entity 21 was directed to use 6 halite to move north, but only 5 halite was available
At command 11 of 25:
    9   m 30 e
    10   m 24 o
>>> 11   m 21 n
    12   m 40 n
    13   m 6 o


Turn 274
================================================================
warning: entity 45 was directed to use 6 halite to move east, but only 2 halite was available
At command 12 of 24:
    10   m 44 s
    11   m 33 n
>>> 12   m 45 e
    13   m 18 n
    14   m 52 n

warning: entity 42 was directed to use 8 halite to move south, but only 7 halite was available
At command 19 of 24:
    17   m 32 w
    18   m 8 e
>>> 19   m 42 s
    20   m 11 n
    21   m 24 n

warning: entity 11 was directed to use 1 halite to move north, but only 0 halite was available
At command 20 of 24:
    18   m 8 e
    19   m 42 s
>>> 20   m 11 n
    21   m 24 n
    22   m 47 e


Turn 276
================================================================
warning: entity 11 was directed to use 5 halite to move east, but only 4 halite was available
At command 6 of 26:
    4   m 18 n
    5   m 39 w
>>> 6   m 11 e
    7   m 13 s
    8   m 26 e

warning: entity 26 was directed to use 6 halite to move east, but only 1 halite was available
At command 8 of 26:
    6   m 11 e
    7   m 13 s
>>> 8   m 26 e
    9   m 28 s
    10   m 45 n

warning: entity 24 was directed to use 2 halite to move north, but only 1 halite was available
At command 18 of 26:
    16   m 42 o
    17   m 52 w
>>> 18   m 24 n
    19   m 14 e
    20   m 49 o

warning: entity 47 was directed to use 2 halite to move east, but only 0 halite was available
At command 26 of 26:
    24   m 8 n
    25   m 19 o
>>> 26   m 47 e


Turn 277
================================================================
warning: entity 14 was directed to use 9 halite to move east, but only 1 halite was available
At command 25 of 27:
    23   m 6 s
    24   m 52 n
>>> 25   m 14 e
    26   m 32 s
    27   m 8 e


Turn 278
================================================================
warning: entity 32 was directed to use 8 halite to move east, but only 1 halite was available
At command 5 of 26:
    3   m 14 s
    4   m 45 e
>>> 5   m 32 e
    6   m 44 s
    7   m 4 s

warning: entity 18 was directed to use 7 halite to move south, but only 1 halite was available
At command 9 of 26:
    7   m 4 s
    8   m 42 n
>>> 9   m 18 s
    10   m 1 s
    11   m 11 w


Turn 279
================================================================
warning: entity 49 was directed to use 1 halite to move west, but only 0 halite was available
At command 25 of 28:
    23   m 26 w
    24   m 52 n
>>> 25   m 49 w
    26   m 28 w
    27   m 17 e


Turn 280
================================================================
warning: entity 17 was directed to use 5 halite to move east, but only 0 halite was available
At command 15 of 27:
    13   m 6 w
    14   m 39 w
>>> 15   m 17 e
    16   m 30 w
    17   m 52 n


Turn 281
================================================================
warning: entity 49 was directed to use 8 halite to move east, but only 4 halite was available
At command 19 of 28:
    17   m 8 w
    18   m 11 n
>>> 19   m 49 e
    20   m 54 o
    21   m 44 n

warning: entity 33 was directed to use 5 halite to move east, but only 3 halite was available
At command 26 of 28:
    24   m 52 n
    25   m 14 o
>>> 26   m 33 e
    27   m 28 n
    28   g


Turn 282
================================================================
warning: entity 52 was directed to use 1 halite to move south, but only 0 halite was available
At command 16 of 28:
    14   m 47 s
    15   m 36 w
>>> 16   m 52 s
    17   m 19 s
    18   m 24 e

warning: entity 24 was directed to use 5 halite to move east, but only 0 halite was available
At command 18 of 28:
    16   m 52 s
    17   m 19 s
>>> 18   m 24 e
    19   m 26 n
    20   m 21 n


Turn 283
================================================================
warning: entity 45 was directed to use 2 halite to move north, but only 1 halite was available
At command 23 of 25:
    21   m 21 s
    22   m 4 e
>>> 23   m 45 n
    24   m 3 s
    25   m 32 o


Turn 284
================================================================
warning: entity 3 was directed to use 3 halite to move north, but only 0 halite was available
At command 14 of 26:
    12   m 42 e
    13   m 40 s
>>> 14   m 3 n
    15   m 1 n
    16   m 24 n


Turn 285
================================================================
warning: entity 52 was directed to use 4 halite to move west, but only 1 halite was available
At command 22 of 26:
    20   m 40 e
    21   m 1 o
>>> 22   m 52 w
    23   m 21 e
    24   m 55 n


Turn 291
================================================================
warning: entity 47 was directed to use 1 halite to move west, but only 0 halite was available
At command 18 of 26:
    16   m 52 s
    17   m 45 o
>>> 18   m 47 w
    19   m 14 e
    20   m 19 n


Turn 292
================================================================
warning: entity 24 was directed to use 3 halite to move north, but only 2 halite was available
At command 26 of 26:
    24   m 19 n
    25   m 21 w
>>> 26   m 24 n


Turn 294
================================================================
warning: entity 57 was directed to use 2 halite to move west, but only 0 halite was available
At command 9 of 26:
    7   m 19 w
    8   m 32 w
>>> 9   m 57 w
    10   m 6 n
    11   m 21 s


Turn 297
================================================================
warning: entity 4 was directed to use 3 halite to move south, but only 0 halite was available
At command 10 of 28:
    8   m 45 w
    9   m 40 e
>>> 10   m 4 s
    11   m 1 e
    12   m 44 n

warning: entity 52 was directed to use 1 halite to move north, but only 0 halite was available
At command 17 of 28:
    15   m 26 s
    16   m 24 e
>>> 17   m 52 n
    18   m 47 w
    19   m 19 o


Turn 298
================================================================
warning: entity 54 was directed to use 2 halite to move west, but only 0 halite was available
At command 14 of 28:
    12   m 17 o
    13   m 8 n
>>> 14   m 54 w
    15   m 14 w
    16   m 6 e

warning: entity 24 was directed to use 7 halite to move south, but only 6 halite was available
At command 24 of 28:
    22   m 47 s
    23   m 26 w
>>> 24   m 24 s
    25   m 21 s
    26   m 28 e


Turn 299
================================================================
warning: entity 3 was directed to use 9 halite to move west, but only 6 halite was available
At command 20 of 27:
    18   m 28 e
    19   m 52 e
>>> 20   m 3 w
    21   m 33 s
    22   m 8 w


Turn 302
================================================================
warning: entity 54 was directed to use 6 halite to move north, but only 3 halite was available
At command 21 of 28:
    19   m 32 w
    20   m 42 o
>>> 21   m 54 n
    22   m 39 n
    23   m 17 n


Turn 303
================================================================
warning: entity 47 was directed to use 4 halite to move north, but only 0 halite was available
At command 17 of 25:
    15   m 13 e
    16   m 33 s
>>> 17   m 47 n
    18   m 30 o
    19   m 57 e


Turn 305
================================================================
warning: entity 11 was directed to use 3 halite to move south, but only 1 halite was available
At command 6 of 26:
    4   m 54 s
    5   m 19 e
>>> 6   m 11 s
    7   m 59 o
    8   m 18 e

warning: entity 4 was directed to use 3 halite to move south, but only 1 halite was available
At command 10 of 26:
    8   m 18 e
    9   m 42 s
>>> 10   m 4 s
    11   m 3 s
    12   m 44 w


Turn 306
================================================================
warning: entity 47 was directed to use 8 halite to move north, but only 5 halite was available
At command 15 of 27:
    13   m 3 e
    14   m 44 n
>>> 15   m 47 n
    16   m 24 n
    17   m 30 n

warning: entity 21 was directed to use 4 halite to move east, but only 2 halite was available
At command 26 of 27:
    24   m 42 s
    25   m 49 s
>>> 26   m 21 e
    27   m 39 s


Turn 307
================================================================
warning: entity 59 was directed to use 5 halite to move south, but only 4 halite was available
At command 16 of 28:
    14   m 39 n
    15   m 11 s
>>> 16   m 59 s
    17   m 18 e
    18   m 8 e


Turn 309
================================================================
warning: entity 19 was directed to use 2 halite to move east, but only 0 halite was available
At command 12 of 26:
    10   m 42 w
    11   m 32 e
>>> 12   m 19 e
    13   m 52 o
    14   m 39 o


Turn 310
================================================================
warning: entity 11 was directed to use 6 halite to move north, but only 2 halite was available
At command 24 of 27:
    22   m 1 o
    23   m 28 o
>>> 24   m 11 n
    25   m 45 n
    26   m 55 o


Turn 312
================================================================
warning: entity 52 was directed to use 6 halite to move west, but only 4 halite was available
At command 9 of 24:
    7   m 6 s
    8   m 13 s
>>> 9   m 52 w
    10   m 39 s
    11   m 49 s


Turn 313
================================================================
warning: entity 39 was directed to use 3 halite to move south, but only 1 halite was available
At command 14 of 26:
    12   m 57 w
    13   m 47 e
>>> 14   m 39 s
    15   m 49 s
    16   m 1 w

warning: entity 13 was directed to use 3 halite to move east, but only 2 halite was available
At command 18 of 26:
    16   m 1 w
    17   m 17 s
>>> 18   m 13 e
    19   m 28 o
    20   m 55 s


Turn 314
================================================================
warning: entity 11 was directed to use 9 halite to move north, but only 0 halite was available
At command 9 of 26:
    7   m 45 o
    8   m 52 w
>>> 9   m 11 n
    10   m 3 s
    11   m 6 s


Turn 315
================================================================
warning: entity 6 was directed to use 7 halite to move east, but only 0 halite was available
At command 13 of 27:
    11   m 32 s
    12   m 13 o
>>> 13   m 6 e
    14   m 40 e
    15   m 52 n


Turn 317
================================================================
warning: entity 39 was directed to use 7 halite to move north, but only 0 halite was available
At command 8 of 26:
    6   m 57 w
    7   m 4 e
>>> 8   m 39 n
    9   m 11 s
    10   m 55 n

warning: entity 19 was directed to use 1 halite to move east, but only 0 halite was available
At command 17 of 26:
    15   m 54 s
    16   m 52 n
>>> 17   m 19 e
    18   m 32 w
    19   m 42 n


Turn 318
================================================================
warning: entity 6 was directed to use 5 halite to move north, but only 4 halite was available
At command 12 of 26:
    10   m 14 w
    11   m 30 n
>>> 12   m 6 n
    13   m 49 o
    14   m 55 e


Turn 319
================================================================
warning: entity 11 was directed to use 7 halite to move south, but only 1 halite was available
At command 11 of 25:
    9   m 17 w
    10   m 4 w
>>> 11   m 11 s
    12   m 39 w
    13   m 13 e


Turn 321
================================================================
warning: entity 19 was directed to use 3 halite to move south, but only 0 halite was available
At command 10 of 26:
    8   m 13 o
    9   m 4 n
>>> 10   m 19 s
    11   m 32 n
    12   m 39 w

warning: entity 39 was directed to use 7 halite to move west, but only 5 halite was available
At command 12 of 26:
    10   m 19 s
    11   m 32 n
>>> 12   m 39 w
    13   m 6 w
    14   m 52 w

warning: entity 57 was directed to use 1 halite to move east, but only 0 halite was available
At command 25 of 26:
    23   m 54 e
    24   m 14 s
>>> 25   m 57 e
    26   m 42 s


Turn 322
================================================================
warning: entity 6 was directed to use 9 halite to move north, but only 1 halite was available
At command 21 of 26:
    19   m 59 s
    20   m 32 o
>>> 21   m 6 n
    22   m 24 e
    23   m 1 n

warning: entity 30 was directed to use 3 halite to move north, but only 2 halite was available
At command 24 of 26:
    22   m 24 e
    23   m 1 n
>>> 24   m 30 n
    25   m 54 n
    26   m 14 e


Turn 323
================================================================
warning: entity 11 was directed to use 4 halite to move north, but only 0 halite was available
At command 22 of 27:
    20   m 39 e
    21   m 45 w
>>> 22   m 11 n
    23   m 52 w
    24   m 59 w


Turn 324
================================================================
warning: entity 45 was directed to use 3 halite to move west, but only 0 halite was available
At command 7 of 27:
    5   m 11 e
    6   m 33 w
>>> 7   m 45 w
    8   m 21 s
    9   m 30 s

warning: entity 19 was directed to use 3 halite to move west, but only 0 halite was available
At command 13 of 27:
    11   m 44 o
    12   m 49 n
>>> 13   m 19 w
    14   m 32 o
    15   m 6 s


Turn 326
================================================================
warning: entity 1 was directed to use 1 halite to move north, but only 0 halite was available
At command 16 of 27:
    14   m 59 o
    15   m 11 o
>>> 16   m 1 n
    17   m 4 s
    18   m 39 s


Turn 327
================================================================
warning: entity 19 was directed to use 4 halite to move west, but only 1 halite was available
At command 21 of 27:
    19   m 45 s
    20   m 13 o
>>> 21   m 19 w
    22   m 39 w
    23   m 21 s

warning: entity 6 was directed to use 8 halite to move north, but only 0 halite was available
At command 24 of 27:
    22   m 39 w
    23   m 21 s
>>> 24   m 6 n
    25   m 42 n
    26   m 57 o


Turn 329
================================================================
warning: entity 28 was directed to use 1 halite to move east, but only 0 halite was available
At command 24 of 28:
    22   m 4 w
    23   m 3 n
>>> 24   m 28 e
    25   m 14 s
    26   m 54 o


Turn 331
================================================================
warning: entity 19 was directed to use 1 halite to move north, but only 0 halite was available
At command 24 of 29:
    22   m 28 e
    23   m 54 w
>>> 24   m 19 n
    25   m 59 n
    26   m 55 o


Turn 332
================================================================
warning: entity 1 was directed to use 3 halite to move west, but only 2 halite was available
At command 11 of 29:
    9   m 55 o
    10   m 59 s
>>> 11   m 1 w
    12   m 52 s
    13   m 6 e


Turn 334
================================================================
warning: entity 19 was directed to use 6 halite to move north, but only 1 halite was available
At command 25 of 28:
    23   m 54 s
    24   m 21 o
>>> 25   m 19 n
    26   m 14 s
    27   m 44 w


Turn 335
================================================================
warning: entity 52 was directed to use 5 halite to move south, but only 4 halite was available
At command 14 of 28:
    12   m 13 s
    13   m 45 s
>>> 14   m 52 s
    15   m 57 n
    16   m 11 n


Turn 338
================================================================
warning: entity 13 was directed to use 6 halite to move north, but only 3 halite was available
At command 15 of 29:
    13   m 6 n
    14   m 39 o
>>> 15   m 13 n
    16   m 47 o
    17   m 44 w


Turn 339
================================================================
warning: entity 57 was directed to use 2 halite to move south, but only 0 halite was available
At command 14 of 29:
    12   m 17 e
    13   m 24 s
>>> 14   m 57 s
    15   m 44 n
    16   m 45 s

warning: entity 44 was directed to use 1 halite to move north, but only 0 halite was available
At command 15 of 29:
    13   m 24 s
    14   m 57 s
>>> 15   m 44 n
    16   m 45 s
    17   m 32 s


Turn 342
================================================================
warning: entity 4 was directed to use 8 halite to move west, but only 4 halite was available
At command 28 of 28:
    26   m 28 e
    27   m 8 e
>>> 28   m 4 w


Turn 343
================================================================
warning: entity 13 was directed to use 5 halite to move east, but only 1 halite was available
At command 14 of 27:
    12   m 14 e
    13   m 6 o
>>> 14   m 13 e
    15   m 49 s
    16   m 55 o


Turn 346
================================================================
warning: entity 13 was directed to use 9 halite to move east, but only 5 halite was available
At command 20 of 26:
    18   m 47 n
    19   m 24 o
>>> 20   m 13 e
    21   m 19 n
    22   m 18 n


Turn 347
================================================================
warning: entity 57 was directed to use 6 halite to move east, but only 1 halite was available
At command 14 of 27:
    12   m 52 e
    13   m 6 n
>>> 14   m 57 e
    15   m 19 s
    16   m 14 e


Turn 349
================================================================
warning: entity 19 was directed to use 6 halite to move east, but only 3 halite was available
At command 17 of 26:
    15   m 28 o
    16   m 52 w
>>> 17   m 19 e
    18   m 14 s
    19   m 32 n

warning: entity 1 was directed to use 7 halite to move west, but only 3 halite was available
At command 23 of 26:
    21   m 47 e
    22   m 45 w
>>> 23   m 1 w
    24   m 39 o
    25   m 17 s


Turn 351
================================================================
warning: entity 13 was directed to use 8 halite to move north, but only 1 halite was available
At command 9 of 25:
    7   m 32 s
    8   m 19 s
>>> 9   m 13 n
    10   m 14 n
    11   m 3 w


Turn 352
================================================================
warning: entity 30 was directed to use 2 halite to move north, but only 0 halite was available
At command 22 of 24:
    20   m 39 e
    21   m 47 w
>>> 22   m 30 n
    23   m 52 n
    24   m 21 o


Turn 353
================================================================
warning: entity 19 was directed to use 6 halite to move east, but only 2 halite was available
At command 17 of 23:
    15   m 55 n
    16   m 18 s
>>> 17   m 19 e
    18   m 28 n
    19   m 57 w

warning: entity 28 was directed to use 6 halite to move north, but only 2 halite was available
At command 18 of 23:
    16   m 18 s
    17   m 19 e
>>> 18   m 28 n
    19   m 57 w
    20   m 11 s

warning: entity 52 was directed to use 4 halite to move north, but only 2 halite was available
At command 23 of 23:
    21   m 39 o
    22   m 47 n
>>> 23   m 52 n


Turn 354
================================================================
warning: entity 1 was directed to use 3 halite to move north, but only 2 halite was available
At command 9 of 23:
    7   m 52 w
    8   m 17 o
>>> 9   m 1 n
    10   m 49 s
    11   m 32 e

warning: entity 47 was directed to use 2 halite to move east, but only 0 halite was available
At command 23 of 23:
    21   m 55 n
    22   m 11 w
>>> 23   m 47 e


Turn 357
================================================================
warning: entity 40 was directed to use 1 halite to move east, but only 0 halite was available
At command 19 of 25:
    17   m 1 s
    18   m 47 n
>>> 19   m 40 e
    20   m 24 s
    21   m 33 e

warning: entity 55 was directed to use 1 halite to move west, but only 0 halite was available
At command 22 of 25:
    20   m 24 s
    21   m 33 e
>>> 22   m 55 w
    23   m 21 e
    24   m 39 s


Turn 358
================================================================
warning: entity 47 was directed to use 3 halite to move south, but only 1 halite was available
At command 21 of 24:
    19   m 1 s
    20   m 6 o
>>> 21   m 47 s
    22   m 24 n
    23   m 33 w


Turn 359
================================================================
warning: entity 55 was directed to use 6 halite to move north, but only 3 halite was available
At command 18 of 24:
    16   m 4 n
    17   m 40 o
>>> 18   m 55 n
    19   m 19 e
    20   m 39 w


Turn 360
================================================================
warning: entity 28 was directed to use 3 halite to move south, but only 2 halite was available
At command 18 of 23:
    16   m 13 n
    17   m 3 e
>>> 18   m 28 s
    19   m 4 e
    20   m 19 w


Turn 361
================================================================
warning: entity 49 was directed to use 6 halite to move north, but only 0 halite was available
At command 9 of 23:
    7   m 11 o
    8   m 3 e
>>> 9   m 49 n
    10   m 55 w
    11   m 19 n

warning: entity 47 was directed to use 3 halite to move east, but only 1 halite was available
At command 19 of 23:
    17   m 18 n
    18   m 30 o
>>> 19   m 47 e
    20   m 21 s
    21   m 13 n


Turn 364
================================================================
warning: entity 33 was directed to use 2 halite to move east, but only 0 halite was available
At command 11 of 24:
    9   m 49 o
    10   m 17 o
>>> 11   m 33 e
    12   m 57 w
    13   m 24 s

warning: entity 47 was directed to use 2 halite to move south, but only 1 halite was available
At command 23 of 24:
    21   m 1 w
    22   m 11 w
>>> 23   m 47 s
    24   m 28 s


Turn 365
================================================================
warning: entity 3 was directed to use 1 halite to move east, but only 0 halite was available
At command 11 of 24:
    9   m 21 o
    10   m 57 o
>>> 11   m 3 e
    12   m 13 e
    13   m 1 e

warning: entity 11 was directed to use 9 halite to move south, but only 8 halite was available
At command 24 of 24:
    22   m 42 e
    23   m 18 o
>>> 24   m 11 s


Turn 366
================================================================
warning: entity 1 was directed to use 5 halite to move west, but only 3 halite was available
At command 12 of 25:
    10   m 11 w
    11   m 28 s
>>> 12   m 1 w
    13   m 33 e
    14   m 13 n


Turn 370
================================================================
warning: entity 1 was directed to use 9 halite to move east, but only 0 halite was available
At command 15 of 25:
    13   m 6 w
    14   m 28 e
>>> 15   m 1 e
    16   m 19 o
    17   m 17 o


Turn 371
================================================================
warning: entity 33 was directed to use 8 halite to move south, but only 6 halite was available
At command 12 of 24:
    10   m 57 w
    11   m 59 o
>>> 12   m 33 s
    13   m 28 w
    14   m 30 n

warning: entity 28 was directed to use 2 halite to move west, but only 0 halite was available
At command 13 of 24:
    11   m 59 o
    12   m 33 s
>>> 13   m 28 w
    14   m 30 n
    15   m 24 s

warning: entity 30 was directed to use 1 halite to move north, but only 0 halite was available
At command 14 of 24:
    12   m 33 s
    13   m 28 w
>>> 14   m 30 n
    15   m 24 s
    16   m 32 s


Turn 373
================================================================
warning: entity 47 was directed to use 1 halite to move east, but only 0 halite was available
At command 22 of 23:
    20   m 55 s
    21   m 14 n
>>> 22   m 47 e
    23   m 4 w


Turn 377
================================================================
warning: entity 47 was directed to use 5 halite to move north, but only 1 halite was available
At command 10 of 21:
    8   m 49 n
    9   m 1 n
>>> 10   m 47 n
    11   m 30 s
    12   m 39 s


Turn 381
================================================================
warning: entity 47 was directed to use 9 halite to move west, but only 5 halite was available
At command 19 of 22:
    17   m 14 w
    18   m 40 w
>>> 19   m 47 w
    20   m 30 o
    21   m 21 s


Turn 383
================================================================
warning: entity 1 was directed to use 5 halite to move west, but only 4 halite was available
At command 19 of 23:
    17   m 28 s
    18   m 24 n
>>> 19   m 1 w
    20   m 4 n
    21   m 40 s

warning: entity 40 was directed to use 2 halite to move south, but only 0 halite was available
At command 21 of 23:
    19   m 1 w
    20   m 4 n
>>> 21   m 40 s
    22   m 14 s
    23   m 21 w


Turn 384
================================================================
warning: entity 49 was directed to use 9 halite to move north, but only 2 halite was available
At command 18 of 22:
    16   m 47 w
    17   m 18 n
>>> 18   m 49 n
    19   m 8 o
    20   m 30 o


Turn 386
================================================================
warning: entity 40 was directed to use 4 halite to move west, but only 2 halite was available
At command 19 of 23:
    17   m 18 s
    18   m 30 e
>>> 19   m 40 w
    20   m 28 e
    21   m 21 n

warning: entity 28 was directed to use 2 halite to move east, but only 0 halite was available
At command 20 of 23:
    18   m 30 e
    19   m 40 w
>>> 20   m 28 e
    21   m 21 n
    22   m 14 w


Turn 389
================================================================
warning: entity 1 was directed to use 6 halite to move west, but only 5 halite was available
At command 5 of 23:
    3   m 13 n
    4   m 6 n
>>> 5   m 1 w
    6   m 33 w
    7   m 24 w


Turn 390
================================================================
warning: entity 8 was directed to use 3 halite to move north, but only 0 halite was available
At command 22 of 24:
    20   m 11 n
    21   m 19 w
>>> 22   m 8 n
    23   m 21 w
    24   m 14 w


Turn 391
================================================================
warning: entity 24 was directed to use 2 halite to move east, but only 0 halite was available
At command 17 of 23:
    15   m 49 n
    16   m 30 s
>>> 17   m 24 e
    18   m 11 n
    19   m 3 w


Turn 393
================================================================
warning: entity 8 was directed to use 9 halite to move north, but only 5 halite was available
At command 23 of 23:
    21   m 14 n
    22   m 18 e
>>> 23   m 8 n


Turn 394
================================================================
warning: entity 14 was directed to use 9 halite to move east, but only 4 halite was available
At command 16 of 24:
    14   m 13 s
    15   m 3 s
>>> 16   m 14 e
    17   m 28 s
    18   m 1 n

warning: entity 1 was directed to use 9 halite to move north, but only 1 halite was available
At command 18 of 24:
    16   m 14 e
    17   m 28 s
>>> 18   m 1 n
    19   m 18 w
    20   m 30 w


Turn 395
================================================================
warning: entity 47 was directed to use 3 halite to move north, but only 0 halite was available
At command 12 of 24:
    10   m 24 n
    11   m 59 n
>>> 12   m 47 n
    13   m 21 s
    14   m 4 e

warning: entity 3 was directed to use 8 halite to move south, but only 6 halite was available
At command 16 of 24:
    14   m 4 e
    15   m 13 s
>>> 16   m 3 s
    17   m 40 w
    18   m 30 e


Turn 396
================================================================
warning: entity 39 was directed to use 5 halite to move west, but only 2 halite was available
At command 23 of 24:
    21   m 42 e
    22   m 30 e
>>> 23   m 39 w
    24   m 28 w


Turn 397
================================================================
warning: entity 8 was directed to use 8 halite to move south, but only 5 halite was available
At command 11 of 24:
    9   m 49 n
    10   m 19 s
>>> 11   m 8 s
    12   m 1 e
    13   m 42 n


Turn 398
================================================================
warning: entity 47 was directed to use 2 halite to move west, but only 1 halite was available
At command 11 of 23:
    9   m 13 w
    10   m 49 n
>>> 11   m 47 w
    12   m 30 n
    13   m 1 n


Turn 399
================================================================
warning: entity 1 was directed to use 7 halite to move west, but only 2 halite was available
At command 18 of 23:
    16   m 17 n
    17   m 49 s
>>> 18   m 1 w
    19   m 19 w
    20   m 21 w

