
Turn 3
================================================================
warning: entity 1 was directed to use 6 halite to move west, but only 0 halite was available
At command 1 of 2:
>>> 1   m 1 w
    2   g


Turn 7
================================================================
warning: entity 1 was directed to use 5 halite to move north, but only 3 halite was available
At command 2 of 2:
    1   m 5 s
>>> 2   m 1 n


Turn 8
================================================================
warning: entity 5 was directed to use 7 halite to move east, but only 0 halite was available
At command 2 of 3:
    1   m 1 n
>>> 2   m 5 e
    3   g


Turn 10
================================================================
warning: entity 6 was directed to use 1 halite to move west, but only 0 halite was available
At command 3 of 3:
    1   m 3 s
    2   m 5 w
>>> 3   m 6 w


Turn 12
================================================================
warning: entity 6 was directed to use 8 halite to move north, but only 3 halite was available
At command 2 of 4:
    1   m 3 n
>>> 2   m 6 n
    3   m 5 s
    4   m 8 o


Turn 16
================================================================
warning: entity 8 was directed to use 7 halite to move east, but only 0 halite was available
At command 5 of 5:
    3   m 3 s
    4   m 1 s
>>> 5   m 8 e


Turn 20
================================================================
warning: entity 8 was directed to use 5 halite to move east, but only 2 halite was available
At command 3 of 4:
    1   m 1 e
    2   m 3 e
>>> 3   m 8 e
    4   m 6 e


Turn 31
================================================================
warning: entity 8 was directed to use 3 halite to move east, but only 2 halite was available
At command 1 of 3:
>>> 1   m 8 e
    2   m 6 n
    3   m 5 s


Turn 36
================================================================
warning: entity 8 was directed to use 8 halite to move south, but only 0 halite was available
At command 2 of 5:
    1   m 6 w
>>> 2   m 8 s
    3   m 3 w
    4   m 1 n


Turn 42
================================================================
warning: entity 8 was directed to use 3 halite to move north, but only 2 halite was available
At command 4 of 4:
    2   m 6 n
    3   m 5 e
>>> 4   m 8 n


Turn 81
================================================================
warning: entity 6 was directed to use 4 halite to move east, but only 0 halite was available
At command 3 of 5:
    1   m 8 e
    2   m 3 n
>>> 3   m 6 e
    4   m 1 w
    5   m 5 s


Turn 84
================================================================
warning: entity 6 was directed to use 5 halite to move east, but only 0 halite was available
At command 4 of 5:
    2   m 5 e
    3   m 1 w
>>> 4   m 6 e
    5   m 3 w


Turn 86
================================================================
warning: entity 5 was directed to use 4 halite to move east, but only 3 halite was available
At command 4 of 5:
    2   m 6 e
    3   m 3 e
>>> 4   m 5 e
    5   m 1 s


Turn 90
================================================================
warning: entity 5 was directed to use 6 halite to move east, but only 4 halite was available
At command 1 of 6:
>>> 1   m 5 e
    2   m 6 w
    3   m 1 e

warning: entity 8 was directed to use 3 halite to move south, but only 0 halite was available
At command 4 of 6:
    2   m 6 w
    3   m 1 e
>>> 4   m 8 s
    5   m 3 s
    6   g


Turn 94
================================================================
warning: entity 12 was directed to use 3 halite to move north, but only 2 halite was available
At command 4 of 6:
    2   m 6 e
    3   m 8 n
>>> 4   m 12 n
    5   m 1 n
    6   m 3 s


Turn 96
================================================================
warning: entity 8 was directed to use 2 halite to move south, but only 0 halite was available
At command 4 of 5:
    2   m 3 e
    3   m 5 o
>>> 4   m 8 s
    5   m 1 e


Turn 99
================================================================
warning: entity 8 was directed to use 7 halite to move south, but only 3 halite was available
At command 5 of 6:
    3   m 3 n
    4   m 5 e
>>> 5   m 8 s
    6   m 12 w

warning: entity 12 was directed to use 3 halite to move west, but only 0 halite was available
At command 6 of 6:
    4   m 5 e
    5   m 8 s
>>> 6   m 12 w


Turn 102
================================================================
warning: entity 12 was directed to use 9 halite to move west, but only 4 halite was available
At command 4 of 5:
    2   m 3 e
    3   m 1 e
>>> 4   m 12 w
    5   m 8 e


Turn 108
================================================================
warning: entity 12 was directed to use 8 halite to move east, but only 3 halite was available
At command 4 of 4:
    2   m 1 n
    3   m 3 n
>>> 4   m 12 e


Turn 113
================================================================
warning: entity 8 was directed to use 7 halite to move north, but only 0 halite was available
At command 2 of 5:
    1   m 3 e
>>> 2   m 8 n
    3   m 1 e
    4   m 12 n


Turn 114
================================================================
warning: entity 12 was directed to use 2 halite to move east, but only 0 halite was available
At command 3 of 5:
    1   m 5 w
    2   m 8 e
>>> 3   m 12 e
    4   m 1 s
    5   m 6 w


Turn 116
================================================================
warning: entity 12 was directed to use 9 halite to move south, but only 5 halite was available
At command 2 of 5:
    1   m 8 o
>>> 2   m 12 s
    3   m 3 w
    4   m 1 n


Turn 136
================================================================
warning: entity 5 was directed to use 2 halite to move east, but only 1 halite was available
At command 2 of 4:
    1   m 1 n
>>> 2   m 5 e
    3   m 3 w
    4   m 6 w


Turn 141
================================================================
warning: entity 5 was directed to use 6 halite to move east, but only 0 halite was available
At command 4 of 5:
    2   m 1 w
    3   m 3 s
>>> 4   m 5 e
    5   m 12 s


Turn 149
================================================================
warning: entity 5 was directed to use 9 halite to move west, but only 2 halite was available
At command 4 of 6:
    2   m 3 e
    3   m 1 e
>>> 4   m 5 w
    5   m 12 e
    6   m 6 w

warning: entity 6 was directed to use 1 halite to move west, but only 0 halite was available
At command 6 of 6:
    4   m 5 w
    5   m 12 e
>>> 6   m 6 w


Turn 151
================================================================
warning: entity 6 was directed to use 7 halite to move south, but only 4 halite was available
At command 2 of 4:
    1   m 1 e
>>> 2   m 6 s
    3   m 12 n
    4   m 8 n


Turn 158
================================================================
warning: entity 6 was directed to use 6 halite to move east, but only 4 halite was available
At command 1 of 5:
>>> 1   m 6 e
    2   m 1 e
    3   m 3 w


Turn 162
================================================================
warning: entity 3 was directed to use 1 halite to move west, but only 0 halite was available
At command 6 of 7:
    4   m 6 e
    5   m 1 o
>>> 6   m 3 w
    7   m 15 s


Turn 163
================================================================
warning: entity 15 was directed to use 2 halite to move east, but only 0 halite was available
At command 5 of 7:
    3   m 6 s
    4   m 5 w
>>> 5   m 15 e
    6   m 8 s
    7   m 12 s


Turn 164
================================================================
warning: entity 6 was directed to use 3 halite to move west, but only 0 halite was available
At command 4 of 6:
    2   m 1 s
    3   m 3 o
>>> 4   m 6 w
    5   m 5 e
    6   m 8 s


Turn 166
================================================================
warning: entity 15 was directed to use 2 halite to move south, but only 0 halite was available
At command 4 of 5:
    2   m 6 w
    3   m 1 w
>>> 4   m 15 s
    5   m 5 n


Turn 167
================================================================
warning: entity 6 was directed to use 6 halite to move west, but only 4 halite was available
At command 4 of 6:
    2   m 15 e
    3   m 8 e
>>> 4   m 6 w
    5   m 3 e
    6   m 1 w

warning: entity 3 was directed to use 8 halite to move east, but only 5 halite was available
At command 5 of 6:
    3   m 8 e
    4   m 6 w
>>> 5   m 3 e
    6   m 1 w


Turn 171
================================================================
warning: entity 3 was directed to use 8 halite to move south, but only 7 halite was available
At command 2 of 6:
    1   m 6 s
>>> 2   m 3 s
    3   m 12 w
    4   m 15 w

warning: entity 15 was directed to use 1 halite to move west, but only 0 halite was available
At command 4 of 6:
    2   m 3 s
    3   m 12 w
>>> 4   m 15 w
    5   m 8 e
    6   m 1 s


Turn 172
================================================================
warning: entity 6 was directed to use 9 halite to move west, but only 1 halite was available
At command 3 of 6:
    1   m 3 w
    2   m 15 e
>>> 3   m 6 w
    4   m 12 s
    5   m 8 e


Turn 174
================================================================
warning: entity 15 was directed to use 6 halite to move south, but only 0 halite was available
At command 3 of 6:
    1   m 12 w
    2   m 1 e
>>> 3   m 15 s
    4   m 3 n
    5   m 6 n


Turn 175
================================================================
warning: entity 8 was directed to use 1 halite to move west, but only 0 halite was available
At command 7 of 7:
    5   m 1 s
    6   m 3 s
>>> 7   m 8 w


Turn 178
================================================================
warning: entity 8 was directed to use 5 halite to move west, but only 0 halite was available
At command 1 of 6:
>>> 1   m 8 w
    2   m 6 w
    3   m 5 e

warning: entity 6 was directed to use 5 halite to move west, but only 4 halite was available
At command 2 of 6:
    1   m 8 w
>>> 2   m 6 w
    3   m 5 e
    4   m 15 e

warning: entity 3 was directed to use 6 halite to move south, but only 0 halite was available
At command 6 of 6:
    4   m 15 e
    5   m 12 s
>>> 6   m 3 s


Turn 179
================================================================
warning: entity 15 was directed to use 4 halite to move west, but only 1 halite was available
At command 7 of 7:
    5   m 12 s
    6   m 5 e
>>> 7   m 15 w


Turn 181
================================================================
warning: entity 6 was directed to use 9 halite to move south, but only 8 halite was available
At command 3 of 7:
    1   m 3 s
    2   m 5 e
>>> 3   m 6 s
    4   m 1 s
    5   m 15 w

warning: entity 8 was directed to use 4 halite to move south, but only 1 halite was available
At command 6 of 7:
    4   m 1 s
    5   m 15 w
>>> 6   m 8 s
    7   m 12 w


Turn 183
================================================================
warning: entity 15 was directed to use 6 halite to move west, but only 1 halite was available
At command 4 of 5:
    2   m 8 n
    3   m 3 n
>>> 4   m 15 w
    5   m 12 w


Turn 184
================================================================
warning: entity 8 was directed to use 6 halite to move east, but only 5 halite was available
At command 4 of 6:
    2   m 15 n
    3   m 1 e
>>> 4   m 8 e
    5   m 3 n
    6   m 12 n


Turn 187
================================================================
warning: entity 8 was directed to use 9 halite to move south, but only 8 halite was available
At command 2 of 5:
    1   m 1 e
>>> 2   m 8 s
    3   m 6 e
    4   m 15 s

warning: entity 15 was directed to use 8 halite to move south, but only 2 halite was available
At command 4 of 5:
    2   m 8 s
    3   m 6 e
>>> 4   m 15 s
    5   m 12 w


Turn 196
================================================================
warning: entity 15 was directed to use 2 halite to move south, but only 1 halite was available
At command 4 of 4:
    2   m 1 e
    3   m 5 s
>>> 4   m 15 s


Turn 201
================================================================
warning: entity 15 was directed to use 6 halite to move north, but only 2 halite was available
At command 5 of 7:
    3   m 6 n
    4   m 5 w
>>> 5   m 15 n
    6   m 12 n
    7   m 1 s


Turn 202
================================================================
warning: entity 8 was directed to use 3 halite to move south, but only 2 halite was available
At command 3 of 6:
    1   m 15 n
    2   m 3 w
>>> 3   m 8 s
    4   m 6 e
    5   m 12 e


Turn 208
================================================================
warning: entity 8 was directed to use 8 halite to move west, but only 1 halite was available
At command 3 of 7:
    1   m 5 e
    2   m 6 s
>>> 3   m 8 w
    4   m 12 e
    5   m 3 w


Turn 218
================================================================
warning: entity 15 was directed to use 5 halite to move north, but only 2 halite was available
At command 4 of 7:
    2   m 6 e
    3   m 3 w
>>> 4   m 15 n
    5   m 12 o
    6   m 5 s


Turn 229
================================================================
warning: entity 15 was directed to use 8 halite to move south, but only 1 halite was available
At command 6 of 6:
    4   m 12 e
    5   m 3 s
>>> 6   m 15 s


Turn 233
================================================================
warning: entity 15 was directed to use 8 halite to move east, but only 1 halite was available
At command 4 of 7:
    2   m 1 s
    3   m 3 w
>>> 4   m 15 e
    5   m 8 w
    6   m 5 n


Turn 236
================================================================
warning: entity 1 was directed to use 1 halite to move south, but only 0 halite was available
At command 3 of 6:
    1   m 15 e
    2   m 8 w
>>> 3   m 1 s
    4   m 3 s
    5   m 5 n


Turn 237
================================================================
warning: entity 15 was directed to use 6 halite to move south, but only 0 halite was available
At command 2 of 6:
    1   m 1 w
>>> 2   m 15 s
    3   m 8 w
    4   m 3 w


Turn 238
================================================================
warning: entity 1 was directed to use 7 halite to move east, but only 3 halite was available
At command 4 of 6:
    2   m 5 s
    3   m 8 n
>>> 4   m 1 e
    5   m 3 w
    6   m 12 n


Turn 240
================================================================
warning: entity 15 was directed to use 8 halite to move south, but only 6 halite was available
At command 5 of 7:
    3   m 5 s
    4   m 3 e
>>> 5   m 15 s
    6   m 8 w
    7   m 12 e


Turn 244
================================================================
warning: entity 15 was directed to use 8 halite to move south, but only 7 halite was available
At command 1 of 6:
>>> 1   m 15 s
    2   m 8 w
    3   m 1 e


Turn 245
================================================================
warning: entity 1 was directed to use 4 halite to move west, but only 2 halite was available
At command 4 of 6:
    2   m 5 w
    3   m 8 s
>>> 4   m 1 w
    5   m 3 n
    6   m 12 w


Turn 249
================================================================
warning: entity 1 was directed to use 3 halite to move north, but only 1 halite was available
At command 4 of 6:
    2   m 8 n
    3   m 12 s
>>> 4   m 1 n
    5   m 15 e
    6   m 3 e


Turn 250
================================================================
warning: entity 15 was directed to use 5 halite to move north, but only 0 halite was available
At command 2 of 6:
    1   m 1 n
>>> 2   m 15 n
    3   m 8 w
    4   m 5 n


Turn 253
================================================================
warning: entity 15 was directed to use 8 halite to move south, but only 5 halite was available
At command 3 of 6:
    1   m 1 s
    2   m 8 e
>>> 3   m 15 s
    4   m 5 s
    5   m 12 n


Turn 256
================================================================
warning: entity 1 was directed to use 1 halite to move west, but only 0 halite was available
At command 4 of 6:
    2   m 8 s
    3   m 15 n
>>> 4   m 1 w
    5   m 12 s
    6   m 3 n


Turn 258
================================================================
warning: entity 1 was directed to use 4 halite to move north, but only 3 halite was available
At command 3 of 7:
    1   m 8 n
    2   m 6 n
>>> 3   m 1 n
    4   m 5 s
    5   m 15 w

warning: entity 15 was directed to use 8 halite to move west, but only 2 halite was available
At command 5 of 7:
    3   m 1 n
    4   m 5 s
>>> 5   m 15 w
    6   m 12 e
    7   m 3 n


Turn 262
================================================================
warning: entity 15 was directed to use 6 halite to move west, but only 3 halite was available
At command 4 of 6:
    2   m 8 w
    3   m 6 n
>>> 4   m 15 w
    5   m 12 s
    6   m 3 w


Turn 263
================================================================
warning: entity 8 was directed to use 9 halite to move west, but only 7 halite was available
At command 2 of 6:
    1   m 15 e
>>> 2   m 8 w
    3   m 5 e
    4   m 6 n


Turn 266
================================================================
warning: entity 15 was directed to use 6 halite to move north, but only 4 halite was available
At command 6 of 7:
    4   m 8 s
    5   m 12 s
>>> 6   m 15 n
    7   m 3 w


Turn 268
================================================================
warning: entity 8 was directed to use 7 halite to move south, but only 2 halite was available
At command 2 of 6:
    1   m 6 n
>>> 2   m 8 s
    3   m 5 s
    4   m 1 n


Turn 272
================================================================
warning: entity 8 was directed to use 8 halite to move north, but only 4 halite was available
At command 1 of 5:
>>> 1   m 8 n
    2   m 6 n
    3   m 5 s


Turn 274
================================================================
warning: entity 1 was directed to use 3 halite to move east, but only 0 halite was available
At command 6 of 7:
    4   m 5 n
    5   m 8 e
>>> 6   m 1 e
    7   m 18 o


Turn 277
================================================================
warning: entity 18 was directed to use 2 halite to move north, but only 0 halite was available
At command 6 of 7:
    4   m 15 s
    5   m 1 w
>>> 6   m 18 n
    7   m 3 n


Turn 278
================================================================
warning: entity 8 was directed to use 4 halite to move east, but only 0 halite was available
At command 3 of 8:
    1   m 12 w
    2   m 18 e
>>> 3   m 8 e
    4   m 6 w
    5   m 5 s


Turn 279
================================================================
warning: entity 1 was directed to use 2 halite to move north, but only 0 halite was available
At command 3 of 7:
    1   m 8 n
    2   m 6 e
>>> 3   m 1 n
    4   m 3 w
    5   m 12 w


Turn 281
================================================================
warning: entity 1 was directed to use 8 halite to move north, but only 5 halite was available
At command 3 of 7:
    1   m 8 s
    2   m 6 s
>>> 3   m 1 n
    4   m 3 s
    5   m 12 n


Turn 282
================================================================
warning: entity 8 was directed to use 7 halite to move east, but only 1 halite was available
At command 2 of 7:
    1   m 1 w
>>> 2   m 8 e
    3   m 6 e
    4   m 3 e


Turn 284
================================================================
warning: entity 18 was directed to use 5 halite to move west, but only 0 halite was available
At command 1 of 6:
>>> 1   m 18 w
    2   m 8 s
    3   m 6 s


Turn 285
================================================================
warning: entity 8 was directed to use 9 halite to move east, but only 7 halite was available
At command 2 of 6:
    1   m 18 w
>>> 2   m 8 e
    3   m 6 e
    4   m 3 s


Turn 290
================================================================
warning: entity 18 was directed to use 1 halite to move east, but only 0 halite was available
At command 5 of 6:
    3   m 15 s
    4   m 6 w
>>> 5   m 18 e
    6   m 12 n


Turn 293
================================================================
warning: entity 18 was directed to use 6 halite to move east, but only 0 halite was available
At command 2 of 6:
    1   m 3 n
>>> 2   m 18 e
    3   m 1 n
    4   m 15 e


Turn 297
================================================================
warning: entity 18 was directed to use 9 halite to move north, but only 6 halite was available
At command 4 of 7:
    2   m 8 w
    3   m 5 n
>>> 4   m 18 n
    5   m 1 e
    6   m 15 s


Turn 302
================================================================
warning: entity 18 was directed to use 7 halite to move west, but only 2 halite was available
At command 8 of 8:
    6   m 1 n
    7   m 15 w
>>> 8   m 18 w


Turn 306
================================================================
warning: entity 15 was directed to use 2 halite to move north, but only 0 halite was available
At command 1 of 8:
>>> 1   m 15 n
    2   m 18 e
    3   m 6 s

warning: entity 18 was directed to use 8 halite to move east, but only 5 halite was available
At command 2 of 8:
    1   m 15 n
>>> 2   m 18 e
    3   m 6 s
    4   m 8 n


Turn 313
================================================================
warning: entity 18 was directed to use 8 halite to move north, but only 3 halite was available
At command 2 of 7:
    1   m 8 n
>>> 2   m 18 n
    3   m 6 w
    4   m 1 e

warning: entity 15 was directed to use 3 halite to move west, but only 0 halite was available
At command 7 of 7:
    5   m 3 e
    6   m 5 w
>>> 7   m 15 w


Turn 318
================================================================
warning: entity 18 was directed to use 3 halite to move north, but only 2 halite was available
At command 3 of 8:
    1   m 1 w
    2   m 8 s
>>> 3   m 18 n
    4   m 5 e
    5   m 12 s

warning: entity 15 was directed to use 9 halite to move north, but only 0 halite was available
At command 6 of 8:
    4   m 5 e
    5   m 12 s
>>> 6   m 15 n
    7   m 3 n
    8   m 6 n


Turn 321
================================================================
warning: entity 12 was directed to use 3 halite to move south, but only 0 halite was available
At command 7 of 8:
    5   m 15 s
    6   m 1 e
>>> 7   m 12 s
    8   m 5 o


Turn 324
================================================================
warning: entity 5 was directed to use 1 halite to move north, but only 0 halite was available
At command 3 of 6:
    1   m 18 w
    2   m 12 e
>>> 3   m 5 n
    4   m 3 n
    5   m 15 w

warning: entity 15 was directed to use 7 halite to move west, but only 5 halite was available
At command 5 of 6:
    3   m 5 n
    4   m 3 n
>>> 5   m 15 w
    6   m 1 e


Turn 325
================================================================
warning: entity 12 was directed to use 7 halite to move south, but only 3 halite was available
At command 6 of 8:
    4   m 15 e
    5   m 18 o
>>> 6   m 12 s
    7   m 3 e
    8   m 1 e


Turn 326
================================================================
warning: entity 5 was directed to use 7 halite to move north, but only 4 halite was available
At command 5 of 8:
    3   m 6 s
    4   m 8 w
>>> 5   m 5 n
    6   m 15 n
    7   m 3 e


Turn 329
================================================================
warning: entity 3 was directed to use 9 halite to move south, but only 4 halite was available
At command 7 of 8:
    5   m 5 w
    6   m 6 w
>>> 7   m 3 s
    8   m 12 n


Turn 332
================================================================
warning: entity 12 was directed to use 5 halite to move south, but only 3 halite was available
At command 7 of 7:
    5   m 18 w
    6   m 3 e
>>> 7   m 12 s


Turn 335
================================================================
warning: entity 18 was directed to use 6 halite to move south, but only 0 halite was available
At command 6 of 7:
    4   m 12 w
    5   m 8 n
>>> 6   m 18 s
    7   m 6 n


Turn 338
================================================================
warning: entity 8 was directed to use 4 halite to move north, but only 0 halite was available
At command 6 of 7:
    4   m 15 n
    5   m 1 n
>>> 6   m 8 n
    7   m 12 s


Turn 340
================================================================
warning: entity 18 was directed to use 4 halite to move south, but only 2 halite was available
At command 4 of 7:
    2   m 5 s
    3   m 8 n
>>> 4   m 18 s
    5   m 3 w
    6   m 15 s

warning: entity 3 was directed to use 8 halite to move west, but only 1 halite was available
At command 5 of 7:
    3   m 8 n
    4   m 18 s
>>> 5   m 3 w
    6   m 15 s
    7   m 12 e


Turn 341
================================================================
warning: entity 8 was directed to use 7 halite to move south, but only 2 halite was available
At command 5 of 8:
    3   m 3 e
    4   m 6 w
>>> 5   m 8 s
    6   m 5 s
    7   m 15 w


Turn 342
================================================================
warning: entity 12 was directed to use 2 halite to move west, but only 1 halite was available
At command 5 of 7:
    3   m 6 w
    4   m 1 s
>>> 5   m 12 w
    6   m 3 s
    7   m 5 s


Turn 344
================================================================
warning: entity 3 was directed to use 7 halite to move north, but only 6 halite was available
At command 7 of 7:
    5   m 8 w
    6   m 1 w
>>> 7   m 3 n


Turn 345
================================================================
warning: entity 12 was directed to use 4 halite to move west, but only 3 halite was available
At command 4 of 7:
    2   m 5 n
    3   m 3 n
>>> 4   m 12 w
    5   m 6 s
    6   m 8 s


Turn 346
================================================================
warning: entity 8 was directed to use 3 halite to move west, but only 1 halite was available
At command 5 of 6:
    3   m 6 s
    4   m 3 e
>>> 5   m 8 w
    6   m 1 n


Turn 349
================================================================
warning: entity 12 was directed to use 8 halite to move east, but only 1 halite was available
At command 5 of 6:
    3   m 15 n
    4   m 5 e
>>> 5   m 12 e
    6   m 1 e


Turn 351
================================================================
warning: entity 8 was directed to use 2 halite to move north, but only 1 halite was available
At command 3 of 4:
    1   m 1 w
    2   m 12 w
>>> 3   m 8 n
    4   m 5 w


Turn 354
================================================================
warning: entity 12 was directed to use 9 halite to move west, but only 1 halite was available
At command 2 of 6:
    1   m 18 e
>>> 2   m 12 w
    3   m 3 w
    4   m 5 e


Turn 355
================================================================
warning: entity 8 was directed to use 5 halite to move east, but only 1 halite was available
At command 3 of 7:
    1   m 15 w
    2   m 12 n
>>> 3   m 8 e
    4   m 18 w
    5   m 3 w


Turn 360
================================================================
warning: entity 12 was directed to use 6 halite to move east, but only 1 halite was available
At command 7 of 7:
    5   m 8 s
    6   m 3 e
>>> 7   m 12 e


Turn 365
================================================================
warning: entity 12 was directed to use 3 halite to move south, but only 1 halite was available
At command 3 of 6:
    1   m 5 w
    2   m 18 n
>>> 3   m 12 s
    4   m 1 s
    5   m 8 o


Turn 368
================================================================
warning: entity 12 was directed to use 7 halite to move north, but only 1 halite was available
At command 2 of 7:
    1   m 8 w
>>> 2   m 12 n
    3   m 15 e
    4   m 5 e


Turn 374
================================================================
warning: entity 8 was directed to use 1 halite to move east, but only 0 halite was available
At command 7 of 7:
    5   m 1 n
    6   m 3 w
>>> 7   m 8 e


Turn 377
================================================================
warning: entity 8 was directed to use 2 halite to move east, but only 0 halite was available
At command 2 of 7:
    1   m 15 e
>>> 2   m 8 e
    3   m 5 s
    4   m 18 n


Turn 378
================================================================
warning: entity 3 was directed to use 9 halite to move south, but only 7 halite was available
At command 2 of 7:
    1   m 8 w
>>> 2   m 3 s
    3   m 15 e
    4   m 5 n

warning: entity 12 was directed to use 9 halite to move west, but only 6 halite was available
At command 6 of 7:
    4   m 5 n
    5   m 18 s
>>> 6   m 12 w
    7   m 1 w


Turn 380
================================================================
warning: entity 8 was directed to use 6 halite to move east, but only 0 halite was available
At command 1 of 7:
>>> 1   m 8 e
    2   m 3 w
    3   m 12 n


Turn 383
================================================================
warning: entity 12 was directed to use 9 halite to move east, but only 3 halite was available
At command 2 of 6:
    1   m 15 e
>>> 2   m 12 e
    3   m 8 s
    4   m 3 n

warning: entity 8 was directed to use 8 halite to move south, but only 7 halite was available
At command 3 of 6:
    1   m 15 e
    2   m 12 e
>>> 3   m 8 s
    4   m 3 n
    5   m 5 n

warning: entity 3 was directed to use 7 halite to move north, but only 5 halite was available
At command 4 of 6:
    2   m 12 e
    3   m 8 s
>>> 4   m 3 n
    5   m 5 n
    6   m 18 n


Turn 387
================================================================
warning: entity 3 was directed to use 8 halite to move north, but only 3 halite was available
At command 4 of 5:
    2   m 15 w
    3   m 12 e
>>> 4   m 3 n
    5   m 18 s


Turn 391
================================================================
warning: entity 3 was directed to use 5 halite to move west, but only 3 halite was available
At command 3 of 5:
    1   m 5 s
    2   m 1 s
>>> 3   m 3 w
    4   m 15 e
    5   m 12 w


Turn 394
================================================================
warning: entity 3 was directed to use 9 halite to move north, but only 6 halite was available
At command 4 of 6:
    2   m 18 e
    3   m 1 o
>>> 4   m 3 n
    5   m 15 s
    6   m 12 w

warning: entity 12 was directed to use 2 halite to move west, but only 1 halite was available
At command 6 of 6:
    4   m 3 n
    5   m 15 s
>>> 6   m 12 w


Turn 400
================================================================
warning: entity 3 was directed to use 9 halite to move east, but only 5 halite was available
At command 5 of 7:
    3   m 1 s
    4   m 18 w
>>> 5   m 3 e
    6   m 15 n
    7   m 5 s

