
Turn 3
================================================================
warning: entity 0 was directed to use 7 halite to move east, but only 0 halite was available
At command 1 of 2:
>>> 1   m 0 e
    2   g


Turn 7
================================================================
warning: entity 0 was directed to use 7 halite to move east, but only 3 halite was available
At command 1 of 2:
>>> 1   m 0 e
    2   g


Turn 9
================================================================
warning: entity 5 was directed to use 5 halite to move west, but only 0 halite was available
At command 3 of 3:
    1   m 4 e
    2   m 2 w
>>> 3   m 5 w


Turn 12
================================================================
warning: entity 4 was directed to use 9 halite to move west, but only 0 halite was available
At command 2 of 4:
    1   m 0 w
>>> 2   m 4 w
    3   m 2 s
    4   m 5 n


Turn 14
================================================================
warning: entity 5 was directed to use 3 halite to move west, but only 0 halite was available
At command 3 of 4:
    1   m 4 e
    2   m 2 o
>>> 3   m 5 w
    4   m 0 w


Turn 16
================================================================
warning: entity 4 was directed to use 5 halite to move north, but only 0 halite was available
At command 3 of 4:
    1   m 2 s
    2   m 5 w
>>> 3   m 4 n
    4   g


Turn 18
================================================================
warning: entity 9 was directed to use 2 halite to move west, but only 0 halite was available
At command 3 of 3:
    1   m 4 w
    2   m 2 s
>>> 3   m 9 w


Turn 21
================================================================
warning: entity 9 was directed to use 5 halite to move north, but only 1 halite was available
At command 4 of 4:
    2   m 5 s
    3   m 4 w
>>> 4   m 9 n


Turn 24
================================================================
warning: entity 9 was directed to use 9 halite to move east, but only 6 halite was available
At command 3 of 3:
    1   m 4 e
    2   m 2 n
>>> 3   m 9 e


Turn 35
================================================================
warning: entity 0 was directed to use 1 halite to move south, but only 0 halite was available
At command 4 of 4:
    2   m 4 o
    3   m 9 o
>>> 4   m 0 s


Turn 39
================================================================
warning: entity 0 was directed to use 6 halite to move south, but only 0 halite was available
At command 3 of 4:
    1   m 4 s
    2   m 2 w
>>> 3   m 0 s
    4   m 5 n


Turn 42
================================================================
warning: entity 10 was directed to use 3 halite to move west, but only 0 halite was available
At command 1 of 5:
>>> 1   m 10 w
    2   m 2 s
    3   m 5 s


Turn 45
================================================================
warning: entity 10 was directed to use 2 halite to move south, but only 1 halite was available
At command 4 of 5:
    2   m 0 n
    3   m 4 n
>>> 4   m 10 s
    5   m 9 w


Turn 49
================================================================
warning: entity 5 was directed to use 9 halite to move north, but only 1 halite was available
At command 4 of 4:
    2   m 9 w
    3   m 10 n
>>> 4   m 5 n


Turn 50
================================================================
warning: entity 10 was directed to use 1 halite to move west, but only 0 halite was available
At command 1 of 6:
>>> 1   m 10 w
    2   m 2 w
    3   m 4 e


Turn 53
================================================================
warning: entity 10 was directed to use 6 halite to move south, but only 0 halite was available
At command 2 of 5:
    1   m 2 w
>>> 2   m 10 s
    3   m 4 s
    4   m 9 w


Turn 62
================================================================
warning: entity 10 was directed to use 9 halite to move east, but only 5 halite was available
At command 4 of 5:
    2   m 9 s
    3   m 2 e
>>> 4   m 10 e
    5   m 0 w


Turn 69
================================================================
warning: entity 10 was directed to use 3 halite to move south, but only 0 halite was available
At command 4 of 6:
    2   m 4 n
    3   m 9 n
>>> 4   m 10 s
    5   m 2 w
    6   m 0 e


Turn 74
================================================================
warning: entity 4 was directed to use 1 halite to move east, but only 0 halite was available
At command 4 of 5:
    2   m 2 w
    3   m 5 e
>>> 4   m 4 e
    5   m 9 s


Turn 78
================================================================
warning: entity 10 was directed to use 4 halite to move south, but only 0 halite was available
At command 2 of 3:
    1   m 4 e
>>> 2   m 10 s
    3   m 2 s


Turn 79
================================================================
warning: entity 4 was directed to use 5 halite to move north, but only 2 halite was available
At command 5 of 5:
    3   m 2 w
    4   m 10 e
>>> 5   m 4 n


Turn 81
================================================================
warning: entity 10 was directed to use 6 halite to move south, but only 0 halite was available
At command 4 of 5:
    2   m 4 w
    3   m 2 e
>>> 4   m 10 s
    5   m 9 s


Turn 84
================================================================
warning: entity 4 was directed to use 8 halite to move east, but only 7 halite was available
At command 2 of 5:
    1   m 0 s
>>> 2   m 4 e
    3   m 9 s
    4   m 2 e

warning: entity 10 was directed to use 4 halite to move south, but only 3 halite was available
At command 5 of 5:
    3   m 9 s
    4   m 2 e
>>> 5   m 10 s


Turn 88
================================================================
warning: entity 4 was directed to use 9 halite to move east, but only 5 halite was available
At command 5 of 5:
    3   m 2 s
    4   m 10 w
>>> 5   m 4 e


Turn 89
================================================================
warning: entity 10 was directed to use 3 halite to move west, but only 1 halite was available
At command 5 of 6:
    3   m 5 w
    4   m 0 s
>>> 5   m 10 w
    6   m 2 e


Turn 107
================================================================
warning: entity 9 was directed to use 3 halite to move north, but only 0 halite was available
At command 2 of 5:
    1   m 0 w
>>> 2   m 9 n
    3   m 4 n
    4   m 2 n


Turn 109
================================================================
warning: entity 0 was directed to use 5 halite to move east, but only 0 halite was available
At command 7 of 7:
    5   m 5 s
    6   m 9 e
>>> 7   m 0 e


Turn 112
================================================================
warning: entity 9 was directed to use 8 halite to move east, but only 3 halite was available
At command 7 of 7:
    5   m 2 e
    6   m 10 n
>>> 7   m 9 e


Turn 114
================================================================
warning: entity 13 was directed to use 2 halite to move north, but only 0 halite was available
At command 5 of 7:
    3   m 9 s
    4   m 0 e
>>> 5   m 13 n
    6   m 5 n
    7   m 4 s


Turn 116
================================================================
warning: entity 0 was directed to use 5 halite to move south, but only 4 halite was available
At command 5 of 6:
    3   m 5 e
    4   m 9 w
>>> 5   m 0 s
    6   m 4 n


Turn 117
================================================================
warning: entity 13 was directed to use 7 halite to move north, but only 1 halite was available
At command 5 of 7:
    3   m 0 w
    4   m 5 w
>>> 5   m 13 n
    6   m 9 o
    7   m 4 s


Turn 119
================================================================
warning: entity 0 was directed to use 8 halite to move north, but only 6 halite was available
At command 6 of 7:
    4   m 2 n
    5   m 10 s
>>> 6   m 0 n
    7   m 4 o


Turn 126
================================================================
warning: entity 4 was directed to use 7 halite to move west, but only 6 halite was available
At command 2 of 6:
    1   m 2 e
>>> 2   m 4 w
    3   m 13 s
    4   m 5 e


Turn 127
================================================================
warning: entity 0 was directed to use 9 halite to move west, but only 8 halite was available
At command 6 of 6:
    4   m 5 n
    5   m 13 n
>>> 6   m 0 w


Turn 133
================================================================
warning: entity 0 was directed to use 7 halite to move south, but only 0 halite was available
At command 4 of 8:
    2   m 10 w
    3   m 4 n
>>> 4   m 0 s
    5   m 5 e
    6   m 13 e


Turn 134
================================================================
warning: entity 2 was directed to use 4 halite to move south, but only 0 halite was available
At command 2 of 7:
    1   m 0 n
>>> 2   m 2 s
    3   m 13 w
    4   m 5 w


Turn 135
================================================================
warning: entity 4 was directed to use 3 halite to move north, but only 0 halite was available
At command 6 of 7:
    4   m 5 w
    5   m 13 n
>>> 6   m 4 n
    7   m 14 n


Turn 136
================================================================
warning: entity 2 was directed to use 8 halite to move north, but only 7 halite was available
At command 1 of 8:
>>> 1   m 2 n
    2   m 10 e
    3   m 4 e

warning: entity 14 was directed to use 3 halite to move south, but only 0 halite was available
At command 8 of 8:
    6   m 13 s
    7   m 9 e
>>> 8   m 14 s


Turn 137
================================================================
warning: entity 0 was directed to use 6 halite to move east, but only 1 halite was available
At command 7 of 8:
    5   m 5 s
    6   m 4 o
>>> 7   m 0 e
    8   m 9 w


Turn 139
================================================================
warning: entity 13 was directed to use 1 halite to move south, but only 0 halite was available
At command 3 of 8:
    1   m 9 o
    2   m 14 o
>>> 3   m 13 s
    4   m 5 e
    5   m 0 n


Turn 141
================================================================
warning: entity 13 was directed to use 8 halite to move north, but only 4 halite was available
At command 5 of 8:
    3   m 2 s
    4   m 10 o
>>> 5   m 13 n
    6   m 5 n
    7   m 0 n

warning: entity 4 was directed to use 7 halite to move east, but only 1 halite was available
At command 8 of 8:
    6   m 5 n
    7   m 0 n
>>> 8   m 4 e


Turn 142
================================================================
warning: entity 0 was directed to use 4 halite to move south, but only 0 halite was available
At command 8 of 8:
    6   m 4 n
    7   m 14 w
>>> 8   m 0 s


Turn 145
================================================================
warning: entity 2 was directed to use 6 halite to move east, but only 5 halite was available
At command 2 of 8:
    1   m 14 o
>>> 2   m 2 e
    3   m 10 o
    4   m 0 w

warning: entity 0 was directed to use 3 halite to move west, but only 2 halite was available
At command 4 of 8:
    2   m 2 e
    3   m 10 o
>>> 4   m 0 w
    5   m 9 e
    6   m 4 s


Turn 146
================================================================
warning: entity 13 was directed to use 4 halite to move east, but only 1 halite was available
At command 7 of 8:
    5   m 9 e
    6   m 4 n
>>> 7   m 13 e
    8   m 5 w


Turn 147
================================================================
warning: entity 0 was directed to use 9 halite to move south, but only 8 halite was available
At command 7 of 8:
    5   m 14 w
    6   m 9 o
>>> 7   m 0 s
    8   m 4 s

warning: entity 4 was directed to use 7 halite to move south, but only 1 halite was available
At command 8 of 8:
    6   m 9 o
    7   m 0 s
>>> 8   m 4 s


Turn 148
================================================================
warning: entity 14 was directed to use 3 halite to move south, but only 0 halite was available
At command 8 of 8:
    6   m 13 s
    7   m 5 o
>>> 8   m 14 s


Turn 149
================================================================
warning: entity 13 was directed to use 5 halite to move west, but only 3 halite was available
At command 1 of 8:
>>> 1   m 13 w
    2   m 5 w
    3   m 14 w


Turn 151
================================================================
warning: entity 14 was directed to use 5 halite to move south, but only 2 halite was available
At command 4 of 7:
    2   m 5 n
    3   m 9 e
>>> 4   m 14 s
    5   m 10 e
    6   m 2 e

warning: entity 2 was directed to use 5 halite to move east, but only 0 halite was available
At command 6 of 7:
    4   m 14 s
    5   m 10 e
>>> 6   m 2 e
    7   m 0 e


Turn 152
================================================================
warning: entity 0 was directed to use 8 halite to move west, but only 7 halite was available
At command 7 of 7:
    5   m 5 w
    6   m 9 s
>>> 7   m 0 w


Turn 154
================================================================
warning: entity 2 was directed to use 9 halite to move west, but only 5 halite was available
At command 3 of 5:
    1   m 14 w
    2   m 0 n
>>> 3   m 2 w
    4   m 10 s
    5   m 9 n


Turn 156
================================================================
warning: entity 14 was directed to use 7 halite to move west, but only 3 halite was available
At command 5 of 7:
    3   m 2 s
    4   m 10 s
>>> 5   m 14 w
    6   m 0 n
    7   m 9 w


Turn 158
================================================================
warning: entity 0 was directed to use 6 halite to move north, but only 3 halite was available
At command 5 of 6:
    3   m 2 n
    4   m 10 s
>>> 5   m 0 n
    6   m 9 n


Turn 160
================================================================
warning: entity 2 was directed to use 6 halite to move west, but only 4 halite was available
At command 5 of 7:
    3   m 9 n
    4   m 10 s
>>> 5   m 2 w
    6   m 14 n
    7   m 0 n


Turn 162
================================================================
warning: entity 10 was directed to use 2 halite to move south, but only 0 halite was available
At command 5 of 8:
    3   m 0 w
    4   m 2 w
>>> 5   m 10 s
    6   m 9 s
    7   m 4 s

warning: entity 9 was directed to use 8 halite to move south, but only 6 halite was available
At command 6 of 8:
    4   m 2 w
    5   m 10 s
>>> 6   m 9 s
    7   m 4 s
    8   m 14 e


Turn 164
================================================================
warning: entity 0 was directed to use 4 halite to move east, but only 3 halite was available
At command 5 of 8:
    3   m 5 s
    4   m 13 e
>>> 5   m 0 e
    6   m 9 s
    7   m 14 s

warning: entity 14 was directed to use 2 halite to move south, but only 0 halite was available
At command 7 of 8:
    5   m 0 e
    6   m 9 s
>>> 7   m 14 s
    8   m 4 n


Turn 165
================================================================
warning: entity 2 was directed to use 5 halite to move west, but only 2 halite was available
At command 7 of 8:
    5   m 9 s
    6   m 10 s
>>> 7   m 2 w
    8   m 4 s


Turn 166
================================================================
warning: entity 10 was directed to use 6 halite to move north, but only 3 halite was available
At command 2 of 9:
    1   m 0 s
>>> 2   m 10 n
    3   m 2 s
    4   m 14 n

warning: entity 14 was directed to use 5 halite to move north, but only 4 halite was available
At command 4 of 9:
    2   m 10 n
    3   m 2 s
>>> 4   m 14 n
    5   m 13 w
    6   m 5 o


Turn 169
================================================================
warning: entity 2 was directed to use 7 halite to move south, but only 2 halite was available
At command 3 of 8:
    1   m 5 o
    2   m 0 w
>>> 3   m 2 s
    4   m 16 w
    5   m 10 o

warning: entity 16 was directed to use 5 halite to move west, but only 0 halite was available
At command 4 of 8:
    2   m 0 w
    3   m 2 s
>>> 4   m 16 w
    5   m 10 o
    6   m 9 w


Turn 170
================================================================
warning: entity 9 was directed to use 2 halite to move west, but only 1 halite was available
At command 7 of 9:
    5   m 13 e
    6   m 0 e
>>> 7   m 9 w
    8   m 14 w
    9   m 4 s


Turn 173
================================================================
warning: entity 14 was directed to use 6 halite to move north, but only 2 halite was available
At command 3 of 8:
    1   m 16 e
    2   m 0 e
>>> 3   m 14 n
    4   m 9 e
    5   m 2 n

warning: entity 5 was directed to use 1 halite to move north, but only 0 halite was available
At command 7 of 8:
    5   m 2 n
    6   m 4 e
>>> 7   m 5 n
    8   m 13 e


Turn 174
================================================================
warning: entity 9 was directed to use 3 halite to move west, but only 0 halite was available
At command 4 of 8:
    2   m 5 w
    3   m 16 w
>>> 4   m 9 w
    5   m 13 e
    6   m 0 w

warning: entity 2 was directed to use 2 halite to move south, but only 0 halite was available
At command 7 of 8:
    5   m 13 e
    6   m 0 w
>>> 7   m 2 s
    8   m 4 n


Turn 175
================================================================
warning: entity 5 was directed to use 4 halite to move south, but only 3 halite was available
At command 5 of 7:
    3   m 4 w
    4   m 14 e
>>> 5   m 5 s
    6   m 0 o
    7   m 16 n


Turn 179
================================================================
warning: entity 9 was directed to use 3 halite to move south, but only 0 halite was available
At command 3 of 8:
    1   m 14 n
    2   m 2 o
>>> 3   m 9 s
    4   m 4 e
    5   m 5 w


Turn 180
================================================================
warning: entity 14 was directed to use 4 halite to move west, but only 0 halite was available
At command 3 of 8:
    1   m 2 n
    2   m 9 w
>>> 3   m 14 w
    4   m 4 o
    5   m 5 e


Turn 181
================================================================
warning: entity 16 was directed to use 1 halite to move south, but only 0 halite was available
At command 9 of 9:
    7   m 5 w
    8   m 0 n
>>> 9   m 16 s


Turn 183
================================================================
warning: entity 16 was directed to use 6 halite to move west, but only 4 halite was available
At command 3 of 9:
    1   m 9 e
    2   m 0 n
>>> 3   m 16 w
    4   m 2 e
    5   m 10 s

warning: entity 5 was directed to use 8 halite to move north, but only 4 halite was available
At command 9 of 9:
    7   m 4 s
    8   m 13 n
>>> 9   m 5 n


Turn 185
================================================================
warning: entity 9 was directed to use 4 halite to move west, but only 3 halite was available
At command 5 of 8:
    3   m 16 w
    4   m 13 e
>>> 5   m 9 w
    6   m 2 n
    7   m 4 w


Turn 187
================================================================
warning: entity 14 was directed to use 4 halite to move east, but only 1 halite was available
At command 8 of 9:
    6   m 2 o
    7   m 13 s
>>> 8   m 14 e
    9   m 4 e


Turn 191
================================================================
warning: entity 5 was directed to use 6 halite to move west, but only 2 halite was available
At command 8 of 9:
    6   m 10 n
    7   m 0 s
>>> 8   m 5 w
    9   m 4 w


Turn 194
================================================================
warning: entity 16 was directed to use 6 halite to move west, but only 2 halite was available
At command 5 of 8:
    3   m 5 s
    4   m 10 w
>>> 5   m 16 w
    6   m 2 w
    7   m 14 w


Turn 196
================================================================
warning: entity 5 was directed to use 4 halite to move south, but only 2 halite was available
At command 3 of 6:
    1   m 16 n
    2   m 0 n
>>> 3   m 5 s
    4   m 10 e
    5   m 2 n


Turn 199
================================================================
warning: entity 16 was directed to use 2 halite to move west, but only 1 halite was available
At command 4 of 7:
    2   m 4 n
    3   m 2 s
>>> 4   m 16 w
    5   m 10 o
    6   m 0 e


Turn 201
================================================================
warning: entity 14 was directed to use 4 halite to move south, but only 1 halite was available
At command 6 of 7:
    4   m 5 e
    5   m 4 w
>>> 6   m 14 s
    7   m 0 w


Turn 202
================================================================
warning: entity 16 was directed to use 4 halite to move north, but only 3 halite was available
At command 4 of 7:
    2   m 2 e
    3   m 0 n
>>> 4   m 16 n
    5   m 10 e
    6   m 5 n


Turn 203
================================================================
warning: entity 0 was directed to use 5 halite to move south, but only 3 halite was available
At command 2 of 7:
    1   m 16 n
>>> 2   m 0 s
    3   m 14 s
    4   m 2 w


Turn 204
================================================================
warning: entity 2 was directed to use 1 halite to move south, but only 0 halite was available
At command 5 of 8:
    3   m 16 o
    4   m 14 w
>>> 5   m 2 s
    6   m 4 n
    7   m 5 n

warning: entity 5 was directed to use 8 halite to move north, but only 2 halite was available
At command 7 of 8:
    5   m 2 s
    6   m 4 n
>>> 7   m 5 n
    8   m 10 e


Turn 205
================================================================
warning: entity 14 was directed to use 4 halite to move south, but only 3 halite was available
At command 5 of 7:
    3   m 5 s
    4   m 0 n
>>> 5   m 14 s
    6   m 10 w
    7   m 4 e


Turn 206
================================================================
warning: entity 2 was directed to use 4 halite to move east, but only 3 halite was available
At command 3 of 6:
    1   m 14 n
    2   m 16 e
>>> 3   m 2 e
    4   m 5 n
    5   m 0 s


Turn 210
================================================================
warning: entity 14 was directed to use 2 halite to move south, but only 1 halite was available
At command 5 of 7:
    3   m 16 w
    4   m 2 w
>>> 5   m 14 s
    6   m 0 s
    7   m 10 w


Turn 211
================================================================
warning: entity 0 was directed to use 3 halite to move north, but only 1 halite was available
At command 6 of 6:
    4   m 16 w
    5   m 2 s
>>> 6   m 0 n


Turn 213
================================================================
warning: entity 2 was directed to use 3 halite to move west, but only 1 halite was available
At command 3 of 7:
    1   m 10 w
    2   m 14 w
>>> 3   m 2 w
    4   m 0 w
    5   m 9 e

warning: entity 5 was directed to use 3 halite to move north, but only 1 halite was available
At command 6 of 7:
    4   m 0 w
    5   m 9 e
>>> 6   m 5 n
    7   m 16 s


Turn 214
================================================================
warning: entity 16 was directed to use 5 halite to move north, but only 1 halite was available
At command 3 of 6:
    1   m 2 n
    2   m 5 w
>>> 3   m 16 n
    4   m 10 w
    5   m 14 e


Turn 216
================================================================
warning: entity 14 was directed to use 4 halite to move east, but only 2 halite was available
At command 6 of 7:
    4   m 2 n
    5   m 5 s
>>> 6   m 14 e
    7   m 0 n


Turn 218
================================================================
warning: entity 0 was directed to use 1 halite to move north, but only 0 halite was available
At command 7 of 8:
    5   m 2 e
    6   m 16 w
>>> 7   m 0 n
    8   m 5 e

warning: entity 5 was directed to use 2 halite to move east, but only 1 halite was available
At command 8 of 8:
    6   m 16 w
    7   m 0 n
>>> 8   m 5 e


Turn 219
================================================================
warning: entity 16 was directed to use 4 halite to move east, but only 3 halite was available
At command 8 of 8:
    6   m 4 n
    7   m 2 n
>>> 8   m 16 e


Turn 222
================================================================
warning: entity 2 was directed to use 2 halite to move east, but only 0 halite was available
At command 3 of 8:
    1   m 4 w
    2   m 16 e
>>> 3   m 2 e
    4   m 5 s
    5   m 10 e


Turn 223
================================================================
warning: entity 14 was directed to use 3 halite to move west, but only 0 halite was available
At command 5 of 7:
    3   m 16 n
    4   m 5 e
>>> 5   m 14 w
    6   m 0 w
    7   m 9 o

warning: entity 0 was directed to use 2 halite to move west, but only 1 halite was available
At command 6 of 7:
    4   m 5 e
    5   m 14 w
>>> 6   m 0 w
    7   m 9 o


Turn 226
================================================================
warning: entity 0 was directed to use 7 halite to move east, but only 3 halite was available
At command 2 of 8:
    1   m 10 n
>>> 2   m 0 e
    3   m 9 s
    4   m 14 e

warning: entity 5 was directed to use 1 halite to move north, but only 0 halite was available
At command 5 of 8:
    3   m 9 s
    4   m 14 e
>>> 5   m 5 n
    6   m 2 n
    7   m 4 s

warning: entity 2 was directed to use 1 halite to move north, but only 0 halite was available
At command 6 of 8:
    4   m 14 e
    5   m 5 n
>>> 6   m 2 n
    7   m 4 s
    8   m 16 n


Turn 227
================================================================
warning: entity 16 was directed to use 3 halite to move south, but only 0 halite was available
At command 8 of 8:
    6   m 14 w
    7   m 4 o
>>> 8   m 16 s


Turn 229
================================================================
warning: entity 5 was directed to use 3 halite to move west, but only 2 halite was available
At command 6 of 8:
    4   m 0 w
    5   m 10 e
>>> 6   m 5 w
    7   m 2 w
    8   m 9 w

warning: entity 2 was directed to use 2 halite to move west, but only 1 halite was available
At command 7 of 8:
    5   m 10 e
    6   m 5 w
>>> 7   m 2 w
    8   m 9 w


Turn 230
================================================================
warning: entity 16 was directed to use 7 halite to move south, but only 1 halite was available
At command 7 of 8:
    5   m 14 e
    6   m 4 e
>>> 7   m 16 s
    8   m 10 e


Turn 231
================================================================
warning: entity 2 was directed to use 6 halite to move east, but only 5 halite was available
At command 3 of 8:
    1   m 16 e
    2   m 5 w
>>> 3   m 2 e
    4   m 14 s
    5   m 0 w

warning: entity 10 was directed to use 1 halite to move south, but only 0 halite was available
At command 8 of 8:
    6   m 9 w
    7   m 4 s
>>> 8   m 10 s


Turn 232
================================================================
warning: entity 14 was directed to use 5 halite to move north, but only 1 halite was available
At command 6 of 8:
    4   m 16 w
    5   m 5 w
>>> 6   m 14 n
    7   m 0 n
    8   m 9 s


Turn 233
================================================================
warning: entity 10 was directed to use 6 halite to move north, but only 3 halite was available
At command 3 of 8:
    1   m 2 e
    2   m 14 e
>>> 3   m 10 n
    4   m 16 n
    5   m 4 s


Turn 235
================================================================
warning: entity 14 was directed to use 7 halite to move south, but only 6 halite was available
At command 6 of 8:
    4   m 10 e
    5   m 0 w
>>> 6   m 14 s
    7   m 5 n
    8   m 4 w


Turn 236
================================================================
warning: entity 0 was directed to use 5 halite to move east, but only 2 halite was available
At command 6 of 7:
    4   m 5 w
    5   m 10 w
>>> 6   m 0 e
    7   m 4 e


Turn 237
================================================================
warning: entity 10 was directed to use 7 halite to move east, but only 0 halite was available
At command 6 of 6:
    4   m 9 s
    5   m 5 o
>>> 6   m 10 e


Turn 240
================================================================
warning: entity 0 was directed to use 7 halite to move east, but only 3 halite was available
At command 4 of 5:
    2   m 5 s
    3   m 9 o
>>> 4   m 0 e
    5   m 4 w


Turn 244
================================================================
warning: entity 5 was directed to use 4 halite to move south, but only 2 halite was available
At command 3 of 3:
    1   m 0 n
    2   m 9 w
>>> 3   m 5 s


Turn 253
================================================================
warning: entity 5 was directed to use 2 halite to move east, but only 0 halite was available
At command 6 of 7:
    4   m 4 n
    5   m 14 n
>>> 6   m 5 e
    7   m 9 n


Turn 255
================================================================
warning: entity 5 was directed to use 7 halite to move west, but only 6 halite was available
At command 6 of 8:
    4   m 10 s
    5   m 4 s
>>> 6   m 5 w
    7   m 2 n
    8   m 9 s


Turn 261
================================================================
warning: entity 14 was directed to use 1 halite to move west, but only 0 halite was available
At command 3 of 9:
    1   m 10 s
    2   m 4 w
>>> 3   m 14 w
    4   m 5 s
    5   m 9 w

warning: entity 5 was directed to use 3 halite to move south, but only 2 halite was available
At command 4 of 9:
    2   m 4 w
    3   m 14 w
>>> 4   m 5 s
    5   m 9 w
    6   m 2 w


Turn 265
================================================================
warning: entity 18 was directed to use 2 halite to move south, but only 0 halite was available
At command 7 of 8:
    5   m 16 n
    6   m 0 n
>>> 7   m 18 s
    8   m 9 o


Turn 268
================================================================
warning: entity 18 was directed to use 2 halite to move west, but only 1 halite was available
At command 6 of 9:
    4   m 9 s
    5   m 4 w
>>> 6   m 18 w
    7   m 10 s
    8   m 16 n

warning: entity 14 was directed to use 1 halite to move west, but only 0 halite was available
At command 9 of 9:
    7   m 10 s
    8   m 16 n
>>> 9   m 14 w


Turn 272
================================================================
warning: entity 18 was directed to use 3 halite to move north, but only 2 halite was available
At command 1 of 9:
>>> 1   m 18 n
    2   m 16 s
    3   m 5 s


Turn 278
================================================================
warning: entity 18 was directed to use 1 halite to move south, but only 0 halite was available
At command 6 of 8:
    4   m 10 n
    5   m 5 w
>>> 6   m 18 s
    7   m 14 n
    8   m 4 e


Turn 280
================================================================
warning: entity 14 was directed to use 4 halite to move south, but only 0 halite was available
At command 4 of 8:
    2   m 2 n
    3   m 18 e
>>> 4   m 14 s
    5   m 9 e
    6   m 5 n


Turn 282
================================================================
warning: entity 18 was directed to use 3 halite to move south, but only 2 halite was available
At command 2 of 9:
    1   m 0 w
>>> 2   m 18 s
    3   m 14 s
    4   m 5 e


Turn 283
================================================================
warning: entity 14 was directed to use 3 halite to move north, but only 0 halite was available
At command 2 of 8:
    1   m 18 s
>>> 2   m 14 n
    3   m 10 s
    4   m 5 n

warning: entity 2 was directed to use 1 halite to move south, but only 0 halite was available
At command 7 of 8:
    5   m 4 s
    6   m 16 s
>>> 7   m 2 s
    8   m 9 e


Turn 284
================================================================
warning: entity 5 was directed to use 9 halite to move west, but only 0 halite was available
At command 4 of 9:
    2   m 14 n
    3   m 2 n
>>> 4   m 5 w
    5   m 18 n
    6   m 4 n


Turn 285
================================================================
warning: entity 14 was directed to use 8 halite to move west, but only 7 halite was available
At command 4 of 8:
    2   m 16 s
    3   m 9 e
>>> 4   m 14 w
    5   m 2 e
    6   m 18 s


Turn 287
================================================================
warning: entity 2 was directed to use 2 halite to move east, but only 0 halite was available
At command 5 of 8:
    3   m 5 e
    4   m 16 w
>>> 5   m 2 e
    6   m 10 n
    7   m 9 n


Turn 289
================================================================
warning: entity 18 was directed to use 2 halite to move east, but only 0 halite was available
At command 6 of 8:
    4   m 5 e
    5   m 9 e
>>> 6   m 18 e
    7   m 10 n
    8   m 16 e


Turn 290
================================================================
warning: entity 2 was directed to use 4 halite to move west, but only 2 halite was available
At command 6 of 9:
    4   m 14 e
    5   m 9 n
>>> 6   m 2 w
    7   m 16 n
    8   m 5 e


Turn 292
================================================================
warning: entity 18 was directed to use 7 halite to move west, but only 0 halite was available
At command 1 of 9:
>>> 1   m 18 w
    2   m 4 e
    3   m 2 w


Turn 296
================================================================
warning: entity 5 was directed to use 4 halite to move south, but only 0 halite was available
At command 8 of 8:
    6   m 9 s
    7   m 2 e
>>> 8   m 5 s


Turn 297
================================================================
warning: entity 18 was directed to use 4 halite to move east, but only 2 halite was available
At command 7 of 8:
    5   m 9 n
    6   m 4 w
>>> 7   m 18 e
    8   m 2 e


Turn 298
================================================================
warning: entity 2 was directed to use 5 halite to move north, but only 2 halite was available
At command 9 of 9:
    7   m 10 e
    8   m 14 s
>>> 9   m 2 n


Turn 300
================================================================
warning: entity 5 was directed to use 8 halite to move west, but only 5 halite was available
At command 6 of 8:
    4   m 14 n
    5   m 18 e
>>> 6   m 5 w
    7   m 0 e
    8   m 10 w


Turn 309
================================================================
warning: entity 2 was directed to use 9 halite to move south, but only 8 halite was available
At command 7 of 9:
    5   m 18 o
    6   m 9 s
>>> 7   m 2 s
    8   m 16 s
    9   m 4 s


Turn 312
================================================================
warning: entity 18 was directed to use 2 halite to move north, but only 0 halite was available
At command 6 of 9:
    4   m 0 s
    5   m 4 s
>>> 6   m 18 n
    7   m 2 s
    8   m 9 s


Turn 314
================================================================
warning: entity 0 was directed to use 1 halite to move south, but only 0 halite was available
At command 7 of 9:
    5   m 5 n
    6   m 16 s
>>> 7   m 0 s
    8   m 2 n
    9   m 4 n


Turn 315
================================================================
warning: entity 18 was directed to use 5 halite to move west, but only 4 halite was available
At command 5 of 9:
    3   m 2 s
    4   m 4 e
>>> 5   m 18 w
    6   m 14 w
    7   m 10 w


Turn 319
================================================================
warning: entity 18 was directed to use 7 halite to move south, but only 6 halite was available
At command 5 of 9:
    3   m 10 e
    4   m 5 n
>>> 5   m 18 s
    6   m 9 e
    7   m 4 w

warning: entity 16 was directed to use 1 halite to move south, but only 0 halite was available
At command 9 of 9:
    7   m 4 w
    8   m 2 w
>>> 9   m 16 s


Turn 321
================================================================
warning: entity 0 was directed to use 6 halite to move north, but only 4 halite was available
At command 3 of 8:
    1   m 18 w
    2   m 16 o
>>> 3   m 0 n
    4   m 10 n
    5   m 2 e


Turn 326
================================================================
warning: entity 0 was directed to use 4 halite to move south, but only 2 halite was available
At command 2 of 7:
    1   m 16 w
>>> 2   m 0 s
    3   m 14 w
    4   m 9 e

warning: entity 14 was directed to use 7 halite to move west, but only 3 halite was available
At command 3 of 7:
    1   m 16 w
    2   m 0 s
>>> 3   m 14 w
    4   m 9 e
    5   m 18 e

warning: entity 18 was directed to use 7 halite to move east, but only 3 halite was available
At command 5 of 7:
    3   m 14 w
    4   m 9 e
>>> 5   m 18 e
    6   m 5 e
    7   m 10 e


Turn 330
================================================================
warning: entity 18 was directed to use 8 halite to move west, but only 4 halite was available
At command 2 of 7:
    1   m 10 w
>>> 2   m 18 w
    3   m 5 n
    4   m 0 s


Turn 332
================================================================
warning: entity 0 was directed to use 6 halite to move north, but only 1 halite was available
At command 5 of 7:
    3   m 14 n
    4   m 10 w
>>> 5   m 0 n
    6   m 16 e
    7   m 5 e


Turn 335
================================================================
warning: entity 0 was directed to use 8 halite to move south, but only 4 halite was available
At command 2 of 6:
    1   m 16 s
>>> 2   m 0 s
    3   m 9 s
    4   m 18 s

warning: entity 18 was directed to use 6 halite to move south, but only 5 halite was available
At command 4 of 6:
    2   m 0 s
    3   m 9 s
>>> 4   m 18 s
    5   m 5 n
    6   m 14 s


Turn 338
================================================================
warning: entity 16 was directed to use 1 halite to move east, but only 0 halite was available
At command 4 of 6:
    2   m 5 n
    3   m 14 w
>>> 4   m 16 e
    5   m 9 e
    6   m 18 n


Turn 340
================================================================
warning: entity 5 was directed to use 7 halite to move south, but only 1 halite was available
At command 4 of 6:
    2   m 9 n
    3   m 16 s
>>> 4   m 5 s
    5   m 18 s
    6   m 14 w

warning: entity 18 was directed to use 4 halite to move south, but only 2 halite was available
At command 5 of 6:
    3   m 16 s
    4   m 5 s
>>> 5   m 18 s
    6   m 14 w

warning: entity 14 was directed to use 1 halite to move west, but only 0 halite was available
At command 6 of 6:
    4   m 5 s
    5   m 18 s
>>> 6   m 14 w


Turn 343
================================================================
warning: entity 18 was directed to use 7 halite to move west, but only 3 halite was available
At command 7 of 8:
    5   m 9 e
    6   m 5 e
>>> 7   m 18 w
    8   m 16 n


Turn 345
================================================================
warning: entity 14 was directed to use 1 halite to move north, but only 0 halite was available
At command 3 of 7:
    1   m 9 w
    2   m 18 s
>>> 3   m 14 n
    4   m 5 s
    5   m 0 s


Turn 347
================================================================
warning: entity 5 was directed to use 5 halite to move west, but only 2 halite was available
At command 6 of 7:
    4   m 18 w
    5   m 0 w
>>> 6   m 5 w
    7   m 16 e

warning: entity 16 was directed to use 3 halite to move east, but only 1 halite was available
At command 7 of 7:
    5   m 0 w
    6   m 5 w
>>> 7   m 16 e


Turn 348
================================================================
warning: entity 18 was directed to use 4 halite to move west, but only 2 halite was available
At command 6 of 7:
    4   m 10 s
    5   m 2 s
>>> 6   m 18 w
    7   m 0 o


Turn 352
================================================================
warning: entity 18 was directed to use 8 halite to move south, but only 2 halite was available
At command 3 of 8:
    1   m 9 w
    2   m 10 n
>>> 3   m 18 s
    4   m 16 e
    5   m 0 n


Turn 353
================================================================
warning: entity 5 was directed to use 2 halite to move south, but only 0 halite was available
At command 7 of 7:
    5   m 14 w
    6   m 2 o
>>> 7   m 5 s


Turn 354
================================================================
warning: entity 14 was directed to use 4 halite to move east, but only 3 halite was available
At command 7 of 7:
    5   m 0 n
    6   m 16 e
>>> 7   m 14 e


Turn 355
================================================================
warning: entity 16 was directed to use 3 halite to move west, but only 0 halite was available
At command 8 of 8:
    6   m 5 s
    7   m 18 s
>>> 8   m 16 w


Turn 356
================================================================
warning: entity 2 was directed to use 3 halite to move west, but only 1 halite was available
At command 5 of 6:
    3   m 18 s
    4   m 14 o
>>> 5   m 2 w
    6   m 5 w


Turn 357
================================================================
warning: entity 18 was directed to use 6 halite to move north, but only 4 halite was available
At command 7 of 8:
    5   m 2 w
    6   m 16 w
>>> 7   m 18 n
    8   m 5 n

warning: entity 5 was directed to use 3 halite to move north, but only 1 halite was available
At command 8 of 8:
    6   m 16 w
    7   m 18 n
>>> 8   m 5 n


Turn 359
================================================================
warning: entity 2 was directed to use 9 halite to move south, but only 5 halite was available
At command 8 of 8:
    6   m 10 e
    7   m 9 e
>>> 8   m 2 s


Turn 362
================================================================
warning: entity 18 was directed to use 6 halite to move north, but only 5 halite was available
At command 5 of 8:
    3   m 2 s
    4   m 14 n
>>> 5   m 18 n
    6   m 16 n
    7   m 9 w


Turn 363
================================================================
warning: entity 2 was directed to use 9 halite to move north, but only 7 halite was available
At command 4 of 8:
    2   m 10 n
    3   m 0 w
>>> 4   m 2 n
    5   m 14 e
    6   m 16 e


Turn 365
================================================================
warning: entity 16 was directed to use 5 halite to move east, but only 2 halite was available
At command 7 of 8:
    5   m 10 n
    6   m 14 s
>>> 7   m 16 e
    8   m 5 w

warning: entity 5 was directed to use 1 halite to move west, but only 0 halite was available
At command 8 of 8:
    6   m 14 s
    7   m 16 e
>>> 8   m 5 w


Turn 368
================================================================
warning: entity 18 was directed to use 8 halite to move west, but only 1 halite was available
At command 5 of 8:
    3   m 5 n
    4   m 10 n
>>> 5   m 18 w
    6   m 14 e
    7   m 2 w

warning: entity 2 was directed to use 9 halite to move west, but only 0 halite was available
At command 7 of 8:
    5   m 18 w
    6   m 14 e
>>> 7   m 2 w
    8   m 9 s


Turn 370
================================================================
warning: entity 16 was directed to use 5 halite to move east, but only 3 halite was available
At command 2 of 8:
    1   m 18 w
>>> 2   m 16 e
    3   m 0 s
    4   m 10 s


Turn 371
================================================================
warning: entity 5 was directed to use 2 halite to move north, but only 0 halite was available
At command 7 of 8:
    5   m 2 s
    6   m 10 o
>>> 7   m 5 n
    8   m 14 e


Turn 372
================================================================
warning: entity 18 was directed to use 8 halite to move east, but only 5 halite was available
At command 4 of 7:
    2   m 5 e
    3   m 16 e
>>> 4   m 18 e
    5   m 9 w
    6   m 2 w

warning: entity 2 was directed to use 9 halite to move west, but only 3 halite was available
At command 6 of 7:
    4   m 18 e
    5   m 9 w
>>> 6   m 2 w
    7   m 14 e


Turn 374
================================================================
warning: entity 10 was directed to use 2 halite to move east, but only 1 halite was available
At command 4 of 7:
    2   m 18 s
    3   m 2 e
>>> 4   m 10 e
    5   m 16 w
    6   m 9 s

warning: entity 16 was directed to use 5 halite to move west, but only 2 halite was available
At command 5 of 7:
    3   m 2 e
    4   m 10 e
>>> 5   m 16 w
    6   m 9 s
    7   m 14 e


Turn 375
================================================================
warning: entity 14 was directed to use 5 halite to move west, but only 0 halite was available
At command 8 of 8:
    6   m 18 w
    7   m 2 w
>>> 8   m 14 w


Turn 376
================================================================
warning: entity 18 was directed to use 7 halite to move north, but only 6 halite was available
At command 5 of 8:
    3   m 10 e
    4   m 0 e
>>> 5   m 18 n
    6   m 5 n
    7   m 9 s


Turn 377
================================================================
warning: entity 10 was directed to use 5 halite to move west, but only 3 halite was available
At command 4 of 7:
    2   m 16 o
    3   m 14 w
>>> 4   m 10 w
    5   m 9 s
    6   m 5 s


Turn 379
================================================================
warning: entity 14 was directed to use 8 halite to move east, but only 0 halite was available
At command 5 of 6:
    3   m 9 w
    4   m 18 s
>>> 5   m 14 e
    6   m 5 s


Turn 381
================================================================
warning: entity 5 was directed to use 3 halite to move south, but only 1 halite was available
At command 3 of 7:
    1   m 0 w
    2   m 14 e
>>> 3   m 5 s
    4   m 16 s
    5   m 9 n

warning: entity 10 was directed to use 4 halite to move west, but only 3 halite was available
At command 6 of 7:
    4   m 16 s
    5   m 9 n
>>> 6   m 10 w
    7   m 18 e

warning: entity 18 was directed to use 5 halite to move east, but only 0 halite was available
At command 7 of 7:
    5   m 9 n
    6   m 10 w
>>> 7   m 18 e


Turn 383
================================================================
warning: entity 14 was directed to use 8 halite to move south, but only 0 halite was available
At command 2 of 7:
    1   m 2 w
>>> 2   m 14 s
    3   m 5 n
    4   m 9 e


Turn 385
================================================================
warning: entity 18 was directed to use 5 halite to move south, but only 3 halite was available
At command 6 of 6:
    4   m 5 e
    5   m 10 w
>>> 6   m 18 s


Turn 386
================================================================
warning: entity 14 was directed to use 8 halite to move north, but only 6 halite was available
At command 4 of 6:
    2   m 10 s
    3   m 9 s
>>> 4   m 14 n
    5   m 0 n
    6   m 5 s


Turn 387
================================================================
warning: entity 10 was directed to use 1 halite to move west, but only 0 halite was available
At command 4 of 6:
    2   m 18 w
    3   m 9 w
>>> 4   m 10 w
    5   m 0 w
    6   m 5 e


Turn 389
================================================================
warning: entity 18 was directed to use 8 halite to move south, but only 3 halite was available
At command 6 of 7:
    4   m 10 e
    5   m 14 s
>>> 6   m 18 s
    7   m 9 n


Turn 390
================================================================
warning: entity 10 was directed to use 2 halite to move east, but only 1 halite was available
At command 4 of 6:
    2   m 18 e
    3   m 14 w
>>> 4   m 10 e
    5   m 0 n
    6   m 9 e


Turn 393
================================================================
warning: entity 18 was directed to use 9 halite to move west, but only 8 halite was available
At command 4 of 6:
    2   m 5 s
    3   m 10 n
>>> 4   m 18 w
    5   m 0 e
    6   m 9 w


Turn 394
================================================================
warning: entity 10 was directed to use 4 halite to move west, but only 2 halite was available
At command 5 of 6:
    3   m 5 e
    4   m 9 e
>>> 5   m 10 w
    6   m 0 w


Turn 398
================================================================
warning: entity 10 was directed to use 7 halite to move north, but only 4 halite was available
At command 4 of 7:
    2   m 0 w
    3   m 9 e
>>> 4   m 10 n
    5   m 18 n
    6   m 2 w


Turn 400
================================================================
warning: entity 18 was directed to use 9 halite to move west, but only 2 halite was available
At command 6 of 7:
    4   m 14 n
    5   m 0 e
>>> 6   m 18 w
    7   m 5 n

