
Turn 9
================================================================
warning: entity 4 was directed to use 7 halite to move north, but only 0 halite was available
At command 1 of 2:
>>> 1   m 4 n
    2   g


Turn 17
================================================================
warning: entity 9 was directed to use 6 halite to move north, but only 0 halite was available
At command 2 of 2:
    1   m 2 w
>>> 2   m 9 n


Turn 21
================================================================
warning: entity 0 was directed to use 6 halite to move north, but only 0 halite was available
At command 3 of 3:
    1   m 2 w
    2   m 4 s
>>> 3   m 0 n


Turn 25
================================================================
warning: entity 0 was directed to use 3 halite to move west, but only 0 halite was available
At command 4 of 4:
    2   m 2 w
    3   m 7 o
>>> 4   m 0 w


Turn 27
================================================================
warning: entity 0 was directed to use 9 halite to move east, but only 7 halite was available
At command 1 of 2:
>>> 1   m 0 e
    2   m 9 w


Turn 36
================================================================
warning: entity 7 was directed to use 2 halite to move north, but only 0 halite was available
At command 2 of 4:
    1   m 4 s
>>> 2   m 7 n
    3   m 2 e
    4   m 9 s


Turn 39
================================================================
warning: entity 4 was directed to use 2 halite to move east, but only 0 halite was available
At command 2 of 5:
    1   m 0 w
>>> 2   m 4 e
    3   m 9 o
    4   m 2 n


Turn 42
================================================================
warning: entity 2 was directed to use 1 halite to move east, but only 0 halite was available
At command 4 of 5:
    2   m 9 e
    3   m 7 w
>>> 4   m 2 e
    5   g


Turn 43
================================================================
warning: entity 7 was directed to use 9 halite to move south, but only 2 halite was available
At command 5 of 5:
    3   m 4 o
    4   m 9 o
>>> 5   m 7 s


Turn 44
================================================================
warning: entity 12 was directed to use 9 halite to move west, but only 0 halite was available
At command 1 of 6:
>>> 1   m 12 w
    2   m 4 w
    3   m 9 o


Turn 47
================================================================
warning: entity 7 was directed to use 9 halite to move east, but only 4 halite was available
At command 6 of 6:
    4   m 2 o
    5   m 0 o
>>> 6   m 7 e


Turn 48
================================================================
warning: entity 13 was directed to use 1 halite to move east, but only 0 halite was available
At command 6 of 6:
    4   m 0 n
    5   m 7 s
>>> 6   m 13 e


Turn 50
================================================================
warning: entity 9 was directed to use 3 halite to move east, but only 0 halite was available
At command 5 of 5:
    3   m 13 w
    4   m 7 n
>>> 5   m 9 e


Turn 51
================================================================
warning: entity 13 was directed to use 1 halite to move west, but only 0 halite was available
At command 4 of 5:
    2   m 4 w
    3   m 9 s
>>> 4   m 13 w
    5   m 7 n


Turn 53
================================================================
warning: entity 7 was directed to use 9 halite to move east, but only 2 halite was available
At command 2 of 4:
    1   m 0 w
>>> 2   m 7 e
    3   m 13 w
    4   m 9 n

warning: entity 13 was directed to use 7 halite to move west, but only 4 halite was available
At command 3 of 4:
    1   m 0 w
    2   m 7 e
>>> 3   m 13 w
    4   m 9 n

warning: entity 9 was directed to use 2 halite to move north, but only 1 halite was available
At command 4 of 4:
    2   m 7 e
    3   m 13 w
>>> 4   m 9 n


Turn 56
================================================================
warning: entity 9 was directed to use 5 halite to move east, but only 0 halite was available
At command 5 of 5:
    3   m 2 n
    4   m 13 n
>>> 5   m 9 e


Turn 59
================================================================
warning: entity 9 was directed to use 3 halite to move south, but only 0 halite was available
At command 3 of 4:
    1   m 0 s
    2   m 4 e
>>> 3   m 9 s
    4   m 13 w

warning: entity 13 was directed to use 6 halite to move west, but only 3 halite was available
At command 4 of 4:
    2   m 4 e
    3   m 9 s
>>> 4   m 13 w


Turn 66
================================================================
warning: entity 0 was directed to use 2 halite to move south, but only 0 halite was available
At command 5 of 6:
    3   m 12 w
    4   m 7 n
>>> 5   m 0 s
    6   g


Turn 73
================================================================
warning: entity 0 was directed to use 2 halite to move north, but only 0 halite was available
At command 5 of 6:
    3   m 14 e
    4   m 2 s
>>> 5   m 0 n
    6   m 9 s


Turn 79
================================================================
warning: entity 0 was directed to use 8 halite to move south, but only 7 halite was available
At command 7 of 9:
    5   m 2 n
    6   m 9 s
>>> 7   m 0 s
    8   m 4 s
    9   m 12 n

warning: entity 12 was directed to use 1 halite to move north, but only 0 halite was available
At command 9 of 9:
    7   m 0 s
    8   m 4 s
>>> 9   m 12 n


Turn 80
================================================================
warning: entity 15 was directed to use 1 halite to move west, but only 0 halite was available
At command 5 of 7:
    3   m 4 s
    4   m 13 w
>>> 5   m 15 w
    6   m 9 n
    7   m 2 s


Turn 82
================================================================
warning: entity 9 was directed to use 7 halite to move south, but only 5 halite was available
At command 5 of 7:
    3   m 13 w
    4   m 12 s
>>> 5   m 9 s
    6   m 7 s
    7   m 2 e


Turn 84
================================================================
warning: entity 12 was directed to use 4 halite to move north, but only 1 halite was available
At command 8 of 8:
    6   m 7 s
    7   m 13 s
>>> 8   m 12 n


Turn 87
================================================================
warning: entity 12 was directed to use 9 halite to move north, but only 4 halite was available
At command 7 of 8:
    5   m 9 o
    6   m 4 n
>>> 7   m 12 n
    8   m 7 e


Turn 93
================================================================
warning: entity 15 was directed to use 5 halite to move west, but only 3 halite was available
At command 4 of 9:
    2   m 13 s
    3   m 9 w
>>> 4   m 15 w
    5   m 0 e
    6   m 14 n

warning: entity 12 was directed to use 4 halite to move west, but only 1 halite was available
At command 8 of 9:
    6   m 14 n
    7   m 2 n
>>> 8   m 12 w
    9   m 4 w


Turn 95
================================================================
warning: entity 4 was directed to use 6 halite to move north, but only 0 halite was available
At command 5 of 9:
    3   m 15 n
    4   m 12 s
>>> 5   m 4 n
    6   m 9 o
    7   m 0 e


Turn 97
================================================================
warning: entity 14 was directed to use 7 halite to move west, but only 2 halite was available
At command 7 of 7:
    5   m 19 o
    6   m 12 o
>>> 7   m 14 w


Turn 102
================================================================
warning: entity 4 was directed to use 8 halite to move north, but only 6 halite was available
At command 7 of 7:
    5   m 2 w
    6   m 13 w
>>> 7   m 4 n


Turn 105
================================================================
warning: entity 19 was directed to use 3 halite to move east, but only 0 halite was available
At command 6 of 6:
    4   m 14 w
    5   m 12 s
>>> 6   m 19 e


Turn 106
================================================================
warning: entity 13 was directed to use 8 halite to move north, but only 1 halite was available
At command 6 of 10:
    4   m 9 o
    5   m 19 w
>>> 6   m 13 n
    7   m 7 e
    8   m 14 o


Turn 107
================================================================
warning: entity 7 was directed to use 3 halite to move north, but only 0 halite was available
At command 8 of 9:
    6   m 12 n
    7   m 19 e
>>> 8   m 7 n
    9   m 20 w


Turn 108
================================================================
warning: entity 12 was directed to use 3 halite to move north, but only 1 halite was available
At command 10 of 10:
    8   m 0 n
    9   m 4 s
>>> 10   m 12 n


Turn 109
================================================================
warning: entity 20 was directed to use 3 halite to move north, but only 0 halite was available
At command 5 of 10:
    3   m 19 o
    4   m 12 e
>>> 5   m 20 n
    6   m 14 e
    7   m 2 s

warning: entity 13 was directed to use 9 halite to move south, but only 7 halite was available
At command 9 of 10:
    7   m 2 s
    8   m 7 o
>>> 9   m 13 s
    10   m 0 s


Turn 112
================================================================
warning: entity 12 was directed to use 7 halite to move north, but only 3 halite was available
At command 9 of 10:
    7   m 20 w
    8   m 7 e
>>> 9   m 12 n
    10   m 0 w


Turn 113
================================================================
warning: entity 20 was directed to use 6 halite to move east, but only 1 halite was available
At command 3 of 9:
    1   m 13 s
    2   m 12 e
>>> 3   m 20 e
    4   m 19 n
    5   m 15 w


Turn 116
================================================================
warning: entity 20 was directed to use 9 halite to move north, but only 7 halite was available
At command 3 of 9:
    1   m 0 o
    2   m 19 n
>>> 3   m 20 n
    4   m 2 s
    5   m 7 s


Turn 118
================================================================
warning: entity 12 was directed to use 7 halite to move north, but only 4 halite was available
At command 7 of 8:
    5   m 19 w
    6   m 2 o
>>> 7   m 12 n
    8   m 15 n


Turn 121
================================================================
warning: entity 20 was directed to use 5 halite to move south, but only 3 halite was available
At command 4 of 8:
    2   m 0 s
    3   m 13 w
>>> 4   m 20 s
    5   m 7 s
    6   m 12 e

warning: entity 7 was directed to use 8 halite to move south, but only 3 halite was available
At command 5 of 8:
    3   m 13 w
    4   m 20 s
>>> 5   m 7 s
    6   m 12 e
    7   m 2 n


Turn 123
================================================================
warning: entity 19 was directed to use 5 halite to move south, but only 2 halite was available
At command 7 of 10:
    5   m 2 s
    6   m 13 w
>>> 7   m 19 s
    8   m 0 w
    9   m 15 e


Turn 124
================================================================
warning: entity 2 was directed to use 3 halite to move north, but only 1 halite was available
At command 8 of 10:
    6   m 7 s
    7   m 20 s
>>> 8   m 2 n
    9   m 13 n
    10   m 12 n


Turn 126
================================================================
warning: entity 7 was directed to use 6 halite to move east, but only 0 halite was available
At command 6 of 9:
    4   m 4 w
    5   m 2 n
>>> 6   m 7 e
    7   m 12 n
    8   m 0 n

warning: entity 12 was directed to use 2 halite to move north, but only 0 halite was available
At command 7 of 9:
    5   m 2 n
    6   m 7 e
>>> 7   m 12 n
    8   m 0 n
    9   m 20 e


Turn 128
================================================================
warning: entity 2 was directed to use 4 halite to move east, but only 3 halite was available
At command 9 of 10:
    7   m 0 s
    8   m 19 w
>>> 9   m 2 e
    10   m 20 o


Turn 130
================================================================
warning: entity 19 was directed to use 7 halite to move north, but only 0 halite was available
At command 9 of 11:
    7   m 20 e
    8   m 7 n
>>> 9   m 19 n
    10   m 13 e
    11   m 12 e

warning: entity 12 was directed to use 5 halite to move east, but only 0 halite was available
At command 11 of 11:
    9   m 19 n
    10   m 13 e
>>> 11   m 12 e


Turn 133
================================================================
warning: entity 12 was directed to use 4 halite to move north, but only 3 halite was available
At command 8 of 11:
    6   m 0 e
    7   m 15 n
>>> 8   m 12 n
    9   m 20 o
    10   m 7 s

warning: entity 7 was directed to use 9 halite to move south, but only 1 halite was available
At command 10 of 11:
    8   m 12 n
    9   m 20 o
>>> 10   m 7 s
    11   m 13 e


Turn 137
================================================================
warning: entity 12 was directed to use 6 halite to move south, but only 0 halite was available
At command 9 of 11:
    7   m 2 s
    8   m 21 w
>>> 9   m 12 s
    10   m 9 s
    11   m 4 e


Turn 138
================================================================
warning: entity 14 was directed to use 2 halite to move north, but only 0 halite was available
At command 6 of 10:
    4   m 13 s
    5   m 19 e
>>> 6   m 14 n
    7   m 2 n
    8   m 21 s


Turn 142
================================================================
warning: entity 12 was directed to use 5 halite to move west, but only 1 halite was available
At command 7 of 8:
    5   m 2 n
    6   m 0 s
>>> 7   m 12 w
    8   m 15 s


Turn 146
================================================================
warning: entity 12 was directed to use 8 halite to move south, but only 0 halite was available
At command 10 of 11:
    8   m 13 s
    9   m 2 e
>>> 10   m 12 s
    11   m 0 w


Turn 147
================================================================
warning: entity 2 was directed to use 3 halite to move west, but only 2 halite was available
At command 9 of 10:
    7   m 14 e
    8   m 7 n
>>> 9   m 2 w
    10   m 0 s


Turn 149
================================================================
warning: entity 20 was directed to use 6 halite to move west, but only 4 halite was available
At command 7 of 10:
    5   m 2 e
    6   m 12 w
>>> 7   m 20 w
    8   m 19 s
    9   m 7 e


Turn 150
================================================================
warning: entity 12 was directed to use 9 halite to move west, but only 3 halite was available
At command 9 of 11:
    7   m 2 w
    8   m 21 o
>>> 9   m 12 w
    10   m 19 n
    11   m 7 e


Turn 151
================================================================
warning: entity 14 was directed to use 1 halite to move south, but only 0 halite was available
At command 10 of 11:
    8   m 15 s
    9   m 4 w
>>> 10   m 14 s
    11   m 2 n

warning: entity 2 was directed to use 4 halite to move north, but only 3 halite was available
At command 11 of 11:
    9   m 4 w
    10   m 14 s
>>> 11   m 2 n


Turn 153
================================================================
warning: entity 20 was directed to use 6 halite to move west, but only 4 halite was available
At command 10 of 12:
    8   m 12 n
    9   m 19 w
>>> 10   m 20 w
    11   m 13 n
    12   m 15 o


Turn 154
================================================================
warning: entity 12 was directed to use 9 halite to move east, but only 8 halite was available
At command 10 of 11:
    8   m 0 s
    9   m 9 e
>>> 10   m 12 e
    11   m 13 n


Turn 157
================================================================
warning: entity 20 was directed to use 6 halite to move north, but only 4 halite was available
At command 4 of 10:
    2   m 9 w
    3   m 13 s
>>> 4   m 20 n
    5   m 12 e
    6   m 2 n

warning: entity 21 was directed to use 8 halite to move north, but only 6 halite was available
At command 9 of 10:
    7   m 7 n
    8   m 14 w
>>> 9   m 21 n
    10   m 0 e


Turn 158
================================================================
warning: entity 2 was directed to use 9 halite to move east, but only 6 halite was available
At command 9 of 11:
    7   m 13 o
    8   m 12 n
>>> 9   m 2 e
    10   m 14 s
    11   m 7 e

warning: entity 14 was directed to use 6 halite to move south, but only 1 halite was available
At command 10 of 11:
    8   m 12 n
    9   m 2 e
>>> 10   m 14 s
    11   m 7 e


Turn 159
================================================================
warning: entity 12 was directed to use 8 halite to move south, but only 5 halite was available
At command 10 of 12:
    8   m 15 w
    9   m 21 n
>>> 10   m 12 s
    11   m 7 s
    12   m 0 s


Turn 161
================================================================
warning: entity 13 was directed to use 3 halite to move west, but only 0 halite was available
At command 6 of 10:
    4   m 9 o
    5   m 12 e
>>> 6   m 13 w
    7   m 19 n
    8   m 7 s


Turn 162
================================================================
warning: entity 14 was directed to use 2 halite to move north, but only 1 halite was available
At command 6 of 12:
    4   m 4 e
    5   m 15 n
>>> 6   m 14 n
    7   m 7 n
    8   m 2 e

warning: entity 21 was directed to use 6 halite to move north, but only 4 halite was available
At command 9 of 12:
    7   m 7 n
    8   m 2 e
>>> 9   m 21 n
    10   m 12 e
    11   m 19 e


Turn 164
================================================================
warning: entity 12 was directed to use 5 halite to move west, but only 3 halite was available
At command 7 of 10:
    5   m 13 e
    6   m 7 e
>>> 7   m 12 w
    8   m 19 n
    9   m 20 e


Turn 165
================================================================
warning: entity 14 was directed to use 4 halite to move east, but only 2 halite was available
At command 6 of 12:
    4   m 2 e
    5   m 15 s
>>> 6   m 14 e
    7   m 9 n
    8   m 13 s

warning: entity 13 was directed to use 7 halite to move south, but only 3 halite was available
At command 8 of 12:
    6   m 14 e
    7   m 9 n
>>> 8   m 13 s
    9   m 7 n
    10   m 19 n


Turn 166
================================================================
warning: entity 20 was directed to use 1 halite to move north, but only 0 halite was available
At command 3 of 11:
    1   m 14 e
    2   m 13 e
>>> 3   m 20 n
    4   m 12 o
    5   m 0 e

warning: entity 26 was directed to use 1 halite to move west, but only 0 halite was available
At command 10 of 11:
    8   m 9 e
    9   m 19 o
>>> 10   m 26 w
    11   m 15 n


Turn 168
================================================================
warning: entity 20 was directed to use 7 halite to move north, but only 3 halite was available
At command 4 of 12:
    2   m 0 e
    3   m 9 n
>>> 4   m 20 n
    5   m 12 s
    6   m 14 s

warning: entity 14 was directed to use 9 halite to move south, but only 7 halite was available
At command 6 of 12:
    4   m 20 n
    5   m 12 s
>>> 6   m 14 s
    7   m 4 e
    8   m 19 s


Turn 170
================================================================
warning: entity 15 was directed to use 1 halite to move north, but only 0 halite was available
At command 3 of 9:
    1   m 9 e
    2   m 4 e
>>> 3   m 15 n
    4   m 20 e
    5   m 14 s


Turn 171
================================================================
warning: entity 9 was directed to use 3 halite to move north, but only 2 halite was available
At command 3 of 9:
    1   m 15 w
    2   m 0 e
>>> 3   m 9 n
    4   m 7 w
    5   m 26 w


Turn 172
================================================================
warning: entity 15 was directed to use 5 halite to move north, but only 4 halite was available
At command 6 of 12:
    4   m 19 n
    5   m 4 s
>>> 6   m 15 n
    7   m 14 s
    8   m 0 n

warning: entity 26 was directed to use 3 halite to move east, but only 0 halite was available
At command 10 of 12:
    8   m 0 n
    9   m 7 s
>>> 10   m 26 e
    11   m 20 e
    12   m 12 n

warning: entity 20 was directed to use 8 halite to move east, but only 4 halite was available
At command 11 of 12:
    9   m 7 s
    10   m 26 e
>>> 11   m 20 e
    12   m 12 n


Turn 174
================================================================
warning: entity 14 was directed to use 9 halite to move north, but only 1 halite was available
At command 11 of 12:
    9   m 0 n
    10   m 7 o
>>> 11   m 14 n
    12   m 4 w


Turn 177
================================================================
warning: entity 9 was directed to use 7 halite to move north, but only 6 halite was available
At command 9 of 12:
    7   m 20 n
    8   m 2 n
>>> 9   m 9 n
    10   m 13 e
    11   m 12 w


Turn 179
================================================================
warning: entity 12 was directed to use 6 halite to move south, but only 0 halite was available
At command 9 of 11:
    7   m 26 o
    8   m 7 s
>>> 9   m 12 s
    10   m 13 e
    11   m 20 s


Turn 182
================================================================
warning: entity 20 was directed to use 9 halite to move west, but only 4 halite was available
At command 8 of 10:
    6   m 15 n
    7   m 21 w
>>> 8   m 20 w
    9   m 4 o
    10   g


Turn 183
================================================================
warning: entity 26 was directed to use 6 halite to move south, but only 3 halite was available
At command 8 of 12:
    6   m 9 s
    7   m 0 o
>>> 8   m 26 s
    9   m 12 n
    10   m 15 s

warning: entity 12 was directed to use 5 halite to move north, but only 0 halite was available
At command 9 of 12:
    7   m 0 o
    8   m 26 s
>>> 9   m 12 n
    10   m 15 s
    11   m 21 w


Turn 186
================================================================
warning: entity 15 was directed to use 4 halite to move south, but only 0 halite was available
At command 5 of 10:
    3   m 27 w
    4   m 0 s
>>> 5   m 15 s
    6   m 12 s
    7   m 4 s

warning: entity 12 was directed to use 6 halite to move south, but only 3 halite was available
At command 6 of 10:
    4   m 0 s
    5   m 15 s
>>> 6   m 12 s
    7   m 4 s
    8   m 19 w


Turn 187
================================================================
warning: entity 27 was directed to use 4 halite to move north, but only 2 halite was available
At command 10 of 12:
    8   m 0 n
    9   m 19 e
>>> 10   m 27 n
    11   m 4 s
    12   m 28 o


Turn 188
================================================================
warning: entity 15 was directed to use 9 halite to move north, but only 8 halite was available
At command 7 of 11:
    5   m 28 o
    6   m 14 s
>>> 7   m 15 n
    8   m 9 e
    9   m 0 s


Turn 191
================================================================
warning: entity 28 was directed to use 1 halite to move west, but only 0 halite was available
At command 4 of 12:
    2   m 20 w
    3   m 15 e
>>> 4   m 28 w
    5   m 2 w
    6   m 0 n

warning: entity 27 was directed to use 6 halite to move south, but only 0 halite was available
At command 11 of 12:
    9   m 26 s
    10   m 4 e
>>> 11   m 27 s
    12   m 14 e


Turn 193
================================================================
warning: entity 21 was directed to use 1 halite to move north, but only 0 halite was available
At command 6 of 10:
    4   m 19 n
    5   m 27 e
>>> 6   m 21 n
    7   m 26 e
    8   m 15 w


Turn 195
================================================================
warning: entity 27 was directed to use 5 halite to move north, but only 4 halite was available
At command 5 of 10:
    3   m 0 o
    4   m 2 s
>>> 5   m 27 n
    6   m 21 s
    7   m 28 s

warning: entity 15 was directed to use 7 halite to move west, but only 4 halite was available
At command 10 of 10:
    8   m 4 e
    9   m 26 n
>>> 10   m 15 w


Turn 196
================================================================
warning: entity 21 was directed to use 9 halite to move north, but only 0 halite was available
At command 12 of 13:
    10   m 2 s
    11   m 28 w
>>> 12   m 21 n
    13   m 26 w


Turn 197
================================================================
warning: entity 28 was directed to use 3 halite to move north, but only 0 halite was available
At command 13 of 14:
    11   m 7 s
    12   m 9 w
>>> 13   m 28 n
    14   m 2 s


Turn 198
================================================================
warning: entity 27 was directed to use 8 halite to move east, but only 7 halite was available
At command 8 of 11:
    6   m 9 n
    7   m 0 e
>>> 8   m 27 e
    9   m 4 e
    10   m 2 s


Turn 201
================================================================
warning: entity 15 was directed to use 7 halite to move south, but only 2 halite was available
At command 12 of 15:
    10   m 0 w
    11   m 26 e
>>> 12   m 15 s
    13   m 9 w
    14   m 28 n


Turn 204
================================================================
warning: entity 28 was directed to use 3 halite to move north, but only 0 halite was available
At command 12 of 13:
    10   m 0 o
    11   m 19 s
>>> 12   m 28 n
    13   m 9 w


Turn 205
================================================================
warning: entity 26 was directed to use 8 halite to move west, but only 3 halite was available
At command 6 of 12:
    4   m 20 e
    5   m 12 n
>>> 6   m 26 w
    7   m 4 s
    8   m 2 s

warning: entity 27 was directed to use 4 halite to move west, but only 0 halite was available
At command 9 of 12:
    7   m 4 s
    8   m 2 s
>>> 9   m 27 w
    10   m 15 e
    11   m 9 w


Turn 206
================================================================
warning: entity 15 was directed to use 7 halite to move west, but only 1 halite was available
At command 8 of 13:
    6   m 4 w
    7   m 7 n
>>> 8   m 15 w
    9   m 20 e
    10   m 12 w


Turn 207
================================================================
warning: entity 2 was directed to use 2 halite to move south, but only 0 halite was available
At command 4 of 12:
    2   m 15 s
    3   m 4 e
>>> 4   m 2 s
    5   m 0 w
    6   m 13 w


Turn 208
================================================================
warning: entity 27 was directed to use 3 halite to move north, but only 1 halite was available
At command 5 of 14:
    3   m 28 s
    4   m 7 o
>>> 5   m 27 n
    6   m 14 n
    7   m 15 s


Turn 209
================================================================
warning: entity 2 was directed to use 8 halite to move south, but only 6 halite was available
At command 5 of 14:
    3   m 20 o
    4   m 21 s
>>> 5   m 2 s
    6   m 28 w
    7   m 12 n

warning: entity 26 was directed to use 7 halite to move east, but only 5 halite was available
At command 13 of 14:
    11   m 4 w
    12   m 13 w
>>> 13   m 26 e
    14   m 9 w


Turn 210
================================================================
warning: entity 9 was directed to use 6 halite to move west, but only 1 halite was available
At command 13 of 13:
    11   m 15 s
    12   m 13 s
>>> 13   m 9 w


Turn 211
================================================================
warning: entity 15 was directed to use 2 halite to move west, but only 1 halite was available
At command 13 of 14:
    11   m 21 w
    12   m 4 s
>>> 13   m 15 w
    14   m 13 n


Turn 214
================================================================
warning: entity 15 was directed to use 3 halite to move west, but only 0 halite was available
At command 12 of 15:
    10   m 20 w
    11   m 28 e
>>> 12   m 15 w
    13   m 27 n
    14   m 4 n

warning: entity 0 was directed to use 9 halite to move east, but only 2 halite was available
At command 15 of 15:
    13   m 27 n
    14   m 4 n
>>> 15   m 0 e


Turn 215
================================================================
warning: entity 26 was directed to use 9 halite to move west, but only 5 halite was available
At command 7 of 12:
    5   m 12 e
    6   m 28 s
>>> 7   m 26 w
    8   m 2 e
    9   m 14 o

warning: entity 27 was directed to use 4 halite to move south, but only 0 halite was available
At command 11 of 12:
    9   m 14 o
    10   m 20 n
>>> 11   m 27 s
    12   m 4 s


Turn 217
================================================================
warning: entity 15 was directed to use 2 halite to move west, but only 0 halite was available
At command 9 of 12:
    7   m 2 o
    8   m 20 w
>>> 9   m 15 w
    10   m 4 o
    11   m 19 s


Turn 223
================================================================
warning: entity 27 was directed to use 6 halite to move east, but only 4 halite was available
At command 14 of 14:
    12   m 12 w
    13   m 20 e
>>> 14   m 27 e


Turn 225
================================================================
warning: entity 14 was directed to use 1 halite to move south, but only 0 halite was available
At command 14 of 15:
    12   m 7 n
    13   m 21 n
>>> 14   m 14 s
    15   m 31 w


Turn 228
================================================================
warning: entity 7 was directed to use 1 halite to move south, but only 0 halite was available
At command 10 of 14:
    8   m 21 w
    9   m 14 s
>>> 10   m 7 s
    11   m 26 s
    12   m 4 e


Turn 229
================================================================
warning: entity 14 was directed to use 3 halite to move south, but only 2 halite was available
At command 14 of 16:
    12   m 4 e
    13   m 21 n
>>> 14   m 14 s
    15   m 26 e
    16   g


Turn 231
================================================================
warning: entity 2 was directed to use 3 halite to move south, but only 2 halite was available
At command 9 of 14:
    7   m 19 o
    8   m 9 e
>>> 9   m 2 s
    10   m 12 s
    11   m 27 e


Turn 233
================================================================
warning: entity 14 was directed to use 8 halite to move north, but only 6 halite was available
At command 12 of 15:
    10   m 31 o
    11   m 21 s
>>> 12   m 14 n
    13   m 27 n
    14   m 15 e


Turn 235
================================================================
warning: entity 15 was directed to use 8 halite to move west, but only 2 halite was available
At command 10 of 16:
    8   m 9 n
    9   m 28 n
>>> 10   m 15 w
    11   m 26 w
    12   m 7 o


Turn 236
================================================================
warning: entity 32 was directed to use 1 halite to move west, but only 0 halite was available
At command 3 of 14:
    1   m 15 e
    2   m 7 s
>>> 3   m 32 w
    4   m 2 e
    5   m 31 e


Turn 237
================================================================
warning: entity 19 was directed to use 4 halite to move south, but only 1 halite was available
At command 9 of 14:
    7   m 31 s
    8   m 27 s
>>> 9   m 19 s
    10   m 28 n
    11   m 4 e


Turn 238
================================================================
warning: entity 32 was directed to use 6 halite to move east, but only 4 halite was available
At command 5 of 15:
    3   m 19 n
    4   m 21 w
>>> 5   m 32 e
    6   m 15 s
    7   m 7 w


Turn 239
================================================================
warning: entity 15 was directed to use 5 halite to move north, but only 1 halite was available
At command 7 of 14:
    5   m 21 s
    6   m 19 e
>>> 7   m 15 n
    8   m 7 w
    9   m 13 s

warning: entity 14 was directed to use 9 halite to move south, but only 0 halite was available
At command 12 of 14:
    10   m 27 s
    11   m 28 n
>>> 12   m 14 s
    13   m 4 w
    14   m 9 s


Turn 240
================================================================
warning: entity 7 was directed to use 4 halite to move north, but only 1 halite was available
At command 13 of 15:
    11   m 0 o
    12   m 21 e
>>> 13   m 7 n
    14   m 13 n
    15   m 4 e


Turn 241
================================================================
warning: entity 2 was directed to use 9 halite to move south, but only 8 halite was available
At command 5 of 13:
    3   m 21 w
    4   m 15 n
>>> 5   m 2 s
    6   m 14 e
    7   m 13 s


Turn 242
================================================================
warning: entity 15 was directed to use 8 halite to move east, but only 3 halite was available
At command 6 of 14:
    4   m 7 e
    5   m 21 w
>>> 6   m 15 e
    7   m 9 n
    8   m 13 n

warning: entity 32 was directed to use 7 halite to move west, but only 3 halite was available
At command 12 of 14:
    10   m 4 w
    11   m 14 s
>>> 12   m 32 w
    13   m 31 s
    14   m 27 w


Turn 243
================================================================
warning: entity 14 was directed to use 6 halite to move south, but only 4 halite was available
At command 9 of 13:
    7   m 7 s
    8   m 21 o
>>> 9   m 14 s
    10   m 4 n
    11   m 13 o


Turn 244
================================================================
warning: entity 7 was directed to use 3 halite to move east, but only 0 halite was available
At command 7 of 13:
    5   m 31 s
    6   m 32 e
>>> 7   m 7 e
    8   m 2 s
    9   m 0 o

warning: entity 28 was directed to use 6 halite to move south, but only 2 halite was available
At command 10 of 13:
    8   m 2 s
    9   m 0 o
>>> 10   m 28 s
    11   m 4 n
    12   m 12 e


Turn 247
================================================================
warning: entity 13 was directed to use 2 halite to move south, but only 1 halite was available
At command 3 of 14:
    1   m 2 e
    2   m 32 s
>>> 3   m 13 s
    4   m 9 e
    5   m 28 w

warning: entity 14 was directed to use 7 halite to move north, but only 1 halite was available
At command 12 of 14:
    10   m 0 o
    11   m 12 w
>>> 12   m 14 n
    13   m 27 n
    14   g


Turn 248
================================================================
warning: entity 31 was directed to use 1 halite to move east, but only 0 halite was available
At command 8 of 17:
    6   m 14 n
    7   m 9 e
>>> 8   m 31 e
    9   m 2 n
    10   m 7 n


Turn 249
================================================================
warning: entity 28 was directed to use 8 halite to move west, but only 0 halite was available
At command 13 of 16:
    11   m 2 s
    12   m 32 e
>>> 13   m 28 w
    14   m 21 s
    15   m 12 s


Turn 251
================================================================
warning: entity 14 was directed to use 7 halite to move north, but only 3 halite was available
At command 7 of 14:
    5   m 27 n
    6   m 0 s
>>> 7   m 14 n
    8   m 31 o
    9   m 7 n


Turn 252
================================================================
warning: entity 27 was directed to use 6 halite to move north, but only 1 halite was available
At command 9 of 15:
    7   m 2 o
    8   m 26 w
>>> 9   m 27 n
    10   m 7 s
    11   m 9 n


Turn 255
================================================================
warning: entity 35 was directed to use 5 halite to move north, but only 2 halite was available
At command 11 of 17:
    9   m 7 o
    10   m 28 n
>>> 11   m 35 n
    12   m 27 e
    13   m 21 n


Turn 259
================================================================
warning: entity 35 was directed to use 4 halite to move south, but only 0 halite was available
At command 5 of 17:
    3   m 27 o
    4   m 28 n
>>> 5   m 35 s
    6   m 13 e
    7   m 15 n

warning: entity 7 was directed to use 5 halite to move west, but only 4 halite was available
At command 9 of 17:
    7   m 15 n
    8   m 31 s
>>> 9   m 7 w
    10   m 14 e
    11   m 4 w


Turn 261
================================================================
warning: entity 0 was directed to use 7 halite to move north, but only 1 halite was available
At command 14 of 14:
    12   m 12 w
    13   m 32 o
>>> 14   m 0 n


Turn 263
================================================================
warning: entity 35 was directed to use 5 halite to move east, but only 3 halite was available
At command 10 of 14:
    8   m 2 e
    9   m 7 w
>>> 10   m 35 e
    11   m 13 s
    12   m 15 e


Turn 264
================================================================
warning: entity 31 was directed to use 8 halite to move east, but only 3 halite was available
At command 9 of 15:
    7   m 2 e
    8   m 9 e
>>> 9   m 31 e
    10   m 0 w
    11   m 27 w


Turn 265
================================================================
warning: entity 7 was directed to use 3 halite to move west, but only 2 halite was available
At command 5 of 13:
    3   m 32 o
    4   m 35 n
>>> 5   m 7 w
    6   m 2 e
    7   m 9 n


Turn 267
================================================================
warning: entity 27 was directed to use 5 halite to move south, but only 2 halite was available
At command 11 of 17:
    9   m 2 e
    10   m 12 n
>>> 11   m 27 s
    12   m 7 s
    13   m 35 e


Turn 268
================================================================
warning: entity 35 was directed to use 5 halite to move north, but only 0 halite was available
At command 10 of 14:
    8   m 15 w
    9   m 12 n
>>> 10   m 35 n
    11   m 7 n
    12   m 31 n

warning: entity 13 was directed to use 3 halite to move west, but only 1 halite was available
At command 14 of 14:
    12   m 31 n
    13   m 19 e
>>> 14   m 13 w


Turn 269
================================================================
warning: entity 7 was directed to use 4 halite to move north, but only 0 halite was available
At command 12 of 14:
    10   m 26 n
    11   m 15 s
>>> 12   m 7 n
    13   m 31 n
    14   m 19 w


Turn 270
================================================================
warning: entity 32 was directed to use 1 halite to move north, but only 0 halite was available
At command 11 of 14:
    9   m 14 w
    10   m 2 s
>>> 11   m 32 n
    12   m 15 n
    13   m 31 e

warning: entity 31 was directed to use 3 halite to move east, but only 2 halite was available
At command 13 of 14:
    11   m 32 n
    12   m 15 n
>>> 13   m 31 e
    14   m 19 w


Turn 271
================================================================
warning: entity 35 was directed to use 8 halite to move north, but only 5 halite was available
At command 10 of 15:
    8   m 0 e
    9   m 14 w
>>> 10   m 35 n
    11   m 21 s
    12   m 26 n

warning: entity 13 was directed to use 3 halite to move south, but only 0 halite was available
At command 13 of 15:
    11   m 21 s
    12   m 26 n
>>> 13   m 13 s
    14   m 15 w
    15   m 19 n


Turn 272
================================================================
warning: entity 0 was directed to use 4 halite to move east, but only 3 halite was available
At command 14 of 16:
    12   m 12 s
    13   m 26 s
>>> 14   m 0 e
    15   m 21 s
    16   m 15 e

warning: entity 21 was directed to use 2 halite to move south, but only 0 halite was available
At command 15 of 16:
    13   m 26 s
    14   m 0 e
>>> 15   m 21 s
    16   m 15 e


Turn 273
================================================================
warning: entity 31 was directed to use 4 halite to move west, but only 2 halite was available
At command 6 of 15:
    4   m 21 e
    5   m 28 w
>>> 6   m 31 w
    7   m 13 s
    8   m 9 s

warning: entity 27 was directed to use 4 halite to move south, but only 0 halite was available
At command 11 of 15:
    9   m 35 n
    10   m 32 e
>>> 11   m 27 s
    12   m 19 s
    13   m 12 n


Turn 274
================================================================
warning: entity 13 was directed to use 3 halite to move west, but only 1 halite was available
At command 8 of 14:
    6   m 0 w
    7   m 21 s
>>> 8   m 13 w
    9   m 12 w
    10   m 28 w


Turn 276
================================================================
warning: entity 27 was directed to use 7 halite to move west, but only 2 halite was available
At command 10 of 17:
    8   m 13 n
    9   m 0 w
>>> 10   m 27 w
    11   m 12 e
    12   m 28 o

warning: entity 35 was directed to use 6 halite to move south, but only 1 halite was available
At command 16 of 17:
    14   m 21 s
    15   m 19 n
>>> 16   m 35 s
    17   m 32 n


Turn 277
================================================================
warning: entity 21 was directed to use 3 halite to move east, but only 0 halite was available
At command 13 of 14:
    11   m 12 w
    12   m 14 n
>>> 13   m 21 e
    14   m 19 n


Turn 278
================================================================
warning: entity 31 was directed to use 5 halite to move south, but only 0 halite was available
At command 6 of 17:
    4   m 26 o
    5   m 9 n
>>> 6   m 31 s
    7   m 28 n
    8   m 27 e

warning: entity 13 was directed to use 3 halite to move south, but only 1 halite was available
At command 11 of 17:
    9   m 35 s
    10   m 32 e
>>> 11   m 13 s
    12   m 0 w
    13   m 2 e


Turn 279
================================================================
warning: entity 21 was directed to use 8 halite to move west, but only 7 halite was available
At command 5 of 17:
    3   m 13 e
    4   m 4 w
>>> 5   m 21 w
    6   m 15 n
    7   m 9 n


Turn 280
================================================================
warning: entity 13 was directed to use 8 halite to move east, but only 7 halite was available
At command 5 of 17:
    3   m 26 n
    4   m 31 s
>>> 5   m 13 e
    6   m 28 n
    7   m 4 n

warning: entity 0 was directed to use 3 halite to move south, but only 2 halite was available
At command 11 of 17:
    9   m 9 e
    10   m 27 s
>>> 11   m 0 s
    12   m 32 n
    13   m 14 n


Turn 281
================================================================
warning: entity 31 was directed to use 9 halite to move east, but only 3 halite was available
At command 7 of 17:
    5   m 35 w
    6   m 26 w
>>> 7   m 31 e
    8   m 4 n
    9   m 28 s

warning: entity 32 was directed to use 3 halite to move north, but only 2 halite was available
At command 13 of 17:
    11   m 27 o
    12   m 37 s
>>> 13   m 32 n
    14   m 2 w
    15   m 14 n


Turn 283
================================================================
warning: entity 35 was directed to use 5 halite to move east, but only 0 halite was available
At command 10 of 15:
    8   m 0 e
    9   m 15 s
>>> 10   m 35 e
    11   m 26 s
    12   m 19 n

warning: entity 2 was directed to use 7 halite to move east, but only 3 halite was available
At command 15 of 15:
    13   m 28 e
    14   m 37 e
>>> 15   m 2 e


Turn 285
================================================================
warning: entity 27 was directed to use 6 halite to move east, but only 3 halite was available
At command 10 of 16:
    8   m 2 w
    9   m 13 w
>>> 10   m 27 e
    11   m 4 n
    12   m 9 e


Turn 286
================================================================
warning: entity 14 was directed to use 1 halite to move east, but only 0 halite was available
At command 14 of 15:
    12   m 4 n
    13   m 9 n
>>> 14   m 14 e
    15   m 19 n


Turn 287
================================================================
warning: entity 35 was directed to use 9 halite to move west, but only 5 halite was available
At command 9 of 15:
    7   m 32 e
    8   m 37 n
>>> 9   m 35 w
    10   m 15 e
    11   m 7 o


Turn 289
================================================================
warning: entity 27 was directed to use 5 halite to move west, but only 4 halite was available
At command 5 of 15:
    3   m 26 e
    4   m 15 e
>>> 5   m 27 w
    6   m 2 s
    7   m 4 n

warning: entity 37 was directed to use 3 halite to move west, but only 0 halite was available
At command 13 of 15:
    11   m 14 e
    12   m 19 e
>>> 13   m 37 w
    14   m 13 n
    15   m 9 e


Turn 293
================================================================
warning: entity 35 was directed to use 5 halite to move north, but only 1 halite was available
At command 5 of 18:
    3   m 4 o
    4   m 13 n
>>> 5   m 35 n
    6   m 37 o
    7   m 14 n

warning: entity 27 was directed to use 7 halite to move east, but only 4 halite was available
At command 9 of 18:
    7   m 14 n
    8   m 32 w
>>> 9   m 27 e
    10   m 2 s
    11   m 31 e


Turn 296
================================================================
warning: entity 32 was directed to use 3 halite to move west, but only 2 halite was available
At command 13 of 19:
    11   m 13 e
    12   m 4 w
>>> 13   m 32 w
    14   m 21 n
    15   m 19 e


Turn 297
================================================================
warning: entity 13 was directed to use 8 halite to move north, but only 3 halite was available
At command 15 of 18:
    13   m 28 s
    14   m 21 n
>>> 15   m 13 n
    16   m 19 e
    17   m 39 s


Turn 299
================================================================
warning: entity 2 was directed to use 6 halite to move south, but only 0 halite was available
At command 10 of 16:
    8   m 32 s
    9   m 31 w
>>> 10   m 2 s
    11   m 9 s
    12   m 12 o


Turn 300
================================================================
warning: entity 19 was directed to use 3 halite to move west, but only 0 halite was available
At command 16 of 16:
    14   m 27 s
    15   m 39 o
>>> 16   m 19 w


Turn 302
================================================================
warning: entity 4 was directed to use 4 halite to move east, but only 0 halite was available
At command 15 of 17:
    13   m 14 n
    14   m 2 w
>>> 15   m 4 e
    16   m 9 n
    17   m 31 w


Turn 303
================================================================
warning: entity 19 was directed to use 6 halite to move west, but only 0 halite was available
At command 13 of 17:
    11   m 28 n
    12   m 0 e
>>> 13   m 19 w
    14   m 14 w
    15   m 2 s

warning: entity 14 was directed to use 2 halite to move west, but only 0 halite was available
At command 14 of 17:
    12   m 0 e
    13   m 19 w
>>> 14   m 14 w
    15   m 2 s
    16   m 9 w


Turn 305
================================================================
warning: entity 2 was directed to use 6 halite to move west, but only 0 halite was available
At command 15 of 16:
    13   m 31 n
    14   m 39 s
>>> 15   m 2 w
    16   m 9 s


Turn 308
================================================================
warning: entity 32 was directed to use 4 halite to move east, but only 1 halite was available
At command 7 of 17:
    5   m 4 e
    6   m 27 e
>>> 7   m 32 e
    8   m 21 w
    9   m 15 e

warning: entity 0 was directed to use 4 halite to move east, but only 0 halite was available
At command 12 of 17:
    10   m 19 s
    11   m 28 n
>>> 12   m 0 e
    13   m 2 e
    14   m 35 s


Turn 309
================================================================
warning: entity 21 was directed to use 1 halite to move south, but only 0 halite was available
At command 14 of 18:
    12   m 27 w
    13   m 15 w
>>> 14   m 21 s
    15   m 19 e
    16   m 2 s

warning: entity 2 was directed to use 5 halite to move south, but only 4 halite was available
At command 16 of 18:
    14   m 21 s
    15   m 19 e
>>> 16   m 2 s
    17   m 31 s
    18   m 39 e

warning: entity 39 was directed to use 1 halite to move east, but only 0 halite was available
At command 18 of 18:
    16   m 2 s
    17   m 31 s
>>> 18   m 39 e


Turn 311
================================================================
warning: entity 32 was directed to use 7 halite to move east, but only 6 halite was available
At command 13 of 18:
    11   m 0 n
    12   m 28 w
>>> 13   m 32 e
    14   m 31 e
    15   m 9 e


Turn 313
================================================================
warning: entity 35 was directed to use 6 halite to move east, but only 5 halite was available
At command 3 of 18:
    1   m 12 s
    2   m 37 w
>>> 3   m 35 e
    4   m 21 n
    5   m 32 e

warning: entity 4 was directed to use 3 halite to move south, but only 2 halite was available
At command 11 of 18:
    9   m 28 s
    10   m 14 s
>>> 11   m 4 s
    12   m 7 w
    13   m 0 o


Turn 314
================================================================
warning: entity 39 was directed to use 2 halite to move west, but only 0 halite was available
At command 4 of 17:
    2   m 4 w
    3   m 0 w
>>> 4   m 39 w
    5   m 31 n
    6   m 12 s


Turn 316
================================================================
warning: entity 0 was directed to use 7 halite to move north, but only 2 halite was available
At command 4 of 16:
    2   m 21 n
    3   m 27 e
>>> 4   m 0 n
    5   m 39 n
    6   m 15 s

warning: entity 32 was directed to use 5 halite to move east, but only 0 halite was available
At command 13 of 16:
    11   m 31 n
    12   m 28 w
>>> 13   m 32 e
    14   m 13 w
    15   m 9 w

warning: entity 19 was directed to use 9 halite to move west, but only 1 halite was available
At command 16 of 16:
    14   m 13 w
    15   m 9 w
>>> 16   m 19 w


Turn 318
================================================================
warning: entity 12 was directed to use 1 halite to move south, but only 0 halite was available
At command 8 of 16:
    6   m 32 w
    7   m 19 s
>>> 8   m 12 s
    9   m 7 n
    10   m 14 w

warning: entity 14 was directed to use 4 halite to move west, but only 1 halite was available
At command 10 of 16:
    8   m 12 s
    9   m 7 n
>>> 10   m 14 w
    11   m 15 w
    12   m 27 n

warning: entity 27 was directed to use 2 halite to move north, but only 0 halite was available
At command 12 of 16:
    10   m 14 w
    11   m 15 w
>>> 12   m 27 n
    13   m 39 w
    14   m 31 s


Turn 319
================================================================
warning: entity 32 was directed to use 7 halite to move north, but only 3 halite was available
At command 9 of 15:
    7   m 35 e
    8   m 15 n
>>> 9   m 32 n
    10   m 21 o
    11   m 37 s

warning: entity 39 was directed to use 5 halite to move north, but only 1 halite was available
At command 12 of 15:
    10   m 21 o
    11   m 37 s
>>> 12   m 39 n
    13   m 31 w
    14   m 13 w


Turn 320
================================================================
warning: entity 19 was directed to use 7 halite to move north, but only 6 halite was available
At command 12 of 16:
    10   m 27 e
    11   m 0 s
>>> 12   m 19 n
    13   m 35 e
    14   m 31 e


Turn 321
================================================================
warning: entity 27 was directed to use 1 halite to move south, but only 0 halite was available
At command 10 of 16:
    8   m 21 o
    9   m 31 e
>>> 10   m 27 s
    11   m 35 e
    12   m 39 s

warning: entity 35 was directed to use 5 halite to move east, but only 0 halite was available
At command 11 of 16:
    9   m 31 e
    10   m 27 s
>>> 11   m 35 e
    12   m 39 s
    13   m 15 w


Turn 323
================================================================
warning: entity 32 was directed to use 5 halite to move east, but only 3 halite was available
At command 5 of 16:
    3   m 7 e
    4   m 27 n
>>> 5   m 32 e
    6   m 12 w
    7   m 0 e

warning: entity 39 was directed to use 2 halite to move south, but only 1 halite was available
At command 11 of 16:
    9   m 19 n
    10   m 37 n
>>> 11   m 39 s
    12   m 31 s
    13   m 28 w


Turn 324
================================================================
warning: entity 27 was directed to use 4 halite to move east, but only 2 halite was available
At command 9 of 17:
    7   m 13 w
    8   m 7 e
>>> 9   m 27 e
    10   m 35 e
    11   m 0 e

warning: entity 35 was directed to use 9 halite to move east, but only 1 halite was available
At command 10 of 17:
    8   m 7 e
    9   m 27 e
>>> 10   m 35 e
    11   m 0 e
    12   m 19 e


Turn 325
================================================================
warning: entity 19 was directed to use 8 halite to move north, but only 4 halite was available
At command 12 of 17:
    10   m 0 n
    11   m 7 n
>>> 12   m 19 n
    13   m 37 w
    14   m 28 n


Turn 326
================================================================
warning: entity 12 was directed to use 3 halite to move west, but only 1 halite was available
At command 4 of 17:
    2   m 13 s
    3   m 14 w
>>> 4   m 12 w
    5   m 4 s
    6   m 27 e

warning: entity 32 was directed to use 8 halite to move west, but only 6 halite was available
At command 8 of 17:
    6   m 27 e
    7   m 35 w
>>> 8   m 32 w
    9   m 39 n
    10   m 21 n

warning: entity 37 was directed to use 7 halite to move north, but only 3 halite was available
At command 13 of 17:
    11   m 0 n
    12   m 7 s
>>> 13   m 37 n
    14   m 28 e
    15   m 31 s


Turn 328
================================================================
warning: entity 35 was directed to use 9 halite to move west, but only 3 halite was available
At command 11 of 16:
    9   m 27 n
    10   m 13 s
>>> 11   m 35 w
    12   m 21 o
    13   m 28 s


Turn 329
================================================================
warning: entity 27 was directed to use 2 halite to move east, but only 0 halite was available
At command 12 of 17:
    10   m 19 s
    11   m 0 o
>>> 12   m 27 e
    13   m 13 w
    14   m 28 s


Turn 330
================================================================
warning: entity 32 was directed to use 9 halite to move west, but only 5 halite was available
At command 9 of 17:
    7   m 35 w
    8   m 37 n
>>> 9   m 32 w
    10   m 4 w
    11   m 12 n

warning: entity 39 was directed to use 2 halite to move north, but only 0 halite was available
At command 13 of 17:
    11   m 12 n
    12   m 13 s
>>> 13   m 39 n
    14   m 28 w
    15   m 31 w


Turn 331
================================================================
warning: entity 12 was directed to use 2 halite to move west, but only 1 halite was available
At command 13 of 15:
    11   m 35 e
    12   m 37 s
>>> 13   m 12 w
    14   m 28 e
    15   m 9 w


Turn 332
================================================================
warning: entity 27 was directed to use 5 halite to move south, but only 1 halite was available
At command 8 of 16:
    6   m 32 w
    7   m 39 e
>>> 8   m 27 s
    9   m 14 w
    10   m 31 w

warning: entity 37 was directed to use 5 halite to move west, but only 0 halite was available
At command 13 of 16:
    11   m 4 w
    12   m 19 o
>>> 13   m 37 w
    14   m 35 n
    15   m 28 s


Turn 333
================================================================
warning: entity 35 was directed to use 6 halite to move north, but only 5 halite was available
At command 13 of 15:
    11   m 15 s
    12   m 31 s
>>> 13   m 35 n
    14   m 28 e
    15   m 9 w


Turn 334
================================================================
warning: entity 12 was directed to use 5 halite to move south, but only 4 halite was available
At command 5 of 13:
    3   m 27 w
    4   m 37 e
>>> 5   m 12 s
    6   m 19 n
    7   m 21 w


Turn 335
================================================================
warning: entity 37 was directed to use 8 halite to move north, but only 5 halite was available
At command 9 of 15:
    7   m 27 n
    8   m 19 e
>>> 9   m 37 n
    10   m 14 n
    11   m 0 s


Turn 336
================================================================
warning: entity 27 was directed to use 5 halite to move north, but only 4 halite was available
At command 13 of 16:
    11   m 4 s
    12   m 28 e
>>> 13   m 27 n
    14   m 0 n
    15   m 39 s


Turn 337
================================================================
warning: entity 39 was directed to use 7 halite to move east, but only 1 halite was available
At command 16 of 17:
    14   m 28 o
    15   m 0 e
>>> 16   m 39 e
    17   m 9 o


Turn 338
================================================================
warning: entity 21 was directed to use 7 halite to move south, but only 6 halite was available
At command 12 of 17:
    10   m 27 e
    11   m 37 w
>>> 12   m 21 s
    13   m 32 s
    14   m 31 w


Turn 339
================================================================
warning: entity 14 was directed to use 2 halite to move west, but only 0 halite was available
At command 11 of 17:
    9   m 2 e
    10   m 15 n
>>> 11   m 14 w
    12   m 27 w
    13   m 37 s

warning: entity 37 was directed to use 8 halite to move south, but only 4 halite was available
At command 13 of 17:
    11   m 14 w
    12   m 27 w
>>> 13   m 37 s
    14   m 32 s
    15   m 31 e


Turn 340
================================================================
warning: entity 39 was directed to use 9 halite to move east, but only 6 halite was available
At command 9 of 16:
    7   m 32 w
    8   m 28 w
>>> 9   m 39 e
    10   m 13 e
    11   m 4 e

warning: entity 27 was directed to use 5 halite to move north, but only 4 halite was available
At command 14 of 16:
    12   m 2 n
    13   m 15 w
>>> 14   m 27 n
    15   m 31 e
    16   m 19 s


Turn 342
================================================================
warning: entity 12 was directed to use 6 halite to move west, but only 5 halite was available
At command 8 of 17:
    6   m 14 s
    7   m 37 s
>>> 8   m 12 w
    9   m 21 s
    10   m 0 e


Turn 343
================================================================
warning: entity 37 was directed to use 9 halite to move west, but only 5 halite was available
At command 10 of 16:
    8   m 14 s
    9   m 4 e
>>> 10   m 37 w
    11   m 21 n
    12   m 32 w

warning: entity 21 was directed to use 5 halite to move north, but only 3 halite was available
At command 11 of 16:
    9   m 4 e
    10   m 37 w
>>> 11   m 21 n
    12   m 32 w
    13   m 2 s

warning: entity 2 was directed to use 8 halite to move south, but only 0 halite was available
At command 13 of 16:
    11   m 21 n
    12   m 32 w
>>> 13   m 2 s
    14   m 28 s
    15   m 19 w


Turn 344
================================================================
warning: entity 14 was directed to use 2 halite to move south, but only 0 halite was available
At command 8 of 14:
    6   m 15 w
    7   m 13 e
>>> 8   m 14 s
    9   m 27 n
    10   m 4 e


Turn 345
================================================================
warning: entity 39 was directed to use 5 halite to move south, but only 0 halite was available
At command 9 of 14:
    7   m 2 n
    8   m 0 s
>>> 9   m 39 s
    10   m 4 w
    11   m 32 s


Turn 346
================================================================
warning: entity 21 was directed to use 9 halite to move north, but only 4 halite was available
At command 8 of 14:
    6   m 2 s
    7   m 0 w
>>> 8   m 21 n
    9   m 27 s
    10   m 4 s

warning: entity 27 was directed to use 3 halite to move south, but only 1 halite was available
At command 9 of 14:
    7   m 0 w
    8   m 21 n
>>> 9   m 27 s
    10   m 4 s
    11   m 32 e

warning: entity 32 was directed to use 7 halite to move east, but only 5 halite was available
At command 11 of 14:
    9   m 27 s
    10   m 4 s
>>> 11   m 32 e
    12   m 28 w
    13   m 19 n


Turn 347
================================================================
warning: entity 0 was directed to use 4 halite to move east, but only 0 halite was available
At command 13 of 16:
    11   m 37 s
    12   m 2 n
>>> 13   m 0 e
    14   m 4 o
    15   m 19 n


Turn 348
================================================================
warning: entity 37 was directed to use 7 halite to move south, but only 3 halite was available
At command 7 of 16:
    5   m 21 e
    6   m 9 n
>>> 7   m 37 s
    8   m 13 n
    9   m 27 w

warning: entity 14 was directed to use 4 halite to move south, but only 3 halite was available
At command 11 of 16:
    9   m 27 w
    10   m 32 e
>>> 11   m 14 s
    12   m 28 e
    13   m 31 s


Turn 349
================================================================
warning: entity 39 was directed to use 7 halite to move west, but only 2 halite was available
At command 7 of 15:
    5   m 27 w
    6   m 0 s
>>> 7   m 39 w
    8   m 21 s
    9   m 9 e

warning: entity 19 was directed to use 5 halite to move west, but only 4 halite was available
At command 15 of 15:
    13   m 15 e
    14   m 2 s
>>> 15   m 19 w


Turn 350
================================================================
warning: entity 2 was directed to use 6 halite to move north, but only 2 halite was available
At command 13 of 13:
    11   m 31 s
    12   m 15 w
>>> 13   m 2 n


Turn 352
================================================================
warning: entity 37 was directed to use 9 halite to move east, but only 2 halite was available
At command 7 of 16:
    5   m 2 n
    6   m 4 n
>>> 7   m 37 e
    8   m 21 w
    9   m 14 n

warning: entity 21 was directed to use 8 halite to move west, but only 2 halite was available
At command 8 of 16:
    6   m 4 n
    7   m 37 e
>>> 8   m 21 w
    9   m 14 n
    10   m 39 s


Turn 353
================================================================
warning: entity 14 was directed to use 7 halite to move east, but only 5 halite was available
At command 7 of 15:
    5   m 27 w
    6   m 9 e
>>> 7   m 14 e
    8   m 4 s
    9   m 39 w


Turn 354
================================================================
warning: entity 19 was directed to use 4 halite to move west, but only 3 halite was available
At command 8 of 15:
    6   m 39 s
    7   m 37 n
>>> 8   m 19 w
    9   m 2 n
    10   m 21 e


Turn 355
================================================================
warning: entity 0 was directed to use 9 halite to move south, but only 0 halite was available
At command 9 of 15:
    7   m 13 s
    8   m 39 w
>>> 9   m 0 s
    10   m 4 s
    11   m 2 w


Turn 358
================================================================
warning: entity 19 was directed to use 3 halite to move south, but only 2 halite was available
At command 11 of 14:
    9   m 2 w
    10   m 12 w
>>> 11   m 19 s
    12   m 13 n
    13   m 9 n


Turn 359
================================================================
warning: entity 21 was directed to use 3 halite to move north, but only 2 halite was available
At command 12 of 14:
    10   m 35 e
    11   m 0 s
>>> 12   m 21 n
    13   m 12 w
    14   m 13 e


Turn 361
================================================================
warning: entity 19 was directed to use 7 halite to move north, but only 5 halite was available
At command 13 of 15:
    11   m 14 e
    12   m 15 n
>>> 13   m 19 n
    14   m 28 n
    15   m 31 w


Turn 362
================================================================
warning: entity 14 was directed to use 2 halite to move north, but only 0 halite was available
At command 5 of 15:
    3   m 9 e
    4   m 35 w
>>> 5   m 14 n
    6   m 27 n
    7   m 12 n


Turn 365
================================================================
warning: entity 0 was directed to use 7 halite to move east, but only 2 halite was available
At command 8 of 15:
    6   m 19 e
    7   m 13 s
>>> 8   m 0 e
    9   m 12 w
    10   m 21 e

warning: entity 21 was directed to use 4 halite to move east, but only 1 halite was available
At command 10 of 15:
    8   m 0 e
    9   m 12 w
>>> 10   m 21 e
    11   m 37 e
    12   m 27 s

warning: entity 2 was directed to use 3 halite to move west, but only 1 halite was available
At command 13 of 15:
    11   m 37 e
    12   m 27 s
>>> 13   m 2 w
    14   m 4 n
    15   m 31 e


Turn 366
================================================================
warning: entity 14 was directed to use 4 halite to move east, but only 2 halite was available
At command 8 of 15:
    6   m 35 e
    7   m 15 n
>>> 8   m 14 e
    9   m 13 e
    10   m 19 n


Turn 369
================================================================
warning: entity 2 was directed to use 2 halite to move north, but only 1 halite was available
At command 3 of 16:
    1   m 19 e
    2   m 32 s
>>> 3   m 2 n
    4   m 13 w
    5   m 0 s

warning: entity 0 was directed to use 9 halite to move south, but only 3 halite was available
At command 5 of 16:
    3   m 2 n
    4   m 13 w
>>> 5   m 0 s
    6   m 21 n
    7   m 39 w


Turn 370
================================================================
warning: entity 21 was directed to use 2 halite to move north, but only 0 halite was available
At command 9 of 15:
    7   m 39 e
    8   m 13 w
>>> 9   m 21 n
    10   m 14 n
    11   m 35 w

warning: entity 14 was directed to use 7 halite to move north, but only 5 halite was available
At command 10 of 15:
    8   m 13 w
    9   m 21 n
>>> 10   m 14 n
    11   m 35 w
    12   m 4 e


Turn 374
================================================================
warning: entity 21 was directed to use 3 halite to move east, but only 1 halite was available
At command 8 of 14:
    6   m 13 w
    7   m 2 e
>>> 8   m 21 e
    9   m 14 w
    10   m 39 w


Turn 377
================================================================
warning: entity 19 was directed to use 1 halite to move east, but only 0 halite was available
At command 2 of 15:
    1   m 21 n
>>> 2   m 19 e
    3   m 32 n
    4   m 0 s


Turn 379
================================================================
warning: entity 14 was directed to use 4 halite to move north, but only 1 halite was available
At command 12 of 14:
    10   m 4 n
    11   m 15 n
>>> 12   m 14 n
    13   m 35 w
    14   m 31 n


Turn 381
================================================================
warning: entity 27 was directed to use 8 halite to move east, but only 7 halite was available
At command 6 of 15:
    4   m 0 o
    5   m 12 s
>>> 6   m 27 e
    7   m 21 s
    8   m 9 n

warning: entity 21 was directed to use 2 halite to move south, but only 1 halite was available
At command 7 of 15:
    5   m 12 s
    6   m 27 e
>>> 7   m 21 s
    8   m 9 n
    9   m 15 s

warning: entity 15 was directed to use 7 halite to move south, but only 0 halite was available
At command 9 of 15:
    7   m 21 s
    8   m 9 n
>>> 9   m 15 s
    10   m 19 s
    11   m 2 e


Turn 382
================================================================
warning: entity 14 was directed to use 7 halite to move north, but only 6 halite was available
At command 9 of 14:
    7   m 39 w
    8   m 32 e
>>> 9   m 14 n
    10   m 9 n
    11   m 12 w


Turn 385
================================================================
warning: entity 21 was directed to use 1 halite to move south, but only 0 halite was available
At command 11 of 13:
    9   m 13 s
    10   m 27 n
>>> 11   m 21 s
    12   m 39 w
    13   m 2 w


Turn 386
================================================================
warning: entity 27 was directed to use 6 halite to move east, but only 3 halite was available
At command 14 of 15:
    12   m 39 w
    13   m 13 e
>>> 14   m 27 e
    15   m 2 w


Turn 388
================================================================
warning: entity 14 was directed to use 4 halite to move north, but only 3 halite was available
At command 9 of 14:
    7   m 31 s
    8   m 21 e
>>> 9   m 14 n
    10   m 15 o
    11   m 35 s

warning: entity 2 was directed to use 5 halite to move west, but only 1 halite was available
At command 14 of 14:
    12   m 39 n
    13   m 13 n
>>> 14   m 2 w


Turn 390
================================================================
warning: entity 27 was directed to use 8 halite to move north, but only 4 halite was available
At command 10 of 14:
    8   m 21 s
    9   m 4 o
>>> 10   m 27 n
    11   m 35 e
    12   m 12 n


Turn 391
================================================================
warning: entity 21 was directed to use 5 halite to move south, but only 2 halite was available
At command 5 of 15:
    3   m 27 n
    4   m 15 e
>>> 5   m 21 s
    6   m 32 n
    7   m 2 w


Turn 393
================================================================
warning: entity 14 was directed to use 4 halite to move east, but only 2 halite was available
At command 3 of 14:
    1   m 32 w
    2   m 21 n
>>> 3   m 14 e
    4   m 39 n
    5   m 4 o


Turn 396
================================================================
warning: entity 27 was directed to use 4 halite to move east, but only 0 halite was available
At command 13 of 14:
    11   m 2 n
    12   m 0 s
>>> 13   m 27 e
    14   m 35 w


Turn 397
================================================================
warning: entity 14 was directed to use 5 halite to move west, but only 3 halite was available
At command 8 of 13:
    6   m 15 w
    7   m 4 n
>>> 8   m 14 w
    9   m 12 e
    10   m 39 e


Turn 399
================================================================
warning: entity 15 was directed to use 5 halite to move north, but only 3 halite was available
At command 6 of 13:
    4   m 14 n
    5   m 37 s
>>> 6   m 15 n
    7   m 21 e
    8   m 2 w


Turn 400
================================================================
warning: entity 27 was directed to use 7 halite to move east, but only 5 halite was available
At command 5 of 14:
    3   m 32 e
    4   m 37 s
>>> 5   m 27 e
    6   m 4 o
    7   m 14 s

