
Turn 3
================================================================
warning: entity 0 was directed to use 4 halite to move south, but only 0 halite was available
At command 1 of 1:
>>> 1   m 0 s


Turn 6
================================================================
warning: entity 0 was directed to use 3 halite to move west, but only 0 halite was available
At command 1 of 2:
>>> 1   m 0 w
    2   g


Turn 8
================================================================
warning: entity 0 was directed to use 8 halite to move east, but only 7 halite was available
At command 1 of 3:
>>> 1   m 0 e
    2   m 3 o
    3   g


Turn 10
================================================================
warning: entity 4 was directed to use 2 halite to move west, but only 0 halite was available
At command 3 of 3:
    1   m 0 w
    2   m 3 e
>>> 3   m 4 w


Turn 12
================================================================
warning: entity 3 was directed to use 2 halite to move west, but only 0 halite was available
At command 1 of 2:
>>> 1   m 3 w
    2   g


Turn 14
================================================================
warning: entity 7 was directed to use 1 halite to move south, but only 0 halite was available
At command 3 of 4:
    1   m 4 n
    2   m 0 n
>>> 3   m 7 s
    4   g


Turn 17
================================================================
warning: entity 7 was directed to use 9 halite to move west, but only 8 halite was available
At command 2 of 4:
    1   m 9 s
>>> 2   m 7 w
    3   m 0 e
    4   m 4 w


Turn 23
================================================================
warning: entity 9 was directed to use 2 halite to move north, but only 0 halite was available
At command 2 of 3:
    1   m 4 s
>>> 2   m 9 n
    3   m 3 e

warning: entity 3 was directed to use 7 halite to move east, but only 4 halite was available
At command 3 of 3:
    1   m 4 s
    2   m 9 n
>>> 3   m 3 e


Turn 26
================================================================
warning: entity 9 was directed to use 2 halite to move south, but only 0 halite was available
At command 3 of 3:
    1   m 4 e
    2   m 3 s
>>> 3   m 9 s


Turn 28
================================================================
warning: entity 9 was directed to use 8 halite to move west, but only 5 halite was available
At command 4 of 5:
    2   m 4 s
    3   m 7 w
>>> 4   m 9 w
    5   m 3 n


Turn 32
================================================================
warning: entity 3 was directed to use 7 halite to move east, but only 2 halite was available
At command 2 of 3:
    1   m 0 w
>>> 2   m 3 e
    3   m 4 o


Turn 43
================================================================
warning: entity 0 was directed to use 4 halite to move east, but only 0 halite was available
At command 1 of 2:
>>> 1   m 0 e
    2   m 7 s


Turn 54
================================================================
warning: entity 0 was directed to use 7 halite to move south, but only 1 halite was available
At command 1 of 4:
>>> 1   m 0 s
    2   m 3 s
    3   m 7 e


Turn 57
================================================================
warning: entity 7 was directed to use 4 halite to move south, but only 2 halite was available
At command 3 of 4:
    1   m 4 e
    2   m 9 e
>>> 3   m 7 s
    4   m 0 o


Turn 59
================================================================
warning: entity 9 was directed to use 6 halite to move south, but only 0 halite was available
At command 3 of 5:
    1   m 3 n
    2   m 7 e
>>> 3   m 9 s
    4   m 0 s
    5   m 4 s


Turn 60
================================================================
warning: entity 7 was directed to use 9 halite to move south, but only 4 halite was available
At command 3 of 5:
    1   m 9 s
    2   m 3 e
>>> 3   m 7 s
    4   m 0 s
    5   m 4 s


Turn 61
================================================================
warning: entity 0 was directed to use 5 halite to move east, but only 0 halite was available
At command 4 of 5:
    2   m 9 n
    3   m 3 w
>>> 4   m 0 e
    5   m 4 n


Turn 64
================================================================
warning: entity 9 was directed to use 8 halite to move east, but only 2 halite was available
At command 3 of 7:
    1   m 7 w
    2   m 4 s
>>> 3   m 9 e
    4   m 3 w
    5   m 11 s

warning: entity 0 was directed to use 7 halite to move north, but only 6 halite was available
At command 6 of 7:
    4   m 3 w
    5   m 11 s
>>> 6   m 0 n
    7   g


Turn 65
================================================================
warning: entity 11 was directed to use 3 halite to move east, but only 0 halite was available
At command 6 of 6:
    4   m 12 o
    5   m 4 n
>>> 6   m 11 e


Turn 66
================================================================
warning: entity 4 was directed to use 4 halite to move north, but only 0 halite was available
At command 1 of 5:
>>> 1   m 4 n
    2   m 12 n
    3   m 11 e


Turn 67
================================================================
warning: entity 11 was directed to use 7 halite to move east, but only 6 halite was available
At command 4 of 5:
    2   m 4 w
    3   m 3 w
>>> 4   m 11 e
    5   m 0 w


Turn 69
================================================================
warning: entity 4 was directed to use 3 halite to move south, but only 2 halite was available
At command 3 of 5:
    1   m 9 s
    2   m 12 e
>>> 3   m 4 s
    4   m 11 e
    5   m 3 e


Turn 71
================================================================
warning: entity 12 was directed to use 3 halite to move west, but only 0 halite was available
At command 1 of 4:
>>> 1   m 12 w
    2   m 4 n
    3   m 11 w

warning: entity 11 was directed to use 9 halite to move west, but only 4 halite was available
At command 3 of 4:
    1   m 12 w
    2   m 4 n
>>> 3   m 11 w
    4   m 3 n


Turn 73
================================================================
warning: entity 12 was directed to use 9 halite to move east, but only 7 halite was available
At command 1 of 3:
>>> 1   m 12 e
    2   m 3 s
    3   m 11 n


Turn 76
================================================================
warning: entity 11 was directed to use 7 halite to move north, but only 3 halite was available
At command 5 of 7:
    3   m 9 s
    4   m 0 e
>>> 5   m 11 n
    6   m 3 e
    7   m 7 o


Turn 82
================================================================
warning: entity 11 was directed to use 9 halite to move south, but only 5 halite was available
At command 5 of 6:
    3   m 7 w
    4   m 0 e
>>> 5   m 11 s
    6   m 9 w


Turn 87
================================================================
warning: entity 4 was directed to use 4 halite to move south, but only 0 halite was available
At command 5 of 5:
    3   m 11 e
    4   m 9 n
>>> 5   m 4 s


Turn 88
================================================================
warning: entity 11 was directed to use 9 halite to move south, but only 0 halite was available
At command 1 of 6:
>>> 1   m 11 s
    2   m 3 w
    3   m 4 w


Turn 91
================================================================
warning: entity 0 was directed to use 3 halite to move south, but only 0 halite was available
At command 6 of 8:
    4   m 11 w
    5   m 9 e
>>> 6   m 0 s
    7   m 15 e
    8   m 7 n


Turn 92
================================================================
warning: entity 11 was directed to use 7 halite to move south, but only 4 halite was available
At command 2 of 6:
    1   m 0 n
>>> 2   m 11 s
    3   m 3 w
    4   m 9 e


Turn 93
================================================================
warning: entity 15 was directed to use 2 halite to move north, but only 0 halite was available
At command 3 of 6:
    1   m 3 o
    2   m 11 e
>>> 3   m 15 n
    4   m 7 n
    5   m 0 s


Turn 94
================================================================
warning: entity 0 was directed to use 2 halite to move south, but only 1 halite was available
At command 6 of 6:
    4   m 15 o
    5   m 9 n
>>> 6   m 0 s


Turn 97
================================================================
warning: entity 11 was directed to use 5 halite to move south, but only 1 halite was available
At command 7 of 8:
    5   m 0 e
    6   m 3 o
>>> 7   m 11 s
    8   m 9 e


Turn 100
================================================================
warning: entity 3 was directed to use 3 halite to move south, but only 0 halite was available
At command 6 of 8:
    4   m 15 s
    5   m 7 e
>>> 6   m 3 s
    7   m 11 n
    8   m 0 s


Turn 102
================================================================
warning: entity 0 was directed to use 4 halite to move east, but only 1 halite was available
At command 5 of 7:
    3   m 15 o
    4   m 12 o
>>> 5   m 0 e
    6   m 3 e
    7   m 11 s


Turn 103
================================================================
warning: entity 11 was directed to use 3 halite to move north, but only 0 halite was available
At command 6 of 7:
    4   m 0 e
    5   m 9 w
>>> 6   m 11 n
    7   m 3 s

warning: entity 3 was directed to use 5 halite to move south, but only 2 halite was available
At command 7 of 7:
    5   m 9 w
    6   m 11 n
>>> 7   m 3 s


Turn 107
================================================================
warning: entity 0 was directed to use 2 halite to move south, but only 0 halite was available
At command 5 of 7:
    3   m 3 w
    4   m 11 o
>>> 5   m 0 s
    6   m 12 e
    7   m 4 s


Turn 109
================================================================
warning: entity 3 was directed to use 3 halite to move east, but only 0 halite was available
At command 5 of 7:
    3   m 12 o
    4   m 11 w
>>> 5   m 3 e
    6   m 0 s
    7   m 9 o


Turn 113
================================================================
warning: entity 3 was directed to use 3 halite to move east, but only 1 halite was available
At command 7 of 8:
    5   m 9 o
    6   m 0 o
>>> 7   m 3 e
    8   m 11 e


Turn 115
================================================================
warning: entity 15 was directed to use 8 halite to move south, but only 1 halite was available
At command 4 of 7:
    2   m 11 s
    3   m 9 e
>>> 4   m 15 s
    5   m 7 e
    6   m 12 o

warning: entity 7 was directed to use 1 halite to move east, but only 0 halite was available
At command 5 of 7:
    3   m 9 e
    4   m 15 s
>>> 5   m 7 e
    6   m 12 o
    7   m 0 e


Turn 116
================================================================
warning: entity 3 was directed to use 8 halite to move east, but only 7 halite was available
At command 6 of 9:
    4   m 4 e
    5   m 11 w
>>> 6   m 3 e
    7   m 9 o
    8   m 0 e

warning: entity 0 was directed to use 7 halite to move east, but only 3 halite was available
At command 8 of 9:
    6   m 3 e
    7   m 9 o
>>> 8   m 0 e
    9   g


Turn 117
================================================================
warning: entity 7 was directed to use 5 halite to move south, but only 4 halite was available
At command 6 of 9:
    4   m 16 w
    5   m 0 s
>>> 6   m 7 s
    7   m 15 e
    8   m 12 n


Turn 120
================================================================
warning: entity 11 was directed to use 3 halite to move north, but only 0 halite was available
At command 4 of 9:
    2   m 9 o
    3   m 16 w
>>> 4   m 11 n
    5   m 15 o
    6   m 0 o


Turn 121
================================================================
warning: entity 16 was directed to use 3 halite to move west, but only 0 halite was available
At command 6 of 7:
    4   m 15 w
    5   m 0 e
>>> 6   m 16 w
    7   m 12 s


Turn 123
================================================================
warning: entity 16 was directed to use 8 halite to move east, but only 6 halite was available
At command 5 of 8:
    3   m 7 n
    4   m 12 n
>>> 5   m 16 e
    6   m 9 e
    7   m 11 e

warning: entity 0 was directed to use 9 halite to move south, but only 5 halite was available
At command 8 of 8:
    6   m 9 e
    7   m 11 e
>>> 8   m 0 s


Turn 125
================================================================
warning: entity 15 was directed to use 7 halite to move north, but only 0 halite was available
At command 6 of 8:
    4   m 7 w
    5   m 4 s
>>> 6   m 15 n
    7   m 12 n
    8   m 9 n


Turn 126
================================================================
warning: entity 9 was directed to use 2 halite to move east, but only 1 halite was available
At command 9 of 9:
    7   m 7 w
    8   m 4 s
>>> 9   m 9 e


Turn 127
================================================================
warning: entity 11 was directed to use 6 halite to move south, but only 1 halite was available
At command 5 of 7:
    3   m 9 n
    4   m 0 n
>>> 5   m 11 s
    6   m 4 n
    7   m 7 w

warning: entity 7 was directed to use 5 halite to move west, but only 4 halite was available
At command 7 of 7:
    5   m 11 s
    6   m 4 n
>>> 7   m 7 w


Turn 128
================================================================
warning: entity 0 was directed to use 6 halite to move east, but only 4 halite was available
At command 6 of 7:
    4   m 12 s
    5   m 9 s
>>> 6   m 0 e
    7   m 4 w


Turn 129
================================================================
warning: entity 9 was directed to use 1 halite to move north, but only 0 halite was available
At command 5 of 6:
    3   m 12 s
    4   m 16 e
>>> 5   m 9 n
    6   m 4 e


Turn 131
================================================================
warning: entity 9 was directed to use 6 halite to move north, but only 4 halite was available
At command 2 of 6:
    1   m 16 o
>>> 2   m 9 n
    3   m 11 s
    4   m 0 n


Turn 132
================================================================
warning: entity 0 was directed to use 5 halite to move south, but only 2 halite was available
At command 6 of 8:
    4   m 9 n
    5   m 11 e
>>> 6   m 0 s
    7   m 12 o
    8   m 4 o


Turn 136
================================================================
warning: entity 11 was directed to use 3 halite to move west, but only 1 halite was available
At command 2 of 6:
    1   m 4 o
>>> 2   m 11 w
    3   m 16 w
    4   m 12 e

warning: entity 0 was directed to use 9 halite to move north, but only 2 halite was available
At command 6 of 6:
    4   m 12 e
    5   m 3 w
>>> 6   m 0 n


Turn 142
================================================================
warning: entity 11 was directed to use 8 halite to move north, but only 6 halite was available
At command 3 of 8:
    1   m 3 o
    2   m 9 e
>>> 3   m 11 n
    4   m 15 e
    5   m 16 s


Turn 143
================================================================
warning: entity 0 was directed to use 4 halite to move north, but only 2 halite was available
At command 7 of 7:
    5   m 15 s
    6   m 16 w
>>> 7   m 0 n


Turn 147
================================================================
warning: entity 0 was directed to use 4 halite to move south, but only 0 halite was available
At command 4 of 7:
    2   m 20 n
    3   m 9 w
>>> 4   m 0 s
    5   m 15 e
    6   m 7 s


Turn 149
================================================================
warning: entity 0 was directed to use 8 halite to move east, but only 7 halite was available
At command 3 of 8:
    1   m 15 s
    2   m 7 o
>>> 3   m 0 e
    4   m 16 w
    5   m 4 w


Turn 150
================================================================
warning: entity 16 was directed to use 3 halite to move north, but only 2 halite was available
At command 8 of 9:
    6   m 20 w
    7   m 15 s
>>> 8   m 16 n
    9   m 4 w


Turn 151
================================================================
warning: entity 20 was directed to use 2 halite to move west, but only 1 halite was available
At command 7 of 8:
    5   m 3 s
    6   m 4 o
>>> 7   m 20 w
    8   m 15 n

warning: entity 15 was directed to use 2 halite to move north, but only 0 halite was available
At command 8 of 8:
    6   m 4 o
    7   m 20 w
>>> 8   m 15 n


Turn 153
================================================================
warning: entity 16 was directed to use 5 halite to move south, but only 2 halite was available
At command 2 of 8:
    1   m 4 n
>>> 2   m 16 s
    3   m 0 n
    4   m 20 e

warning: entity 20 was directed to use 6 halite to move east, but only 5 halite was available
At command 4 of 8:
    2   m 16 s
    3   m 0 n
>>> 4   m 20 e
    5   m 15 o
    6   m 7 o


Turn 156
================================================================
warning: entity 0 was directed to use 2 halite to move west, but only 1 halite was available
At command 6 of 6:
    4   m 15 s
    5   m 7 o
>>> 6   m 0 w


Turn 158
================================================================
warning: entity 9 was directed to use 1 halite to move south, but only 0 halite was available
At command 5 of 6:
    3   m 0 n
    4   m 3 s
>>> 5   m 9 s
    6   m 15 o


Turn 159
================================================================
warning: entity 3 was directed to use 3 halite to move south, but only 1 halite was available
At command 6 of 6:
    4   m 7 e
    5   m 0 n
>>> 6   m 3 s


Turn 160
================================================================
warning: entity 0 was directed to use 8 halite to move east, but only 5 halite was available
At command 8 of 8:
    6   m 15 s
    7   m 7 s
>>> 8   m 0 e


Turn 161
================================================================
warning: entity 7 was directed to use 2 halite to move north, but only 0 halite was available
At command 4 of 8:
    2   m 11 e
    3   m 16 w
>>> 4   m 7 n
    5   m 3 e
    6   m 4 n

warning: entity 3 was directed to use 9 halite to move east, but only 7 halite was available
At command 5 of 8:
    3   m 16 w
    4   m 7 n
>>> 5   m 3 e
    6   m 4 n
    7   m 9 w


Turn 162
================================================================
warning: entity 9 was directed to use 5 halite to move west, but only 3 halite was available
At command 8 of 9:
    6   m 11 e
    7   m 16 w
>>> 8   m 9 w
    9   m 4 w


Turn 168
================================================================
warning: entity 9 was directed to use 9 halite to move west, but only 5 halite was available
At command 9 of 11:
    7   m 22 s
    8   m 15 e
>>> 9   m 9 w
    10   m 7 e
    11   g


Turn 169
================================================================
warning: entity 7 was directed to use 3 halite to move east, but only 1 halite was available
At command 4 of 9:
    2   m 9 e
    3   m 4 n
>>> 4   m 7 e
    5   m 20 s
    6   m 16 n


Turn 172
================================================================
warning: entity 7 was directed to use 2 halite to move east, but only 1 halite was available
At command 8 of 10:
    6   m 20 o
    7   m 9 w
>>> 8   m 7 e
    9   m 15 n
    10   m 16 e


Turn 174
================================================================
warning: entity 22 was directed to use 9 halite to move north, but only 0 halite was available
At command 9 of 10:
    7   m 11 o
    8   m 16 n
>>> 9   m 22 n
    10   m 9 w

warning: entity 9 was directed to use 6 halite to move west, but only 3 halite was available
At command 10 of 10:
    8   m 16 n
    9   m 22 n
>>> 10   m 9 w


Turn 175
================================================================
warning: entity 7 was directed to use 2 halite to move south, but only 0 halite was available
At command 10 of 11:
    8   m 16 n
    9   m 4 s
>>> 10   m 7 s
    11   m 15 e


Turn 178
================================================================
warning: entity 11 was directed to use 1 halite to move south, but only 0 halite was available
At command 7 of 11:
    5   m 22 n
    6   m 4 n
>>> 7   m 11 s
    8   m 16 n
    9   m 15 w


Turn 181
================================================================
warning: entity 20 was directed to use 1 halite to move east, but only 0 halite was available
At command 3 of 10:
    1   m 3 w
    2   m 4 s
>>> 3   m 20 e
    4   m 23 e
    5   m 15 e

warning: entity 22 was directed to use 7 halite to move west, but only 1 halite was available
At command 6 of 10:
    4   m 23 e
    5   m 15 e
>>> 6   m 22 w
    7   m 11 s
    8   m 24 s


Turn 182
================================================================
warning: entity 4 was directed to use 6 halite to move west, but only 3 halite was available
At command 4 of 10:
    2   m 22 e
    3   m 3 s
>>> 4   m 4 w
    5   m 24 o
    6   m 23 s

warning: entity 11 was directed to use 2 halite to move north, but only 1 halite was available
At command 8 of 10:
    6   m 23 s
    7   m 15 n
>>> 8   m 11 n
    9   m 16 n
    10   m 0 e


Turn 183
================================================================
warning: entity 15 was directed to use 7 halite to move west, but only 0 halite was available
At command 10 of 11:
    8   m 23 e
    9   m 16 e
>>> 10   m 15 w
    11   m 0 o


Turn 184
================================================================
warning: entity 11 was directed to use 9 halite to move east, but only 6 halite was available
At command 7 of 11:
    5   m 4 w
    6   m 23 s
>>> 7   m 11 e
    8   m 20 w
    9   m 3 e


Turn 186
================================================================
warning: entity 15 was directed to use 8 halite to move south, but only 4 halite was available
At command 6 of 10:
    4   m 20 s
    5   m 7 w
>>> 6   m 15 s
    7   m 0 n
    8   m 16 w

warning: entity 0 was directed to use 1 halite to move north, but only 0 halite was available
At command 7 of 10:
    5   m 7 w
    6   m 15 s
>>> 7   m 0 n
    8   m 16 w
    9   m 4 s


Turn 188
================================================================
warning: entity 4 was directed to use 6 halite to move east, but only 1 halite was available
At command 5 of 12:
    3   m 20 w
    4   m 9 e
>>> 5   m 4 e
    6   m 23 n
    7   m 24 n


Turn 189
================================================================
warning: entity 20 was directed to use 7 halite to move south, but only 2 halite was available
At command 6 of 11:
    4   m 7 e
    5   m 11 s
>>> 6   m 20 s
    7   m 23 n
    8   m 24 s

warning: entity 26 was directed to use 3 halite to move west, but only 0 halite was available
At command 11 of 11:
    9   m 15 e
    10   m 0 n
>>> 11   m 26 w


Turn 190
================================================================
warning: entity 15 was directed to use 8 halite to move east, but only 7 halite was available
At command 8 of 12:
    6   m 16 w
    7   m 3 e
>>> 8   m 15 e
    9   m 7 n
    10   m 11 n

warning: entity 0 was directed to use 6 halite to move west, but only 0 halite was available
At command 12 of 12:
    10   m 11 n
    11   m 24 o
>>> 12   m 0 w


Turn 192
================================================================
warning: entity 11 was directed to use 5 halite to move west, but only 1 halite was available
At command 8 of 9:
    6   m 0 o
    7   m 9 s
>>> 8   m 11 w
    9   m 4 w

warning: entity 4 was directed to use 5 halite to move west, but only 2 halite was available
At command 9 of 9:
    7   m 9 s
    8   m 11 w
>>> 9   m 4 w


Turn 195
================================================================
warning: entity 4 was directed to use 9 halite to move west, but only 7 halite was available
At command 3 of 10:
    1   m 23 w
    2   m 11 e
>>> 3   m 4 w
    4   m 7 e
    5   m 26 w


Turn 198
================================================================
warning: entity 26 was directed to use 5 halite to move east, but only 2 halite was available
At command 10 of 13:
    8   m 7 e
    9   m 20 s
>>> 10   m 26 e
    11   m 23 s
    12   m 11 w

warning: entity 23 was directed to use 3 halite to move south, but only 1 halite was available
At command 11 of 13:
    9   m 20 s
    10   m 26 e
>>> 11   m 23 s
    12   m 11 w
    13   m 24 n

warning: entity 24 was directed to use 9 halite to move north, but only 2 halite was available
At command 13 of 13:
    11   m 23 s
    12   m 11 w
>>> 13   m 24 n


Turn 200
================================================================
warning: entity 4 was directed to use 6 halite to move east, but only 4 halite was available
At command 4 of 11:
    2   m 23 s
    3   m 24 n
>>> 4   m 4 e
    5   m 20 e
    6   m 7 s

warning: entity 20 was directed to use 7 halite to move east, but only 2 halite was available
At command 5 of 11:
    3   m 24 n
    4   m 4 e
>>> 5   m 20 e
    6   m 7 s
    7   m 0 w


Turn 201
================================================================
warning: entity 11 was directed to use 6 halite to move west, but only 1 halite was available
At command 8 of 12:
    6   m 23 e
    7   m 24 n
>>> 8   m 11 w
    9   m 7 o
    10   m 0 w

warning: entity 9 was directed to use 1 halite to move east, but only 0 halite was available
At command 12 of 12:
    10   m 0 w
    11   m 22 w
>>> 12   m 9 e


Turn 202
================================================================
warning: entity 23 was directed to use 9 halite to move east, but only 2 halite was available
At command 9 of 12:
    7   m 16 n
    8   m 15 e
>>> 9   m 23 e
    10   m 24 w
    11   m 0 s


Turn 204
================================================================
warning: entity 4 was directed to use 8 halite to move south, but only 4 halite was available
At command 7 of 11:
    5   m 7 n
    6   m 24 s
>>> 7   m 4 s
    8   m 9 e
    9   m 3 e


Turn 208
================================================================
warning: entity 4 was directed to use 8 halite to move east, but only 5 halite was available
At command 10 of 12:
    8   m 15 e
    9   m 16 w
>>> 10   m 4 e
    11   m 9 o
    12   m 0 w


Turn 209
================================================================
warning: entity 11 was directed to use 4 halite to move north, but only 3 halite was available
At command 8 of 10:
    6   m 22 s
    7   m 23 e
>>> 8   m 11 n
    9   m 16 n
    10   m 15 w


Turn 212
================================================================
warning: entity 23 was directed to use 6 halite to move west, but only 2 halite was available
At command 7 of 10:
    5   m 11 n
    6   m 20 e
>>> 7   m 23 w
    8   m 7 s
    9   m 9 s

warning: entity 9 was directed to use 3 halite to move south, but only 2 halite was available
At command 9 of 10:
    7   m 23 w
    8   m 7 s
>>> 9   m 9 s
    10   m 4 n


Turn 213
================================================================
warning: entity 24 was directed to use 6 halite to move east, but only 0 halite was available
At command 8 of 13:
    6   m 9 n
    7   m 16 w
>>> 8   m 24 e
    9   m 15 w
    10   m 11 s


Turn 217
================================================================
warning: entity 24 was directed to use 6 halite to move west, but only 0 halite was available
At command 8 of 11:
    6   m 3 w
    7   m 11 s
>>> 8   m 24 w
    9   m 22 o
    10   m 15 e


Turn 219
================================================================
warning: entity 16 was directed to use 3 halite to move east, but only 1 halite was available
At command 10 of 12:
    8   m 7 w
    9   m 9 w
>>> 10   m 16 e
    11   m 3 w
    12   g


Turn 220
================================================================
warning: entity 11 was directed to use 4 halite to move north, but only 0 halite was available
At command 7 of 12:
    5   m 22 w
    6   m 9 o
>>> 7   m 11 n
    8   m 23 w
    9   m 15 o


Turn 221
================================================================
warning: entity 23 was directed to use 7 halite to move south, but only 0 halite was available
At command 12 of 14:
    10   m 16 n
    11   m 3 o
>>> 12   m 23 s
    13   m 22 s
    14   m 29 o


Turn 223
================================================================
warning: entity 16 was directed to use 7 halite to move east, but only 5 halite was available
At command 12 of 12:
    10   m 24 s
    11   m 26 s
>>> 12   m 16 e


Turn 224
================================================================
warning: entity 11 was directed to use 7 halite to move south, but only 3 halite was available
At command 10 of 12:
    8   m 15 o
    9   m 7 e
>>> 10   m 11 s
    11   m 22 e
    12   m 26 s


Turn 226
================================================================
warning: entity 15 was directed to use 2 halite to move west, but only 1 halite was available
At command 8 of 14:
    6   m 23 w
    7   m 29 s
>>> 8   m 15 w
    9   m 26 o
    10   m 16 n

warning: entity 22 was directed to use 1 halite to move north, but only 0 halite was available
At command 14 of 14:
    12   m 7 n
    13   m 24 e
>>> 14   m 22 n


Turn 228
================================================================
warning: entity 24 was directed to use 5 halite to move north, but only 4 halite was available
At command 11 of 13:
    9   m 20 o
    10   m 4 w
>>> 11   m 24 n
    12   m 23 e
    13   m 31 w


Turn 229
================================================================
warning: entity 16 was directed to use 8 halite to move west, but only 0 halite was available
At command 13 of 14:
    11   m 29 w
    12   m 23 o
>>> 13   m 16 w
    14   m 4 s


Turn 231
================================================================
warning: entity 22 was directed to use 7 halite to move west, but only 5 halite was available
At command 9 of 14:
    7   m 31 w
    8   m 16 w
>>> 9   m 22 w
    10   m 20 n
    11   m 24 s


Turn 232
================================================================
warning: entity 31 was directed to use 5 halite to move south, but only 0 halite was available
At command 9 of 13:
    7   m 26 o
    8   m 0 n
>>> 9   m 31 s
    10   m 20 o
    11   m 24 e


Turn 233
================================================================
warning: entity 29 was directed to use 3 halite to move east, but only 1 halite was available
At command 10 of 13:
    8   m 3 n
    9   m 7 e
>>> 10   m 29 e
    11   m 0 e
    12   m 24 e

warning: entity 24 was directed to use 3 halite to move east, but only 0 halite was available
At command 12 of 13:
    10   m 29 e
    11   m 0 e
>>> 12   m 24 e
    13   m 4 w


Turn 235
================================================================
warning: entity 24 was directed to use 9 halite to move south, but only 7 halite was available
At command 7 of 12:
    5   m 29 e
    6   m 31 n
>>> 7   m 24 s
    8   m 22 n
    9   m 4 w

warning: entity 22 was directed to use 9 halite to move north, but only 4 halite was available
At command 8 of 12:
    6   m 31 n
    7   m 24 s
>>> 8   m 22 n
    9   m 4 w
    10   m 3 n

warning: entity 3 was directed to use 1 halite to move north, but only 0 halite was available
At command 10 of 12:
    8   m 22 n
    9   m 4 w
>>> 10   m 3 n
    11   m 7 n
    12   m 15 s


Turn 236
================================================================
warning: entity 23 was directed to use 8 halite to move south, but only 2 halite was available
At command 7 of 14:
    5   m 0 s
    6   m 15 s
>>> 7   m 23 s
    8   m 20 o
    9   m 26 n

warning: entity 26 was directed to use 2 halite to move north, but only 0 halite was available
At command 9 of 14:
    7   m 23 s
    8   m 20 o
>>> 9   m 26 n
    10   m 31 s
    11   m 29 s


Turn 237
================================================================
warning: entity 31 was directed to use 3 halite to move east, but only 2 halite was available
At command 9 of 13:
    7   m 11 e
    8   m 7 w
>>> 9   m 31 e
    10   m 3 e
    11   m 15 e


Turn 238
================================================================
warning: entity 29 was directed to use 5 halite to move south, but only 4 halite was available
At command 13 of 14:
    11   m 0 s
    12   m 11 s
>>> 13   m 29 s
    14   m 3 o


Turn 240
================================================================
warning: entity 20 was directed to use 2 halite to move east, but only 0 halite was available
At command 9 of 13:
    7   m 4 e
    8   m 33 w
>>> 9   m 20 e
    10   m 22 n
    11   m 0 s


Turn 241
================================================================
warning: entity 23 was directed to use 5 halite to move east, but only 0 halite was available
At command 15 of 15:
    13   m 4 w
    14   m 33 s
>>> 15   m 23 e


Turn 242
================================================================
warning: entity 20 was directed to use 7 halite to move north, but only 5 halite was available
At command 9 of 14:
    7   m 26 w
    8   m 7 n
>>> 9   m 20 n
    10   m 22 o
    11   m 29 o


Turn 243
================================================================
warning: entity 4 was directed to use 9 halite to move south, but only 5 halite was available
At command 11 of 13:
    9   m 7 n
    10   m 11 s
>>> 11   m 4 s
    12   m 15 o
    13   m 33 n


Turn 246
================================================================
warning: entity 26 was directed to use 9 halite to move south, but only 4 halite was available
At command 8 of 14:
    6   m 0 n
    7   m 33 w
>>> 8   m 26 s
    9   m 16 n
    10   m 22 n


Turn 247
================================================================
warning: entity 0 was directed to use 1 halite to move west, but only 0 halite was available
At command 10 of 14:
    8   m 31 e
    9   m 9 o
>>> 10   m 0 w
    11   m 33 s
    12   m 22 s


Turn 248
================================================================
warning: entity 23 was directed to use 7 halite to move east, but only 0 halite was available
At command 9 of 13:
    7   m 3 e
    8   m 31 s
>>> 9   m 23 e
    10   m 20 s
    11   m 33 w


Turn 249
================================================================
warning: entity 0 was directed to use 6 halite to move north, but only 4 halite was available
At command 7 of 15:
    5   m 9 w
    6   m 3 s
>>> 7   m 0 n
    8   m 16 s
    9   m 33 s

warning: entity 4 was directed to use 7 halite to move west, but only 0 halite was available
At command 14 of 15:
    12   m 22 n
    13   m 31 e
>>> 14   m 4 w
    15   m 29 w


Turn 251
================================================================
warning: entity 29 was directed to use 2 halite to move south, but only 1 halite was available
At command 6 of 13:
    4   m 23 s
    5   m 16 w
>>> 6   m 29 s
    7   m 15 e
    8   m 24 n


Turn 252
================================================================
warning: entity 33 was directed to use 1 halite to move north, but only 0 halite was available
At command 4 of 12:
    2   m 11 n
    3   m 20 e
>>> 4   m 33 n
    5   m 7 w
    6   m 22 e


Turn 253
================================================================
warning: entity 15 was directed to use 6 halite to move east, but only 0 halite was available
At command 8 of 13:
    6   m 22 n
    7   m 16 w
>>> 8   m 15 e
    9   m 3 e
    10   m 9 s


Turn 254
================================================================
warning: entity 20 was directed to use 5 halite to move north, but only 2 halite was available
At command 6 of 13:
    4   m 7 w
    5   m 11 e
>>> 6   m 20 n
    7   m 22 w
    8   m 16 n


Turn 255
================================================================
warning: entity 22 was directed to use 2 halite to move north, but only 0 halite was available
At command 12 of 15:
    10   m 29 n
    11   m 11 e
>>> 12   m 22 n
    13   m 16 n
    14   m 3 w

warning: entity 3 was directed to use 6 halite to move west, but only 0 halite was available
At command 14 of 15:
    12   m 22 n
    13   m 16 n
>>> 14   m 3 w
    15   m 34 n


Turn 257
================================================================
warning: entity 15 was directed to use 7 halite to move south, but only 2 halite was available
At command 12 of 14:
    10   m 34 n
    11   m 20 w
>>> 12   m 15 s
    13   m 29 s
    14   m 11 w


Turn 258
================================================================
warning: entity 3 was directed to use 9 halite to move east, but only 7 halite was available
At command 7 of 15:
    5   m 26 n
    6   m 22 s
>>> 7   m 3 e
    8   m 4 s
    9   m 11 w


Turn 259
================================================================
warning: entity 20 was directed to use 6 halite to move north, but only 5 halite was available
At command 5 of 13:
    3   m 3 w
    4   m 24 w
>>> 5   m 20 n
    6   m 11 e
    7   m 15 n

warning: entity 34 was directed to use 2 halite to move east, but only 0 halite was available
At command 10 of 13:
    8   m 29 e
    9   m 7 e
>>> 10   m 34 e
    11   m 22 w
    12   m 9 w

warning: entity 9 was directed to use 6 halite to move west, but only 0 halite was available
At command 12 of 13:
    10   m 34 e
    11   m 22 w
>>> 12   m 9 w
    13   m 31 e


Turn 262
================================================================
warning: entity 33 was directed to use 9 halite to move south, but only 1 halite was available
At command 12 of 16:
    10   m 0 o
    11   m 34 o
>>> 12   m 33 s
    13   m 11 e
    14   m 3 n


Turn 263
================================================================
warning: entity 20 was directed to use 6 halite to move east, but only 3 halite was available
At command 12 of 14:
    10   m 22 e
    11   m 15 n
>>> 12   m 20 e
    13   m 11 s
    14   m 3 w


Turn 264
================================================================
warning: entity 15 was directed to use 5 halite to move south, but only 1 halite was available
At command 6 of 15:
    4   m 29 w
    5   m 4 o
>>> 6   m 15 s
    7   m 0 o
    8   m 3 o


Turn 266
================================================================
warning: entity 34 was directed to use 8 halite to move east, but only 1 halite was available
At command 10 of 16:
    8   m 15 n
    9   m 0 o
>>> 10   m 34 e
    11   m 26 e
    12   m 9 o

warning: entity 33 was directed to use 5 halite to move north, but only 3 halite was available
At command 14 of 16:
    12   m 9 o
    13   m 7 o
>>> 14   m 33 n
    15   m 22 o
    16   m 11 s


Turn 267
================================================================
warning: entity 29 was directed to use 4 halite to move east, but only 2 halite was available
At command 14 of 16:
    12   m 16 o
    13   m 26 s
>>> 14   m 29 e
    15   m 4 o
    16   m 15 s


Turn 268
================================================================
warning: entity 15 was directed to use 4 halite to move east, but only 3 halite was available
At command 17 of 17:
    15   m 26 s
    16   m 31 n
>>> 17   m 15 e


Turn 270
================================================================
warning: entity 34 was directed to use 7 halite to move east, but only 3 halite was available
At command 16 of 17:
    14   m 29 n
    15   m 20 w
>>> 16   m 34 e
    17   m 33 w

warning: entity 33 was directed to use 5 halite to move west, but only 1 halite was available
At command 17 of 17:
    15   m 20 w
    16   m 34 e
>>> 17   m 33 w


Turn 272
================================================================
warning: entity 15 was directed to use 4 halite to move north, but only 2 halite was available
At command 11 of 17:
    9   m 26 o
    10   m 22 s
>>> 11   m 15 n
    12   m 33 n
    13   m 20 n

warning: entity 29 was directed to use 1 halite to move north, but only 0 halite was available
At command 15 of 17:
    13   m 20 n
    14   m 31 o
>>> 15   m 29 n
    16   m 9 w
    17   m 23 w


Turn 273
================================================================
warning: entity 33 was directed to use 4 halite to move west, but only 3 halite was available
At command 13 of 16:
    11   m 22 n
    12   m 11 w
>>> 13   m 33 w
    14   m 20 n
    15   m 9 n


Turn 274
================================================================
warning: entity 34 was directed to use 6 halite to move north, but only 1 halite was available
At command 14 of 16:
    12   m 31 n
    13   m 9 n
>>> 14   m 34 n
    15   m 11 w
    16   m 20 n

warning: entity 20 was directed to use 2 halite to move north, but only 0 halite was available
At command 16 of 16:
    14   m 34 n
    15   m 11 w
>>> 16   m 20 n


Turn 277
================================================================
warning: entity 22 was directed to use 4 halite to move west, but only 0 halite was available
At command 12 of 17:
    10   m 15 e
    11   m 26 o
>>> 12   m 22 w
    13   m 31 o
    14   m 33 w


Turn 278
================================================================
warning: entity 34 was directed to use 9 halite to move east, but only 1 halite was available
At command 8 of 17:
    6   m 23 w
    7   m 16 w
>>> 8   m 34 e
    9   m 24 e
    10   m 4 e

warning: entity 20 was directed to use 2 halite to move south, but only 1 halite was available
At command 13 of 17:
    11   m 29 e
    12   m 9 e
>>> 13   m 20 s
    14   m 15 n
    15   m 33 s


Turn 279
================================================================
warning: entity 9 was directed to use 6 halite to move south, but only 2 halite was available
At command 13 of 15:
    11   m 16 e
    12   m 29 w
>>> 13   m 9 s
    14   m 33 n
    15   m 11 w


Turn 281
================================================================
warning: entity 20 was directed to use 3 halite to move north, but only 1 halite was available
At command 9 of 15:
    7   m 33 n
    8   m 31 w
>>> 9   m 20 n
    10   m 0 s
    11   m 34 e

warning: entity 22 was directed to use 5 halite to move north, but only 1 halite was available
At command 12 of 15:
    10   m 0 s
    11   m 34 e
>>> 12   m 22 n
    13   m 24 n
    14   m 16 e


Turn 282
================================================================
warning: entity 33 was directed to use 3 halite to move east, but only 0 halite was available
At command 5 of 15:
    3   m 20 s
    4   m 22 s
>>> 5   m 33 e
    6   m 23 w
    7   m 31 s


Turn 283
================================================================
warning: entity 20 was directed to use 9 halite to move north, but only 7 halite was available
At command 8 of 15:
    6   m 4 n
    7   m 23 e
>>> 8   m 20 n
    9   m 11 s
    10   m 22 e

warning: entity 34 was directed to use 7 halite to move north, but only 3 halite was available
At command 12 of 15:
    10   m 22 e
    11   m 0 o
>>> 12   m 34 n
    13   m 9 s
    14   m 24 o


Turn 284
================================================================
warning: entity 33 was directed to use 8 halite to move east, but only 6 halite was available
At command 8 of 16:
    6   m 26 n
    7   m 22 w
>>> 8   m 33 e
    9   m 16 n
    10   m 11 e

warning: entity 9 was directed to use 6 halite to move east, but only 4 halite was available
At command 14 of 16:
    12   m 4 w
    13   m 23 n
>>> 14   m 9 e
    15   m 29 n
    16   g


Turn 286
================================================================
warning: entity 22 was directed to use 5 halite to move south, but only 1 halite was available
At command 13 of 15:
    11   m 34 n
    12   m 26 s
>>> 13   m 22 s
    14   m 24 w
    15   m 16 n

warning: entity 24 was directed to use 2 halite to move west, but only 0 halite was available
At command 14 of 15:
    12   m 26 s
    13   m 22 s
>>> 14   m 24 w
    15   m 16 n


Turn 287
================================================================
warning: entity 34 was directed to use 9 halite to move south, but only 7 halite was available
At command 15 of 18:
    13   m 9 n
    14   m 3 s
>>> 15   m 34 s
    16   m 26 e
    17   m 16 e

warning: entity 16 was directed to use 2 halite to move east, but only 1 halite was available
At command 17 of 18:
    15   m 34 s
    16   m 26 e
>>> 17   m 16 e
    18   g


Turn 288
================================================================
warning: entity 33 was directed to use 7 halite to move south, but only 6 halite was available
At command 12 of 18:
    10   m 0 n
    11   m 24 o
>>> 12   m 33 s
    13   m 38 e
    14   m 11 s

warning: entity 20 was directed to use 4 halite to move north, but only 3 halite was available
At command 15 of 18:
    13   m 38 e
    14   m 11 s
>>> 15   m 20 n
    16   m 9 n
    17   m 3 n


Turn 289
================================================================
warning: entity 26 was directed to use 1 halite to move east, but only 0 halite was available
At command 9 of 17:
    7   m 4 s
    8   m 39 s
>>> 9   m 26 e
    10   m 16 n
    11   m 29 s

warning: entity 16 was directed to use 8 halite to move north, but only 7 halite was available
At command 10 of 17:
    8   m 39 s
    9   m 26 e
>>> 10   m 16 n
    11   m 29 s
    12   m 11 o


Turn 290
================================================================
warning: entity 0 was directed to use 3 halite to move west, but only 0 halite was available
At command 13 of 17:
    11   m 4 w
    12   m 29 w
>>> 13   m 0 w
    14   m 3 e
    15   m 38 w


Turn 291
================================================================
warning: entity 9 was directed to use 9 halite to move north, but only 3 halite was available
At command 17 of 17:
    15   m 29 o
    16   m 38 o
>>> 17   m 9 n


Turn 293
================================================================
warning: entity 20 was directed to use 3 halite to move west, but only 1 halite was available
At command 16 of 20:
    14   m 26 s
    15   m 16 s
>>> 16   m 20 w
    17   m 24 n
    18   m 11 w

warning: entity 33 was directed to use 6 halite to move east, but only 5 halite was available
At command 19 of 20:
    17   m 24 n
    18   m 11 w
>>> 19   m 33 e
    20   m 39 s


Turn 294
================================================================
warning: entity 26 was directed to use 2 halite to move east, but only 1 halite was available
At command 6 of 19:
    4   m 33 n
    5   m 22 o
>>> 6   m 26 e
    7   m 4 s
    8   m 31 e


Turn 295
================================================================
warning: entity 7 was directed to use 3 halite to move north, but only 0 halite was available
At command 6 of 19:
    4   m 24 o
    5   m 16 n
>>> 6   m 7 n
    7   m 31 e
    8   m 29 w


Turn 296
================================================================
warning: entity 20 was directed to use 5 halite to move south, but only 3 halite was available
At command 8 of 19:
    6   m 22 e
    7   m 29 n
>>> 8   m 20 s
    9   m 34 s
    10   m 16 w


Turn 297
================================================================
warning: entity 38 was directed to use 3 halite to move north, but only 1 halite was available
At command 17 of 19:
    15   m 23 e
    16   m 11 n
>>> 17   m 38 n
    18   m 33 e
    19   m 9 w


Turn 298
================================================================
warning: entity 7 was directed to use 8 halite to move south, but only 2 halite was available
At command 7 of 19:
    5   m 41 s
    6   m 20 o
>>> 7   m 7 s
    8   m 24 e
    9   m 4 e

warning: entity 33 was directed to use 4 halite to move south, but only 3 halite was available
At command 18 of 19:
    16   m 23 o
    17   m 11 s
>>> 18   m 33 s
    19   m 9 s


Turn 299
================================================================
warning: entity 41 was directed to use 1 halite to move south, but only 0 halite was available
At command 8 of 19:
    6   m 26 o
    7   m 38 n
>>> 8   m 41 s
    9   m 39 w
    10   m 4 s


Turn 300
================================================================
warning: entity 38 was directed to use 8 halite to move east, but only 3 halite was available
At command 16 of 20:
    14   m 4 n
    15   m 15 n
>>> 16   m 38 e
    17   m 16 s
    18   m 0 n

warning: entity 9 was directed to use 6 halite to move south, but only 1 halite was available
At command 20 of 20:
    18   m 0 n
    19   m 3 n
>>> 20   m 9 s


Turn 302
================================================================
warning: entity 7 was directed to use 9 halite to move south, but only 7 halite was available
At command 12 of 18:
    10   m 22 e
    11   m 15 e
>>> 12   m 7 s
    13   m 11 e
    14   m 29 e

warning: entity 33 was directed to use 8 halite to move north, but only 6 halite was available
At command 16 of 18:
    14   m 29 e
    15   m 3 e
>>> 16   m 33 n
    17   m 16 n
    18   m 0 n


Turn 303
================================================================
warning: entity 0 was directed to use 2 halite to move east, but only 1 halite was available
At command 11 of 19:
    9   m 34 w
    10   m 11 w
>>> 11   m 0 e
    12   m 39 e
    13   m 9 e


Turn 304
================================================================
warning: entity 39 was directed to use 3 halite to move south, but only 0 halite was available
At command 7 of 19:
    5   m 11 w
    6   m 7 w
>>> 7   m 39 s
    8   m 33 n
    9   m 4 n

warning: entity 29 was directed to use 2 halite to move south, but only 0 halite was available
At command 18 of 19:
    16   m 24 w
    17   m 22 w
>>> 18   m 29 s
    19   m 16 n


Turn 306
================================================================
warning: entity 29 was directed to use 6 halite to move north, but only 5 halite was available
At command 8 of 19:
    6   m 22 o
    7   m 3 n
>>> 8   m 29 n
    9   m 11 e
    10   m 26 n

warning: entity 9 was directed to use 5 halite to move north, but only 1 halite was available
At command 12 of 19:
    10   m 26 n
    11   m 4 o
>>> 12   m 9 n
    13   m 24 w
    14   m 20 e


Turn 307
================================================================
warning: entity 0 was directed to use 4 halite to move south, but only 3 halite was available
At command 12 of 19:
    10   m 39 w
    11   m 26 w
>>> 12   m 0 s
    13   m 34 n
    14   m 7 o


Turn 308
================================================================
warning: entity 39 was directed to use 4 halite to move east, but only 2 halite was available
At command 13 of 19:
    11   m 16 w
    12   m 31 n
>>> 13   m 39 e
    14   m 41 o
    15   m 26 e

warning: entity 20 was directed to use 5 halite to move west, but only 2 halite was available
At command 19 of 19:
    17   m 3 n
    18   m 11 n
>>> 19   m 20 w


Turn 310
================================================================
warning: entity 7 was directed to use 9 halite to move south, but only 6 halite was available
At command 13 of 19:
    11   m 0 w
    12   m 20 e
>>> 13   m 7 s
    14   m 23 n
    15   m 4 n


Turn 311
================================================================
warning: entity 0 was directed to use 3 halite to move south, but only 1 halite was available
At command 14 of 18:
    12   m 38 n
    13   m 15 w
>>> 14   m 0 s
    15   m 20 e
    16   m 23 o


Turn 313
================================================================
warning: entity 39 was directed to use 3 halite to move south, but only 2 halite was available
At command 7 of 18:
    5   m 33 s
    6   m 24 w
>>> 7   m 39 s
    8   m 23 e
    9   m 26 o


Turn 315
================================================================
warning: entity 16 was directed to use 4 halite to move north, but only 1 halite was available
At command 5 of 18:
    3   m 41 n
    4   m 31 n
>>> 5   m 16 n
    6   m 0 s
    7   m 39 n

warning: entity 0 was directed to use 7 halite to move south, but only 1 halite was available
At command 6 of 18:
    4   m 31 n
    5   m 16 n
>>> 6   m 0 s
    7   m 39 n
    8   m 26 w

warning: entity 24 was directed to use 3 halite to move north, but only 1 halite was available
At command 11 of 18:
    9   m 33 s
    10   m 3 s
>>> 11   m 24 n
    12   m 9 s
    13   m 11 s


Turn 316
================================================================
warning: entity 39 was directed to use 7 halite to move north, but only 1 halite was available
At command 9 of 17:
    7   m 3 w
    8   m 31 s
>>> 9   m 39 n
    10   m 26 o
    11   m 33 s


Turn 318
================================================================
warning: entity 24 was directed to use 6 halite to move west, but only 4 halite was available
At command 10 of 17:
    8   m 0 s
    9   m 34 e
>>> 10   m 24 w
    11   m 3 s
    12   m 41 e


Turn 320
================================================================
warning: entity 0 was directed to use 3 halite to move west, but only 0 halite was available
At command 7 of 15:
    5   m 23 n
    6   m 11 w
>>> 7   m 0 w
    8   m 39 w
    9   m 4 e

warning: entity 29 was directed to use 8 halite to move west, but only 4 halite was available
At command 15 of 15:
    13   m 31 o
    14   m 9 s
>>> 15   m 29 w


Turn 321
================================================================
warning: entity 41 was directed to use 3 halite to move east, but only 2 halite was available
At command 7 of 17:
    5   m 29 w
    6   m 24 w
>>> 7   m 41 e
    8   m 15 w
    9   m 26 w

warning: entity 9 was directed to use 2 halite to move east, but only 1 halite was available
At command 17 of 17:
    15   m 38 o
    16   m 34 s
>>> 17   m 9 e


Turn 322
================================================================
warning: entity 24 was directed to use 7 halite to move south, but only 1 halite was available
At command 9 of 18:
    7   m 26 e
    8   m 0 n
>>> 9   m 24 s
    10   m 22 n
    11   m 31 e


Turn 323
================================================================
warning: entity 0 was directed to use 5 halite to move east, but only 3 halite was available
At command 12 of 16:
    10   m 38 o
    11   m 34 o
>>> 12   m 0 e
    13   m 15 w
    14   m 23 n


Turn 325
================================================================
warning: entity 26 was directed to use 6 halite to move west, but only 4 halite was available
At command 5 of 17:
    3   m 4 s
    4   m 41 w
>>> 5   m 26 w
    6   m 38 w
    7   m 33 e


Turn 326
================================================================
warning: entity 23 was directed to use 2 halite to move north, but only 0 halite was available
At command 12 of 15:
    10   m 39 s
    11   m 0 s
>>> 12   m 23 n
    13   m 9 e
    14   m 31 s

warning: entity 9 was directed to use 2 halite to move east, but only 0 halite was available
At command 13 of 15:
    11   m 0 s
    12   m 23 n
>>> 13   m 9 e
    14   m 31 s
    15   m 11 w

warning: entity 31 was directed to use 2 halite to move south, but only 1 halite was available
At command 14 of 15:
    12   m 23 n
    13   m 9 e
>>> 14   m 31 s
    15   m 11 w


Turn 327
================================================================
warning: entity 0 was directed to use 9 halite to move east, but only 1 halite was available
At command 15 of 16:
    13   m 33 o
    14   m 34 e
>>> 15   m 0 e
    16   m 39 n

warning: entity 39 was directed to use 3 halite to move north, but only 0 halite was available
At command 16 of 16:
    14   m 34 e
    15   m 0 e
>>> 16   m 39 n


Turn 329
================================================================
warning: entity 31 was directed to use 1 halite to move east, but only 0 halite was available
At command 4 of 18:
    2   m 33 s
    3   m 11 n
>>> 4   m 31 e
    5   m 16 s
    6   m 26 s


Turn 330
================================================================
warning: entity 41 was directed to use 2 halite to move east, but only 0 halite was available
At command 17 of 18:
    15   m 23 n
    16   m 29 s
>>> 17   m 41 e
    18   m 34 n


Turn 331
================================================================
warning: entity 31 was directed to use 5 halite to move south, but only 4 halite was available
At command 3 of 17:
    1   m 41 n
    2   m 15 e
>>> 3   m 31 s
    4   m 38 w
    5   m 22 s

warning: entity 0 was directed to use 7 halite to move south, but only 3 halite was available
At command 14 of 17:
    12   m 34 w
    13   m 39 s
>>> 14   m 0 s
    15   m 9 w
    16   m 3 s

warning: entity 9 was directed to use 3 halite to move west, but only 2 halite was available
At command 15 of 17:
    13   m 39 s
    14   m 0 s
>>> 15   m 9 w
    16   m 3 s
    17   m 23 w

warning: entity 23 was directed to use 7 halite to move west, but only 3 halite was available
At command 17 of 17:
    15   m 9 w
    16   m 3 s
>>> 17   m 23 w


Turn 333
================================================================
warning: entity 41 was directed to use 2 halite to move south, but only 0 halite was available
At command 4 of 17:
    2   m 22 o
    3   m 0 s
>>> 4   m 41 s
    5   m 11 o
    6   m 39 s

warning: entity 39 was directed to use 2 halite to move south, but only 1 halite was available
At command 6 of 17:
    4   m 41 s
    5   m 11 o
>>> 6   m 39 s
    7   m 31 w
    8   m 9 w


Turn 335
================================================================
warning: entity 26 was directed to use 8 halite to move north, but only 3 halite was available
At command 10 of 18:
    8   m 33 s
    9   m 11 o
>>> 10   m 26 n
    11   m 3 e
    12   m 7 w

warning: entity 0 was directed to use 7 halite to move south, but only 3 halite was available
At command 13 of 18:
    11   m 3 e
    12   m 7 w
>>> 13   m 0 s
    14   m 15 s
    15   m 23 s

warning: entity 34 was directed to use 2 halite to move west, but only 0 halite was available
At command 18 of 18:
    16   m 16 e
    17   m 4 n
>>> 18   m 34 w


Turn 336
================================================================
warning: entity 41 was directed to use 3 halite to move south, but only 1 halite was available
At command 8 of 18:
    6   m 9 e
    7   m 29 e
>>> 8   m 41 s
    9   m 22 s
    10   m 31 n


Turn 338
================================================================
warning: entity 31 was directed to use 3 halite to move east, but only 1 halite was available
At command 4 of 17:
    2   m 38 w
    3   m 26 e
>>> 4   m 31 e
    5   m 23 s
    6   m 33 s


Turn 340
================================================================
warning: entity 26 was directed to use 6 halite to move north, but only 1 halite was available
At command 3 of 15:
    1   m 0 e
    2   m 34 o
>>> 3   m 26 n
    4   m 4 s
    5   m 11 w

warning: entity 9 was directed to use 1 halite to move east, but only 0 halite was available
At command 11 of 15:
    9   m 22 n
    10   m 23 w
>>> 11   m 9 e
    12   m 33 w
    13   m 7 w


Turn 342
================================================================
warning: entity 31 was directed to use 8 halite to move east, but only 3 halite was available
At command 5 of 15:
    3   m 23 o
    4   m 34 s
>>> 5   m 31 e
    6   m 4 s
    7   m 7 o


Turn 344
================================================================
warning: entity 34 was directed to use 4 halite to move north, but only 3 halite was available
At command 12 of 15:
    10   m 4 e
    11   m 11 n
>>> 12   m 34 n
    13   m 9 o
    14   m 39 n


Turn 345
================================================================
warning: entity 39 was directed to use 6 halite to move north, but only 2 halite was available
At command 16 of 17:
    14   m 4 w
    15   m 11 w
>>> 16   m 39 n
    17   m 15 n


Turn 346
================================================================
warning: entity 23 was directed to use 9 halite to move west, but only 5 halite was available
At command 10 of 16:
    8   m 24 e
    9   m 16 w
>>> 10   m 23 w
    11   m 34 e
    12   m 9 e

warning: entity 15 was directed to use 2 halite to move south, but only 0 halite was available
At command 16 of 16:
    14   m 11 e
    15   m 4 n
>>> 16   m 15 s


Turn 347
================================================================
warning: entity 31 was directed to use 8 halite to move east, but only 0 halite was available
At command 6 of 18:
    4   m 23 w
    5   m 15 w
>>> 6   m 31 e
    7   m 41 w
    8   m 22 w

warning: entity 34 was directed to use 9 halite to move south, but only 6 halite was available
At command 14 of 18:
    12   m 24 e
    13   m 3 e
>>> 14   m 34 s
    15   m 16 e
    16   m 9 n


Turn 349
================================================================
warning: entity 15 was directed to use 5 halite to move east, but only 3 halite was available
At command 12 of 18:
    10   m 34 w
    11   m 38 n
>>> 12   m 15 e
    13   m 41 w
    14   m 0 e


Turn 351
================================================================
warning: entity 31 was directed to use 3 halite to move north, but only 1 halite was available
At command 3 of 17:
    1   m 11 w
    2   m 15 s
>>> 3   m 31 n
    4   m 29 w
    5   m 4 w

warning: entity 9 was directed to use 1 halite to move west, but only 0 halite was available
At command 8 of 17:
    6   m 7 s
    7   m 38 s
>>> 8   m 9 w
    9   m 26 s
    10   m 0 n


Turn 354
================================================================
warning: entity 34 was directed to use 4 halite to move south, but only 0 halite was available
At command 17 of 17:
    15   m 26 w
    16   m 33 e
>>> 17   m 34 s


Turn 356
================================================================
warning: entity 0 was directed to use 6 halite to move east, but only 4 halite was available
At command 7 of 18:
    5   m 9 e
    6   m 34 e
>>> 7   m 0 e
    8   m 24 s
    9   m 7 s


Turn 361
================================================================
warning: entity 31 was directed to use 2 halite to move west, but only 1 halite was available
At command 9 of 18:
    7   m 22 n
    8   m 34 e
>>> 9   m 31 w
    10   m 7 s
    11   m 9 n

warning: entity 0 was directed to use 4 halite to move south, but only 3 halite was available
At command 12 of 18:
    10   m 7 s
    11   m 9 n
>>> 12   m 0 s
    13   m 15 w
    14   m 38 e


Turn 362
================================================================
warning: entity 34 was directed to use 8 halite to move east, but only 2 halite was available
At command 13 of 18:
    11   m 41 n
    12   m 7 n
>>> 13   m 34 e
    14   m 15 e
    15   m 38 e


Turn 363
================================================================
warning: entity 22 was directed to use 5 halite to move north, but only 0 halite was available
At command 8 of 19:
    6   m 4 w
    7   m 31 s
>>> 8   m 22 n
    9   m 7 e
    10   m 39 s


Turn 365
================================================================
warning: entity 31 was directed to use 2 halite to move west, but only 0 halite was available
At command 12 of 18:
    10   m 24 n
    11   m 7 s
>>> 12   m 31 w
    13   m 39 o
    14   m 38 w


Turn 368
================================================================
warning: entity 16 was directed to use 4 halite to move south, but only 3 halite was available
At command 7 of 18:
    5   m 26 e
    6   m 39 n
>>> 7   m 16 s
    8   m 38 w
    9   m 22 s


Turn 369
================================================================
warning: entity 38 was directed to use 1 halite to move east, but only 0 halite was available
At command 10 of 18:
    8   m 11 n
    9   m 26 e
>>> 10   m 38 e
    11   m 22 s
    12   m 0 s


Turn 371
================================================================
warning: entity 31 was directed to use 3 halite to move east, but only 1 halite was available
At command 3 of 17:
    1   m 23 w
    2   m 7 n
>>> 3   m 31 e
    4   m 34 n
    5   m 29 n

warning: entity 16 was directed to use 8 halite to move east, but only 5 halite was available
At command 8 of 17:
    6   m 38 w
    7   m 9 n
>>> 8   m 16 e
    9   m 26 n
    10   m 11 s

warning: entity 39 was directed to use 2 halite to move north, but only 1 halite was available
At command 11 of 17:
    9   m 26 n
    10   m 11 s
>>> 11   m 39 n
    12   m 22 e
    13   m 41 n

warning: entity 15 was directed to use 7 halite to move north, but only 6 halite was available
At command 16 of 17:
    14   m 0 e
    15   m 4 w
>>> 16   m 15 n
    17   m 3 n


Turn 372
================================================================
warning: entity 38 was directed to use 5 halite to move south, but only 2 halite was available
At command 8 of 17:
    6   m 11 w
    7   m 23 w
>>> 8   m 38 s
    9   m 7 w
    10   m 29 w


Turn 375
================================================================
warning: entity 22 was directed to use 2 halite to move east, but only 1 halite was available
At command 14 of 17:
    12   m 29 w
    13   m 31 e
>>> 14   m 22 e
    15   m 0 e
    16   m 4 w


Turn 376
================================================================
warning: entity 38 was directed to use 6 halite to move south, but only 2 halite was available
At command 12 of 17:
    10   m 34 w
    11   m 26 n
>>> 12   m 38 s
    13   m 29 w
    14   m 31 s

warning: entity 31 was directed to use 5 halite to move south, but only 1 halite was available
At command 14 of 17:
    12   m 38 s
    13   m 29 w
>>> 14   m 31 s
    15   m 0 w
    16   m 4 e


Turn 378
================================================================
warning: entity 34 was directed to use 7 halite to move north, but only 2 halite was available
At command 15 of 17:
    13   m 9 n
    14   m 24 w
>>> 15   m 34 n
    16   m 4 s
    17   m 3 e


Turn 380
================================================================
warning: entity 38 was directed to use 7 halite to move east, but only 1 halite was available
At command 2 of 15:
    1   m 34 s
>>> 2   m 38 e
    3   m 22 s
    4   m 33 n

warning: entity 31 was directed to use 7 halite to move south, but only 0 halite was available
At command 7 of 15:
    5   m 11 e
    6   m 24 w
>>> 7   m 31 s
    8   m 29 s
    9   m 23 n


Turn 381
================================================================
warning: entity 22 was directed to use 4 halite to move west, but only 1 halite was available
At command 8 of 16:
    6   m 23 s
    7   m 34 n
>>> 8   m 22 w
    9   m 33 w
    10   m 11 n


Turn 383
================================================================
warning: entity 34 was directed to use 5 halite to move west, but only 0 halite was available
At command 5 of 13:
    3   m 9 w
    4   m 11 o
>>> 5   m 34 w
    6   m 23 s
    7   m 26 s


Turn 385
================================================================
warning: entity 22 was directed to use 3 halite to move east, but only 0 halite was available
At command 9 of 15:
    7   m 15 o
    8   m 9 e
>>> 9   m 22 e
    10   m 29 w
    11   m 23 e


Turn 387
================================================================
warning: entity 22 was directed to use 8 halite to move east, but only 6 halite was available
At command 6 of 15:
    4   m 15 w
    5   m 7 n
>>> 6   m 22 e
    7   m 11 s
    8   m 4 s


Turn 389
================================================================
warning: entity 29 was directed to use 1 halite to move north, but only 0 halite was available
At command 7 of 13:
    5   m 9 n
    6   m 33 w
>>> 7   m 29 n
    8   m 23 s
    9   m 34 w

warning: entity 11 was directed to use 1 halite to move north, but only 0 halite was available
At command 11 of 13:
    9   m 34 w
    10   m 39 e
>>> 11   m 11 n
    12   m 38 s
    13   m 3 w


Turn 390
================================================================
warning: entity 26 was directed to use 8 halite to move west, but only 6 halite was available
At command 8 of 15:
    6   m 16 w
    7   m 4 s
>>> 8   m 26 w
    9   m 22 w
    10   m 9 s


Turn 392
================================================================
warning: entity 34 was directed to use 4 halite to move east, but only 2 halite was available
At command 6 of 14:
    4   m 24 s
    5   m 29 n
>>> 6   m 34 e
    7   m 22 e
    8   m 16 s


Turn 393
================================================================
warning: entity 22 was directed to use 7 halite to move north, but only 0 halite was available
At command 10 of 14:
    8   m 4 n
    9   m 24 s
>>> 10   m 22 n
    11   m 11 w
    12   m 16 w

warning: entity 11 was directed to use 2 halite to move west, but only 1 halite was available
At command 11 of 14:
    9   m 24 s
    10   m 22 n
>>> 11   m 11 w
    12   m 16 w
    13   m 38 w


Turn 394
================================================================
warning: entity 38 was directed to use 9 halite to move south, but only 1 halite was available
At command 13 of 14:
    11   m 4 e
    12   m 24 s
>>> 13   m 38 s
    14   m 3 w


Turn 397
================================================================
warning: entity 29 was directed to use 5 halite to move south, but only 4 halite was available
At command 2 of 12:
    1   m 24 e
>>> 2   m 29 s
    3   m 7 e
    4   m 4 s

warning: entity 34 was directed to use 3 halite to move west, but only 0 halite was available
At command 6 of 12:
    4   m 4 s
    5   m 9 w
>>> 6   m 34 w
    7   m 22 n
    8   m 23 w

warning: entity 11 was directed to use 2 halite to move east, but only 0 halite was available
At command 10 of 12:
    8   m 23 w
    9   m 39 w
>>> 10   m 11 e
    11   m 16 w
    12   m 3 n


Turn 398
================================================================
warning: entity 22 was directed to use 5 halite to move east, but only 3 halite was available
At command 9 of 12:
    7   m 23 w
    8   m 9 n
>>> 9   m 22 e
    10   m 39 n
    11   m 16 e


Turn 400
================================================================
warning: entity 29 was directed to use 8 halite to move south, but only 5 halite was available
At command 9 of 14:
    7   m 3 e
    8   m 34 e
>>> 9   m 29 s
    10   m 11 n
    11   m 23 o

