
Turn 3
================================================================
warning: entity 1 was directed to use 6 halite to move west, but only 0 halite was available
At command 1 of 2:
>>> 1   m 1 w
    2   g


Turn 6
================================================================
warning: entity 3 was directed to use 5 halite to move east, but only 0 halite was available
At command 2 of 3:
    1   m 1 e
>>> 2   m 3 e
    3   g


Turn 8
================================================================
warning: entity 5 was directed to use 8 halite to move south, but only 0 halite was available
At command 1 of 1:
>>> 1   m 5 s


Turn 11
================================================================
warning: entity 7 was directed to use 6 halite to move west, but only 0 halite was available
At command 1 of 2:
>>> 1   m 7 w
    2   g


Turn 13
================================================================
warning: entity 8 was directed to use 4 halite to move east, but only 0 halite was available
At command 2 of 2:
    1   m 5 n
>>> 2   m 8 e


Turn 16
================================================================
warning: entity 8 was directed to use 9 halite to move west, but only 1 halite was available
At command 3 of 3:
    1   m 3 n
    2   m 7 e
>>> 3   m 8 w


Turn 19
================================================================
warning: entity 8 was directed to use 7 halite to move north, but only 0 halite was available
At command 3 of 3:
    1   m 3 w
    2   m 5 n
>>> 3   m 8 n


Turn 22
================================================================
warning: entity 8 was directed to use 4 halite to move south, but only 0 halite was available
At command 4 of 4:
    2   m 1 n
    3   m 3 s
>>> 4   m 8 s


Turn 25
================================================================
warning: entity 8 was directed to use 4 halite to move east, but only 0 halite was available
At command 2 of 2:
    1   m 1 s
>>> 2   m 8 e


Turn 28
================================================================
warning: entity 8 was directed to use 3 halite to move east, but only 0 halite was available
At command 4 of 4:
    2   m 3 s
    3   m 5 s
>>> 4   m 8 e


Turn 30
================================================================
warning: entity 8 was directed to use 9 halite to move south, but only 7 halite was available
At command 3 of 4:
    1   m 7 n
    2   m 1 w
>>> 3   m 8 s
    4   m 5 w


Turn 36
================================================================
warning: entity 8 was directed to use 2 halite to move south, but only 0 halite was available
At command 4 of 4:
    2   m 7 w
    3   m 1 s
>>> 4   m 8 s


Turn 38
================================================================
warning: entity 8 was directed to use 7 halite to move south, but only 5 halite was available
At command 3 of 3:
    1   m 3 w
    2   m 1 e
>>> 3   m 8 s


Turn 43
================================================================
warning: entity 7 was directed to use 1 halite to move east, but only 0 halite was available
At command 5 of 5:
    3   m 5 e
    4   m 1 e
>>> 5   m 7 e


Turn 45
================================================================
warning: entity 7 was directed to use 5 halite to move west, but only 4 halite was available
At command 2 of 4:
    1   m 5 o
>>> 2   m 7 w
    3   m 1 n
    4   m 3 s


Turn 50
================================================================
warning: entity 7 was directed to use 5 halite to move south, but only 2 halite was available
At command 2 of 5:
    1   m 5 s
>>> 2   m 7 s
    3   m 1 w
    4   m 8 s


Turn 53
================================================================
warning: entity 7 was directed to use 9 halite to move north, but only 3 halite was available
At command 3 of 4:
    1   m 5 s
    2   m 8 n
>>> 3   m 7 n
    4   m 3 e


Turn 55
================================================================
warning: entity 5 was directed to use 1 halite to move east, but only 0 halite was available
At command 3 of 3:
    1   m 8 e
    2   m 7 s
>>> 3   m 5 e


Turn 64
================================================================
warning: entity 5 was directed to use 3 halite to move north, but only 0 halite was available
At command 5 of 5:
    3   m 7 e
    4   m 1 e
>>> 5   m 5 n


Turn 72
================================================================
warning: entity 5 was directed to use 3 halite to move east, but only 0 halite was available
At command 1 of 5:
>>> 1   m 5 e
    2   m 3 e
    3   m 11 n


Turn 75
================================================================
warning: entity 5 was directed to use 3 halite to move west, but only 0 halite was available
At command 6 of 6:
    4   m 11 e
    5   m 3 n
>>> 6   m 5 w


Turn 79
================================================================
warning: entity 11 was directed to use 5 halite to move west, but only 0 halite was available
At command 5 of 5:
    3   m 5 o
    4   m 3 s
>>> 5   m 11 w


Turn 82
================================================================
warning: entity 3 was directed to use 2 halite to move east, but only 0 halite was available
At command 3 of 6:
    1   m 8 s
    2   m 5 e
>>> 3   m 3 e
    4   m 11 w
    5   m 1 n


Turn 83
================================================================
warning: entity 11 was directed to use 7 halite to move west, but only 6 halite was available
At command 2 of 6:
    1   m 7 w
>>> 2   m 11 w
    3   m 3 e
    4   m 1 s


Turn 85
================================================================
warning: entity 12 was directed to use 4 halite to move east, but only 0 halite was available
At command 6 of 6:
    4   m 1 e
    5   m 7 w
>>> 6   m 12 e


Turn 86
================================================================
warning: entity 8 was directed to use 1 halite to move west, but only 0 halite was available
At command 7 of 7:
    5   m 5 s
    6   m 7 w
>>> 7   m 8 w


Turn 88
================================================================
warning: entity 12 was directed to use 8 halite to move north, but only 2 halite was available
At command 4 of 6:
    2   m 1 w
    3   m 5 s
>>> 4   m 12 n
    5   m 7 n
    6   m 8 e


Turn 90
================================================================
warning: entity 8 was directed to use 3 halite to move north, but only 0 halite was available
At command 6 of 6:
    4   m 1 w
    5   m 5 w
>>> 6   m 8 n


Turn 92
================================================================
warning: entity 3 was directed to use 8 halite to move east, but only 0 halite was available
At command 3 of 6:
    1   m 8 w
    2   m 11 n
>>> 3   m 3 e
    4   m 5 e
    5   m 7 s


Turn 94
================================================================
warning: entity 8 was directed to use 9 halite to move south, but only 5 halite was available
At command 4 of 5:
    2   m 7 s
    3   m 5 n
>>> 4   m 8 s
    5   m 1 e


Turn 96
================================================================
warning: entity 3 was directed to use 7 halite to move west, but only 0 halite was available
At command 1 of 5:
>>> 1   m 3 w
    2   m 5 s
    3   m 1 e


Turn 98
================================================================
warning: entity 5 was directed to use 7 halite to move west, but only 3 halite was available
At command 3 of 3:
    1   m 11 e
    2   m 7 n
>>> 3   m 5 w


Turn 106
================================================================
warning: entity 11 was directed to use 5 halite to move west, but only 0 halite was available
At command 1 of 4:
>>> 1   m 11 w
    2   m 3 w
    3   m 7 n


Turn 107
================================================================
warning: entity 14 was directed to use 1 halite to move east, but only 0 halite was available
At command 6 of 7:
    4   m 5 w
    5   m 12 e
>>> 6   m 14 e
    7   m 7 e


Turn 111
================================================================
warning: entity 14 was directed to use 2 halite to move north, but only 0 halite was available
At command 7 of 7:
    5   m 11 e
    6   m 12 n
>>> 7   m 14 n


Turn 115
================================================================
warning: entity 11 was directed to use 8 halite to move south, but only 2 halite was available
At command 1 of 8:
>>> 1   m 11 s
    2   m 3 s
    3   m 12 s


Turn 118
================================================================
warning: entity 1 was directed to use 8 halite to move east, but only 0 halite was available
At command 3 of 6:
    1   m 3 w
    2   m 14 s
>>> 3   m 1 e
    4   m 12 o
    5   m 5 w


Turn 121
================================================================
warning: entity 12 was directed to use 7 halite to move east, but only 0 halite was available
At command 7 of 9:
    5   m 5 n
    6   m 1 w
>>> 7   m 12 e
    8   m 8 e
    9   m 14 o


Turn 123
================================================================
warning: entity 15 was directed to use 3 halite to move east, but only 0 halite was available
At command 7 of 8:
    5   m 7 s
    6   m 14 s
>>> 7   m 15 e
    8   m 8 e


Turn 125
================================================================
warning: entity 12 was directed to use 4 halite to move east, but only 1 halite was available
At command 2 of 6:
    1   m 15 w
>>> 2   m 12 e
    3   m 1 w
    4   m 3 w

warning: entity 1 was directed to use 2 halite to move west, but only 0 halite was available
At command 3 of 6:
    1   m 15 w
    2   m 12 e
>>> 3   m 1 w
    4   m 3 w
    5   m 14 o


Turn 128
================================================================
warning: entity 15 was directed to use 7 halite to move east, but only 0 halite was available
At command 6 of 6:
    4   m 12 o
    5   m 8 s
>>> 6   m 15 e


Turn 133
================================================================
warning: entity 15 was directed to use 8 halite to move south, but only 5 halite was available
At command 7 of 8:
    5   m 11 w
    6   m 5 w
>>> 7   m 15 s
    8   m 3 w


Turn 139
================================================================
warning: entity 15 was directed to use 7 halite to move north, but only 6 halite was available
At command 6 of 9:
    4   m 11 o
    5   m 7 n
>>> 6   m 15 n
    7   m 8 o
    8   m 1 s


Turn 142
================================================================
warning: entity 1 was directed to use 3 halite to move south, but only 2 halite was available
At command 6 of 9:
    4   m 5 n
    5   m 14 w
>>> 6   m 1 s
    7   m 11 o
    8   m 15 s


Turn 144
================================================================
warning: entity 3 was directed to use 7 halite to move north, but only 3 halite was available
At command 8 of 10:
    6   m 12 s
    7   m 1 o
>>> 8   m 3 n
    9   m 5 n
    10   m 15 s


Turn 145
================================================================
warning: entity 16 was directed to use 5 halite to move north, but only 0 halite was available
At command 7 of 10:
    5   m 11 o
    6   m 14 w
>>> 7   m 16 n
    8   m 12 s
    9   m 5 n


Turn 146
================================================================
warning: entity 15 was directed to use 8 halite to move west, but only 6 halite was available
At command 6 of 8:
    4   m 1 n
    5   m 7 n
>>> 6   m 15 w
    7   m 8 e
    8   m 14 e


Turn 149
================================================================
warning: entity 1 was directed to use 8 halite to move north, but only 5 halite was available
At command 8 of 9:
    6   m 16 w
    7   m 3 e
>>> 8   m 1 n
    9   m 14 s


Turn 152
================================================================
warning: entity 8 was directed to use 1 halite to move north, but only 0 halite was available
At command 4 of 11:
    2   m 14 e
    3   m 3 n
>>> 4   m 8 n
    5   m 5 s
    6   m 11 s

warning: entity 7 was directed to use 3 halite to move south, but only 0 halite was available
At command 10 of 11:
    8   m 15 n
    9   m 1 s
>>> 10   m 7 s
    11   m 18 o


Turn 153
================================================================
warning: entity 16 was directed to use 1 halite to move north, but only 0 halite was available
At command 4 of 11:
    2   m 7 n
    3   m 18 w
>>> 4   m 16 n
    5   m 5 s
    6   m 12 e

warning: entity 14 was directed to use 7 halite to move east, but only 2 halite was available
At command 7 of 11:
    5   m 5 s
    6   m 12 e
>>> 7   m 14 e
    8   m 11 s
    9   m 3 w

warning: entity 1 was directed to use 9 halite to move east, but only 4 halite was available
At command 11 of 11:
    9   m 3 w
    10   m 15 o
>>> 11   m 1 e


Turn 154
================================================================
warning: entity 3 was directed to use 7 halite to move north, but only 2 halite was available
At command 11 of 11:
    9   m 12 n
    10   m 11 w
>>> 11   m 3 n


Turn 155
================================================================
warning: entity 16 was directed to use 6 halite to move west, but only 3 halite was available
At command 7 of 10:
    5   m 15 n
    6   m 8 s
>>> 7   m 16 w
    8   m 1 w
    9   m 7 w

warning: entity 7 was directed to use 6 halite to move west, but only 0 halite was available
At command 9 of 10:
    7   m 16 w
    8   m 1 w
>>> 9   m 7 w
    10   m 11 o


Turn 157
================================================================
warning: entity 1 was directed to use 9 halite to move north, but only 8 halite was available
At command 10 of 10:
    8   m 14 w
    9   m 5 s
>>> 10   m 1 n


Turn 158
================================================================
warning: entity 7 was directed to use 8 halite to move north, but only 5 halite was available
At command 6 of 10:
    4   m 16 n
    5   m 12 s
>>> 6   m 7 n
    7   m 11 o
    8   m 3 w

warning: entity 14 was directed to use 8 halite to move west, but only 0 halite was available
At command 9 of 10:
    7   m 11 o
    8   m 3 w
>>> 9   m 14 w
    10   m 5 w


Turn 159
================================================================
warning: entity 16 was directed to use 9 halite to move south, but only 3 halite was available
At command 8 of 10:
    6   m 18 n
    7   m 1 e
>>> 8   m 16 s
    9   m 3 o
    10   m 5 o


Turn 162
================================================================
warning: entity 7 was directed to use 9 halite to move south, but only 8 halite was available
At command 5 of 8:
    3   m 3 o
    4   m 16 o
>>> 5   m 7 s
    6   m 8 e
    7   m 5 s

warning: entity 18 was directed to use 1 halite to move south, but only 0 halite was available
At command 8 of 8:
    6   m 8 e
    7   m 5 s
>>> 8   m 18 s


Turn 169
================================================================
warning: entity 7 was directed to use 6 halite to move east, but only 0 halite was available
At command 4 of 10:
    2   m 18 o
    3   m 16 n
>>> 4   m 7 e
    5   m 1 e
    6   m 8 n


Turn 171
================================================================
warning: entity 16 was directed to use 2 halite to move north, but only 0 halite was available
At command 2 of 8:
    1   m 15 s
>>> 2   m 16 n
    3   m 12 s
    4   m 3 s

warning: entity 8 was directed to use 4 halite to move west, but only 1 halite was available
At command 8 of 8:
    6   m 7 w
    7   m 11 w
>>> 8   m 8 w


Turn 172
================================================================
warning: entity 3 was directed to use 2 halite to move north, but only 1 halite was available
At command 6 of 10:
    4   m 5 w
    5   m 15 n
>>> 6   m 3 n
    7   m 7 e
    8   m 12 s


Turn 173
================================================================
warning: entity 7 was directed to use 6 halite to move north, but only 2 halite was available
At command 3 of 6:
    1   m 3 s
    2   m 8 n
>>> 3   m 7 n
    4   m 16 w
    5   m 15 n


Turn 175
================================================================
warning: entity 8 was directed to use 9 halite to move north, but only 0 halite was available
At command 6 of 9:
    4   m 5 s
    5   m 14 w
>>> 6   m 8 n
    7   m 3 s
    8   m 15 n

warning: entity 3 was directed to use 8 halite to move south, but only 5 halite was available
At command 7 of 9:
    5   m 14 w
    6   m 8 n
>>> 7   m 3 s
    8   m 15 n
    9   m 18 w


Turn 176
================================================================
warning: entity 7 was directed to use 9 halite to move south, but only 5 halite was available
At command 8 of 9:
    6   m 18 s
    7   m 16 s
>>> 8   m 7 s
    9   m 15 w


Turn 178
================================================================
warning: entity 18 was directed to use 3 halite to move east, but only 0 halite was available
At command 8 of 9:
    6   m 1 w
    7   m 12 e
>>> 8   m 18 e
    9   m 16 s

warning: entity 16 was directed to use 4 halite to move south, but only 3 halite was available
At command 9 of 9:
    7   m 12 e
    8   m 18 e
>>> 9   m 16 s


Turn 180
================================================================
warning: entity 8 was directed to use 6 halite to move east, but only 2 halite was available
At command 2 of 9:
    1   m 11 n
>>> 2   m 8 e
    3   m 15 s
    4   m 12 n


Turn 183
================================================================
warning: entity 18 was directed to use 5 halite to move west, but only 1 halite was available
At command 8 of 9:
    6   m 5 s
    7   m 12 n
>>> 8   m 18 w
    9   m 1 o


Turn 188
================================================================
warning: entity 18 was directed to use 5 halite to move east, but only 1 halite was available
At command 5 of 7:
    3   m 1 e
    4   m 16 w
>>> 5   m 18 e
    6   m 14 n
    7   m 3 w

warning: entity 3 was directed to use 9 halite to move west, but only 7 halite was available
At command 7 of 7:
    5   m 18 e
    6   m 14 n
>>> 7   m 3 w


Turn 189
================================================================
warning: entity 12 was directed to use 2 halite to move west, but only 0 halite was available
At command 7 of 8:
    5   m 1 n
    6   m 16 o
>>> 7   m 12 w
    8   m 14 n


Turn 190
================================================================
warning: entity 1 was directed to use 2 halite to move west, but only 0 halite was available
At command 8 of 9:
    6   m 18 s
    7   m 3 e
>>> 8   m 1 w
    9   m 14 n


Turn 192
================================================================
warning: entity 5 was directed to use 1 halite to move north, but only 0 halite was available
At command 5 of 10:
    3   m 16 o
    4   m 1 o
>>> 5   m 5 n
    6   m 11 s
    7   m 15 e

warning: entity 18 was directed to use 6 halite to move west, but only 1 halite was available
At command 9 of 10:
    7   m 15 e
    8   m 12 o
>>> 9   m 18 w
    10   m 21 o


Turn 195
================================================================
warning: entity 18 was directed to use 8 halite to move east, but only 5 halite was available
At command 5 of 11:
    3   m 11 s
    4   m 7 w
>>> 5   m 18 e
    6   m 12 s
    7   m 14 n

warning: entity 12 was directed to use 7 halite to move south, but only 2 halite was available
At command 6 of 11:
    4   m 7 w
    5   m 18 e
>>> 6   m 12 s
    7   m 14 n
    8   m 1 e

warning: entity 5 was directed to use 4 halite to move south, but only 3 halite was available
At command 10 of 11:
    8   m 1 e
    9   m 21 o
>>> 10   m 5 s
    11   m 15 n


Turn 197
================================================================
warning: entity 1 was directed to use 9 halite to move north, but only 3 halite was available
At command 8 of 9:
    6   m 14 e
    7   m 16 n
>>> 8   m 1 n
    9   m 7 w


Turn 198
================================================================
warning: entity 12 was directed to use 9 halite to move north, but only 8 halite was available
At command 7 of 11:
    5   m 15 n
    6   m 11 w
>>> 7   m 12 n
    8   m 18 w
    9   m 14 o


Turn 200
================================================================
warning: entity 18 was directed to use 8 halite to move south, but only 7 halite was available
At command 9 of 10:
    7   m 15 e
    8   m 11 o
>>> 9   m 18 s
    10   m 7 e


Turn 201
================================================================
warning: entity 21 was directed to use 1 halite to move east, but only 0 halite was available
At command 4 of 11:
    2   m 11 e
    3   m 18 s
>>> 4   m 21 e
    5   m 12 n
    6   m 16 n


Turn 203
================================================================
warning: entity 21 was directed to use 8 halite to move south, but only 3 halite was available
At command 4 of 11:
    2   m 11 e
    3   m 8 e
>>> 4   m 21 s
    5   m 18 o
    6   m 14 s

warning: entity 5 was directed to use 5 halite to move east, but only 1 halite was available
At command 8 of 11:
    6   m 14 s
    7   m 16 s
>>> 8   m 5 e
    9   m 15 e
    10   m 7 o


Turn 207
================================================================
warning: entity 11 was directed to use 8 halite to move west, but only 1 halite was available
At command 3 of 13:
    1   m 21 o
    2   m 7 w
>>> 3   m 11 w
    4   m 14 w
    5   m 1 e

warning: entity 22 was directed to use 1 halite to move south, but only 0 halite was available
At command 6 of 13:
    4   m 14 w
    5   m 1 e
>>> 6   m 22 s
    7   m 3 s
    8   m 8 e


Turn 209
================================================================
warning: entity 16 was directed to use 9 halite to move south, but only 8 halite was available
At command 3 of 13:
    1   m 1 w
    2   m 7 e
>>> 3   m 16 s
    4   m 5 e
    5   m 14 w

warning: entity 22 was directed to use 5 halite to move east, but only 3 halite was available
At command 8 of 13:
    6   m 21 e
    7   m 11 s
>>> 8   m 22 e
    9   m 8 s
    10   m 3 s

warning: entity 18 was directed to use 9 halite to move north, but only 2 halite was available
At command 11 of 13:
    9   m 8 s
    10   m 3 s
>>> 11   m 18 n
    12   m 12 s
    13   m 15 n


Turn 211
================================================================
warning: entity 11 was directed to use 7 halite to move west, but only 4 halite was available
At command 3 of 13:
    1   m 3 n
    2   m 12 e
>>> 3   m 11 w
    4   m 16 w
    5   m 21 w


Turn 212
================================================================
warning: entity 22 was directed to use 8 halite to move south, but only 7 halite was available
At command 8 of 12:
    6   m 8 s
    7   m 21 n
>>> 8   m 22 s
    9   m 18 n
    10   m 1 e


Turn 214
================================================================
warning: entity 18 was directed to use 6 halite to move west, but only 2 halite was available
At command 8 of 11:
    6   m 5 w
    7   m 3 e
>>> 8   m 18 w
    9   m 21 n
    10   m 1 w


Turn 217
================================================================
warning: entity 5 was directed to use 1 halite to move south, but only 0 halite was available
At command 8 of 10:
    6   m 12 o
    7   m 15 s
>>> 8   m 5 s
    9   m 1 n
    10   m 14 n


Turn 227
================================================================
warning: entity 5 was directed to use 3 halite to move west, but only 0 halite was available
At command 6 of 8:
    4   m 3 e
    5   m 12 w
>>> 6   m 5 w
    7   m 1 n
    8   m 7 w


Turn 231
================================================================
warning: entity 1 was directed to use 2 halite to move north, but only 0 halite was available
At command 8 of 11:
    6   m 12 s
    7   m 15 e
>>> 8   m 1 n
    9   m 14 o
    10   m 3 s


Turn 232
================================================================
warning: entity 5 was directed to use 4 halite to move east, but only 1 halite was available
At command 5 of 13:
    3   m 1 s
    4   m 14 w
>>> 5   m 5 e
    6   m 8 n
    7   m 16 n


Turn 235
================================================================
warning: entity 1 was directed to use 4 halite to move east, but only 0 halite was available
At command 9 of 13:
    7   m 7 o
    8   m 22 w
>>> 9   m 1 e
    10   m 14 w
    11   m 18 w


Turn 240
================================================================
warning: entity 1 was directed to use 4 halite to move south, but only 0 halite was available
At command 11 of 12:
    9   m 14 n
    10   m 12 e
>>> 11   m 1 s
    12   m 21 n


Turn 241
================================================================
warning: entity 12 was directed to use 5 halite to move north, but only 1 halite was available
At command 10 of 11:
    8   m 7 n
    9   m 14 n
>>> 10   m 12 n
    11   m 21 e


Turn 244
================================================================
warning: entity 11 was directed to use 1 halite to move west, but only 0 halite was available
At command 8 of 14:
    6   m 15 e
    7   m 12 e
>>> 8   m 11 w
    9   m 22 s
    10   m 1 o


Turn 245
================================================================
warning: entity 12 was directed to use 6 halite to move north, but only 0 halite was available
At command 9 of 13:
    7   m 3 e
    8   m 15 o
>>> 9   m 12 n
    10   m 22 n
    11   m 18 n


Turn 246
================================================================
warning: entity 11 was directed to use 4 halite to move south, but only 3 halite was available
At command 5 of 13:
    3   m 22 s
    4   m 14 e
>>> 5   m 11 s
    6   m 1 e
    7   m 7 n

warning: entity 25 was directed to use 2 halite to move east, but only 0 halite was available
At command 13 of 13:
    11   m 18 n
    12   m 21 e
>>> 13   m 25 e


Turn 247
================================================================
warning: entity 1 was directed to use 7 halite to move east, but only 3 halite was available
At command 4 of 13:
    2   m 11 w
    3   m 25 w
>>> 4   m 1 e
    5   m 15 w
    6   m 12 n


Turn 249
================================================================
warning: entity 18 was directed to use 1 halite to move east, but only 0 halite was available
At command 12 of 13:
    10   m 14 e
    11   m 12 n
>>> 12   m 18 e
    13   m 8 n


Turn 250
================================================================
warning: entity 11 was directed to use 5 halite to move north, but only 2 halite was available
At command 8 of 12:
    6   m 5 w
    7   m 7 s
>>> 8   m 11 n
    9   m 15 n
    10   m 14 s


Turn 251
================================================================
warning: entity 25 was directed to use 6 halite to move north, but only 0 halite was available
At command 3 of 12:
    1   m 21 w
    2   m 11 n
>>> 3   m 25 n
    4   m 18 n
    5   m 16 o

warning: entity 12 was directed to use 7 halite to move south, but only 5 halite was available
At command 10 of 12:
    8   m 7 w
    9   m 15 o
>>> 10   m 12 s
    11   m 14 e
    12   m 8 e


Turn 253
================================================================
warning: entity 11 was directed to use 9 halite to move west, but only 8 halite was available
At command 10 of 13:
    8   m 12 n
    9   m 14 s
>>> 10   m 11 w
    11   m 18 w
    12   m 5 n

warning: entity 18 was directed to use 7 halite to move west, but only 0 halite was available
At command 11 of 13:
    9   m 14 s
    10   m 11 w
>>> 11   m 18 w
    12   m 5 n
    13   m 8 s


Turn 255
================================================================
warning: entity 14 was directed to use 1 halite to move west, but only 0 halite was available
At command 3 of 13:
    1   m 3 w
    2   m 7 n
>>> 3   m 14 w
    4   m 15 s
    5   m 18 n


Turn 256
================================================================
warning: entity 16 was directed to use 2 halite to move south, but only 0 halite was available
At command 4 of 13:
    2   m 5 s
    3   m 22 o
>>> 4   m 16 s
    5   m 11 s
    6   m 18 w

warning: entity 25 was directed to use 4 halite to move north, but only 0 halite was available
At command 11 of 13:
    9   m 7 s
    10   m 15 o
>>> 11   m 25 n
    12   m 21 w
    13   m 12 e


Turn 257
================================================================
warning: entity 18 was directed to use 6 halite to move east, but only 0 halite was available
At command 8 of 12:
    6   m 14 e
    7   m 5 e
>>> 8   m 18 e
    9   m 3 w
    10   m 7 w


Turn 258
================================================================
warning: entity 14 was directed to use 4 halite to move east, but only 0 halite was available
At command 9 of 12:
    7   m 15 e
    8   m 25 s
>>> 9   m 14 e
    10   m 5 n
    11   m 7 n

warning: entity 5 was directed to use 1 halite to move north, but only 0 halite was available
At command 10 of 12:
    8   m 25 s
    9   m 14 e
>>> 10   m 5 n
    11   m 7 n
    12   m 21 s


Turn 259
================================================================
warning: entity 16 was directed to use 3 halite to move west, but only 2 halite was available
At command 8 of 11:
    6   m 12 e
    7   m 22 o
>>> 8   m 16 w
    9   m 25 e
    10   m 7 w


Turn 260
================================================================
warning: entity 25 was directed to use 6 halite to move south, but only 0 halite was available
At command 12 of 13:
    10   m 5 o
    11   m 12 n
>>> 12   m 25 s
    13   m 21 s


Turn 261
================================================================
warning: entity 18 was directed to use 7 halite to move north, but only 1 halite was available
At command 5 of 12:
    3   m 3 n
    4   m 8 w
>>> 5   m 18 n
    6   m 16 s
    7   m 1 e

warning: entity 14 was directed to use 6 halite to move south, but only 2 halite was available
At command 9 of 12:
    7   m 1 e
    8   m 22 n
>>> 9   m 14 s
    10   m 7 o
    11   m 12 w


Turn 263
================================================================
warning: entity 22 was directed to use 1 halite to move east, but only 0 halite was available
At command 12 of 14:
    10   m 7 w
    11   m 3 n
>>> 12   m 22 e
    13   m 12 n
    14   m 27 n


Turn 264
================================================================
warning: entity 16 was directed to use 5 halite to move east, but only 4 halite was available
At command 3 of 13:
    1   m 22 e
    2   m 27 w
>>> 3   m 16 e
    4   m 1 w
    5   m 5 e

warning: entity 12 was directed to use 3 halite to move north, but only 0 halite was available
At command 13 of 13:
    11   m 7 n
    12   m 3 n
>>> 13   m 12 n


Turn 265
================================================================
warning: entity 25 was directed to use 4 halite to move north, but only 0 halite was available
At command 5 of 14:
    3   m 18 n
    4   m 12 e
>>> 5   m 25 n
    6   m 5 s
    7   m 22 w

warning: entity 14 was directed to use 8 halite to move east, but only 7 halite was available
At command 13 of 14:
    11   m 21 e
    12   m 8 n
>>> 13   m 14 e
    14   m 7 s


Turn 267
================================================================
warning: entity 27 was directed to use 2 halite to move west, but only 0 halite was available
At command 10 of 14:
    8   m 15 n
    9   m 3 n
>>> 10   m 27 w
    11   m 16 e
    12   m 18 e

warning: entity 12 was directed to use 9 halite to move west, but only 4 halite was available
At command 13 of 14:
    11   m 16 e
    12   m 18 e
>>> 13   m 12 w
    14   m 8 n


Turn 268
================================================================
warning: entity 5 was directed to use 3 halite to move south, but only 1 halite was available
At command 8 of 14:
    6   m 18 o
    7   m 8 e
>>> 8   m 5 s
    9   m 7 w
    10   m 14 e


Turn 269
================================================================
warning: entity 25 was directed to use 6 halite to move south, but only 4 halite was available
At command 12 of 16:
    10   m 8 s
    11   m 7 e
>>> 12   m 25 s
    13   m 15 e
    14   m 16 e


Turn 271
================================================================
warning: entity 5 was directed to use 7 halite to move west, but only 2 halite was available
At command 10 of 15:
    8   m 3 w
    9   m 8 n
>>> 10   m 5 w
    11   m 21 s
    12   m 27 o


Turn 273
================================================================
warning: entity 25 was directed to use 9 halite to move west, but only 2 halite was available
At command 6 of 16:
    4   m 8 n
    5   m 1 o
>>> 6   m 25 w
    7   m 22 o
    8   m 11 e


Turn 274
================================================================
warning: entity 27 was directed to use 5 halite to move west, but only 4 halite was available
At command 8 of 16:
    6   m 5 n
    7   m 7 s
>>> 8   m 27 w
    9   m 11 e
    10   m 3 s

warning: entity 3 was directed to use 2 halite to move south, but only 0 halite was available
At command 10 of 16:
    8   m 27 w
    9   m 11 e
>>> 10   m 3 s
    11   m 28 w
    12   m 18 n

warning: entity 28 was directed to use 1 halite to move west, but only 0 halite was available
At command 11 of 16:
    9   m 11 e
    10   m 3 s
>>> 11   m 28 w
    12   m 18 n
    13   m 21 e

warning: entity 18 was directed to use 4 halite to move north, but only 1 halite was available
At command 12 of 16:
    10   m 3 s
    11   m 28 w
>>> 12   m 18 n
    13   m 21 e
    14   m 12 n


Turn 275
================================================================
warning: entity 5 was directed to use 6 halite to move west, but only 1 halite was available
At command 11 of 15:
    9   m 25 s
    10   m 22 w
>>> 11   m 5 w
    12   m 7 s
    13   m 11 e

warning: entity 12 was directed to use 6 halite to move north, but only 1 halite was available
At command 15 of 15:
    13   m 11 e
    14   m 15 e
>>> 15   m 12 n


Turn 277
================================================================
warning: entity 27 was directed to use 9 halite to move north, but only 7 halite was available
At command 10 of 16:
    8   m 5 s
    9   m 12 e
>>> 10   m 27 n
    11   m 16 e
    12   m 28 w


Turn 278
================================================================
warning: entity 28 was directed to use 4 halite to move south, but only 1 halite was available
At command 14 of 16:
    12   m 5 s
    13   m 12 s
>>> 14   m 28 s
    15   m 11 e
    16   m 1 n


Turn 279
================================================================
warning: entity 5 was directed to use 8 halite to move north, but only 4 halite was available
At command 15 of 17:
    13   m 22 w
    14   m 29 w
>>> 15   m 5 n
    16   m 12 w
    17   m 1 o

warning: entity 12 was directed to use 7 halite to move west, but only 5 halite was available
At command 16 of 17:
    14   m 29 w
    15   m 5 n
>>> 16   m 12 w
    17   m 1 o


Turn 281
================================================================
warning: entity 28 was directed to use 8 halite to move north, but only 1 halite was available
At command 13 of 17:
    11   m 29 w
    12   m 27 e
>>> 13   m 28 n
    14   m 21 w
    15   m 7 n

warning: entity 22 was directed to use 1 halite to move north, but only 0 halite was available
At command 17 of 17:
    15   m 7 n
    16   m 15 o
>>> 17   m 22 n


Turn 282
================================================================
warning: entity 25 was directed to use 8 halite to move west, but only 3 halite was available
At command 10 of 17:
    8   m 8 w
    9   m 5 s
>>> 10   m 25 w
    11   m 12 n
    12   m 1 n


Turn 283
================================================================
warning: entity 12 was directed to use 7 halite to move south, but only 4 halite was available
At command 12 of 15:
    10   m 8 s
    11   m 5 s
>>> 12   m 12 s
    13   m 1 w
    14   m 18 s


Turn 285
================================================================
warning: entity 11 was directed to use 1 halite to move east, but only 0 halite was available
At command 13 of 17:
    11   m 16 n
    12   m 7 w
>>> 13   m 11 e
    14   m 8 w
    15   m 5 w

warning: entity 5 was directed to use 5 halite to move west, but only 1 halite was available
At command 15 of 17:
    13   m 11 e
    14   m 8 w
>>> 15   m 5 w
    16   m 1 e
    17   g


Turn 286
================================================================
warning: entity 25 was directed to use 7 halite to move west, but only 6 halite was available
At command 12 of 17:
    10   m 18 s
    11   m 12 n
>>> 12   m 25 w
    13   m 16 o
    14   m 21 e


Turn 287
================================================================
warning: entity 3 was directed to use 5 halite to move west, but only 2 halite was available
At command 12 of 17:
    10   m 7 o
    11   m 22 w
>>> 12   m 3 w
    13   m 12 n
    14   m 18 s

warning: entity 12 was directed to use 9 halite to move north, but only 8 halite was available
At command 13 of 17:
    11   m 22 w
    12   m 3 w
>>> 13   m 12 n
    14   m 18 s
    15   m 31 s

warning: entity 21 was directed to use 3 halite to move west, but only 0 halite was available
At command 16 of 17:
    14   m 18 s
    15   m 31 s
>>> 16   m 21 w
    17   m 1 s


Turn 288
================================================================
warning: entity 5 was directed to use 8 halite to move north, but only 5 halite was available
At command 6 of 17:
    4   m 12 w
    5   m 21 e
>>> 6   m 5 n
    7   m 31 w
    8   m 8 w

warning: entity 22 was directed to use 3 halite to move west, but only 0 halite was available
At command 15 of 17:
    13   m 14 w
    14   m 27 e
>>> 15   m 22 w
    16   m 18 s
    17   m 1 o


Turn 289
================================================================
warning: entity 27 was directed to use 5 halite to move west, but only 3 halite was available
At command 17 of 17:
    15   m 8 s
    16   m 16 e
>>> 17   m 27 w


Turn 292
================================================================
warning: entity 21 was directed to use 6 halite to move north, but only 3 halite was available
At command 7 of 16:
    5   m 16 s
    6   m 1 n
>>> 7   m 21 n
    8   m 22 w
    9   m 7 o

warning: entity 31 was directed to use 4 halite to move north, but only 0 halite was available
At command 12 of 16:
    10   m 25 e
    11   m 14 o
>>> 12   m 31 n
    13   m 29 e
    14   m 28 e


Turn 294
================================================================
warning: entity 16 was directed to use 9 halite to move north, but only 3 halite was available
At command 10 of 16:
    8   m 31 s
    9   m 8 w
>>> 10   m 16 n
    11   m 29 n
    12   m 1 s

warning: entity 29 was directed to use 1 halite to move north, but only 0 halite was available
At command 11 of 16:
    9   m 8 w
    10   m 16 n
>>> 11   m 29 n
    12   m 1 s
    13   m 22 s


Turn 295
================================================================
warning: entity 12 was directed to use 3 halite to move north, but only 2 halite was available
At command 12 of 17:
    10   m 18 s
    11   m 21 n
>>> 12   m 12 n
    13   m 15 s
    14   m 31 e


Turn 296
================================================================
warning: entity 31 was directed to use 6 halite to move east, but only 5 halite was available
At command 13 of 16:
    11   m 3 w
    12   m 21 s
>>> 13   m 31 e
    14   m 1 e
    15   m 28 e


Turn 297
================================================================
warning: entity 27 was directed to use 7 halite to move north, but only 5 halite was available
At command 11 of 16:
    9   m 15 w
    10   m 8 n
>>> 11   m 27 n
    12   m 22 e
    13   m 18 e


Turn 298
================================================================
warning: entity 16 was directed to use 9 halite to move south, but only 7 halite was available
At command 12 of 17:
    10   m 18 e
    11   m 15 w
>>> 12   m 16 s
    13   m 3 e
    14   m 28 s


Turn 299
================================================================
warning: entity 3 was directed to use 9 halite to move north, but only 4 halite was available
At command 13 of 17:
    11   m 1 s
    12   m 12 o
>>> 13   m 3 n
    14   m 18 n
    15   m 15 w


Turn 300
================================================================
warning: entity 31 was directed to use 8 halite to move west, but only 4 halite was available
At command 10 of 15:
    8   m 29 w
    9   m 21 n
>>> 10   m 31 w
    11   m 27 s
    12   m 15 w


Turn 301
================================================================
warning: entity 11 was directed to use 3 halite to move west, but only 2 halite was available
At command 10 of 15:
    8   m 7 n
    9   m 14 n
>>> 10   m 11 w
    11   m 25 w
    12   m 29 e


Turn 302
================================================================
warning: entity 22 was directed to use 2 halite to move north, but only 0 halite was available
At command 10 of 16:
    8   m 12 s
    9   m 3 w
>>> 10   m 22 n
    11   m 7 n
    12   m 27 n


Turn 303
================================================================
warning: entity 28 was directed to use 7 halite to move north, but only 4 halite was available
At command 14 of 14:
    12   m 14 w
    13   m 25 s
>>> 14   m 28 n


Turn 304
================================================================
warning: entity 11 was directed to use 2 halite to move south, but only 0 halite was available
At command 11 of 15:
    9   m 1 o
    10   m 7 e
>>> 11   m 11 s
    12   m 29 s
    13   m 12 e

warning: entity 12 was directed to use 9 halite to move east, but only 4 halite was available
At command 13 of 15:
    11   m 11 s
    12   m 29 s
>>> 13   m 12 e
    14   m 27 o
    15   m 14 n


Turn 305
================================================================
warning: entity 31 was directed to use 6 halite to move east, but only 1 halite was available
At command 14 of 16:
    12   m 28 w
    13   m 25 e
>>> 14   m 31 e
    15   m 22 w
    16   m 7 s

warning: entity 22 was directed to use 7 halite to move west, but only 1 halite was available
At command 15 of 16:
    13   m 25 e
    14   m 31 e
>>> 15   m 22 w
    16   m 7 s


Turn 306
================================================================
warning: entity 11 was directed to use 7 halite to move west, but only 5 halite was available
At command 5 of 17:
    3   m 31 w
    4   m 22 n
>>> 5   m 11 w
    6   m 5 w
    7   m 21 n

warning: entity 14 was directed to use 2 halite to move east, but only 0 halite was available
At command 14 of 17:
    12   m 29 s
    13   m 8 w
>>> 14   m 14 e
    15   m 28 e
    16   m 25 w


Turn 307
================================================================
warning: entity 29 was directed to use 3 halite to move south, but only 0 halite was available
At command 14 of 18:
    12   m 21 s
    13   m 18 w
>>> 14   m 29 s
    15   m 8 e
    16   m 28 w


Turn 309
================================================================
warning: entity 1 was directed to use 3 halite to move north, but only 0 halite was available
At command 8 of 17:
    6   m 16 w
    7   m 3 s
>>> 8   m 1 n
    9   m 11 e
    10   m 14 s

warning: entity 22 was directed to use 7 halite to move south, but only 3 halite was available
At command 12 of 17:
    10   m 14 s
    11   m 25 e
>>> 12   m 22 s
    13   m 28 o
    14   m 15 w


Turn 310
================================================================
warning: entity 31 was directed to use 4 halite to move east, but only 0 halite was available
At command 12 of 18:
    10   m 3 w
    11   m 18 w
>>> 12   m 31 e
    13   m 16 w
    14   m 14 e

warning: entity 15 was directed to use 1 halite to move west, but only 0 halite was available
At command 16 of 18:
    14   m 14 e
    15   m 25 n
>>> 16   m 15 w
    17   m 21 w
    18   m 8 s


Turn 312
================================================================
warning: entity 28 was directed to use 7 halite to move east, but only 4 halite was available
At command 10 of 17:
    8   m 1 o
    9   m 5 o
>>> 10   m 28 e
    11   m 7 o
    12   m 11 s


Turn 313
================================================================
warning: entity 31 was directed to use 5 halite to move south, but only 1 halite was available
At command 10 of 16:
    8   m 21 w
    9   m 12 s
>>> 10   m 31 s
    11   m 15 s
    12   m 14 w


Turn 315
================================================================
warning: entity 27 was directed to use 9 halite to move south, but only 2 halite was available
At command 8 of 15:
    6   m 8 e
    7   m 29 o
>>> 8   m 27 s
    9   m 28 n
    10   m 7 w

warning: entity 11 was directed to use 2 halite to move east, but only 0 halite was available
At command 15 of 15:
    13   m 12 w
    14   m 16 e
>>> 15   m 11 e


Turn 316
================================================================
warning: entity 28 was directed to use 5 halite to move west, but only 3 halite was available
At command 14 of 17:
    12   m 5 n
    13   m 8 w
>>> 14   m 28 w
    15   m 7 e
    16   m 21 w


Turn 318
================================================================
warning: entity 31 was directed to use 3 halite to move north, but only 0 halite was available
At command 1 of 16:
>>> 1   m 31 n
    2   m 8 s
    3   m 18 n

warning: entity 14 was directed to use 2 halite to move north, but only 0 halite was available
At command 15 of 16:
    13   m 11 s
    14   m 25 w
>>> 15   m 14 n
    16   m 5 n


Turn 319
================================================================
warning: entity 11 was directed to use 2 halite to move west, but only 1 halite was available
At command 15 of 16:
    13   m 25 s
    14   m 27 w
>>> 15   m 11 w
    16   m 5 o


Turn 320
================================================================
warning: entity 27 was directed to use 4 halite to move north, but only 1 halite was available
At command 16 of 16:
    14   m 15 o
    15   m 21 s
>>> 16   m 27 n


Turn 321
================================================================
warning: entity 28 was directed to use 9 halite to move north, but only 0 halite was available
At command 9 of 17:
    7   m 12 w
    8   m 11 o
>>> 9   m 28 n
    10   m 29 n
    11   m 14 s

warning: entity 14 was directed to use 7 halite to move south, but only 0 halite was available
At command 11 of 17:
    9   m 28 n
    10   m 29 n
>>> 11   m 14 s
    12   m 18 n
    13   m 25 n


Turn 324
================================================================
warning: entity 27 was directed to use 7 halite to move north, but only 4 halite was available
At command 14 of 18:
    12   m 15 e
    13   m 12 s
>>> 14   m 27 n
    15   m 29 s
    16   m 7 o


Turn 325
================================================================
warning: entity 28 was directed to use 7 halite to move south, but only 5 halite was available
At command 6 of 18:
    4   m 8 s
    5   m 31 w
>>> 6   m 28 s
    7   m 11 e
    8   m 3 w


Turn 326
================================================================
warning: entity 14 was directed to use 9 halite to move west, but only 1 halite was available
At command 6 of 17:
    4   m 11 w
    5   m 27 e
>>> 6   m 14 w
    7   m 7 n
    8   m 31 n


Turn 327
================================================================
warning: entity 5 was directed to use 1 halite to move east, but only 0 halite was available
At command 13 of 17:
    11   m 7 w
    12   m 31 s
>>> 13   m 5 e
    14   m 1 n
    15   m 12 n


Turn 329
================================================================
warning: entity 15 was directed to use 1 halite to move west, but only 0 halite was available
At command 13 of 17:
    11   m 14 w
    12   m 1 e
>>> 13   m 15 w
    14   m 11 e
    15   m 27 o

warning: entity 11 was directed to use 4 halite to move east, but only 3 halite was available
At command 14 of 17:
    12   m 1 e
    13   m 15 w
>>> 14   m 11 e
    15   m 27 o
    16   m 16 s


Turn 330
================================================================
warning: entity 29 was directed to use 4 halite to move west, but only 2 halite was available
At command 11 of 18:
    9   m 7 w
    10   m 18 n
>>> 11   m 29 w
    12   m 22 e
    13   m 21 w


Turn 331
================================================================
warning: entity 31 was directed to use 4 halite to move south, but only 2 halite was available
At command 4 of 16:
    2   m 29 e
    3   m 8 w
>>> 4   m 31 s
    5   m 12 w
    6   m 15 e


Turn 332
================================================================
warning: entity 11 was directed to use 6 halite to move north, but only 5 halite was available
At command 2 of 15:
    1   m 31 n
>>> 2   m 11 n
    3   m 18 s
    4   m 12 e

warning: entity 14 was directed to use 5 halite to move east, but only 1 halite was available
At command 15 of 15:
    13   m 21 n
    14   m 5 n
>>> 15   m 14 e


Turn 333
================================================================
warning: entity 21 was directed to use 2 halite to move east, but only 0 halite was available
At command 12 of 17:
    10   m 29 e
    11   m 8 w
>>> 12   m 21 e
    13   m 22 w
    14   m 15 e


Turn 335
================================================================
warning: entity 15 was directed to use 4 halite to move west, but only 0 halite was available
At command 7 of 17:
    5   m 3 w
    6   m 31 s
>>> 7   m 15 w
    8   m 21 w
    9   m 5 e

warning: entity 1 was directed to use 3 halite to move south, but only 2 halite was available
At command 17 of 17:
    15   m 27 e
    16   m 8 w
>>> 17   m 1 s


Turn 336
================================================================
warning: entity 29 was directed to use 2 halite to move south, but only 1 halite was available
At command 9 of 15:
    7   m 16 e
    8   m 22 s
>>> 9   m 29 s
    10   m 11 n
    11   m 21 w

warning: entity 21 was directed to use 5 halite to move west, but only 3 halite was available
At command 11 of 15:
    9   m 29 s
    10   m 11 n
>>> 11   m 21 w
    12   m 25 n
    13   m 18 e


Turn 337
================================================================
warning: entity 27 was directed to use 7 halite to move south, but only 4 halite was available
At command 12 of 15:
    10   m 3 w
    11   m 12 s
>>> 12   m 27 s
    13   m 16 e
    14   m 22 s


Turn 339
================================================================
warning: entity 5 was directed to use 5 halite to move north, but only 3 halite was available
At command 8 of 16:
    6   m 31 s
    7   m 27 n
>>> 8   m 5 n
    9   m 18 n
    10   m 21 w

warning: entity 15 was directed to use 5 halite to move west, but only 0 halite was available
At command 11 of 16:
    9   m 18 n
    10   m 21 w
>>> 11   m 15 w
    12   m 25 w
    13   m 14 n


Turn 340
================================================================
warning: entity 29 was directed to use 2 halite to move west, but only 0 halite was available
At command 7 of 17:
    5   m 31 e
    6   m 3 w
>>> 7   m 29 w
    8   m 11 w
    9   m 16 s


Turn 341
================================================================
warning: entity 31 was directed to use 4 halite to move south, but only 0 halite was available
At command 4 of 17:
    2   m 12 e
    3   m 3 e
>>> 4   m 31 s
    5   m 5 e
    6   m 7 s

warning: entity 14 was directed to use 5 halite to move east, but only 4 halite was available
At command 13 of 17:
    11   m 16 w
    12   m 1 n
>>> 13   m 14 e
    14   m 27 n
    15   m 18 e


Turn 342
================================================================
warning: entity 15 was directed to use 7 halite to move south, but only 6 halite was available
At command 11 of 17:
    9   m 7 n
    10   m 8 n
>>> 11   m 15 s
    12   m 11 n
    13   m 1 n

warning: entity 21 was directed to use 9 halite to move north, but only 1 halite was available
At command 16 of 17:
    14   m 27 s
    15   m 18 n
>>> 16   m 21 n
    17   m 22 e


Turn 343
================================================================
warning: entity 27 was directed to use 2 halite to move east, but only 1 halite was available
At command 14 of 15:
    12   m 11 w
    13   m 1 e
>>> 14   m 27 e
    15   m 18 w


Turn 344
================================================================
warning: entity 31 was directed to use 7 halite to move east, but only 5 halite was available
At command 5 of 15:
    3   m 27 w
    4   m 16 w
>>> 5   m 31 e
    6   m 29 s
    7   m 22 s


Turn 346
================================================================
warning: entity 5 was directed to use 4 halite to move west, but only 1 halite was available
At command 8 of 15:
    6   m 31 e
    7   m 29 e
>>> 8   m 5 w
    9   m 8 e
    10   m 27 s


Turn 347
================================================================
warning: entity 29 was directed to use 2 halite to move north, but only 1 halite was available
At command 3 of 15:
    1   m 18 s
    2   m 5 s
>>> 3   m 29 n
    4   m 28 w
    5   m 12 e


Turn 350
================================================================
warning: entity 29 was directed to use 1 halite to move east, but only 0 halite was available
At command 1 of 15:
>>> 1   m 29 e
    2   m 18 e
    3   m 25 w

warning: entity 5 was directed to use 7 halite to move west, but only 1 halite was available
At command 10 of 15:
    8   m 14 e
    9   m 16 n
>>> 10   m 5 w
    11   m 12 n
    12   m 27 s

warning: entity 12 was directed to use 9 halite to move north, but only 2 halite was available
At command 11 of 15:
    9   m 16 n
    10   m 5 w
>>> 11   m 12 n
    12   m 27 s
    13   m 22 n

warning: entity 11 was directed to use 1 halite to move south, but only 0 halite was available
At command 14 of 15:
    12   m 27 s
    13   m 22 n
>>> 14   m 11 s
    15   m 15 s


Turn 351
================================================================
warning: entity 14 was directed to use 2 halite to move south, but only 1 halite was available
At command 14 of 17:
    12   m 16 e
    13   m 21 e
>>> 14   m 14 s
    15   m 7 n
    16   m 27 e

warning: entity 15 was directed to use 1 halite to move north, but only 0 halite was available
At command 17 of 17:
    15   m 7 n
    16   m 27 e
>>> 17   m 15 n


Turn 352
================================================================
warning: entity 29 was directed to use 6 halite to move north, but only 4 halite was available
At command 3 of 15:
    1   m 14 e
    2   m 15 e
>>> 3   m 29 n
    4   m 8 n
    5   m 5 n

warning: entity 27 was directed to use 9 halite to move north, but only 4 halite was available
At command 13 of 15:
    11   m 1 w
    12   m 16 w
>>> 13   m 27 n
    14   m 21 e
    15   m 7 n


Turn 353
================================================================
warning: entity 5 was directed to use 9 halite to move west, but only 5 halite was available
At command 8 of 16:
    6   m 14 w
    7   m 8 o
>>> 8   m 5 w
    9   m 25 o
    10   m 12 e

warning: entity 1 was directed to use 5 halite to move west, but only 0 halite was available
At command 14 of 16:
    12   m 11 e
    13   m 18 w
>>> 14   m 1 w
    15   m 22 n
    16   m 16 w


Turn 354
================================================================
warning: entity 11 was directed to use 2 halite to move west, but only 0 halite was available
At command 14 of 16:
    12   m 14 n
    13   m 21 n
>>> 14   m 11 w
    15   m 22 w
    16   m 16 w


Turn 355
================================================================
warning: entity 12 was directed to use 9 halite to move west, but only 0 halite was available
At command 3 of 16:
    1   m 15 w
    2   m 11 n
>>> 3   m 12 w
    4   m 29 n
    5   m 28 e

warning: entity 14 was directed to use 4 halite to move north, but only 0 halite was available
At command 10 of 16:
    8   m 8 n
    9   m 5 e
>>> 10   m 14 n
    11   m 25 w
    12   m 1 s


Turn 357
================================================================
warning: entity 11 was directed to use 3 halite to move north, but only 2 halite was available
At command 12 of 16:
    10   m 15 s
    11   m 27 e
>>> 12   m 11 n
    13   m 8 w
    14   m 22 w


Turn 358
================================================================
warning: entity 14 was directed to use 8 halite to move south, but only 2 halite was available
At command 9 of 14:
    7   m 16 s
    8   m 12 n
>>> 9   m 14 s
    10   m 21 s
    11   m 27 w

warning: entity 15 was directed to use 4 halite to move west, but only 2 halite was available
At command 12 of 14:
    10   m 21 s
    11   m 27 w
>>> 12   m 15 w
    13   m 22 o
    14   m 25 s


Turn 359
================================================================
warning: entity 27 was directed to use 6 halite to move south, but only 0 halite was available
At command 13 of 14:
    11   m 16 n
    12   m 21 n
>>> 13   m 27 s
    14   m 25 w


Turn 360
================================================================
warning: entity 8 was directed to use 2 halite to move north, but only 0 halite was available
At command 6 of 16:
    4   m 27 o
    5   m 29 s
>>> 6   m 8 n
    7   m 5 w
    8   m 14 s


Turn 361
================================================================
warning: entity 11 was directed to use 6 halite to move east, but only 2 halite was available
At command 15 of 17:
    13   m 29 n
    14   m 15 o
>>> 15   m 11 e
    16   m 16 s
    17   m 25 s


Turn 362
================================================================
warning: entity 14 was directed to use 2 halite to move west, but only 1 halite was available
At command 4 of 17:
    2   m 15 o
    3   m 11 o
>>> 4   m 14 w
    5   m 29 n
    6   m 5 e


Turn 364
================================================================
warning: entity 12 was directed to use 9 halite to move north, but only 3 halite was available
At command 12 of 16:
    10   m 11 w
    11   m 14 n
>>> 12   m 12 n
    13   m 7 o
    14   m 16 e


Turn 365
================================================================
warning: entity 16 was directed to use 3 halite to move west, but only 1 halite was available
At command 7 of 14:
    5   m 28 s
    6   m 25 w
>>> 7   m 16 w
    8   m 5 w
    9   m 29 s


Turn 367
================================================================
warning: entity 29 was directed to use 8 halite to move south, but only 6 halite was available
At command 4 of 15:
    2   m 28 s
    3   m 21 s
>>> 4   m 29 s
    5   m 16 n
    6   m 18 e


Turn 368
================================================================
warning: entity 12 was directed to use 8 halite to move east, but only 5 halite was available
At command 15 of 17:
    13   m 15 e
    14   m 11 s
>>> 15   m 12 e
    16   m 5 w
    17   m 1 s


Turn 369
================================================================
warning: entity 8 was directed to use 4 halite to move east, but only 3 halite was available
At command 11 of 15:
    9   m 28 e
    10   m 22 w
>>> 11   m 8 e
    12   m 16 e
    13   m 27 s

warning: entity 16 was directed to use 5 halite to move east, but only 0 halite was available
At command 12 of 15:
    10   m 22 w
    11   m 8 e
>>> 12   m 16 e
    13   m 27 s
    14   m 5 w


Turn 372
================================================================
warning: entity 16 was directed to use 9 halite to move south, but only 7 halite was available
At command 5 of 15:
    3   m 29 w
    4   m 25 s
>>> 5   m 16 s
    6   m 21 o
    7   m 15 s


Turn 373
================================================================
warning: entity 1 was directed to use 2 halite to move north, but only 1 halite was available
At command 5 of 15:
    3   m 21 o
    4   m 11 w
>>> 5   m 1 n
    6   m 25 s
    7   m 8 n

warning: entity 22 was directed to use 1 halite to move south, but only 0 halite was available
At command 13 of 15:
    11   m 5 w
    12   m 28 e
>>> 13   m 22 s
    14   m 12 e
    15   m 31 s

warning: entity 12 was directed to use 6 halite to move east, but only 2 halite was available
At command 14 of 15:
    12   m 28 e
    13   m 22 s
>>> 14   m 12 e
    15   m 31 s


Turn 375
================================================================
warning: entity 15 was directed to use 1 halite to move south, but only 0 halite was available
At command 6 of 14:
    4   m 16 n
    5   m 22 n
>>> 6   m 15 s
    7   m 1 s
    8   m 27 n


Turn 376
================================================================
warning: entity 22 was directed to use 9 halite to move south, but only 0 halite was available
At command 6 of 15:
    4   m 7 s
    5   m 21 n
>>> 6   m 22 s
    7   m 31 n
    8   m 1 e

warning: entity 1 was directed to use 3 halite to move east, but only 2 halite was available
At command 8 of 15:
    6   m 22 s
    7   m 31 n
>>> 8   m 1 e
    9   m 25 e
    10   m 28 e


Turn 377
================================================================
warning: entity 12 was directed to use 5 halite to move south, but only 2 halite was available
At command 12 of 15:
    10   m 25 e
    11   m 27 s
>>> 12   m 12 s
    13   m 16 e
    14   m 8 w


Turn 378
================================================================
warning: entity 1 was directed to use 9 halite to move south, but only 8 halite was available
At command 7 of 14:
    5   m 31 n
    6   m 11 o
>>> 7   m 1 s
    8   m 21 w
    9   m 15 w


Turn 380
================================================================
warning: entity 12 was directed to use 9 halite to move north, but only 8 halite was available
At command 8 of 13:
    6   m 22 n
    7   m 1 e
>>> 8   m 12 n
    9   m 5 s
    10   m 21 n


Turn 381
================================================================
warning: entity 8 was directed to use 6 halite to move west, but only 5 halite was available
At command 5 of 15:
    3   m 12 s
    4   m 28 w
>>> 5   m 8 w
    6   m 16 s
    7   m 11 e


Turn 382
================================================================
warning: entity 15 was directed to use 2 halite to move south, but only 0 halite was available
At command 6 of 16:
    4   m 21 w
    5   m 28 n
>>> 6   m 15 s
    7   m 29 n
    8   m 14 e


Turn 383
================================================================
warning: entity 16 was directed to use 4 halite to move east, but only 2 halite was available
At command 8 of 15:
    6   m 28 n
    7   m 29 w
>>> 8   m 16 e
    9   m 14 w
    10   m 12 w

warning: entity 27 was directed to use 1 halite to move west, but only 0 halite was available
At command 11 of 15:
    9   m 14 w
    10   m 12 w
>>> 11   m 27 w
    12   m 11 n
    13   m 22 n

warning: entity 5 was directed to use 2 halite to move north, but only 1 halite was available
At command 15 of 15:
    13   m 22 n
    14   m 7 n
>>> 15   m 5 n


Turn 385
================================================================
warning: entity 12 was directed to use 6 halite to move west, but only 5 halite was available
At command 14 of 15:
    12   m 28 w
    13   m 11 s
>>> 14   m 12 w
    15   m 7 w


Turn 386
================================================================
warning: entity 16 was directed to use 7 halite to move west, but only 4 halite was available
At command 4 of 15:
    2   m 12 e
    3   m 7 e
>>> 4   m 16 w
    5   m 14 e
    6   m 21 o


Turn 388
================================================================
warning: entity 15 was directed to use 2 halite to move west, but only 1 halite was available
At command 10 of 15:
    8   m 27 w
    9   m 7 e
>>> 10   m 15 w
    11   m 31 w
    12   m 5 s

warning: entity 22 was directed to use 4 halite to move west, but only 0 halite was available
At command 15 of 15:
    13   m 11 s
    14   m 28 n
>>> 15   m 22 w


Turn 391
================================================================
warning: entity 16 was directed to use 4 halite to move south, but only 3 halite was available
At command 15 of 16:
    13   m 31 w
    14   m 29 e
>>> 15   m 16 s
    16   m 5 n

warning: entity 5 was directed to use 2 halite to move north, but only 0 halite was available
At command 16 of 16:
    14   m 29 e
    15   m 16 s
>>> 16   m 5 n


Turn 392
================================================================
warning: entity 11 was directed to use 5 halite to move north, but only 2 halite was available
At command 3 of 16:
    1   m 16 n
    2   m 5 n
>>> 3   m 11 n
    4   m 25 w
    5   m 27 w


Turn 393
================================================================
warning: entity 22 was directed to use 4 halite to move west, but only 3 halite was available
At command 11 of 13:
    9   m 8 n
    10   m 28 e
>>> 11   m 22 w
    12   m 7 w
    13   m 31 e


Turn 394
================================================================
warning: entity 7 was directed to use 2 halite to move north, but only 0 halite was available
At command 12 of 13:
    10   m 15 n
    11   m 8 e
>>> 12   m 7 n
    13   m 31 s


Turn 395
================================================================
warning: entity 16 was directed to use 7 halite to move south, but only 1 halite was available
At command 12 of 14:
    10   m 5 w
    11   m 8 s
>>> 12   m 16 s
    13   m 21 n
    14   m 15 s


Turn 396
================================================================
warning: entity 5 was directed to use 5 halite to move west, but only 1 halite was available
At command 3 of 15:
    1   m 29 s
    2   m 16 n
>>> 3   m 5 w
    4   m 7 w
    5   m 11 n

warning: entity 11 was directed to use 9 halite to move north, but only 5 halite was available
At command 5 of 15:
    3   m 5 w
    4   m 7 w
>>> 5   m 11 n
    6   m 27 e
    7   m 28 s


Turn 397
================================================================
warning: entity 1 was directed to use 4 halite to move south, but only 1 halite was available
At command 3 of 14:
    1   m 5 w
    2   m 11 w
>>> 3   m 1 s
    4   m 27 o
    5   m 28 o

warning: entity 15 was directed to use 3 halite to move west, but only 0 halite was available
At command 6 of 14:
    4   m 27 o
    5   m 28 o
>>> 6   m 15 w
    7   m 16 n
    8   m 22 n


Turn 398
================================================================
warning: entity 7 was directed to use 4 halite to move south, but only 1 halite was available
At command 10 of 15:
    8   m 8 n
    9   m 16 e
>>> 10   m 7 s
    11   m 22 w
    12   m 31 n

warning: entity 22 was directed to use 3 halite to move west, but only 2 halite was available
At command 11 of 15:
    9   m 16 e
    10   m 7 s
>>> 11   m 22 w
    12   m 31 n
    13   m 25 s


Turn 399
================================================================
warning: entity 16 was directed to use 9 halite to move south, but only 3 halite was available
At command 12 of 15:
    10   m 11 w
    11   m 31 w
>>> 12   m 16 s
    13   m 8 e
    14   m 25 e


Turn 400
================================================================
warning: entity 8 was directed to use 3 halite to move west, but only 2 halite was available
At command 8 of 13:
    6   m 7 s
    7   m 15 w
>>> 8   m 8 w
    9   m 14 e
    10   m 28 n

