
Turn 3
================================================================
warning: entity 0 was directed to use 4 halite to move west, but only 0 halite was available
At command 1 of 2:
>>> 1   m 0 w
    2   g


Turn 5
================================================================
warning: entity 2 was directed to use 6 halite to move east, but only 0 halite was available
At command 2 of 3:
    1   m 0 s
>>> 2   m 2 e
    3   g


Turn 7
================================================================
warning: entity 0 was directed to use 4 halite to move north, but only 2 halite was available
At command 2 of 4:
    1   m 2 s
>>> 2   m 0 n
    3   m 4 o
    4   g


Turn 9
================================================================
warning: entity 2 was directed to use 4 halite to move south, but only 3 halite was available
At command 3 of 5:
    1   m 4 o
    2   m 0 w
>>> 3   m 2 s
    4   m 6 w
    5   g

warning: entity 6 was directed to use 4 halite to move west, but only 0 halite was available
At command 4 of 5:
    2   m 0 w
    3   m 2 s
>>> 4   m 6 w
    5   g


Turn 10
================================================================
warning: entity 0 was directed to use 7 halite to move west, but only 5 halite was available
At command 5 of 5:
    3   m 6 w
    4   m 8 w
>>> 5   m 0 w


Turn 11
================================================================
warning: entity 8 was directed to use 3 halite to move west, but only 0 halite was available
At command 2 of 5:
    1   m 4 s
>>> 2   m 8 w
    3   m 0 w
    4   m 2 o


Turn 12
================================================================
warning: entity 6 was directed to use 8 halite to move east, but only 4 halite was available
At command 4 of 5:
    2   m 8 w
    3   m 2 e
>>> 4   m 6 e
    5   m 4 s


Turn 15
================================================================
warning: entity 4 was directed to use 3 halite to move north, but only 2 halite was available
At command 2 of 2:
    1   m 2 e
>>> 2   m 4 n


Turn 19
================================================================
warning: entity 4 was directed to use 5 halite to move south, but only 3 halite was available
At command 4 of 4:
    2   m 0 n
    3   m 2 w
>>> 4   m 4 s


Turn 32
================================================================
warning: entity 6 was directed to use 2 halite to move north, but only 0 halite was available
At command 3 of 3:
    1   m 8 e
    2   m 4 e
>>> 3   m 6 n


Turn 35
================================================================
warning: entity 6 was directed to use 1 halite to move west, but only 0 halite was available
At command 4 of 4:
    2   m 4 w
    3   m 8 w
>>> 4   m 6 w


Turn 37
================================================================
warning: entity 6 was directed to use 5 halite to move south, but only 4 halite was available
At command 2 of 2:
    1   m 0 s
>>> 2   m 6 s


Turn 42
================================================================
warning: entity 6 was directed to use 3 halite to move south, but only 1 halite was available
At command 5 of 5:
    3   m 2 w
    4   m 4 e
>>> 5   m 6 s


Turn 46
================================================================
warning: entity 0 was directed to use 1 halite to move north, but only 0 halite was available
At command 1 of 5:
>>> 1   m 0 n
    2   m 8 w
    3   m 2 s


Turn 48
================================================================
warning: entity 10 was directed to use 2 halite to move west, but only 0 halite was available
At command 1 of 4:
>>> 1   m 10 w
    2   m 2 e
    3   m 0 n

warning: entity 0 was directed to use 8 halite to move north, but only 3 halite was available
At command 3 of 4:
    1   m 10 w
    2   m 2 e
>>> 3   m 0 n
    4   m 8 s


Turn 52
================================================================
warning: entity 10 was directed to use 3 halite to move north, but only 0 halite was available
At command 5 of 6:
    3   m 4 s
    4   m 6 s
>>> 5   m 10 n
    6   m 2 w


Turn 56
================================================================
warning: entity 8 was directed to use 3 halite to move east, but only 0 halite was available
At command 2 of 5:
    1   m 0 e
>>> 2   m 8 e
    3   m 4 s
    4   m 2 n

warning: entity 10 was directed to use 5 halite to move south, but only 2 halite was available
At command 5 of 5:
    3   m 4 s
    4   m 2 n
>>> 5   m 10 s


Turn 60
================================================================
warning: entity 0 was directed to use 4 halite to move south, but only 1 halite was available
At command 3 of 5:
    1   m 2 s
    2   m 10 n
>>> 3   m 0 s
    4   m 8 w
    5   m 4 n

warning: entity 8 was directed to use 6 halite to move west, but only 0 halite was available
At command 4 of 5:
    2   m 10 n
    3   m 0 s
>>> 4   m 8 w
    5   m 4 n


Turn 61
================================================================
warning: entity 10 was directed to use 4 halite to move south, but only 0 halite was available
At command 3 of 5:
    1   m 0 w
    2   m 8 w
>>> 3   m 10 s
    4   m 2 n
    5   m 4 e


Turn 64
================================================================
warning: entity 10 was directed to use 8 halite to move east, but only 2 halite was available
At command 1 of 5:
>>> 1   m 10 e
    2   m 2 s
    3   m 4 n


Turn 65
================================================================
warning: entity 0 was directed to use 6 halite to move west, but only 0 halite was available
At command 3 of 4:
    1   m 2 s
    2   m 10 e
>>> 3   m 0 w
    4   m 8 n


Turn 66
================================================================
warning: entity 8 was directed to use 4 halite to move south, but only 0 halite was available
At command 1 of 4:
>>> 1   m 8 s
    2   m 0 w
    3   m 10 s


Turn 69
================================================================
warning: entity 0 was directed to use 9 halite to move east, but only 0 halite was available
At command 2 of 5:
    1   m 6 e
>>> 2   m 0 e
    3   m 8 n
    4   m 2 n

warning: entity 10 was directed to use 6 halite to move east, but only 2 halite was available
At command 5 of 5:
    3   m 8 n
    4   m 2 n
>>> 5   m 10 e


Turn 70
================================================================
warning: entity 8 was directed to use 5 halite to move west, but only 4 halite was available
At command 1 of 5:
>>> 1   m 8 w
    2   m 0 w
    3   m 2 n


Turn 72
================================================================
warning: entity 10 was directed to use 6 halite to move south, but only 5 halite was available
At command 4 of 5:
    2   m 8 e
    3   m 0 w
>>> 4   m 10 s
    5   m 2 s


Turn 74
================================================================
warning: entity 0 was directed to use 7 halite to move south, but only 0 halite was available
At command 1 of 5:
>>> 1   m 0 s
    2   m 8 s
    3   m 6 s


Turn 75
================================================================
warning: entity 8 was directed to use 3 halite to move north, but only 2 halite was available
At command 1 of 6:
>>> 1   m 8 n
    2   m 0 n
    3   m 4 e


Turn 78
================================================================
warning: entity 10 was directed to use 3 halite to move west, but only 0 halite was available
At command 3 of 5:
    1   m 6 s
    2   m 4 s
>>> 3   m 10 w
    4   m 0 w
    5   m 8 n

warning: entity 0 was directed to use 4 halite to move west, but only 1 halite was available
At command 4 of 5:
    2   m 4 s
    3   m 10 w
>>> 4   m 0 w
    5   m 8 n


Turn 79
================================================================
warning: entity 8 was directed to use 4 halite to move north, but only 3 halite was available
At command 3 of 6:
    1   m 2 e
    2   m 10 w
>>> 3   m 8 n
    4   m 0 s
    5   m 6 s


Turn 81
================================================================
warning: entity 10 was directed to use 9 halite to move north, but only 1 halite was available
At command 5 of 6:
    3   m 6 n
    4   m 2 n
>>> 5   m 10 n
    6   m 4 e


Turn 82
================================================================
warning: entity 0 was directed to use 5 halite to move south, but only 2 halite was available
At command 3 of 6:
    1   m 2 n
    2   m 10 s
>>> 3   m 0 s
    4   m 8 e
    5   m 6 s


Turn 83
================================================================
warning: entity 8 was directed to use 8 halite to move east, but only 1 halite was available
At command 1 of 5:
>>> 1   m 8 e
    2   m 0 s
    3   m 10 e


Turn 87
================================================================
warning: entity 0 was directed to use 1 halite to move south, but only 0 halite was available
At command 1 of 5:
>>> 1   m 0 s
    2   m 4 w
    3   m 6 e


Turn 91
================================================================
warning: entity 10 was directed to use 6 halite to move south, but only 4 halite was available
At command 2 of 4:
    1   m 2 s
>>> 2   m 10 s
    3   m 8 n
    4   m 0 e


Turn 95
================================================================
warning: entity 0 was directed to use 4 halite to move east, but only 0 halite was available
At command 1 of 4:
>>> 1   m 0 e
    2   m 10 w
    3   m 2 w


Turn 98
================================================================
warning: entity 0 was directed to use 5 halite to move north, but only 2 halite was available
At command 4 of 5:
    2   m 10 w
    3   m 2 n
>>> 4   m 0 n
    5   m 6 s


Turn 103
================================================================
warning: entity 0 was directed to use 4 halite to move east, but only 0 halite was available
At command 2 of 6:
    1   m 8 n
>>> 2   m 0 e
    3   m 4 n
    4   m 6 e


Turn 106
================================================================
warning: entity 0 was directed to use 8 halite to move west, but only 2 halite was available
At command 1 of 6:
>>> 1   m 0 w
    2   m 8 s
    3   m 4 n


Turn 108
================================================================
warning: entity 10 was directed to use 4 halite to move north, but only 3 halite was available
At command 6 of 6:
    4   m 4 s
    5   m 2 w
>>> 6   m 10 n


Turn 109
================================================================
warning: entity 4 was directed to use 2 halite to move south, but only 0 halite was available
At command 4 of 6:
    2   m 10 w
    3   m 8 w
>>> 4   m 4 s
    5   m 6 n
    6   g


Turn 112
================================================================
warning: entity 11 was directed to use 3 halite to move north, but only 0 halite was available
At command 6 of 7:
    4   m 2 e
    5   m 4 e
>>> 6   m 11 n
    7   m 6 e


Turn 114
================================================================
warning: entity 10 was directed to use 4 halite to move south, but only 0 halite was available
At command 3 of 7:
    1   m 6 e
    2   m 2 e
>>> 3   m 10 s
    4   m 0 o
    5   m 8 o

warning: entity 4 was directed to use 5 halite to move south, but only 1 halite was available
At command 7 of 7:
    5   m 8 o
    6   m 11 s
>>> 7   m 4 s


Turn 117
================================================================
warning: entity 11 was directed to use 5 halite to move north, but only 1 halite was available
At command 3 of 6:
    1   m 2 n
    2   m 10 n
>>> 3   m 11 n
    4   m 4 n
    5   m 0 n


Turn 122
================================================================
warning: entity 11 was directed to use 1 halite to move west, but only 0 halite was available
At command 5 of 6:
    3   m 8 w
    4   m 4 e
>>> 5   m 11 w
    6   m 6 w


Turn 124
================================================================
warning: entity 11 was directed to use 5 halite to move south, but only 3 halite was available
At command 5 of 5:
    3   m 10 w
    4   m 8 n
>>> 5   m 11 s


Turn 125
================================================================
warning: entity 4 was directed to use 4 halite to move south, but only 0 halite was available
At command 4 of 6:
    2   m 11 s
    3   m 6 w
>>> 4   m 4 s
    5   m 10 e
    6   m 2 w

warning: entity 10 was directed to use 9 halite to move east, but only 5 halite was available
At command 5 of 6:
    3   m 6 w
    4   m 4 s
>>> 5   m 10 e
    6   m 2 w


Turn 130
================================================================
warning: entity 2 was directed to use 9 halite to move east, but only 8 halite was available
At command 1 of 5:
>>> 1   m 2 e
    2   m 8 w
    3   m 6 n


Turn 136
================================================================
warning: entity 4 was directed to use 2 halite to move east, but only 0 halite was available
At command 5 of 5:
    3   m 2 e
    4   m 11 s
>>> 5   m 4 e


Turn 138
================================================================
warning: entity 11 was directed to use 5 halite to move east, but only 4 halite was available
At command 3 of 5:
    1   m 2 s
    2   m 6 n
>>> 3   m 11 e
    4   m 8 s
    5   m 4 e


Turn 147
================================================================
warning: entity 2 was directed to use 2 halite to move west, but only 0 halite was available
At command 6 of 7:
    4   m 11 e
    5   m 10 e
>>> 6   m 2 w
    7   m 4 w

warning: entity 4 was directed to use 3 halite to move west, but only 0 halite was available
At command 7 of 7:
    5   m 10 e
    6   m 2 w
>>> 7   m 4 w


Turn 150
================================================================
warning: entity 10 was directed to use 1 halite to move south, but only 0 halite was available
At command 1 of 8:
>>> 1   m 10 s
    2   m 2 s
    3   m 8 o


Turn 152
================================================================
warning: entity 13 was directed to use 3 halite to move west, but only 0 halite was available
At command 8 of 8:
    6   m 8 n
    7   m 6 n
>>> 8   m 13 w


Turn 154
================================================================
warning: entity 10 was directed to use 1 halite to move east, but only 0 halite was available
At command 6 of 8:
    4   m 13 w
    5   m 6 e
>>> 6   m 10 e
    7   m 2 n
    8   m 11 e


Turn 156
================================================================
warning: entity 2 was directed to use 9 halite to move north, but only 1 halite was available
At command 3 of 8:
    1   m 13 e
    2   m 10 o
>>> 3   m 2 n
    4   m 0 w
    5   m 8 n


Turn 158
================================================================
warning: entity 11 was directed to use 2 halite to move north, but only 0 halite was available
At command 7 of 7:
    5   m 8 n
    6   m 4 n
>>> 7   m 11 n


Turn 159
================================================================
warning: entity 10 was directed to use 2 halite to move south, but only 1 halite was available
At command 1 of 7:
>>> 1   m 10 s
    2   m 11 s
    3   m 4 s


Turn 161
================================================================
warning: entity 13 was directed to use 2 halite to move south, but only 0 halite was available
At command 5 of 6:
    3   m 11 w
    4   m 6 o
>>> 5   m 13 s
    6   m 0 s


Turn 162
================================================================
warning: entity 10 was directed to use 9 halite to move south, but only 2 halite was available
At command 1 of 5:
>>> 1   m 10 s
    2   m 6 e
    3   m 13 n

warning: entity 11 was directed to use 9 halite to move east, but only 3 halite was available
At command 5 of 5:
    3   m 13 n
    4   m 4 e
>>> 5   m 11 e


Turn 164
================================================================
warning: entity 4 was directed to use 7 halite to move west, but only 4 halite was available
At command 4 of 5:
    2   m 11 n
    3   m 13 w
>>> 4   m 4 w
    5   m 6 e


Turn 165
================================================================
warning: entity 13 was directed to use 9 halite to move west, but only 1 halite was available
At command 5 of 6:
    3   m 4 e
    4   m 11 w
>>> 5   m 13 w
    6   m 6 w


Turn 168
================================================================
warning: entity 11 was directed to use 7 halite to move north, but only 4 halite was available
At command 6 of 8:
    4   m 0 e
    5   m 8 s
>>> 6   m 11 n
    7   m 13 w
    8   m 6 w


Turn 169
================================================================
warning: entity 4 was directed to use 5 halite to move south, but only 1 halite was available
At command 2 of 8:
    1   m 11 s
>>> 2   m 4 s
    3   m 10 o
    4   m 2 s


Turn 170
================================================================
warning: entity 13 was directed to use 9 halite to move east, but only 1 halite was available
At command 5 of 8:
    3   m 10 e
    4   m 11 n
>>> 5   m 13 e
    6   m 0 s
    7   m 8 s


Turn 172
================================================================
warning: entity 4 was directed to use 4 halite to move west, but only 3 halite was available
At command 7 of 8:
    5   m 13 e
    6   m 6 s
>>> 7   m 4 w
    8   m 11 n


Turn 174
================================================================
warning: entity 11 was directed to use 6 halite to move east, but only 5 halite was available
At command 4 of 8:
    2   m 2 e
    3   m 4 w
>>> 4   m 11 e
    5   m 0 e
    6   m 8 e

warning: entity 13 was directed to use 8 halite to move north, but only 4 halite was available
At command 8 of 8:
    6   m 8 e
    7   m 6 w
>>> 8   m 13 n


Turn 176
================================================================
warning: entity 4 was directed to use 8 halite to move west, but only 0 halite was available
At command 5 of 7:
    3   m 0 s
    4   m 8 e
>>> 5   m 4 w
    6   m 13 e
    7   m 6 n


Turn 179
================================================================
warning: entity 13 was directed to use 6 halite to move west, but only 5 halite was available
At command 5 of 6:
    3   m 8 w
    4   m 4 e
>>> 5   m 13 w
    6   m 6 s


Turn 180
================================================================
warning: entity 4 was directed to use 8 halite to move west, but only 1 halite was available
At command 6 of 7:
    4   m 10 w
    5   m 2 e
>>> 6   m 4 w
    7   m 6 s


Turn 183
================================================================
warning: entity 13 was directed to use 8 halite to move south, but only 3 halite was available
At command 6 of 7:
    4   m 2 s
    5   m 4 s
>>> 6   m 13 s
    7   m 6 s


Turn 184
================================================================
warning: entity 8 was directed to use 2 halite to move west, but only 0 halite was available
At command 1 of 7:
>>> 1   m 8 w
    2   m 0 n
    3   m 13 s


Turn 186
================================================================
warning: entity 4 was directed to use 5 halite to move east, but only 2 halite was available
At command 4 of 4:
    2   m 0 w
    3   m 2 e
>>> 4   m 4 e


Turn 187
================================================================
warning: entity 8 was directed to use 5 halite to move north, but only 2 halite was available
At command 4 of 4:
    2   m 4 w
    3   m 0 s
>>> 4   m 8 n


Turn 189
================================================================
warning: entity 4 was directed to use 4 halite to move south, but only 3 halite was available
At command 6 of 6:
    4   m 8 n
    5   m 6 w
>>> 6   m 4 s


Turn 192
================================================================
warning: entity 4 was directed to use 8 halite to move west, but only 2 halite was available
At command 4 of 7:
    2   m 8 s
    3   m 0 s
>>> 4   m 4 w
    5   m 10 w
    6   m 2 e


Turn 196
================================================================
warning: entity 8 was directed to use 1 halite to move east, but only 0 halite was available
At command 6 of 6:
    4   m 2 w
    5   m 0 n
>>> 6   m 8 e


Turn 199
================================================================
warning: entity 8 was directed to use 1 halite to move east, but only 0 halite was available
At command 1 of 5:
>>> 1   m 8 e
    2   m 0 e
    3   m 6 w


Turn 207
================================================================
warning: entity 8 was directed to use 2 halite to move west, but only 1 halite was available
At command 5 of 8:
    3   m 2 w
    4   m 10 s
>>> 5   m 8 w
    6   m 0 w
    7   m 6 s


Turn 218
================================================================
warning: entity 8 was directed to use 1 halite to move south, but only 0 halite was available
At command 4 of 7:
    2   m 10 e
    3   m 0 e
>>> 4   m 8 s
    5   m 4 w
    6   m 13 s


Turn 227
================================================================
warning: entity 8 was directed to use 3 halite to move south, but only 1 halite was available
At command 6 of 8:
    4   m 4 n
    5   m 0 w
>>> 6   m 8 s
    7   m 13 s
    8   m 6 w


Turn 232
================================================================
warning: entity 8 was directed to use 5 halite to move south, but only 1 halite was available
At command 1 of 7:
>>> 1   m 8 s
    2   m 10 s
    3   m 2 e


Turn 236
================================================================
warning: entity 8 was directed to use 5 halite to move east, but only 3 halite was available
At command 6 of 8:
    4   m 4 w
    5   m 0 s
>>> 6   m 8 e
    7   m 10 w
    8   m 2 w


Turn 240
================================================================
warning: entity 8 was directed to use 7 halite to move west, but only 5 halite was available
At command 2 of 6:
    1   m 10 n
>>> 2   m 8 w
    3   m 0 n
    4   m 6 w


Turn 248
================================================================
warning: entity 6 was directed to use 1 halite to move north, but only 0 halite was available
At command 4 of 8:
    2   m 8 s
    3   m 0 n
>>> 4   m 6 n
    5   m 2 s
    6   m 10 e


Turn 252
================================================================
warning: entity 17 was directed to use 2 halite to move east, but only 0 halite was available
At command 5 of 8:
    3   m 2 w
    4   m 0 n
>>> 5   m 17 e
    6   m 4 w
    7   m 13 s


Turn 253
================================================================
warning: entity 6 was directed to use 5 halite to move west, but only 1 halite was available
At command 5 of 8:
    3   m 10 s
    4   m 0 s
>>> 5   m 6 w
    6   m 2 w
    7   m 4 e


Turn 255
================================================================
warning: entity 2 was directed to use 7 halite to move east, but only 1 halite was available
At command 6 of 9:
    4   m 6 n
    5   m 11 s
>>> 6   m 2 e
    7   m 17 w
    8   m 0 e


Turn 257
================================================================
warning: entity 6 was directed to use 9 halite to move east, but only 1 halite was available
At command 5 of 9:
    3   m 2 s
    4   m 10 w
>>> 5   m 6 e
    6   m 0 e
    7   m 11 n


Turn 258
================================================================
warning: entity 2 was directed to use 9 halite to move east, but only 7 halite was available
At command 4 of 9:
    2   m 6 w
    3   m 10 s
>>> 4   m 2 e
    5   m 8 n
    6   m 11 s


Turn 262
================================================================
warning: entity 17 was directed to use 2 halite to move east, but only 0 halite was available
At command 6 of 6:
    4   m 11 s
    5   m 8 w
>>> 6   m 17 e


Turn 265
================================================================
warning: entity 17 was directed to use 8 halite to move west, but only 2 halite was available
At command 8 of 8:
    6   m 0 w
    7   m 10 n
>>> 8   m 17 w


Turn 270
================================================================
warning: entity 17 was directed to use 4 halite to move east, but only 2 halite was available
At command 4 of 7:
    2   m 0 n
    3   m 10 n
>>> 4   m 17 e
    5   m 8 s
    6   m 4 w


Turn 273
================================================================
warning: entity 10 was directed to use 8 halite to move north, but only 6 halite was available
At command 8 of 9:
    6   m 13 w
    7   m 17 e
>>> 8   m 10 n
    9   m 0 w


Turn 274
================================================================
warning: entity 17 was directed to use 5 halite to move south, but only 2 halite was available
At command 9 of 9:
    7   m 6 e
    8   m 13 w
>>> 9   m 17 s


Turn 282
================================================================
warning: entity 17 was directed to use 2 halite to move south, but only 1 halite was available
At command 3 of 8:
    1   m 6 w
    2   m 0 o
>>> 3   m 17 s
    4   m 4 w
    5   m 13 e


Turn 283
================================================================
warning: entity 10 was directed to use 4 halite to move south, but only 3 halite was available
At command 4 of 9:
    2   m 0 n
    3   m 17 e
>>> 4   m 10 s
    5   m 6 w
    6   m 4 n


Turn 286
================================================================
warning: entity 17 was directed to use 9 halite to move north, but only 0 halite was available
At command 6 of 9:
    4   m 13 w
    5   m 11 n
>>> 6   m 17 n
    7   m 8 s
    8   m 0 w


Turn 287
================================================================
warning: entity 4 was directed to use 5 halite to move east, but only 3 halite was available
At command 4 of 8:
    2   m 6 w
    3   m 10 s
>>> 4   m 4 e
    5   m 2 s
    6   m 13 w


Turn 291
================================================================
warning: entity 8 was directed to use 8 halite to move north, but only 0 halite was available
At command 9 of 9:
    7   m 2 w
    8   m 0 w
>>> 9   m 8 n


Turn 296
================================================================
warning: entity 4 was directed to use 9 halite to move north, but only 1 halite was available
At command 7 of 9:
    5   m 2 n
    6   m 8 w
>>> 7   m 4 n
    8   m 17 s
    9   m 13 e


Turn 297
================================================================
warning: entity 8 was directed to use 3 halite to move west, but only 2 halite was available
At command 8 of 9:
    6   m 2 e
    7   m 13 s
>>> 8   m 8 w
    9   m 17 n


Turn 299
================================================================
warning: entity 17 was directed to use 8 halite to move east, but only 3 halite was available
At command 9 of 9:
    7   m 8 s
    8   m 0 e
>>> 9   m 17 e


Turn 304
================================================================
warning: entity 4 was directed to use 7 halite to move north, but only 4 halite was available
At command 8 of 9:
    6   m 2 e
    7   m 6 e
>>> 8   m 4 n
    9   m 8 n

warning: entity 8 was directed to use 1 halite to move north, but only 0 halite was available
At command 9 of 9:
    7   m 6 e
    8   m 4 n
>>> 9   m 8 n


Turn 305
================================================================
warning: entity 10 was directed to use 9 halite to move north, but only 1 halite was available
At command 5 of 9:
    3   m 8 n
    4   m 13 s
>>> 5   m 10 n
    6   m 0 e
    7   m 17 n


Turn 308
================================================================
warning: entity 8 was directed to use 6 halite to move south, but only 0 halite was available
At command 3 of 9:
    1   m 17 s
    2   m 2 o
>>> 3   m 8 s
    4   m 10 s
    5   m 4 s

warning: entity 4 was directed to use 9 halite to move south, but only 5 halite was available
At command 5 of 9:
    3   m 8 s
    4   m 10 s
>>> 5   m 4 s
    6   m 0 e
    7   m 13 s


Turn 310
================================================================
warning: entity 10 was directed to use 8 halite to move east, but only 3 halite was available
At command 7 of 9:
    5   m 17 o
    6   m 4 w
>>> 7   m 10 e
    8   m 0 s
    9   m 11 s


Turn 312
================================================================
warning: entity 2 was directed to use 4 halite to move east, but only 1 halite was available
At command 4 of 9:
    2   m 17 e
    3   m 13 e
>>> 4   m 2 e
    5   m 10 e
    6   m 0 s


Turn 315
================================================================
warning: entity 2 was directed to use 3 halite to move north, but only 2 halite was available
At command 3 of 9:
    1   m 0 w
    2   m 8 s
>>> 3   m 2 n
    4   m 17 e
    5   m 4 e

warning: entity 4 was directed to use 4 halite to move east, but only 1 halite was available
At command 5 of 9:
    3   m 2 n
    4   m 17 e
>>> 5   m 4 e
    6   m 10 w
    7   m 6 o


Turn 317
================================================================
warning: entity 10 was directed to use 1 halite to move north, but only 0 halite was available
At command 8 of 9:
    6   m 4 e
    7   m 8 e
>>> 8   m 10 n
    9   m 13 s


Turn 318
================================================================
warning: entity 2 was directed to use 9 halite to move north, but only 2 halite was available
At command 3 of 9:
    1   m 10 n
    2   m 11 n
>>> 3   m 2 n
    4   m 4 w
    5   m 0 w

warning: entity 4 was directed to use 7 halite to move west, but only 6 halite was available
At command 4 of 9:
    2   m 11 n
    3   m 2 n
>>> 4   m 4 w
    5   m 0 w
    6   m 17 s


Turn 319
================================================================
warning: entity 10 was directed to use 5 halite to move west, but only 4 halite was available
At command 4 of 8:
    2   m 4 w
    3   m 13 o
>>> 4   m 10 w
    5   m 11 n
    6   m 17 n


Turn 323
================================================================
warning: entity 2 was directed to use 7 halite to move east, but only 5 halite was available
At command 5 of 9:
    3   m 8 s
    4   m 13 n
>>> 5   m 2 e
    6   m 10 e
    7   m 4 n

warning: entity 4 was directed to use 7 halite to move north, but only 5 halite was available
At command 7 of 9:
    5   m 2 e
    6   m 10 e
>>> 7   m 4 n
    8   m 6 n
    9   m 17 n


Turn 324
================================================================
warning: entity 10 was directed to use 9 halite to move south, but only 1 halite was available
At command 7 of 8:
    5   m 8 n
    6   m 13 s
>>> 7   m 10 s
    8   m 6 n


Turn 327
================================================================
warning: entity 2 was directed to use 8 halite to move east, but only 5 halite was available
At command 3 of 7:
    1   m 0 e
    2   m 8 e
>>> 3   m 2 e
    4   m 6 w
    5   m 11 e


Turn 330
================================================================
warning: entity 17 was directed to use 1 halite to move east, but only 0 halite was available
At command 6 of 8:
    4   m 2 s
    5   m 10 e
>>> 6   m 17 e
    7   m 6 n
    8   m 11 s


Turn 331
================================================================
warning: entity 8 was directed to use 3 halite to move north, but only 2 halite was available
At command 2 of 7:
    1   m 17 w
>>> 2   m 8 n
    3   m 0 n
    4   m 13 s

warning: entity 13 was directed to use 1 halite to move south, but only 0 halite was available
At command 4 of 7:
    2   m 8 n
    3   m 0 n
>>> 4   m 13 s
    5   m 2 s
    6   m 6 n


Turn 336
================================================================
warning: entity 13 was directed to use 2 halite to move east, but only 1 halite was available
At command 5 of 8:
    3   m 8 e
    4   m 0 n
>>> 5   m 13 e
    6   m 17 n
    7   m 2 w

warning: entity 17 was directed to use 2 halite to move north, but only 0 halite was available
At command 6 of 8:
    4   m 0 n
    5   m 13 e
>>> 6   m 17 n
    7   m 2 w
    8   m 10 s

warning: entity 2 was directed to use 4 halite to move west, but only 2 halite was available
At command 7 of 8:
    5   m 13 e
    6   m 17 n
>>> 7   m 2 w
    8   m 10 s


Turn 337
================================================================
warning: entity 10 was directed to use 9 halite to move north, but only 6 halite was available
At command 4 of 8:
    2   m 17 w
    3   m 2 n
>>> 4   m 10 n
    5   m 6 n
    6   m 11 w

warning: entity 8 was directed to use 8 halite to move east, but only 3 halite was available
At command 8 of 8:
    6   m 11 w
    7   m 0 o
>>> 8   m 8 e


Turn 340
================================================================
warning: entity 17 was directed to use 6 halite to move north, but only 3 halite was available
At command 8 of 8:
    6   m 0 w
    7   m 8 w
>>> 8   m 17 n


Turn 342
================================================================
warning: entity 2 was directed to use 1 halite to move east, but only 0 halite was available
At command 4 of 9:
    2   m 6 s
    3   m 17 w
>>> 4   m 2 e
    5   m 13 s
    6   m 11 n

warning: entity 10 was directed to use 7 halite to move east, but only 0 halite was available
At command 8 of 9:
    6   m 11 n
    7   m 0 n
>>> 8   m 10 e
    9   m 8 s


Turn 343
================================================================
warning: entity 8 was directed to use 3 halite to move east, but only 0 halite was available
At command 8 of 8:
    6   m 0 e
    7   m 11 w
>>> 8   m 8 e


Turn 345
================================================================
warning: entity 2 was directed to use 2 halite to move south, but only 1 halite was available
At command 6 of 8:
    4   m 17 s
    5   m 11 n
>>> 6   m 2 s
    7   m 10 s
    8   m 6 n


Turn 346
================================================================
warning: entity 10 was directed to use 8 halite to move south, but only 0 halite was available
At command 7 of 8:
    5   m 0 s
    6   m 17 n
>>> 7   m 10 s
    8   m 6 n


Turn 348
================================================================
warning: entity 13 was directed to use 1 halite to move north, but only 0 halite was available
At command 7 of 7:
    5   m 17 n
    6   m 2 s
>>> 7   m 13 n


Turn 350
================================================================
warning: entity 13 was directed to use 4 halite to move east, but only 3 halite was available
At command 5 of 9:
    3   m 8 s
    4   m 0 e
>>> 5   m 13 e
    6   m 10 w
    7   m 6 w

warning: entity 2 was directed to use 2 halite to move north, but only 0 halite was available
At command 9 of 9:
    7   m 6 w
    8   m 11 e
>>> 9   m 2 n


Turn 351
================================================================
warning: entity 10 was directed to use 2 halite to move south, but only 0 halite was available
At command 8 of 9:
    6   m 11 e
    7   m 8 s
>>> 8   m 10 s
    9   m 6 s


Turn 353
================================================================
warning: entity 13 was directed to use 8 halite to move east, but only 6 halite was available
At command 3 of 9:
    1   m 4 n
    2   m 10 e
>>> 3   m 13 e
    4   m 17 w
    5   m 11 e


Turn 354
================================================================
warning: entity 10 was directed to use 3 halite to move south, but only 2 halite was available
At command 4 of 8:
    2   m 4 n
    3   m 17 s
>>> 4   m 10 s
    5   m 11 w
    6   m 6 e

warning: entity 2 was directed to use 2 halite to move south, but only 0 halite was available
At command 7 of 8:
    5   m 11 w
    6   m 6 e
>>> 7   m 2 s
    8   m 8 w


Turn 355
================================================================
warning: entity 17 was directed to use 7 halite to move east, but only 6 halite was available
At command 6 of 9:
    4   m 13 n
    5   m 4 n
>>> 6   m 17 e
    7   m 8 n
    8   m 11 n


Turn 357
================================================================
warning: entity 13 was directed to use 8 halite to move east, but only 4 halite was available
At command 8 of 9:
    6   m 0 e
    7   m 6 s
>>> 8   m 13 e
    9   m 8 n


Turn 358
================================================================
warning: entity 8 was directed to use 3 halite to move north, but only 0 halite was available
At command 5 of 9:
    3   m 10 e
    4   m 11 w
>>> 5   m 8 n
    6   m 4 n
    7   m 2 w

warning: entity 6 was directed to use 6 halite to move east, but only 4 halite was available
At command 9 of 9:
    7   m 2 w
    8   m 0 o
>>> 9   m 6 e


Turn 359
================================================================
warning: entity 10 was directed to use 2 halite to move west, but only 1 halite was available
At command 7 of 9:
    5   m 4 n
    6   m 17 w
>>> 7   m 10 w
    8   m 11 n
    9   m 2 w


Turn 360
================================================================
warning: entity 8 was directed to use 8 halite to move east, but only 7 halite was available
At command 2 of 9:
    1   m 10 w
>>> 2   m 8 e
    3   m 2 n
    4   m 0 s

warning: entity 2 was directed to use 5 halite to move north, but only 1 halite was available
At command 3 of 9:
    1   m 10 w
    2   m 8 e
>>> 3   m 2 n
    4   m 0 s
    5   m 6 n


Turn 361
================================================================
warning: entity 13 was directed to use 8 halite to move west, but only 6 halite was available
At command 7 of 9:
    5   m 10 e
    6   m 6 e
>>> 7   m 13 w
    8   m 11 s
    9   m 17 s


Turn 362
================================================================
warning: entity 17 was directed to use 9 halite to move west, but only 4 halite was available
At command 9 of 9:
    7   m 6 n
    8   m 11 s
>>> 9   m 17 w


Turn 363
================================================================
warning: entity 10 was directed to use 3 halite to move east, but only 2 halite was available
At command 5 of 9:
    3   m 6 e
    4   m 8 s
>>> 5   m 10 e
    6   m 2 w
    7   m 4 n


Turn 365
================================================================
warning: entity 2 was directed to use 3 halite to move north, but only 2 halite was available
At command 2 of 9:
    1   m 17 e
>>> 2   m 2 n
    3   m 10 e
    4   m 13 s


Turn 367
================================================================
warning: entity 17 was directed to use 9 halite to move east, but only 0 halite was available
At command 4 of 9:
    2   m 13 s
    3   m 2 e
>>> 4   m 17 e
    5   m 6 o
    6   m 11 n


Turn 368
================================================================
warning: entity 13 was directed to use 5 halite to move west, but only 4 halite was available
At command 5 of 9:
    3   m 0 n
    4   m 10 s
>>> 5   m 13 w
    6   m 4 s
    7   m 2 s

warning: entity 8 was directed to use 1 halite to move south, but only 0 halite was available
At command 9 of 9:
    7   m 2 s
    8   m 11 e
>>> 9   m 8 s


Turn 370
================================================================
warning: entity 2 was directed to use 3 halite to move south, but only 1 halite was available
At command 5 of 9:
    3   m 8 w
    4   m 4 s
>>> 5   m 2 s
    6   m 17 s
    7   m 0 s


Turn 371
================================================================
warning: entity 17 was directed to use 7 halite to move east, but only 2 halite was available
At command 6 of 9:
    4   m 8 e
    5   m 4 n
>>> 6   m 17 e
    7   m 6 n
    8   m 11 e


Turn 373
================================================================
warning: entity 2 was directed to use 2 halite to move west, but only 0 halite was available
At command 4 of 9:
    2   m 17 n
    3   m 11 n
>>> 4   m 2 w
    5   m 0 n
    6   m 6 n

warning: entity 13 was directed to use 6 halite to move west, but only 5 halite was available
At command 7 of 9:
    5   m 0 n
    6   m 6 n
>>> 7   m 13 w
    8   m 10 o
    9   m 4 n


Turn 374
================================================================
warning: entity 4 was directed to use 1 halite to move east, but only 0 halite was available
At command 9 of 9:
    7   m 6 n
    8   m 0 s
>>> 9   m 4 e


Turn 375
================================================================
warning: entity 6 was directed to use 2 halite to move east, but only 0 halite was available
At command 6 of 9:
    4   m 8 n
    5   m 0 s
>>> 6   m 6 e
    7   m 10 e
    8   m 17 n


Turn 376
================================================================
warning: entity 17 was directed to use 4 halite to move east, but only 3 halite was available
At command 2 of 9:
    1   m 6 n
>>> 2   m 17 e
    3   m 4 s
    4   m 8 n

warning: entity 2 was directed to use 9 halite to move north, but only 0 halite was available
At command 5 of 9:
    3   m 4 s
    4   m 8 n
>>> 5   m 2 n
    6   m 13 w
    7   m 0 s


Turn 377
================================================================
warning: entity 6 was directed to use 8 halite to move north, but only 5 halite was available
At command 3 of 9:
    1   m 17 e
    2   m 2 n
>>> 3   m 6 n
    4   m 4 s
    5   m 8 s

warning: entity 8 was directed to use 2 halite to move south, but only 0 halite was available
At command 5 of 9:
    3   m 6 n
    4   m 4 s
>>> 5   m 8 s
    6   m 13 s
    7   m 11 n

warning: entity 13 was directed to use 4 halite to move south, but only 0 halite was available
At command 6 of 9:
    4   m 4 s
    5   m 8 s
>>> 6   m 13 s
    7   m 11 n
    8   m 0 s

warning: entity 10 was directed to use 7 halite to move east, but only 3 halite was available
At command 9 of 9:
    7   m 11 n
    8   m 0 s
>>> 9   m 10 e


Turn 378
================================================================
warning: entity 4 was directed to use 2 halite to move west, but only 0 halite was available
At command 8 of 8:
    6   m 17 e
    7   m 2 n
>>> 8   m 4 w


Turn 380
================================================================
warning: entity 2 was directed to use 5 halite to move south, but only 4 halite was available
At command 2 of 8:
    1   m 4 e
>>> 2   m 2 s
    3   m 6 s
    4   m 10 s

warning: entity 13 was directed to use 9 halite to move south, but only 5 halite was available
At command 5 of 8:
    3   m 6 s
    4   m 10 s
>>> 5   m 13 s
    6   m 8 s
    7   m 11 w

warning: entity 8 was directed to use 6 halite to move south, but only 5 halite was available
At command 6 of 8:
    4   m 10 s
    5   m 13 s
>>> 6   m 8 s
    7   m 11 w
    8   m 17 e


Turn 382
================================================================
warning: entity 17 was directed to use 4 halite to move south, but only 3 halite was available
At command 2 of 7:
    1   m 2 s
>>> 2   m 17 s
    3   m 8 w
    4   m 6 w

warning: entity 10 was directed to use 2 halite to move south, but only 1 halite was available
At command 5 of 7:
    3   m 8 w
    4   m 6 w
>>> 5   m 10 s
    6   m 4 n
    7   m 11 w


Turn 383
================================================================
warning: entity 6 was directed to use 6 halite to move east, but only 1 halite was available
At command 7 of 8:
    5   m 11 s
    6   m 8 s
>>> 7   m 6 e
    8   m 4 s


Turn 384
================================================================
warning: entity 4 was directed to use 1 halite to move south, but only 0 halite was available
At command 6 of 6:
    4   m 11 s
    5   m 8 s
>>> 6   m 4 s


Turn 385
================================================================
warning: entity 2 was directed to use 1 halite to move east, but only 0 halite was available
At command 7 of 8:
    5   m 6 w
    6   m 17 w
>>> 7   m 2 e
    8   m 11 e


Turn 386
================================================================
warning: entity 6 was directed to use 8 halite to move east, but only 6 halite was available
At command 7 of 8:
    5   m 10 e
    6   m 4 e
>>> 7   m 6 e
    8   m 11 w


Turn 388
================================================================
warning: entity 17 was directed to use 7 halite to move east, but only 5 halite was available
At command 6 of 8:
    4   m 8 n
    5   m 2 s
>>> 6   m 17 e
    7   m 4 n
    8   m 11 n

warning: entity 4 was directed to use 3 halite to move north, but only 1 halite was available
At command 7 of 8:
    5   m 2 s
    6   m 17 e
>>> 7   m 4 n
    8   m 11 n


Turn 390
================================================================
warning: entity 2 was directed to use 8 halite to move north, but only 0 halite was available
At command 4 of 7:
    2   m 8 s
    3   m 17 e
>>> 4   m 2 n
    5   m 4 s
    6   m 11 n


Turn 392
================================================================
warning: entity 4 was directed to use 6 halite to move south, but only 5 halite was available
At command 5 of 5:
    3   m 11 s
    4   m 17 n
>>> 5   m 4 s


Turn 395
================================================================
warning: entity 2 was directed to use 6 halite to move west, but only 2 halite was available
At command 7 of 9:
    5   m 4 e
    6   m 0 s
>>> 7   m 2 w
    8   m 11 s
    9   m 17 e


Turn 398
================================================================
warning: entity 17 was directed to use 3 halite to move south, but only 2 halite was available
At command 6 of 9:
    4   m 6 e
    5   m 13 w
>>> 6   m 17 s
    7   m 10 n
    8   m 11 n


Turn 399
================================================================
warning: entity 4 was directed to use 2 halite to move east, but only 1 halite was available
At command 5 of 8:
    3   m 0 s
    4   m 6 e
>>> 5   m 4 e
    6   m 2 w
    7   m 13 s

